<testsuite name="Testem Tests" tests="262" skipped="0" failures="5" timestamp="Tue Nov 08 2016 14:06:01 GMT+0000 (UTC)" time="99.266"><testcase classname="Chrome 53.0" name="Exam Partition #39 - TemplateLint - embercom/templates/components/image-loader-component.hbs: should pass TemplateLint" time="4.623"/><testcase classname="Chrome 53.0" name="Exam Partition #37 - TemplateLint - embercom/templates/components/educate/site/collections/-available-article-card.hbs: should pass TemplateLint" time="4.758"/><testcase classname="Chrome 53.0" name="Exam Partition #36 - TemplateLint - embercom/templates/components/guide/user-source-tab-component.hbs: should pass TemplateLint" time="4.763"/><testcase classname="Chrome 53.0" name="Exam Partition #40 - TemplateLint - embercom/templates/components/import-diagram-component.hbs: should pass TemplateLint" time="4.721"/><testcase classname="Chrome 53.0" name="Exam Partition #37 - TemplateLint - embercom/templates/partials/messenger-update/upgraded-web.hbs: should pass TemplateLint" time="0.501"/><testcase classname="Chrome 53.0" name="Exam Partition #37 - TemplateLint - embercom/templates/apps/app/messages/partials/table-cells/lists/-title-cell.hbs: should pass TemplateLint" time="0.528"/><testcase classname="Chrome 53.0" name="Exam Partition #37 - Team Observe | Unit: Helper - Admin Time Ago: 8 days ago" time="0.508"/><testcase classname="Chrome 53.0" name="Exam Partition #37 - Team Support 2 | Unit: Component - Rules - Predicate Comparison Selector: selectedComparisonValueChanged does not change predicate.value for non date attributes" time="0.809"/><testcase classname="Chrome 53.0" name="Exam Partition #39 - Team DX | Personal Access Token Review | Integration | Component | personal-access-token/token-review: standard approved scopes" time="1.965"/><testcase classname="Chrome 53.0" name="Exam Partition #39 - TemplateLint - embercom/templates/components/acquisition/code-script-tag-component.hbs: should pass TemplateLint" time="0.457"/><testcase classname="Chrome 53.0" name="Exam Partition #39 - Team Engage 2 | Library: Video URL parser: returns embed url for composer iframe from raw url" time="0.492"/><testcase classname="Chrome 53.0" name="Exam Partition #39 - Team Engage 2 | Library: Video URL parser: unsupported site" time="0.494"/><testcase classname="Chrome 53.0" name="Exam Partition #36 - Team Engage 2 | Integration: Component | Marketo Unsubscribe | Integration | Component | integrations-hub/marketo-unsubscribe: Button after entering API details" time="2.237"/><testcase classname="Chrome 53.0" name="Exam Partition #36 - TemplateLint - embercom/templates/components/acquisition/added-tags-component.hbs: should pass TemplateLint" time="0.453"/><testcase classname="Chrome 53.0" name="Exam Partition #36 - General | Unit: Helper - abbreviated-relative-time-helper: 2 mins" time="0.608"/><testcase classname="Chrome 53.0" name="Exam Partition #40 - Team Engage 1 | Integration: Component - Message Editor Message Audience Main Component | Integration | Component | message-editor/audience/main-component: switching between &quot;and&quot; and &quot;or&quot; join type sends a single mutation with the right data to the mutation service" time="2.632"/><testcase classname="Chrome 53.0" name="Exam Partition #40 - TemplateLint - embercom/templates/components/acquisition/csv-column-component.hbs: should pass TemplateLint" time="0.482"/><testcase classname="Chrome 53.0" name="Exam Partition #40 - General | Library: LegacyVideoRecorder: finish() returns a RecordedVideo with a single video blob returned by MediaStreamRecorder" time="0.583"/><testcase classname="Chrome 53.0" name="Exam Partition #39 - Team DX | Personal Access Token Review | Integration | Component | personal-access-token/token-review: upgraded applied scopes" time="1.033"/><testcase classname="Chrome 53.0" name="Exam Partition #37 - General | Integration | Component | pagination-component: when the content is smaller than the viewport" time="1.621"/><testcase classname="Chrome 53.0" name="Exam Partition #37 - TemplateLint - embercom/templates/components/guide/import-component.hbs: should pass TemplateLint" time="0.489"/><testcase classname="Chrome 53.0" name="Exam Partition #37 - TemplateLint - embercom/templates/components/predicates/value-editors/role-editor.hbs: should pass TemplateLint" time="0.564"/><testcase classname="Chrome 53.0" name="Exam Partition #37 - TemplateLint - embercom/templates/components/acquisition/android-installation-custom-data-snippet-component.hbs: should pass TemplateLint" time="0.526"/><testcase classname="Chrome 53.0" name="Exam Partition #38 - Team Acquire | Acceptance | Teammate Settings: Deleting an active invite link" time="10.348"/><testcase classname="Chrome 53.0" name="Exam Partition #38 - TemplateLint - embercom/templates/components/educate/site/collections/articles-list-component.hbs: should pass TemplateLint" time="0.533"/><testcase classname="Chrome 53.0" name="Exam Partition #39 - TemplateLint - embercom/templates/components/message-editor/audience/audience-wrapper.hbs: should pass TemplateLint" time="0.519"/><testcase classname="Chrome 53.0" name="Exam Partition #39 - TemplateLint - embercom/templates/components/time-from-now-component.hbs: should pass TemplateLint" time="0.535"/><testcase classname="Chrome 53.0" name="Exam Partition #39 - TemplateLint - embercom/templates/components/conversation/controls/knowledgebase-popover.hbs: should pass TemplateLint" time="0.529"/><testcase classname="Chrome 53.0" name="Exam Partition #36 - Team Engage 2 | Integration: Component | Marketo Unsubscribe | Integration | Component | integrations-hub/marketo-unsubscribe: Disabling integration" time="1.628"/><testcase classname="Chrome 53.0" name="Exam Partition #36 - TemplateLint - embercom/templates/components/message-edit-delivery-window-component.hbs: should pass TemplateLint" time="0.511"/><testcase classname="Chrome 53.0" name="Exam Partition #36 - TemplateLint - embercom/templates/components/team-members-selector-component.hbs: should pass TemplateLint" time="0.539"/><testcase classname="Chrome 53.0" name="Exam Partition #36 - TemplateLint - embercom/templates/components/conversation/controls/controls-component.hbs: should pass TemplateLint" time="0.490"/><testcase classname="Chrome 53.0" name="Exam Partition #36 - Team DX | OAuth Review | Integration | Component | oauth/oauth-review: It show a mix of approved, denied and pending" time="1.314"/><testcase classname="Chrome 53.0" name="Exam Partition #36 - Team Support 2 | Unit: Component - Rules - Predicate Attribute Selector: displayedCompanyAttributes filters the list when attributeSearchTerm changes" time="1.318"/><testcase classname="Chrome 53.0" name="Exam Partition #40 - General | Integration: Settings - People Segments: displays segment name" time="6.406"/><testcase classname="Chrome 53.0" name="Exam Partition #36 - Team Support 2 | Unit: Component - Rules - Predicate Attribute Selector: selectedAttributeChanged removes url attribute from predicate if not url_visit_integer" time="1.314"/><testcase classname="Chrome 53.0" name="Exam Partition #40 - TemplateLint - embercom/templates/components/message-editor/audience/main-component.hbs: should pass TemplateLint" time="0.521"/><testcase classname="Chrome 53.0" name="Exam Partition #40 - TemplateLint - embercom/templates/components/tip-component.hbs: should pass TemplateLint" time="0.496"/><testcase classname="Chrome 53.0" name="Exam Partition #40 - TemplateLint - embercom/templates/components/conversation/controls/pane-component.hbs: should pass TemplateLint" time="0.545"/><testcase classname="Chrome 53.0" name="Exam Partition #40 - Team Growth 2 | Unit: Component - Guide / Steps / Android Integration Component: adminCanStartTrial corresponds to adminPermission.can_access_settings_and_billing" time="0.728"/><testcase classname="Chrome 53.0" name="Exam Partition #38 - Team Acquire | Acceptance | Teammate Settings: Changing the permission for an admin" time="7.268"/><testcase classname="Chrome 53.0" name="Exam Partition #37 - General | Integration: Settings - Email Templates: Clicking copy template link opens select template page" time="7.963"/><testcase classname="Chrome 53.0" name="Exam Partition #38 - Team Growth 2 | Unit: Component - Guide / Steps / Android Custom Data Component: isPolling is initialized to true" time="0.609"/><testcase classname="Chrome 53.0" name="Exam Partition #37 - Team Support 2 | Unit: Component - Rules - Predicate Comparison Selector: selectedComparisonValueChanged sets predicate.value to null when selectedComparisonValue is &quot;unknown&quot;" time="0.687"/><testcase classname="Chrome 53.0" name="Exam Partition #40 - Team Support 2 | Unit: Component – Rules - Predicates List Summary: rendered text is correct" time="0.651"/><testcase classname="Chrome 53.0" name="Exam Partition #39 - General | Integration: Settings - General App: Company features are enabled and disabled on save of form" time="9.118"/><testcase classname="Chrome 53.0" name="Exam Partition #40 - General | Unit: Helper - format-date-helper: 2 mins" time="0.507"/><testcase classname="Chrome 53.0" name="Exam Partition #40 - TemplateLint - embercom/templates/-packaging-nav-settings-menu.hbs: should pass TemplateLint" time="0.546"/><testcase classname="Chrome 53.0" name="Exam Partition #37 - Team Support 2 | Unit: Component - Rules - Predicate Comparison Selector: selectedComparisonValueChanged sets predicate.value correctly for date attributes when relative/absolute changes" time="0.655"/><testcase classname="Chrome 53.0" name="Exam Partition #38 - Team DX | Integration: Component - Personal Access Token Editor | Integration | Component | personal-access-token/token-editor: an existing token is shown correctly" time="0.861"/><testcase classname="Chrome 53.0" name="Exam Partition #40 - Team Growth 2 | Unit: Component - Guide / Steps / Android Integration Component: isPolling is initialized to true" time="0.647"/><testcase classname="Chrome 53.0" name="Exam Partition #39 - General | Unit: Helper - Fast Template: rendering a template with data" time="0.584"/><testcase classname="Chrome 53.0" name="Exam Partition #39 - Team Engage 2 | Library: Video URL parser: undefined input" time="0.504"/><testcase classname="Chrome 53.0" name="Exam Partition #38 - TemplateLint - embercom/templates/components/message-edit-page-buttons-component.hbs: should pass TemplateLint" time="0.516"/><testcase classname="Chrome 53.0" name="Exam Partition #38 - TemplateLint - embercom/templates/apps/app/campaigns.hbs: should pass TemplateLint" time="0.545"/><testcase classname="Chrome 53.0" name="Exam Partition #38 - TemplateLint - embercom/templates/apps/app/settings/personal-access-token/edit.hbs: should pass TemplateLint" time="0.502"/><testcase classname="Chrome 53.0" name="Exam Partition #36 - Team DX | Acceptance | OAuth: Applying for oauth" time="6.857"/><testcase classname="Chrome 53.0" name="Exam Partition #36 - Team DX | OAuth Review | Integration | Component | oauth/oauth-review: denied scopes" time="0.988"/><testcase classname="Chrome 53.0" name="Exam Partition #37 - Team DX | Acceptance | Personal Access Tokens: Creating a new access token" time="5.479"/><testcase classname="Chrome 53.0" name="Exam Partition #40 - General | Integration: Settings - People Segments: allows deletions of segments without dependent objects" time="5.114"/><testcase classname="Chrome 53.0" name="Exam Partition #36 - Team DX | OAuth Review | Integration | Component | oauth/oauth-review: pending scopes" time="1.195"/><testcase classname="Chrome 53.0" name="Exam Partition #36 - TemplateLint - embercom/templates/components/predicates/value-editors/numeric-editor.hbs: should pass TemplateLint" time="0.477"/><testcase classname="Chrome 53.0" name="Exam Partition #36 - TemplateLint - embercom/templates/apps/app/settings/people-segments.hbs: should pass TemplateLint" time="0.535"/><testcase classname="Chrome 53.0" name="Exam Partition #36 - TemplateLint - embercom/templates/components/messages/message-list-with-average.hbs: should pass TemplateLint" time="0.542"/><testcase classname="Chrome 53.0" name="Exam Partition #40 - TemplateLint - embercom/templates/components/privacy-policy-link-component.hbs: should pass TemplateLint" time="0.476"/><testcase classname="Chrome 53.0" name="Exam Partition #40 - TemplateLint - embercom/templates/apps/app/settings/secure-mode.hbs: should pass TemplateLint" time="0.591"/><testcase classname="Chrome 53.0" name="Exam Partition #40 - TemplateLint - embercom/templates/components/messages/message-view-and-edit-component.hbs: should pass TemplateLint" time="0.493"/><testcase classname="Chrome 53.0" name="Exam Partition #40 - TemplateLint - embercom/templates/components/segment-filter/vip-query-predicate-component.hbs: should pass TemplateLint" time="0.502"/><testcase classname="Chrome 53.0" name="Exam Partition #36 - TemplateLint - embercom/templates/components/segment-filter/segment-filter-component.hbs: should pass TemplateLint" time="0.538"/><testcase classname="Chrome 53.0" name="Exam Partition #36 - TemplateLint - embercom/templates/components/users/profile/notes-component.hbs: should pass TemplateLint" time="0.493"/><testcase classname="Chrome 53.0" name="Exam Partition #38 - Team Acquire | Acceptance | Teammate Settings: Editing a team (avatar and name)" time="6.192"/><testcase classname="Chrome 53.0" name="Exam Partition #38 - TemplateLint - embercom/templates/components/segment-filter/tag-predicate-component.hbs: should pass TemplateLint" time="0.511"/><testcase classname="Chrome 53.0" name="Exam Partition #40 - TemplateLint - embercom/templates/components/users/profile/social-data-item-display-component.hbs: should pass TemplateLint" time="0.563"/><testcase classname="Chrome 53.0" name="Exam Partition #40 - Team Support 2 | Unit: Component – Rules - Predicates List Summary: displayablePredicates ignores unrecognisable attribute identifiers" time="0.608"/><testcase classname="Chrome 53.0" name="Exam Partition #38 - Team DX | Integration: Component - Personal Access Token Editor | Integration | Component | personal-access-token/token-editor: The button is selected standard by default" time="0.938"/><testcase classname="Chrome 53.0" name="Exam Partition #37 - General | Integration: Settings - Email Templates: Creating a custom template transitions correctly" time="3.977"/><testcase classname="Chrome 53.0" name="Exam Partition #40 - Team Engage 1 | Integration: Component - User Event Editor | Integration | Component | predicates/attribute-editors/user-event-editor: it sets the correct attributes" time="1.297"/><testcase classname="Chrome 53.0" name="Exam Partition #38 - Team DX | Integration: Component - Personal Access Token Editor | Integration | Component | personal-access-token/token-editor: Setting the description for Extended scopes and then switching to standard should not save the description" time="1.088"/><testcase classname="Chrome 53.0" name="Exam Partition #39 - Team Observe | Acceptance: User List - Limited results: The user search returns limited results" time="10.414"/><testcase classname="Chrome 53.0" name="Exam Partition #40 - Team Support 2 | Unit: Component – Rules - Predicates List Summary: _getDisplayableMessagePredicate converts message predicate to object with displayable properties" time="0.566"/><testcase classname="Chrome 53.0" name="Exam Partition #36 - General | Integration: Settings - Email Template Editor: Making changes and navigating away discards the changes after modal confirmation" time="4.691"><error message="TypeError: Cannot read property 'hasRoute' of undefined"><![CDATA[    at http://localhost:7357/assets/test-support.js:4067:12
    at Class.exception (http://localhost:7357/assets/vendor.js:54715:7)
    at onerrorDefault (http://localhost:7357/assets/vendor.js:46665:24)
    at Object.trigger (http://localhost:7357/assets/vendor.js:69010:11)
    at http://localhost:7357/assets/vendor.js:70259:40
    at invokeWithOnError (http://localhost:7357/assets/vendor.js:14899:18)
    at Object.flush (http://localhost:7357/assets/vendor.js:14954:11)
    at Object.flush (http://localhost:7357/assets/vendor.js:14762:17)
    at Object.end (http://localhost:7357/assets/vendor.js:15117:25)
    at Object.run (http://localhost:7357/assets/vendor.js:15230:18)
    at Object.run [as default] (http://localhost:7357/assets/vendor.js:35751:27)
    at http://localhost:7357/assets/vendor.js:54930:36
    at r (https://gtm.intercomassets.com/2b567471678d53c05e74e7de0afe217e162d298a-gtm.js:1:23001)]]></error></testcase><testcase classname="Chrome 53.0" name="Exam Partition #39 - Team DX | Personal Access Token Review | Integration | Component | personal-access-token/token-review: Shows the correct admin when the token is updated" time="1.088"/><testcase classname="Chrome 53.0" name="Exam Partition #40 - TemplateLint - embercom/templates/start.hbs: should pass TemplateLint" time="0.463"/><testcase classname="Chrome 53.0" name="Exam Partition #40 - General | Library: LegacyVideoRecorder: video() returns the same promise as finish()" time="0.517"/><testcase classname="Chrome 53.0" name="Exam Partition #40 - TemplateLint - embercom/templates/apps/app/engage/messages/auto/campaigns/campaign.hbs: should pass TemplateLint" time="0.507"/><testcase classname="Chrome 53.0" name="Exam Partition #36 - Team Engage 2 | Integration: Component | Marketo Unsubscribe | Integration | Component | integrations-hub/marketo-unsubscribe: Enabling integration" time="1.627"/><testcase classname="Chrome 53.0" name="Exam Partition #37 - General | Integration: Settings - Email Templates: Custom templates should be listed with previews and be clickable to edit" time="4.845"/><testcase classname="Chrome 53.0" name="Exam Partition #37 - Team Support 2 | Unit: Route - Conversations/Conversation: Prefetches users for the previous conversation" time="0.852"/><testcase classname="Chrome 53.0" name="Exam Partition #38 - Team Acquire | Acceptance | Teammate Settings: Deleting a team" time="5.018"/><testcase classname="Chrome 53.0" name="Exam Partition #37 - Team Support 2 | Unit: Route - Conversations/Conversation: Sets the current conversation on the inbox service" time="0.611"/><testcase classname="Chrome 53.0" name="Exam Partition #39 - Team DX | Personal Access Token Review | Integration | Component | personal-access-token/token-review: Shows the correct data" time="0.986"/><testcase classname="Chrome 53.0" name="Exam Partition #40 - General | Integration: Settings - People Segments: does not allow deletions of segments with dependent objects" time="3.455"><error message="undefined"><![CDATA[    at http://localhost:7357/assets/tests.js:33729:16
    at Class.andThen (http://localhost:7357/assets/vendor.js:54895:33)
    at http://localhost:7357/assets/vendor.js:55598:19
    at isolate (http://localhost:7357/assets/vendor.js:55799:13)
    at http://localhost:7357/assets/vendor.js:55783:14
    at tryCatch (http://localhost:7357/assets/vendor.js:68340:14)
    at Object.invokeCallback (http://localhost:7357/assets/vendor.js:68355:15)
    at http://localhost:7357/assets/vendor.js:70481:25
    at http://localhost:7357/assets/vendor.js:46631:7
    at invokeWithOnError (http://localhost:7357/assets/vendor.js:14899:18)
    at Object.flush (http://localhost:7357/assets/vendor.js:14954:11)
    at Object.flush (http://localhost:7357/assets/vendor.js:14762:17)
    at Object.end (http://localhost:7357/assets/vendor.js:15117:25)
    at Object.run (http://localhost:7357/assets/vendor.js:15230:18)
    at Object.run [as default] (http://localhost:7357/assets/vendor.js:35751:27)
    at http://localhost:7357/assets/vendor.js:54930:36
    at r (https://gtm.intercomassets.com/2b567471678d53c05e74e7de0afe217e162d298a-gtm.js:1:23001)]]></error></testcase><testcase classname="Chrome 53.0" name="Exam Partition #40 - TemplateLint - embercom/templates/components/message-schedule-form-component.hbs: should pass TemplateLint" time="0.473"/><testcase classname="Chrome 53.0" name="Exam Partition #38 - TemplateLint - embercom/templates/components/predicates/value-editors/string-editor.hbs: should pass TemplateLint" time="0.494"/><testcase classname="Chrome 53.0" name="Exam Partition #38 - TemplateLint - embercom/templates/components/messages/message-search-component.hbs: should pass TemplateLint" time="0.499"/><testcase classname="Chrome 53.0" name="Exam Partition #38 - General | Unit: Helper - Currency Formatter: it correctly displays cents as dollars" time="0.516"/><testcase classname="Chrome 53.0" name="Exam Partition #40 - General | Library: LegacyVideoRecorder: finish() returns a RecordedVideo with separate audio and video blobs returned by MediaStreamRecorder" time="0.605"/><testcase classname="Chrome 53.0" name="Exam Partition #36 - General | Integration: Settings - Email Template Editor: Deleting the template shows a warning and then removes the template from the list" time="2.472"><error message="TypeError: Cannot read property 'findBy' of null"><![CDATA[    at http://localhost:7357/assets/test-support.js:4067:12
    at Class.exception (http://localhost:7357/assets/vendor.js:54715:7)
    at onerrorDefault (http://localhost:7357/assets/vendor.js:46665:24)
    at Object.trigger (http://localhost:7357/assets/vendor.js:69010:11)
    at http://localhost:7357/assets/vendor.js:70259:40
    at invokeWithOnError (http://localhost:7357/assets/vendor.js:14899:18)
    at Object.flush (http://localhost:7357/assets/vendor.js:14954:11)
    at Object.flush (http://localhost:7357/assets/vendor.js:14762:17)
    at Object.end (http://localhost:7357/assets/vendor.js:15117:25)
    at Object.run (http://localhost:7357/assets/vendor.js:15230:18)
    at Object.run [as default] (http://localhost:7357/assets/vendor.js:35751:27)
    at http://localhost:7357/assets/vendor.js:54930:36
    at r (https://gtm.intercomassets.com/2b567471678d53c05e74e7de0afe217e162d298a-gtm.js:1:23001)]]></error></testcase><testcase classname="Chrome 53.0" name="Exam Partition #36 - TemplateLint - embercom/templates/partials/messenger-update/upgraded-sdk.hbs: should pass TemplateLint" time="0.443"/><testcase classname="Chrome 53.0" name="Exam Partition #39 - Team Engage 2 | Library: Video URL parser: returns link url for composer link from raw string" time="0.472"/><testcase classname="Chrome 53.0" name="Exam Partition #39 - Team Engage 2 | Library: Video URL parser: returns link url for composer link from block" time="0.495"/><testcase classname="Chrome 53.0" name="Exam Partition #39 - TemplateLint - embercom/templates/components/predicates/value-editors/tag-editor.hbs: should pass TemplateLint" time="0.491"/><testcase classname="Chrome 53.0" name="Exam Partition #39 - TemplateLint - embercom/templates/apps/app/settings/personal-access-token/index.hbs: should pass TemplateLint" time="0.502"/><testcase classname="Chrome 53.0" name="Exam Partition #39 - TemplateLint - embercom/templates/components/messages/message-title-preview-users.hbs: should pass TemplateLint" time="0.491"/><testcase classname="Chrome 53.0" name="Exam Partition #39 - TemplateLint - embercom/templates/components/segment-filter/user-event-component.hbs: should pass TemplateLint" time="0.615"/><testcase classname="Chrome 53.0" name="Exam Partition #39 - TemplateLint - embercom/templates/components/users/profile/social-data-display-component.hbs: should pass TemplateLint" time="0.488"/><testcase classname="Chrome 53.0" name="Exam Partition #40 - Team Support 2 | Unit: Component – Rules - Predicates List Summary: displayablePredicates adds url if present" time="0.495"/><testcase classname="Chrome 53.0" name="Exam Partition #37 - Team Support 2 | Unit: Route - Conversations/Conversation: Sets the current conversation on the inbox service " time="0.632"/><testcase classname="Chrome 53.0" name="Exam Partition #38 - General | Unit: Helper - Currency Formatter: it correctly displays cents with percision as dollars" time="0.525"/><testcase classname="Chrome 53.0" name="Exam Partition #38 - TemplateLint - embercom/templates/apps/app/messages/partials/-manual-message-draft-list-item.hbs: should pass TemplateLint" time="0.514"/><testcase classname="Chrome 53.0" name="Exam Partition #40 - Team Support 2 | Unit: Component – Rules - Predicates List Summary: _getDisplayableAttributeValue returns language name for browser_locale attribute" time="0.505"/><testcase classname="Chrome 53.0" name="Exam Partition #36 - General | Library: User Agent Detector: Edge Detection" time="0.541"/><testcase classname="Chrome 53.0" name="Exam Partition #36 - TemplateLint - embercom/templates/apps/app/engage/about.hbs: should pass TemplateLint" time="0.449"/><testcase classname="Chrome 53.0" name="Exam Partition #37 - TemplateLint - embercom/templates/components/message-review-expanding-container-component.hbs: should pass TemplateLint" time="0.467"/><testcase classname="Chrome 53.0" name="Exam Partition #37 - TemplateLint - embercom/templates/apps/app/messages/partials/-engage-manual-message-list.hbs: should pass TemplateLint" time="0.489"/><testcase classname="Chrome 53.0" name="Exam Partition #37 - TemplateLint - embercom/templates/components/message-edit-expanding-container-component.hbs: should pass TemplateLint" time="0.524"/><testcase classname="Chrome 53.0" name="Exam Partition #37 - TemplateLint - embercom/templates/components/messages/message-list.hbs: should pass TemplateLint" time="0.635"/><testcase classname="Chrome 53.0" name="Exam Partition #37 - TemplateLint - embercom/templates/components/segment-filter/string-predicate-component.hbs: should pass TemplateLint" time="0.498"/><testcase classname="Chrome 53.0" name="Exam Partition #36 - Team DX | OAuth Review | Integration | Component | oauth/oauth-review: approved scopes" time="1.226"/><testcase classname="Chrome 53.0" name="Exam Partition #37 - Team Growth 2 | Unit: Component - Guide / Steps / Acquire Auto Message Component: the completeStep action should skip the step and send the reloadGuide action if app.hasAcquirePro is false" time="0.636"/><testcase classname="Chrome 53.0" name="Exam Partition #40 - Team Engage 1 | Integration: Component - Message Editor Message Audience Main Component | Integration | Component | message-editor/audience/main-component: switching between &quot;or&quot; and &quot;and&quot; join type sends a single mutation with the right data to the mutation service" time="1.474"/><testcase classname="Chrome 53.0" name="Exam Partition #40 - TemplateLint - embercom/templates/apps/app/messages/partials/-manual-message-list-item.hbs: should pass TemplateLint" time="0.458"/><testcase classname="Chrome 53.0" name="Exam Partition #36 - TemplateLint - embercom/templates/components/message-reply-type-component.hbs: should pass TemplateLint" time="0.487"/><testcase classname="Chrome 53.0" name="Exam Partition #36 - General | Library: User Agent Detector: IE 10/11 Detection" time="0.539"/><testcase classname="Chrome 53.0" name="Exam Partition #37 - Team Support 2 | Unit: Route - Conversations/Conversation: Prefetches parts for next conversation" time="0.663"/><testcase classname="Chrome 53.0" name="Exam Partition #40 - Team Engage 1 | Integration: Component - Message Editor Message Audience Main Component | Integration | Component | message-editor/audience/main-component: does not renders the and/or dropdown unless maximized" time="0.954"/><testcase classname="Chrome 53.0" name="Exam Partition #39 - General | Integration: Settings - General App: If user cancels an app deletion, the app is not deleted" time="3.875"/><testcase classname="Chrome 53.0" name="Exam Partition #39 - Team Engage 2 | Library: Video URL parser: generates the view context" time="0.500"/><testcase classname="Chrome 53.0" name="Exam Partition #38 - Team Acquire | Acceptance | Teammate Settings: Adding and removing a member to a team" time="3.754"/><testcase classname="Chrome 53.0" name="Exam Partition #37 - Team Engage 1 | Integration: Component - Message Audience Editor Component | Integration | Component | message-audience-editor-component: It shows the correct text when it's a limited response" time="1.725"/><testcase classname="Chrome 53.0" name="Exam Partition #39 - Team DX | Personal Access Token Review | Integration | Component | personal-access-token/token-review: upgraded approved scopes" time="0.768"/><testcase classname="Chrome 53.0" name="Exam Partition #40 - Team Support 2 | Unit: Component – Rules - Predicates List Summary: displayablePredicates converts predicates to objects with displayable properties" time="0.568"/><testcase classname="Chrome 53.0" name="Exam Partition #36 - General | Integration: Settings - Email Template Editor: Viewing and editing content" time="2.535"><error message="TypeError: Cannot read property 'get' of null"><![CDATA[    at http://localhost:7357/assets/test-support.js:4067:12
    at Class.exception (http://localhost:7357/assets/vendor.js:54715:7)
    at onerrorDefault (http://localhost:7357/assets/vendor.js:46665:24)
    at Object.trigger (http://localhost:7357/assets/vendor.js:69010:11)
    at http://localhost:7357/assets/vendor.js:70259:40
    at invokeWithOnError (http://localhost:7357/assets/vendor.js:14899:18)
    at Object.flush (http://localhost:7357/assets/vendor.js:14954:11)
    at Object.flush (http://localhost:7357/assets/vendor.js:14762:17)
    at Object.end (http://localhost:7357/assets/vendor.js:15117:25)
    at Object.run (http://localhost:7357/assets/vendor.js:15230:18)
    at Object.run [as default] (http://localhost:7357/assets/vendor.js:35751:27)
    at http://localhost:7357/assets/vendor.js:54930:36
    at r (https://gtm.intercomassets.com/2b567471678d53c05e74e7de0afe217e162d298a-gtm.js:1:23001)]]></error></testcase><testcase classname="Chrome 53.0" name="Exam Partition #40 - TemplateLint - embercom/templates/apps/app/messages/partials/table-cells/manual/-manual-message-stats-table-cells.hbs: should pass TemplateLint" time="0.465"/><testcase classname="Chrome 53.0" name="Exam Partition #40 - TemplateLint - embercom/templates/components/guide/step-component-renderer-component.hbs: should pass TemplateLint" time="0.501"/><testcase classname="Chrome 53.0" name="Exam Partition #40 - TemplateLint - embercom/templates/components/educate/site/collections/collection-article.hbs: should pass TemplateLint" time="0.588"/><testcase classname="Chrome 53.0" name="Exam Partition #38 - TemplateLint - embercom/templates/apps/app/import/tagging-modal.hbs: should pass TemplateLint" time="0.484"/><testcase classname="Chrome 53.0" name="Exam Partition #38 - TemplateLint - embercom/templates/apps/app/messages/partials/table-cells/lists/-title-recipients-cell.hbs: should pass TemplateLint" time="0.568"/><testcase classname="Chrome 53.0" name="Exam Partition #38 - TemplateLint - embercom/templates/components/acquisition/code-component.hbs: should pass TemplateLint" time="0.572"/><testcase classname="Chrome 53.0" name="Exam Partition #37 - Team Growth 2 | Unit: Component - Guide / Steps / Acquire Auto Message Component: the completeStep action should redirect the user to apps.app.acquire.messages if app.hasAcquirePro is true" time="0.613"/><testcase classname="Chrome 53.0" name="Exam Partition #40 - Team Support 2 | Unit: Component – Rules - Predicates List Summary: uses custom filterMap" time="0.606"/><testcase classname="Chrome 53.0" name="Exam Partition #36 - Team Support 2 | Unit: Component - Rules - Predicate Attribute Selector: displayedMessageAttributes filters the list when attributeSearchTerm changes" time="0.876"/><testcase classname="Chrome 53.0" name="Exam Partition #37 - TemplateLint - embercom/templates/components/team-membership-list-component.hbs: should pass TemplateLint" time="0.578"/><testcase classname="Chrome 53.0" name="Exam Partition #40 - Team Engage 1 | Unit | Serializer | messages/recipient: when no explicit ID is provided" time="0.639"/><testcase classname="Chrome 53.0" name="Exam Partition #37 - Team Observe | Unit: Helper - Admin Time Ago: active now" time="0.547"/><testcase classname="Chrome 53.0" name="Exam Partition #38 - TemplateLint - embercom/templates/partials/start-loading-content.hbs: should pass TemplateLint" time="0.581"/><testcase classname="Chrome 53.0" name="Exam Partition #38 - General | Unit: Lib - User Table Column: it escapes" time="0.708"/><testcase classname="Chrome 53.0" name="Exam Partition #40 - Team Engage 1 | Unit | Serializer | messages/recipient: it normalizes the recipient correctly" time="0.546"/><testcase classname="Chrome 53.0" name="Exam Partition #36 - Team Engage 2 | Integration: Component | Marketo Unsubscribe | Integration | Component | integrations-hub/marketo-unsubscribe: Offer to remove other active unsubscribe integration" time="0.784"/><testcase classname="Chrome 53.0" name="Exam Partition #36 - TemplateLint - embercom/templates/apps/app/messages/partials/-embedded-widget-chrome.hbs: should pass TemplateLint" time="0.449"/><testcase classname="Chrome 53.0" name="Exam Partition #38 - TemplateLint - embercom/templates/components/iframe-preview-component.hbs: should pass TemplateLint" time="0.472"/><testcase classname="Chrome 53.0" name="Exam Partition #39 - General | Integration: Settings - General App: If user has two apps, deleting an app brings them to another app via a hard URL change" time="2.590"/><testcase classname="Chrome 53.0" name="Exam Partition #36 - Team Engage 2 | Integration: Component | Marketo Unsubscribe | Integration | Component | integrations-hub/marketo-unsubscribe: Button before entering API details" time="0.818"/><testcase classname="Chrome 53.0" name="Exam Partition #40 - Team Support 2 | Unit: Component – Rules - Predicates List Summary: _getDisplayableAttribute converts an attribute to object with displayable properties" time="0.530"/><testcase classname="Chrome 53.0" name="Exam Partition #39 - TemplateLint - embercom/templates/start-loading.hbs: should pass TemplateLint" time="0.479"/><testcase classname="Chrome 53.0" name="Exam Partition #39 - Team Engage 2 | Library: Video URL parser: youtube shorturl" time="0.548"/><testcase classname="Chrome 53.0" name="Exam Partition #39 - TemplateLint - embercom/templates/apps/app/engage/messages/auto/campaigns.hbs: should pass TemplateLint" time="0.458"/><testcase classname="Chrome 53.0" name="Exam Partition #37 - Team DX | Acceptance | Personal Access Tokens: Deleting an existing access token" time="2.551"/><testcase classname="Chrome 53.0" name="Exam Partition #38 - Team Engage 1 | Integration: Component - Message Edit Expanding Container Component | Integration | Component | message-edit-expanding-container-component: We render the message-audience-editor-component for regular messages" time="1.292"/><testcase classname="Chrome 53.0" name="Exam Partition #40 - TemplateLint - embercom/templates/apps/app/cda-onboarding/add.hbs: should pass TemplateLint" time="0.471"/><testcase classname="Chrome 53.0" name="Exam Partition #40 - TemplateLint - embercom/templates/components/campaigns/campaign-list-row.hbs: should pass TemplateLint" time="0.511"/><testcase classname="Chrome 53.0" name="Exam Partition #38 - TemplateLint - embercom/templates/components/camera-popover-component.hbs: should pass TemplateLint" time="0.515"/><testcase classname="Chrome 53.0" name="Exam Partition #40 - TemplateLint - embercom/templates/apps/app/inbox.hbs: should pass TemplateLint" time="0.539"/><testcase classname="Chrome 53.0" name="Exam Partition #36 - Team DX | OAuth Review | Integration | Component | oauth/oauth-review: Shows the correct data" time="0.789"/><testcase classname="Chrome 53.0" name="Exam Partition #40 - Team Support 2 | Unit: Component – Rules - Predicates List Summary: _getDisplayableAttributeValue returns predicate value for browser_locale when not found" time="0.626"/><testcase classname="Chrome 53.0" name="Exam Partition #40 - Team Support 2 | Unit: Component – Rules - Predicates List Summary: rendered text is correct for OR predicates" time="0.525"/><testcase classname="Chrome 53.0" name="Exam Partition #39 - Team DX | Personal Access Token Review | Integration | Component | personal-access-token/token-review: upgraded denied scopes" time="0.731"/><testcase classname="Chrome 53.0" name="Exam Partition #38 - Team DX | Integration: Component - Personal Access Token Editor | Integration | Component | personal-access-token/token-editor: Update button and title is shown when there is token" time="0.797"/><testcase classname="Chrome 53.0" name="Exam Partition #36 - TemplateLint - embercom/templates/apps/app/messages/partials/table-cells/lists/-stats-cell.hbs: should pass TemplateLint" time="0.471"/><testcase classname="Chrome 53.0" name="Exam Partition #36 - TemplateLint - embercom/templates/components/guide/image-component.hbs: should pass TemplateLint" time="0.552"/><testcase classname="Chrome 53.0" name="Exam Partition #36 - TemplateLint - embercom/templates/components/educate/site-asset-upload-component.hbs: should pass TemplateLint" time="0.509"/><testcase classname="Chrome 53.0" name="Exam Partition #39 - TemplateLint - embercom/templates/components/message-sample-users-component.hbs: should pass TemplateLint" time="0.536"/><testcase classname="Chrome 53.0" name="Exam Partition #39 - Team Engage 2 | Library: Video URL parser: youtube" time="0.565"/><testcase classname="Chrome 53.0" name="Exam Partition #36 - Team Support 2 | Unit: Component - Rules - Predicate Attribute Selector: selectedAttributeChanged adds url attribute to predicate if url_visit_integer" time="0.830"/><testcase classname="Chrome 53.0" name="Exam Partition #37 - General | Integration: Settings - Email Templates: Check default template is correctly persisted on change and save" time="2.563"/><testcase classname="Chrome 53.0" name="Exam Partition #37 - TemplateLint - embercom/templates/components/html-mode-activator-component.hbs: should pass TemplateLint" time="0.459"/><testcase classname="Chrome 53.0" name="Exam Partition #37 - Team Support 2 | Unit: Component - Rules - Predicate Comparison Selector: _maybeSetPredicateComparisonToFirstOption sets predicate.comparison when predicate.comparison is blank" time="0.673"/><testcase classname="Chrome 53.0" name="Exam Partition #36 - General | Library: User Agent Detector: Safari Detection" time="0.529"/><testcase classname="Chrome 53.0" name="Exam Partition #36 - General | Library: User Agent Detector: Firefox Detection" time="0.509"/><testcase classname="Chrome 53.0" name="Exam Partition #36 - General | Library: User Agent Detector: Chrome Detection" time="0.496"/><testcase classname="Chrome 53.0" name="Exam Partition #37 - Team Growth 2 | Unit: Component - Guide / Steps / Acquire Auto Message Component: Clicking on upgrade button calls productStoreService#open" time="0.574"/><testcase classname="Chrome 53.0" name="Exam Partition #39 - General | Integration: Settings - General App: Test app ID is shown on toggle if a test app is present" time="2.966"/><testcase classname="Chrome 53.0" name="Exam Partition #37 - Team Support 2 | Unit: Component - Rules - Predicate Comparison Selector: selectedComparisonValueChanged sets predicate.comparison correctly for date attribute" time="0.520"/><testcase classname="Chrome 53.0" name="Exam Partition #39 - Team Support 2 | Unit: Component - Rules - Predicate iOS Version Value: Content contains list of iOS versions" time="0.513"/><testcase classname="Chrome 53.0" name="Exam Partition #38 - Team Acquire | Acceptance | Teammate Settings: Clicking on a team on navigation component should change the team in the team edit component" time="3.223"/><testcase classname="Chrome 53.0" name="Exam Partition #38 - TemplateLint - embercom/templates/components/message-review-step-info-component.hbs: should pass TemplateLint" time="0.492"/><testcase classname="Chrome 53.0" name="Exam Partition #38 - TemplateLint - embercom/templates/apps/app/engage/messages/auto/all.hbs: should pass TemplateLint" time="0.476"/><testcase classname="Chrome 53.0" name="Exam Partition #36 - Team Growth 2 | Unit: Component - Guide / Step Help Popover Component: toggleSendToTeam action should propagate up to parent" time="0.579"/><testcase classname="Chrome 53.0" name="Exam Partition #36 - TemplateLint - embercom/templates/apps/app/billing/modals/resume-pending-cancellation-modal.hbs: should pass TemplateLint" time="0.441"/><testcase classname="Chrome 53.0" name="Exam Partition #36 - TemplateLint - embercom/templates/components/button-group-component.hbs: should pass TemplateLint" time="0.489"/><testcase classname="Chrome 53.0" name="Exam Partition #36 - TemplateLint - embercom/templates/apps/app/import/mixpanel/instructions.hbs: should pass TemplateLint" time="0.515"/><testcase classname="Chrome 53.0" name="Exam Partition #39 - Team DX | Personal Access Token Review | Integration | Component | personal-access-token/token-review: standard applied scopes" time="0.580"/><testcase classname="Chrome 53.0" name="Exam Partition #39 - TemplateLint - embercom/templates/apps/app/messages/partials/-manual-message-list-buttons.hbs: should pass TemplateLint" time="0.453"/><testcase classname="Chrome 53.0" name="Exam Partition #38 - Team DX | Integration: Component - Personal Access Token Editor | Integration | Component | personal-access-token/token-editor: Request button and title is shown when no token" time="0.620"/><testcase classname="Chrome 53.0" name="Exam Partition #38 - TemplateLint - embercom/templates/components/users/profile/sidebar-header-component.hbs: should pass TemplateLint" time="0.433"/><testcase classname="Chrome 53.0" name="Exam Partition #36 - Team Support 2 | Unit: Component - Rules - Predicate Attribute Selector: displayedUserAttributes filters the list when attributeSearchTerm changes" time="0.588"/><testcase classname="Chrome 53.0" name="Exam Partition #37 - Team Engage 1 | Integration: Component - Message Audience Editor Component | Integration | Component | message-audience-editor-component: It shows the correct text when it's not a limited response" time="0.721"/><testcase classname="Chrome 53.0" name="Exam Partition #37 - TemplateLint - embercom/templates/apps/app/engage/insights.hbs: should pass TemplateLint" time="0.454"/><testcase classname="Chrome 53.0" name="Exam Partition #37 - TemplateLint - embercom/templates/components/users/profile/phone-number-component.hbs: should pass TemplateLint" time="0.494"/><testcase classname="Chrome 53.0" name="Exam Partition #36 - Team Support 2 | Unit: Component - Rules - Predicate Attribute Selector: selectedAttributeChanged updates predicate when selectedAttribute changes" time="0.792"/><testcase classname="Chrome 53.0" name="Exam Partition #36 - Team Support 2 | Unit: Route - Inbox: Deeplink URLs are detected correctly" time="0.566"/><testcase classname="Chrome 53.0" name="Exam Partition #39 - Team Engage 1 | Integration: Component - Message Editor Audience Wrapper | Integration | Component | message-editor/delivery-window/delivery-window-wrapper: the component renders the title component" time="1.121"/><testcase classname="Chrome 53.0" name="Exam Partition #38 - Team DX | Integration: Component - Personal Access Token Editor | Integration | Component | personal-access-token/token-editor: selecting a scope should show its list of scopes" time="0.694"/><testcase classname="Chrome 53.0" name="Exam Partition #38 - TemplateLint - embercom/templates/components/guide/input-copy-component.hbs: should pass TemplateLint" time="0.472"/><testcase classname="Chrome 53.0" name="Exam Partition #37 - General | Integration: Settings - Email Templates: Selecting a template to copy should open editor" time="3.143"/><testcase classname="Chrome 53.0" name="Exam Partition #37 - TemplateLint - embercom/templates/apps/app/import/mixpanel/tag.hbs: should pass TemplateLint" time="0.461"/><testcase classname="Chrome 53.0" name="Exam Partition #37 - TemplateLint - embercom/templates/components/conversation/controls/draft-component.hbs: should pass TemplateLint" time="0.541"/><testcase classname="Chrome 53.0" name="Exam Partition #37 - TemplateLint - embercom/templates/components/calendar-date-picker-component.hbs: should pass TemplateLint" time="0.453"/><testcase classname="Chrome 53.0" name="Exam Partition #39 - General | Integration: Settings - General App: Test app ID is not shown on toggle if a test app is not present" time="3.594"/><testcase classname="Chrome 53.0" name="Exam Partition #38 - Team Acquire | Acceptance | Teammate Settings: Inviting a member to the app" time="3.236"/><testcase classname="Chrome 53.0" name="Exam Partition #38 - TemplateLint - embercom/templates/components/conversation/controls/forwarding-selector-component.hbs: should pass TemplateLint" time="0.453"/><testcase classname="Chrome 53.0" name="Exam Partition #38 - TemplateLint - embercom/templates/components/textarea-attribute-selector-component.hbs: should pass TemplateLint" time="0.492"/><testcase classname="Chrome 53.0" name="Exam Partition #39 - TemplateLint - embercom/templates/apps/app/messages/partials/table-cells/lists/-title-with-avatar-cell.hbs: should pass TemplateLint" time="0.425"/><testcase classname="Chrome 53.0" name="Exam Partition #39 - TemplateLint - embercom/templates/components/guide/need-help-component.hbs: should pass TemplateLint" time="0.502"/><testcase classname="Chrome 53.0" name="Exam Partition #39 - TemplateLint - embercom/templates/components/educate/site/collections/chapter-list-component.hbs: should pass TemplateLint" time="0.484"/><testcase classname="Chrome 53.0" name="Exam Partition #37 - Team Support 2 | Unit: Component - Rules - Predicate Comparison Selector: selectedComparisonValueChanged sets predicate.value to null when selectedComparisonValue is &quot;false&quot;" time="0.545"/><testcase classname="Chrome 53.0" name="Exam Partition #37 - Team Observe | Library: Activity Feed Query: inserts new conversation" time="0.436"/><testcase classname="Chrome 53.0" name="Exam Partition #37 - Team Observe | Unit: Helper - Admin Time Ago: ten hours ago" time="0.532"/><testcase classname="Chrome 53.0" name="Exam Partition #37 - Team Support 2 | Unit: Route - Conversations/Conversation: Prefetches parts for the previous conversation" time="0.610"/><testcase classname="Chrome 53.0" name="Exam Partition #38 - Team Acquire | Acceptance | Teammate Settings: Resending and deleting a pending Invite" time="1.883"/><testcase classname="Chrome 53.0" name="Exam Partition #39 - Team Engage 2 | Library: Video URL parser: empty input" time="0.549"/><testcase classname="Chrome 53.0" name="Exam Partition #39 - Team Engage 2 | Library: Video URL parser: returns embed url for composer iframe from block" time="0.496"/><testcase classname="Chrome 53.0" name="Exam Partition #39 - Team Engage 2 | Library: Video URL parser: youtube with query params" time="0.485"/><testcase classname="Chrome 53.0" name="Exam Partition #37 - Team Support 2 | Unit: Route - Conversations/Conversation: Does not prefetch if all adjacent have already fetched" time="0.507"/><testcase classname="Chrome 53.0" name="Exam Partition #37 - Team Observe | Unit: Helper - Admin Time Ago: one hour ago" time="0.435"/><testcase classname="Chrome 53.0" name="Exam Partition #37 - Team Observe | Unit: Helper - Admin Time Ago: 1 day ago" time="0.522"/><testcase classname="Chrome 53.0" name="Exam Partition #39 - Team Engage 2 | Library: Video URL parser: youtube playlist" time="0.519"/><testcase classname="Chrome 53.0" name="Exam Partition #39 - Team Engage 2 | Library: Video URL parser: wistia" time="0.521"/><testcase classname="Chrome 53.0" name="Exam Partition #37 - Team Support 2 | Unit: Component - Rules - Predicate Comparison Selector: selectedComparisonValueChanged sets predicate.comparison correctly for non date attribute" time="0.596"/><testcase classname="Chrome 53.0" name="Exam Partition #38 - Team Acquire | Acceptance | Teammate Settings: Cancel team edit changes" time="2.042"/><testcase classname="Chrome 53.0" name="Exam Partition #39 - Team Growth 2 | Unit: Component - Guide / Steps / Android Events Component: isPolling is initialized to true" time="0.589"/><testcase classname="Chrome 53.0" name="Exam Partition #39 - TemplateLint - embercom/templates/apps/app/cda-onboarding.hbs: should pass TemplateLint" time="0.454"/><testcase classname="Chrome 53.0" name="Exam Partition #37 - Team DX | Acceptance | Personal Access Tokens: Editing an existing access token" time="2.213"/><testcase classname="Chrome 53.0" name="Exam Partition #39 - Team Observe | Unit: Route - User/Index: Has correct ActivityFeedItem options" time="0.596"/><testcase classname="Chrome 53.0" name="Exam Partition #37 - Team Support 2 | Unit: Route - Conversations/Conversation: Prefetches parts for previous conversation if next has already fetched" time="0.572"/><testcase classname="Chrome 53.0" name="Exam Partition #37 - TemplateLint - embercom/templates/apps/app/settings/personal-access-token.hbs: should pass TemplateLint" time="0.455"/><testcase classname="Chrome 53.0" name="Exam Partition #39 - TemplateLint - embercom/templates/components/campaign-message-audience-editor-component.hbs: should pass TemplateLint" time="0.465"/><testcase classname="Chrome 53.0" name="Exam Partition #39 - TemplateLint - embercom/templates/apps/app/inbound-email.hbs: should pass TemplateLint" time="0.494"/><testcase classname="Chrome 53.0" name="Exam Partition #39 - General | Unit: Helper - Fast Template: rendering a template without data works and strips line breaks" time="0.519"/><testcase classname="Chrome 53.0" name="Exam Partition #39 - General | Unit: Helper - Fast Template: rendering a template escapes data" time="0.516"/><testcase classname="Chrome 53.0" name="Exam Partition #39 - Team Engage 2 | Library: Video URL parser: vimeo" time="0.493"/><testcase classname="Chrome 53.0" name="Exam Partition #37 - Team Support 2 | Unit: Route - Conversations/Conversation: Prefetches users for next conversation" time="0.690"/><testcase classname="Chrome 53.0" name="Exam Partition #37 - TemplateLint - embercom/templates/apps/app/billing/summary.hbs: should pass TemplateLint" time="0.466"/><testcase classname="Chrome 53.0" name="Exam Partition #38 - Team Acquire | Acceptance | Teammate Settings: Pending changes warning" time="4.179"/><testcase classname="Chrome 53.0" name="Exam Partition #37 - Team Support 2 | Unit: Component - Rules - Predicate Comparison Selector: selectedComparisonValueChanged sets predicate.value to null when selectedComparisonValue is &quot;known&quot;" time="0.525"/><testcase classname="Chrome 53.0" name="Exam Partition #38 - Team DX | Integration: Component - Personal Access Token Editor | Integration | Component | personal-access-token/token-editor: when selecting and create a token with extended scopes" time="0.549"/><testcase classname="Chrome 53.0" name="Exam Partition #37 - Team Support 2 | Unit: Component - Rules - Predicate Comparison Selector: selectedComparisonValueChanged sets predicate.value to null when selectedComparisonValue is &quot;true&quot;" time="0.469"/><testcase classname="Chrome 53.0" name="Exam Partition #37 - Team Observe | Unit: Helper - Admin Time Ago: 2 days ago" time="0.419"/><testcase classname="Chrome 53.0" name="Exam Partition #38 - Team Support 2 | Unit: Component - Rules - Predicate iOS Device Value: Content contains list of iOS devices" time="0.466"/><testcase classname="Chrome 53.0" name="Exam Partition #38 - General | Integration: Settings - Events: You can archive an event by clicking &quot;Archive&quot;" time="1.363"/><testcase classname="Chrome 53.0" name="Exam Partition #38 - Team Support 2 | Unit: Route - Conversations: Does not respond to reachability if deactivated" time="0.490"/><testcase classname="Chrome 53.0" name="Exam Partition #38 - Team Support 2 | Unit: Route - Conversations: Reloads inbox on network becoming available" time="0.458"/><testcase classname="Chrome 53.0" name="Exam Partition #38 - Team DX | Integration: Component - Personal Access Token Editor | Integration | Component | personal-access-token/token-editor: Cancel out of edit screen" time="0.509"/><testcase classname="Chrome 53.0" name="Exam Partition #38 - General | Integration: Settings - Events: You can unarchive an archived event by clicking &quot;Unarchive&quot;" time="1.196"/><testcase classname="Chrome 53.0" name="Exam Partition #38 - Team Engage 1 | Integration: Component - Message Edit Expanding Container Component | Integration | Component | message-edit-expanding-container-component: We render the campaign-message-audience-editor-component for live campaign messages" time="0.764"/><testcase classname="Chrome 53.0" name="Exam Partition #38 - Team Acquire | Acceptance | Teammate Settings: Creating a new team" time="1.602"/><testcase classname="Chrome 53.0" name="Exam Partition #38 - General | Unit: Lib - User Table Column: it does not double escape" time="0.481"/><testcase classname="Chrome 53.0" name="Exam Partition #38 - Team Acquire | Acceptance | Teammate Settings: Deleting an appTeam member from the app" time="1.527"/><testcase classname="Chrome 53.0" name="Exam Partition #38 - Team Acquire | Acceptance | Teammate Settings: Changing permissions for an invite" time="1.471"><error message="Error: Element .test__settings__teammate__pending-invite__admin-email:contains(cormac+jx@intercom.io) not found."><![CDATA[    at http://localhost:7357/assets/test-support.js:4067:12
    at Class.exception (http://localhost:7357/assets/vendor.js:54715:7)
    at onerrorDefault (http://localhost:7357/assets/vendor.js:46665:24)
    at Object.trigger (http://localhost:7357/assets/vendor.js:69010:11)
    at http://localhost:7357/assets/vendor.js:70259:40
    at invokeWithOnError (http://localhost:7357/assets/vendor.js:14899:18)
    at Object.flush (http://localhost:7357/assets/vendor.js:14954:11)
    at Object.flush (http://localhost:7357/assets/vendor.js:14762:17)
    at Object.end (http://localhost:7357/assets/vendor.js:15117:25)
    at Object.run (http://localhost:7357/assets/vendor.js:15230:18)
    at Object.run [as default] (http://localhost:7357/assets/vendor.js:35751:27)
    at http://localhost:7357/assets/vendor.js:54930:36
    at r (https://gtm.intercomassets.com/2b567471678d53c05e74e7de0afe217e162d298a-gtm.js:1:23001)]]></error></testcase><testcase classname="Chrome 53.0" name="Exam Partition #38 - Team DX | Integration: Component - Personal Access Token Editor | Integration | Component | personal-access-token/token-editor: selecting a scope should show its list of scopes " time="0.555"/><testcase classname="Chrome 53.0" name="Exam Partition #38 - Team DX | Integration: Component - Personal Access Token Editor | Integration | Component | personal-access-token/token-editor: when creating a token with standard scopes" time="0.508"/><testcase classname="Chrome 53.0" name="Exam Partition #38 - General | Integration: Settings - Events: You cannot archive an event that has objects dependent on it" time="1.289"/></testsuite>
