<testsuite name="Testem Tests" tests="348" skipped="0" failures="4" timestamp="Tue Nov 08 2016 14:06:55 GMT+0000 (UTC)" time="153.854"><testcase classname="Chrome 53.0" name="Exam Partition #2 - TemplateLint - embercom/templates/apps/app/users/segments/segment/modals/export.hbs: should pass TemplateLint" time="4.492"/><testcase classname="Chrome 53.0" name="Exam Partition #1 - TemplateLint - embercom/templates/components/insights/high-charts-dummy-component.hbs: should pass TemplateLint" time="4.397"/><testcase classname="Chrome 53.0" name="Exam Partition #2 - TemplateLint - embercom/templates/components/rules/predicate-integer-value-component.hbs: should pass TemplateLint" time="0.474"/><testcase classname="Chrome 53.0" name="Exam Partition #2 - TemplateLint - embercom/templates/apps/app/companies/segments/segment/modals/delete.hbs: should pass TemplateLint" time="0.517"/><testcase classname="Chrome 53.0" name="Exam Partition #3 - TemplateLint - embercom/templates/components/activity-feed-item-segment-entered-component.hbs: should pass TemplateLint" time="4.432"/><testcase classname="Chrome 53.0" name="Exam Partition #3 - TemplateLint - embercom/templates/components/settings/google-customers-component.hbs: should pass TemplateLint" time="0.484"/><testcase classname="Chrome 53.0" name="Exam Partition #3 - TemplateLint - embercom/templates/apps/app/engage/messages/manual/message/show.hbs: should pass TemplateLint" time="0.536"/><testcase classname="Chrome 53.0" name="Exam Partition #4 - Team Engage 3 | Library: data-mutations/mutator: Mutations are timed" time="5.466"/><testcase classname="Chrome 53.0" name="Exam Partition #4 - TemplateLint - embercom/templates/components/guide/-focus-install-integrate-single-page.hbs: should pass TemplateLint" time="0.450"/><testcase classname="Chrome 53.0" name="Exam Partition #5 - General | Library: Date Formatter: forcedPastFromNowRealTime returns &quot;3 minutes ago&quot; when time greater than 2 minutes ago" time="4.523"/><testcase classname="Chrome 53.0" name="Exam Partition #5 - TemplateLint - embercom/templates/components/custom-data-attributes-component.hbs: should pass TemplateLint" time="0.501"/><testcase classname="Chrome 53.0" name="Exam Partition #5 - TemplateLint - embercom/templates/notifications/folders/-message-addition.hbs: should pass TemplateLint" time="0.555"/><testcase classname="Chrome 53.0" name="Exam Partition #5 - General | Library: Date Formatter: isJustNow returns false when time greater than 2 minutes ago" time="0.444"/><testcase classname="Chrome 53.0" name="Exam Partition #5 - General | Library: Date Formatter: isJustNow returns true when time less than 1 minute ago" time="0.542"/><testcase classname="Chrome 53.0" name="Exam Partition #2 - General | Unit: Component Tagging Component: the onUp functionality works as expected" time="0.961"/><testcase classname="Chrome 53.0" name="Exam Partition #1 - General | Integration: Changes Pages: Liking a change on the Changes page" time="3.174"/><testcase classname="Chrome 53.0" name="Exam Partition #3 - Team Support 2 | Unit: Component – TagsOrSegmentsListVisibilityComponent: visibleTaggings" time="0.788"/><testcase classname="Chrome 53.0" name="Exam Partition #5 - General | Library: Date Formatter: forcedPastFromNowRealTime returns &quot;X minutes ago&quot; when time less than 10 minutes ago" time="0.524"/><testcase classname="Chrome 53.0" name="Exam Partition #5 - TemplateLint - embercom/templates/apps/app/messages/partials/editor/-minimized-message-delivery-window-editor.hbs: should pass TemplateLint" time="0.484"/><testcase classname="Chrome 53.0" name="Exam Partition #1 - TemplateLint - embercom/templates/components/activity-feed-item-event-metadata-component.hbs: should pass TemplateLint" time="0.490"/><testcase classname="Chrome 53.0" name="Exam Partition #1 - Team Support 2 | Unit: Library - Query Subscription: #eventReinstatesToQueryContext is true when event status matches the query status" time="0.569"/><testcase classname="Chrome 53.0" name="Exam Partition #1 - Team Support 2 | Unit: Library - Query Subscription: #_isEventForConversationInQuery is false when the query content does not contain the conversation" time="0.507"/><testcase classname="Chrome 53.0" name="Exam Partition #4 - Team Engage 1 | Integration: Component - Campaign Message Audience Editor Component | Integration | Component | campaign-message-audience-editor-component: On initialization it should be in the loading state" time="3.123"/><testcase classname="Chrome 53.0" name="Exam Partition #4 - Team Engage 3 | Unit | Validator | manual-message-has-count: it validates selection states with empty counts for non-manual messages" time="0.963"/><testcase classname="Chrome 53.0" name="Exam Partition #4 - Team DX | Unit | Model | integration: #buttonComponentPath" time="0.617"/><testcase classname="Chrome 53.0" name="Exam Partition #4 - TemplateLint - embercom/templates/apps/app/settings/appearance.hbs: should pass TemplateLint" time="0.470"/><testcase classname="Chrome 53.0" name="Exam Partition #1 - Team Engage 1 | Integration: Component - Message Editor Schedule Component | Integration | Component | message-editor/schedule-component: does not render the schedule for an unscheduled message" time="1.432"/><testcase classname="Chrome 53.0" name="Exam Partition #1 - TemplateLint - embercom/templates/components/message-editor/folder-and-campaign-mover.hbs: should pass TemplateLint" time="0.463"/><testcase classname="Chrome 53.0" name="Exam Partition #1 - TemplateLint - embercom/templates/components/tooltips/standard-tooltip.hbs: should pass TemplateLint" time="0.500"/><testcase classname="Chrome 53.0" name="Exam Partition #1 - TemplateLint - embercom/templates/components/conversation/stream/user-sticker-component.hbs: should pass TemplateLint" time="0.507"/><testcase classname="Chrome 53.0" name="Exam Partition #4 - Team Growth 1 | Unit: Component - Guide / Step Multipart Component: isExpanded is true only when the partNumber is equal to the expandedPartNumber" time="0.612"/><testcase classname="Chrome 53.0" name="Exam Partition #1 - Team Growth 1 | Unit: Component - Acquisition / Csv Import Record Type Selector Component: recordTypeIsUsers returns false" time="0.745"/><testcase classname="Chrome 53.0" name="Exam Partition #1 - Team Support 2 | Unit: Library - Query Subscription: #_isEventForCurrentAssignee is true when viewing the unassigned inbox and the event assignee was unassigned" time="0.483"/><testcase classname="Chrome 53.0" name="Exam Partition #1 - Team Support 2 | Unit: Library - Query Subscription: #_isEventForCurrentAssignee is false when the event assignee does not match currently viewed inbox" time="0.479"/><testcase classname="Chrome 53.0" name="Exam Partition #1 - TemplateLint - embercom/templates/apps/app/acquire/about.hbs: should pass TemplateLint" time="0.516"/><testcase classname="Chrome 53.0" name="Exam Partition #1 - Team Growth 1 | Unit: Component - Acquisition / Csv Import Record Type Selector Component: recordTypeIsUsers returns true" time="0.947"/><testcase classname="Chrome 53.0" name="Exam Partition #3 - Team Support 2 | Integration: Inbox - Realtime Updates: When a conversation is seen by the user the last admin part should display the correct seen state" time="15.959"/><testcase classname="Chrome 53.0" name="Exam Partition #3 - Team Platform | Integration: Component - Admin Selector Dropdown | Integration | Component | admin/selector-dropdown: The admin list is displayed on click" time="1.089"/><testcase classname="Chrome 53.0" name="Exam Partition #3 - TemplateLint - embercom/templates/components/cda-onboarding-invite-component.hbs: should pass TemplateLint" time="0.519"/><testcase classname="Chrome 53.0" name="Exam Partition #3 - TemplateLint - embercom/templates/components/message-editor/index-completed-component.hbs: should pass TemplateLint" time="0.502"/><testcase classname="Chrome 53.0" name="Exam Partition #3 - TemplateLint - embercom/templates/apps/app/messages/partials/editor/-minimized-message-channel-editor.hbs: should pass TemplateLint" time="0.492"/><testcase classname="Chrome 53.0" name="Exam Partition #2 - Team Support 1 | Integration: Inbox - Conversation Thread: Clicking the second item in the tools dropdown opens a modal" time="18.238"/><testcase classname="Chrome 53.0" name="Exam Partition #2 - TemplateLint - embercom/templates/notifications/-inconsistent-cda.hbs: should pass TemplateLint" time="0.464"/><testcase classname="Chrome 53.0" name="Exam Partition #2 - TemplateLint - embercom/templates/components/activity-feed-item-note-created-component.hbs: should pass TemplateLint" time="0.490"/><testcase classname="Chrome 53.0" name="Exam Partition #2 - TemplateLint - embercom/templates/components/insights/loading-component.hbs: should pass TemplateLint" time="0.550"/><testcase classname="Chrome 53.0" name="Exam Partition #2 - TemplateLint - embercom/templates/apps/app/integrations-hub/modals/slack-modal.hbs: should pass TemplateLint" time="0.477"/><testcase classname="Chrome 53.0" name="Exam Partition #3 - Team Platform | Integration: Component - Admin Selector Dropdown | Integration | Component | admin/selector-dropdown: first selectable item is highlighted correctly without label" time="1.751"/><testcase classname="Chrome 53.0" name="Exam Partition #2 - Team Engage 1 | Integration: Component - Message Editor Stats Bulk Actions | Integration | Component | message-editor/stats/bulk-actions: It shows the message button for an auto message" time="1.685"/><testcase classname="Chrome 53.0" name="Exam Partition #3 - Team Engage 1 | Integration: Component - Message Editor Conversations List Component | Integration | Component | message-editor/stats/conversations-list: With no conversations in the response it renders the nothingness section" time="1.935"/><testcase classname="Chrome 53.0" name="Exam Partition #2 - Team Engage 1 | Integration: Component - Message Editor Stats Bulk Actions | Integration | Component | message-editor/stats/bulk-actions: Clicking the button does not fire the actions when disabled" time="1.007"/><testcase classname="Chrome 53.0" name="Exam Partition #5 - Team Support 2 | Integration: Inbox - Search: Executing the same search a second time does not re-run the search" time="21.722"/><testcase classname="Chrome 53.0" name="Exam Partition #5 - Team Engage 1 | Integration: Component - Message Editor Stats Pre Send Info | Integration | Component | message-editor/stats/pre-send-info: With a manual in-app message selection state that has a count and targets users" time="1.532"/><testcase classname="Chrome 53.0" name="Exam Partition #5 - General | Library: Date Formatter: isJustNow returns false when time is null" time="0.460"/><testcase classname="Chrome 53.0" name="Exam Partition #4 - Team Support 2 | Integration: Inbox - Saved Replies Modal: Inserting a saved reply with attributes" time="19.924"/><testcase classname="Chrome 53.0" name="Exam Partition #5 - General | Unit: Component – Tooltip: Can be horizontally positioned" time="0.580"/><testcase classname="Chrome 53.0" name="Exam Partition #1 - Team Support 2 | Integration: Inbox - Conversation Header: Assigning to another admin should add an assignment statement and lock the thread" time="17.766"/><testcase classname="Chrome 53.0" name="Exam Partition #4 - Team Engage 3 | Library: data-mutations/mutator: Mutating sets the correct attributes on the model" time="1.254"/><testcase classname="Chrome 53.0" name="Exam Partition #5 - Team Engage 1 | Integration: Component - Campaigns Page Header | Integration | Component | campaigns/headers/page-header: is valid to send" time="1.094"/><testcase classname="Chrome 53.0" name="Exam Partition #1 - Team Support 2 | Unit: Library - Query Subscription: #currentAssigneeId" time="0.517"/><testcase classname="Chrome 53.0" name="Exam Partition #1 - General | Unit: Feature Flags: basic feature flag resolution" time="0.481"/><testcase classname="Chrome 53.0" name="Exam Partition #4 - Team Engage 1 | Integration: Component - Campaign Message Audience Editor Component | Integration | Component | campaign-message-audience-editor-component: When the campaign message preview is complete with a user it should show the user list" time="1.780"/><testcase classname="Chrome 53.0" name="Exam Partition #1 - TemplateLint - embercom/templates/components/rules/predicate-inserter-component.hbs: should pass TemplateLint" time="0.583"/><testcase classname="Chrome 53.0" name="Exam Partition #1 - TemplateLint - embercom/templates/apps/app/users/segments/segment/modals/delete.hbs: should pass TemplateLint" time="0.456"/><testcase classname="Chrome 53.0" name="Exam Partition #5 - General | Library: Date Formatter: forcedPastFromNow returns &quot;X minutes ago&quot; when time greater than 10 minutes ago" time="0.468"/><testcase classname="Chrome 53.0" name="Exam Partition #5 - TemplateLint - embercom/templates/components/guide/-focus-install-integrate-stripe.hbs: should pass TemplateLint" time="0.486"/><testcase classname="Chrome 53.0" name="Exam Partition #5 - TemplateLint - embercom/templates/components/partials/-conversation-main-participant-tooltip.hbs: should pass TemplateLint" time="0.557"/><testcase classname="Chrome 53.0" name="Exam Partition #5 - TemplateLint - embercom/templates/apps/app/users/segments/segment/modals/tag.hbs: should pass TemplateLint" time="0.457"/><testcase classname="Chrome 53.0" name="Exam Partition #5 - General | Library: Date Formatter: forcedPastFromNowRealTime returns &quot;Just now&quot; when time less than 1 minute ago" time="0.538"/><testcase classname="Chrome 53.0" name="Exam Partition #5 - Team Engage 1 | Integration: Component - Campaigns Page Header | Integration | Component | campaigns/headers/page-header: is suspended" time="0.697"/><testcase classname="Chrome 53.0" name="Exam Partition #1 - TemplateLint - embercom/templates/components/paginator-component.hbs: should pass TemplateLint" time="0.568"/><testcase classname="Chrome 53.0" name="Exam Partition #1 - TemplateLint - embercom/templates/components/settings/blocked-user-list-component.hbs: should pass TemplateLint" time="0.468"/><testcase classname="Chrome 53.0" name="Exam Partition #1 - TemplateLint - embercom/templates/notifications.hbs: should pass TemplateLint" time="0.489"/><testcase classname="Chrome 53.0" name="Exam Partition #4 - Team Engage 3 | Library: data-mutations/mutator: Mutating with removeFragment" time="0.908"/><testcase classname="Chrome 53.0" name="Exam Partition #3 - Team Support 2 | Integration: Inbox - Realtime Updates: When a user is typing in the thread I am viewing it should show an indicator in the thread &amp; in the list" time="8.147"/><testcase classname="Chrome 53.0" name="Exam Partition #2 - Team Support 1 | Integration: Inbox - Conversation Thread: Clicking the first item in the tools dropdown opens a modal" time="7.787"/><testcase classname="Chrome 53.0" name="Exam Partition #5 - Team Engage 1 | Integration: Component - Message Editor Stats Pre Send Info | Integration | Component | message-editor/stats/pre-send-info: With an auto email message that has leads and a delivery window" time="0.694"/><testcase classname="Chrome 53.0" name="Exam Partition #4 - TemplateLint - embercom/templates/components/guide/steps/ios-integration-component.hbs: should pass TemplateLint" time="0.440"/><testcase classname="Chrome 53.0" name="Exam Partition #4 - TemplateLint - embercom/templates/components/rules/predicate-join-select-component.hbs: should pass TemplateLint" time="0.492"/><testcase classname="Chrome 53.0" name="Exam Partition #4 - TemplateLint - embercom/templates/components/activity-feed-item-segment-exited-component.hbs: should pass TemplateLint" time="0.513"/><testcase classname="Chrome 53.0" name="Exam Partition #1 - Team Growth 2 | Unit: Component - Guide / Steps / Web Integration Custom Data Component: isPolling is initialized to true" time="0.554"/><testcase classname="Chrome 53.0" name="Exam Partition #1 - General | Unit: Feature Flags: verify call through to mixin for flag resolution of packages" time="0.493"/><testcase classname="Chrome 53.0" name="Exam Partition #5 - Team Engage 1 | Integration: Component - Message Editor Stats Pre Send Info | Integration | Component | message-editor/stats/pre-send-info: With a campaign message" time="0.913"/><testcase classname="Chrome 53.0" name="Exam Partition #4 - Team Engage 3 | Library: data-mutations/mutator: Handling invalid mutations" time="0.754"/><testcase classname="Chrome 53.0" name="Exam Partition #1 - Team Engage 1 | Integration: Component - Message Editor Schedule Component | Integration | Component | message-editor/schedule-component: renders the schedule for a scheduled message" time="1.042"/><testcase classname="Chrome 53.0" name="Exam Partition #5 - Team Engage 3 | Unit | Validator | message-variation-html-mode-content-not-empty: push messages are valid" time="0.824"/><testcase classname="Chrome 53.0" name="Exam Partition #4 - Team Engage 1 | Integration: Component - Message Editor Stats Inverse Switcher | Integration | Component | message-editor/stats/inverse-switcher: It renders option on init when conversations" time="0.772"/><testcase classname="Chrome 53.0" name="Exam Partition #1 - General | Unit: Component Tag or Segment Pill: tag and tagging are removed" time="0.543"/><testcase classname="Chrome 53.0" name="Exam Partition #2 - Team Acquire | Acceptance: Acquire Insights: Loading insights with conversations and vams will display both" time="3.166"/><testcase classname="Chrome 53.0" name="Exam Partition #2 - Team Engage 1 | Integration: Component - Message Editor Stats Bulk Actions | Integration | Component | message-editor/stats/bulk-actions: It doesn't show the message button for a visitor auto message" time="0.852"/><testcase classname="Chrome 53.0" name="Exam Partition #3 - Team Engage 3 | Acceptance | campaigns/campaign: visiting a campaign" time="4.819"/><testcase classname="Chrome 53.0" name="Exam Partition #1 - General | Integration: Changes Pages: Loading the Changes page" time="2.064"><error message="There are two changes"><![CDATA[    at http://localhost:7357/assets/tests.js:37053:14
    at Class.andThen (http://localhost:7357/assets/vendor.js:54895:33)
    at http://localhost:7357/assets/vendor.js:55598:19
    at isolate (http://localhost:7357/assets/vendor.js:55799:13)
    at http://localhost:7357/assets/vendor.js:55783:14
    at tryCatch (http://localhost:7357/assets/vendor.js:68340:14)
    at invokeCallback (http://localhost:7357/assets/vendor.js:68355:15)
    at publish (http://localhost:7357/assets/vendor.js:68323:9)
    at http://localhost:7357/assets/vendor.js:46631:7
    at invokeWithOnError (http://localhost:7357/assets/vendor.js:14899:18)
    at Object.flush (http://localhost:7357/assets/vendor.js:14954:11)
    at Object.flush (http://localhost:7357/assets/vendor.js:14762:17)
    at Object.end (http://localhost:7357/assets/vendor.js:15117:25)
    at Object.run (http://localhost:7357/assets/vendor.js:15230:18)
    at Object.run [as default] (http://localhost:7357/assets/vendor.js:35751:27)
    at http://localhost:7357/assets/vendor.js:54930:36
    at r (https://gtm.intercomassets.com/2b567471678d53c05e74e7de0afe217e162d298a-gtm.js:1:23001)]]></error></testcase><testcase classname="Chrome 53.0" name="Exam Partition #1 - Team Support 2 | Unit: Library - Query Subscription: #_eventStatusIsNotQueryStatus is true when thread status does not equal the query status" time="0.468"/><testcase classname="Chrome 53.0" name="Exam Partition #3 - Team Platform | Integration: Component - Admin Selector Dropdown | Integration | Component | admin/selector-dropdown: help text is displayed if set" time="1.437"/><testcase classname="Chrome 53.0" name="Exam Partition #1 - TemplateLint - embercom/templates/apps/app/engage/messages/manual/loading.hbs: should pass TemplateLint" time="0.548"/><testcase classname="Chrome 53.0" name="Exam Partition #3 - Team Platform | Integration: Component - Admin Selector Dropdown | Integration | Component | admin/selector-dropdown: Typing in the search box filters results" time="1.547"/><testcase classname="Chrome 53.0" name="Exam Partition #5 - Team Engage 3 | Acceptance | Campaigns Unsaved Changes: Live Campaign: Exiting from unsaved changes and clicking cancel" time="6.276"/><testcase classname="Chrome 53.0" name="Exam Partition #3 - Team Support 2 | Unit: Model - Inbox: setting count" time="0.618"/><testcase classname="Chrome 53.0" name="Exam Partition #5 - Team Engage 1 | Integration: Component - Campaigns Page Header | Integration | Component | campaigns/headers/page-header: editing the title" time="0.778"/><testcase classname="Chrome 53.0" name="Exam Partition #2 - Team Observe | Integration: Company List: The company list table should have a consistent number of columns" time="5.074"/><testcase classname="Chrome 53.0" name="Exam Partition #5 - Team Engage 1 | Integration: Component - Campaigns Page Header | Integration | Component | campaigns/headers/page-header: is stopped" time="0.703"/><testcase classname="Chrome 53.0" name="Exam Partition #3 - Team Support 2 | Unit: Component – TagsOrSegmentsListVisibilityComponent: visibleSegments" time="0.615"/><testcase classname="Chrome 53.0" name="Exam Partition #5 - General | Unit: Component – Tooltip: is shown on mouse enter" time="0.606"/><testcase classname="Chrome 53.0" name="Exam Partition #2 - Team Growth 1 | Unit: Model — Guide/Step Group: has correct attributes" time="0.576"/><testcase classname="Chrome 53.0" name="Exam Partition #4 - Team Support 2 | Integration: Inbox - Saved Replies Modal: Clicking the manage link in the saved replies popover opens the modal" time="9.029"/><testcase classname="Chrome 53.0" name="Exam Partition #3 - Team Engage 3 | Library: data-mutations/history: it records an entry" time="0.486"/><testcase classname="Chrome 53.0" name="Exam Partition #3 - TemplateLint - embercom/templates/components/guide/steps/ios-events-component.hbs: should pass TemplateLint" time="0.494"/><testcase classname="Chrome 53.0" name="Exam Partition #3 - TemplateLint - embercom/templates/apps/app/companies/segments/segment/modals/export.hbs: should pass TemplateLint" time="0.511"/><testcase classname="Chrome 53.0" name="Exam Partition #3 - TemplateLint - embercom/templates/components/guide/-focus-install-integrate-segment.hbs: should pass TemplateLint" time="0.499"/><testcase classname="Chrome 53.0" name="Exam Partition #3 - TemplateLint - embercom/templates/components/insights/spam-stats-component.hbs: should pass TemplateLint" time="0.503"/><testcase classname="Chrome 53.0" name="Exam Partition #3 - TemplateLint - embercom/templates/components/messages/editor/controls/in-app-reply-type-toggle.hbs: should pass TemplateLint" time="0.531"/><testcase classname="Chrome 53.0" name="Exam Partition #2 - Team Support 2 | Unit: Library - Query: #buildParams builds params correctly" time="0.500"/><testcase classname="Chrome 53.0" name="Exam Partition #2 - Team Support 2 | Unit: Library - Query: #fetchUpdatedLeadConversations" time="0.487"/><testcase classname="Chrome 53.0" name="Exam Partition #2 - TemplateLint - embercom/templates/components/guide/-focus-install-integrate-rails.hbs: should pass TemplateLint" time="0.520"/><testcase classname="Chrome 53.0" name="Exam Partition #2 - TemplateLint - embercom/templates/apps/app/acquire/insights.hbs: should pass TemplateLint" time="0.508"/><testcase classname="Chrome 53.0" name="Exam Partition #2 - TemplateLint - embercom/templates/components/conversation/summary-component.hbs: should pass TemplateLint" time="0.503"/><testcase classname="Chrome 53.0" name="Exam Partition #2 - TemplateLint - embercom/templates/components/guide/steps/ios-custom-data-component.hbs: should pass TemplateLint" time="0.492"/><testcase classname="Chrome 53.0" name="Exam Partition #2 - TemplateLint - embercom/templates/components/message-editor/goal/title-component.hbs: should pass TemplateLint" time="0.494"/><testcase classname="Chrome 53.0" name="Exam Partition #3 - Team Platform | Integration: Component - Admin Selector Dropdown | Integration | Component | admin/selector-dropdown: arrowing up and down works" time="0.947"/><testcase classname="Chrome 53.0" name="Exam Partition #3 - Team Engage 3 | Library: data-mutations/history: it records an entry with a context location" time="0.466"/><testcase classname="Chrome 53.0" name="Exam Partition #3 - TemplateLint - embercom/templates/notifications/-invalid-rule.hbs: should pass TemplateLint" time="0.517"/><testcase classname="Chrome 53.0" name="Exam Partition #2 - Team Engage 1 | Integration: Component - Message Editor Stats Bulk Actions | Integration | Component | message-editor/stats/bulk-actions: It disables the message button when the nobody is selected" time="1.136"/><testcase classname="Chrome 53.0" name="Exam Partition #2 - Team Support 2 | Unit: Library - Query: isSortedAscendingAndFarFromEnd" time="0.543"/><testcase classname="Chrome 53.0" name="Exam Partition #2 - TemplateLint - embercom/templates/components/tooltips/tag-or-segment.hbs: should pass TemplateLint" time="0.500"/><testcase classname="Chrome 53.0" name="Exam Partition #3 - Team Platform | Integration: Component - Admin Selector Dropdown | Integration | Component | admin/selector-dropdown: selecting an item emits an action" time="1.074"/><testcase classname="Chrome 53.0" name="Exam Partition #3 - TemplateLint - embercom/templates/components/partials/-conversation-card-component-expanded-inner.hbs: should pass TemplateLint" time="0.526"/><testcase classname="Chrome 53.0" name="Exam Partition #3 - Team Growth 1 | Unit: Component - Guide / Step Icon Component: classNames includes v2-guide__step-group__step-header-icon" time="0.577"/><testcase classname="Chrome 53.0" name="Exam Partition #1 - Team Support 2 | Integration: Inbox - Conversation Header: Clicking close should add a closing statement and lock the thread" time="10.983"><error message="Conversation has locker overlay"><![CDATA[    at http://localhost:7357/assets/tests.js:31329:16
    at Class.andThenIgnoreTimers (http://localhost:7357/assets/tests.js:36453:36)
    at http://localhost:7357/assets/vendor.js:55598:19
    at isolate (http://localhost:7357/assets/vendor.js:55799:13)
    at http://localhost:7357/assets/vendor.js:55783:14
    at tryCatch (http://localhost:7357/assets/vendor.js:68340:14)
    at invokeCallback (http://localhost:7357/assets/vendor.js:68355:15)
    at publish (http://localhost:7357/assets/vendor.js:68323:9)
    at http://localhost:7357/assets/vendor.js:46631:7
    at invokeWithOnError (http://localhost:7357/assets/vendor.js:14899:18)
    at Object.flush (http://localhost:7357/assets/vendor.js:14954:11)
    at Object.flush (http://localhost:7357/assets/vendor.js:14762:17)
    at Object.end (http://localhost:7357/assets/vendor.js:15117:25)
    at Object.run (http://localhost:7357/assets/vendor.js:15230:18)
    at run (http://localhost:7357/assets/vendor.js:35751:27)
    at http://localhost:7357/assets/tests.js:36495:11
    at r (https://gtm.intercomassets.com/2b567471678d53c05e74e7de0afe217e162d298a-gtm.js:1:23001)]]></error></testcase><testcase classname="Chrome 53.0" name="Exam Partition #2 - Team Engage 1 | Integration: Component - Message Editor Stats Bulk Actions | Integration | Component | message-editor/stats/bulk-actions: It enables the tag button when the selectedCount is less than the limit" time="1.008"/><testcase classname="Chrome 53.0" name="Exam Partition #2 - TemplateLint - embercom/templates/components/messages/editor/controls/in-app-delivery-option-toggle.hbs: should pass TemplateLint" time="0.449"/><testcase classname="Chrome 53.0" name="Exam Partition #2 - Team Growth 1 | Unit: Component - Acquisition / Mixpanel Import Component: cannot finish importing if both credentials are not filled out or if credentials are being checked" time="0.588"/><testcase classname="Chrome 53.0" name="Exam Partition #1 - TemplateLint - embercom/templates/components/messages/editor/controls/device-toggle.hbs: should pass TemplateLint" time="0.546"/><testcase classname="Chrome 53.0" name="Exam Partition #1 - Team Support 2 | Unit: Library - Query Subscription: #_isEventForConversationInQuery is true when the query content contains the conversation" time="0.480"/><testcase classname="Chrome 53.0" name="Exam Partition #1 - Team Growth 1 | Unit: Component - Acquisition / Csv Import Record Type Selector Component: recordTypeIsContacts returns false" time="0.607"/><testcase classname="Chrome 53.0" name="Exam Partition #1 - Team Support 2 | Unit: Library - Query Subscription: #_isEventForCurrentAssignee is true when viewing the all inbox" time="0.463"/><testcase classname="Chrome 53.0" name="Exam Partition #4 - Team Support 2 | Integration: Inbox - Saved Replies Modal: Editing an existing saved reply" time="8.806"><error message="undefined"><![CDATA[    at http://localhost:7357/assets/tests.js:31762:16
    at Class.andThen (http://localhost:7357/assets/vendor.js:54895:33)
    at http://localhost:7357/assets/vendor.js:55598:19
    at isolate (http://localhost:7357/assets/vendor.js:55799:13)
    at http://localhost:7357/assets/vendor.js:55783:14
    at tryCatch (http://localhost:7357/assets/vendor.js:68340:14)
    at Object.invokeCallback (http://localhost:7357/assets/vendor.js:68355:15)
    at http://localhost:7357/assets/vendor.js:70481:25
    at http://localhost:7357/assets/vendor.js:46631:7
    at invokeWithOnError (http://localhost:7357/assets/vendor.js:14899:18)
    at Object.flush (http://localhost:7357/assets/vendor.js:14954:11)
    at Object.flush (http://localhost:7357/assets/vendor.js:14762:17)
    at Object.end (http://localhost:7357/assets/vendor.js:15117:25)
    at Object.run (http://localhost:7357/assets/vendor.js:15230:18)
    at Object.run [as default] (http://localhost:7357/assets/vendor.js:35751:27)
    at http://localhost:7357/assets/vendor.js:54930:36
    at r (https://gtm.intercomassets.com/2b567471678d53c05e74e7de0afe217e162d298a-gtm.js:1:23001)]]></error></testcase><testcase classname="Chrome 53.0" name="Exam Partition #2 - Team Acquire | Acceptance: Acquire Insights: Show 28 day VAM prompt if there hasn't been a conversation started in response to a VAM" time="4.012"/><testcase classname="Chrome 53.0" name="Exam Partition #1 - General | Integration: Changes Pages: Loading the Changes page unsets the admin's has_unseen_changes" time="2.923"/><testcase classname="Chrome 53.0" name="Exam Partition #1 - TemplateLint - embercom/templates/apps/app/messages/partials/editor/-message-step-tabs.hbs: should pass TemplateLint" time="0.455"/><testcase classname="Chrome 53.0" name="Exam Partition #1 - General | Integration: Changes Pages: Loading the Change page" time="3.477"/><testcase classname="Chrome 53.0" name="Exam Partition #2 - Team Observe | Integration: Company List: The company list loads correctly" time="4.085"/><testcase classname="Chrome 53.0" name="Exam Partition #2 - TemplateLint - embercom/templates/components/cda-onboarding-input-row-component.hbs: should pass TemplateLint" time="0.479"/><testcase classname="Chrome 53.0" name="Exam Partition #4 - Team Engage 3 | Acceptance | campaigns redirects: visiting the campaign index page" time="6.328"/><testcase classname="Chrome 53.0" name="Exam Partition #3 - Team Engage 3 | Acceptance | campaigns/campaign: creating a new campaign" time="10.241"><error message="{readyState: 4, getResponseHeader: function() { ... }, getAllResponseHeaders: function() { ... }, setRequestHeader: function() { ... }, overrideMimeType: function() { ... }, statusCode: function() { ... }, abort: function() { ... }, state: function() { ... }, always: function() { ... }, then: function() { ... }, promise: function() { ... }, pipe: function() { ... }, done: function() { ... }, fail: function() { ... }, progress: function() { ... }, complete: function() { ... }, success: function() { ... }, error: function() { ... }, responseText: Not found: /ember/segments/5322ee7089b4e604bc00000d.json, status: 404, statusText: Not Found}"><![CDATA[    at http://localhost:7357/assets/test-support.js:4067:12
    at Class.exception (http://localhost:7357/assets/vendor.js:54715:7)
    at onerrorDefault (http://localhost:7357/assets/vendor.js:46665:24)
    at Object.trigger (http://localhost:7357/assets/vendor.js:69010:11)
    at http://localhost:7357/assets/vendor.js:70259:40
    at invokeWithOnError (http://localhost:7357/assets/vendor.js:14899:18)
    at Object.flush (http://localhost:7357/assets/vendor.js:14954:11)
    at Object.flush (http://localhost:7357/assets/vendor.js:14762:17)
    at Object.end (http://localhost:7357/assets/vendor.js:15117:25)
    at Object.run (http://localhost:7357/assets/vendor.js:15230:18)
    at Object.run (http://localhost:7357/assets/vendor.js:35751:27)
    at http://localhost:7357/assets/embercom.js:63409:14
    at tryCatch (http://localhost:7357/assets/vendor.js:68340:14)
    at invokeCallback (http://localhost:7357/assets/vendor.js:68355:15)
    at publish (http://localhost:7357/assets/vendor.js:68323:9)
    at publishRejection (http://localhost:7357/assets/vendor.js:68258:5)
    at http://localhost:7357/assets/vendor.js:46631:7
    at invokeWithOnError (http://localhost:7357/assets/vendor.js:14899:18)
    at Object.flush (http://localhost:7357/assets/vendor.js:14954:11)
    at Object.flush (http://localhost:7357/assets/vendor.js:14762:17)
    at Object.end (http://localhost:7357/assets/vendor.js:15117:25)
    at Object.run (http://localhost:7357/assets/vendor.js:15230:18)
    at Object.run (http://localhost:7357/assets/vendor.js:35751:27)
    at http://localhost:7357/assets/vendor.js:94928:15
    at options.error (http://localhost:7357/assets/embercom.js:53634:22)
    at options.error (http://localhost:7357/assets/embercom.js:53634:22)
    at options.error (http://localhost:7357/assets/embercom.js:53634:22)
    at Object.options.error (http://localhost:7357/assets/embercom.js:53634:22)
    at fire (http://localhost:7357/assets/vendor.js:7907:31)
    at Object.fireWith [as rejectWith] (http://localhost:7357/assets/vendor.js:8037:7)
    at done (http://localhost:7357/assets/vendor.js:13484:14)
    at XMLHttpRequest.<anonymous> (http://localhost:7357/assets/vendor.js:13848:9)
    at XMLHttpRequest.r (https://gtm.intercomassets.com/2b567471678d53c05e74e7de0afe217e162d298a-gtm.js:1:23001)]]></error></testcase><testcase classname="Chrome 53.0" name="Exam Partition #1 - Team Growth 1 | Unit: Component - Acquisition / Csv Import Record Type Selector Component: recordTypeIsContacts returns true" time="0.608"/><testcase classname="Chrome 53.0" name="Exam Partition #2 - Team Engage 3 | Unit | Validator | delivery-window-only-permitted-for-email: for emails" time="0.681"/><testcase classname="Chrome 53.0" name="Exam Partition #4 - Team Engage 1 | Integration: Component - Message Editor Stats Inverse Switcher | Integration | Component | message-editor/stats/inverse-switcher: It renders option on init" time="0.634"/><testcase classname="Chrome 53.0" name="Exam Partition #5 - Team Support 2 | Integration: Inbox - Search: Exiting search takes us back to where we were" time="16.168"/><testcase classname="Chrome 53.0" name="Exam Partition #2 - Team Growth 1 | Unit: Component - Acquisition / Mixpanel Import Component: defaults to the first step being active" time="0.528"/><testcase classname="Chrome 53.0" name="Exam Partition #5 - General | Library: Date Formatter: forcedPastFromNow returns &quot;Unknown&quot; when time is undefined" time="0.455"/><testcase classname="Chrome 53.0" name="Exam Partition #5 - General | Library: Date Formatter: attributeFromNow returns &quot;9 minutes ago&quot; when time less than 10 minutes ago and forcePast is false" time="0.551"/><testcase classname="Chrome 53.0" name="Exam Partition #4 - Team Engage 1 | Integration: Component - Campaign Message Audience Editor Component | Integration | Component | campaign-message-audience-editor-component: It shows the correct text when it's a limited response" time="0.836"/><testcase classname="Chrome 53.0" name="Exam Partition #3 - Team Platform | Integration: Component - Admin Selector Dropdown | Integration | Component | admin/selector-dropdown: The search box can be toggled on and off with `showSearch`" time="0.895"/><testcase classname="Chrome 53.0" name="Exam Partition #3 - TemplateLint - embercom/templates/components/cursor-example-component.hbs: should pass TemplateLint" time="0.476"/><testcase classname="Chrome 53.0" name="Exam Partition #2 - Team Engage 1 | Integration: Component - Message Editor Stats Bulk Actions | Integration | Component | message-editor/stats/bulk-actions: It disables the message button when the selectedCount is more than the limit" time="0.698"/><testcase classname="Chrome 53.0" name="Exam Partition #4 - Team Growth 2 | Unit: Component - Guide / Steps / Web Integration Secure Mode Component: hasSegmentUserSource returns false without segment user source" time="0.592"/><testcase classname="Chrome 53.0" name="Exam Partition #3 - Team Growth 1 | Unit: Component - Guide / Step Icon Component: stepKey defaults to null" time="0.569"/><testcase classname="Chrome 53.0" name="Exam Partition #4 - Team Growth 1 | Unit: Component - Guide / Step Multipart Component: Only completed steps should be manually expandable (meaning you can only jump backwards, not forwards)" time="0.539"/><testcase classname="Chrome 53.0" name="Exam Partition #3 - Team Platform | Integration: Component - Admin Selector Dropdown | Integration | Component | admin/selector-dropdown: first selectable item selects teams correctly" time="0.892"/><testcase classname="Chrome 53.0" name="Exam Partition #2 - Team Engage 1 | Integration: Component - Message Editor Stats Bulk Actions | Integration | Component | message-editor/stats/bulk-actions: It disables the tag button when the selectedCount is more than the limit" time="0.808"/><testcase classname="Chrome 53.0" name="Exam Partition #4 - Team Engage 3 | Library: data-mutations/mutator: Running multiple mutations" time="0.829"/><testcase classname="Chrome 53.0" name="Exam Partition #2 - TemplateLint - embercom/templates/components/settings/email-templates/template-iframe-preview-component.hbs: should pass TemplateLint" time="0.499"/><testcase classname="Chrome 53.0" name="Exam Partition #1 - TemplateLint - embercom/templates/apps/app/settings.hbs: should pass TemplateLint" time="0.496"/><testcase classname="Chrome 53.0" name="Exam Partition #1 - TemplateLint - embercom/templates/components/guide/steps/invite-team-component.hbs: should pass TemplateLint" time="0.515"/><testcase classname="Chrome 53.0" name="Exam Partition #1 - TemplateLint - embercom/templates/components/guide/-focus-install-integrate-javascript.hbs: should pass TemplateLint" time="0.492"/><testcase classname="Chrome 53.0" name="Exam Partition #1 - Team Support 2 | Unit: Library - Query Subscription: #_isEventForCurrentAssignee is true when viewing an admins inbox and the event assignee was that admin" time="0.490"/><testcase classname="Chrome 53.0" name="Exam Partition #4 - Team Growth 2 | Unit: Component - Guide / Steps / Web Integration Secure Mode Component: isPolling is initialized to true" time="0.597"/><testcase classname="Chrome 53.0" name="Exam Partition #4 - TemplateLint - embercom/templates/components/messages/editor/controls/in-app-style-toggle.hbs: should pass TemplateLint" time="0.446"/><testcase classname="Chrome 53.0" name="Exam Partition #3 - Team Engage 1 | Integration: Component - Message Editor Conversations List Component | Integration | Component | message-editor/stats/conversations-list: The component renders and fetches conversations" time="0.989"/><testcase classname="Chrome 53.0" name="Exam Partition #3 - TemplateLint - embercom/templates/components/tooltips/tooltip-and-feature-upgrade-prompt-hover-component.hbs: should pass TemplateLint" time="0.466"/><testcase classname="Chrome 53.0" name="Exam Partition #1 - Team Support 2 | Unit: Library - Query Subscription: #eventReinstatesToQueryContext is false when event status does not match the query status" time="0.507"/><testcase classname="Chrome 53.0" name="Exam Partition #1 - Team Support 2 | Unit: Library - Query Subscription: #_eventAssigneeRemovesFromQueryContext is false when viewing the all inbox" time="0.538"/><testcase classname="Chrome 53.0" name="Exam Partition #1 - Team Support 2 | Unit: Library - Query Subscription: #_eventStatusIsNotQueryStatus is false when thread status equals the query status" time="0.537"/><testcase classname="Chrome 53.0" name="Exam Partition #1 - Team Support 2 | Unit: Library - Query Subscription: #_eventAssigneeRemovesFromQueryContext is false when event assignee is the current inbox" time="0.513"/><testcase classname="Chrome 53.0" name="Exam Partition #1 - Team Support 2 | Unit: Library - Query Subscription: #_isEventForCurrentAssignee is true when query is for company conversations" time="0.622"/><testcase classname="Chrome 53.0" name="Exam Partition #1 - TemplateLint - embercom/templates/apps/app/companies/segments/segment/company-list.hbs: should pass TemplateLint" time="0.486"/><testcase classname="Chrome 53.0" name="Exam Partition #2 - Team Acquire | Acceptance: Acquire Insights: Show no conversation prompt if there hasn't been a conversation at all" time="2.609"/><testcase classname="Chrome 53.0" name="Exam Partition #2 - TemplateLint - embercom/templates/components/partials/-calendar-date-picker-dropdown.hbs: should pass TemplateLint" time="0.458"/><testcase classname="Chrome 53.0" name="Exam Partition #4 - Team Engage 3 | Library: data-mutations/mutator: Mutating with removeFragment fails if the fragment does not exist" time="0.739"/><testcase classname="Chrome 53.0" name="Exam Partition #4 - TemplateLint - embercom/templates/apps/app/messages/partials/editor/-minimized-message-content-editor.hbs: should pass TemplateLint" time="0.454"/><testcase classname="Chrome 53.0" name="Exam Partition #4 - TemplateLint - embercom/templates/components/message-editor/message-debugger.hbs: should pass TemplateLint" time="0.487"/><testcase classname="Chrome 53.0" name="Exam Partition #1 - Team Engage 3 | Unit | Validator | delivery-window-end-is-after-start: it is valid only if the start date is before the stop date" time="0.576"/><testcase classname="Chrome 53.0" name="Exam Partition #2 - Team Engage 1 | Integration: Component - Message Editor Stats Bulk Actions | Integration | Component | message-editor/stats/bulk-actions: It enables the message button when the selectedCount is less than the limit" time="0.908"/><testcase classname="Chrome 53.0" name="Exam Partition #4 - Team Engage 3 | Library: data-mutations/mutator: Mutating with removeValue" time="1.023"/><testcase classname="Chrome 53.0" name="Exam Partition #4 - TemplateLint - embercom/templates/components/partials/-conversation-card-component-expanded.hbs: should pass TemplateLint" time="0.471"/><testcase classname="Chrome 53.0" name="Exam Partition #1 - TemplateLint - embercom/templates/components/cda-onboarding-input-list-component.hbs: should pass TemplateLint" time="0.450"/><testcase classname="Chrome 53.0" name="Exam Partition #1 - TemplateLint - embercom/templates/apps/app/integrations-hub/modals/hipchat-modal.hbs: should pass TemplateLint" time="0.491"/><testcase classname="Chrome 53.0" name="Exam Partition #1 - Team Support 2 | Unit: Library - Query Subscription: #_isEventForCurrentAssignee is true when viewing the unassigned inbox and the event assignee is unassigned" time="0.530"/><testcase classname="Chrome 53.0" name="Exam Partition #1 - Team Support 2 | Unit: Library - Query Subscription: #_isEventForCurrentAssignee is true when viewing an admins inbox and the event assignee is that admin" time="0.458"/><testcase classname="Chrome 53.0" name="Exam Partition #1 - Team Support 2 | Unit: Library - Query Subscription: #_eventAssigneeRemovesFromQueryContext is true when event assignee is not the current inbox" time="0.522"/><testcase classname="Chrome 53.0" name="Exam Partition #2 - Team Engage 3 | Unit | Validator | delivery-window-only-permitted-for-email: for non-emails" time="0.682"/><testcase classname="Chrome 53.0" name="Exam Partition #3 - Team Engage 3 | Acceptance | campaigns/campaign: duplicating a campaign" time="3.788"/><testcase classname="Chrome 53.0" name="Exam Partition #3 - TemplateLint - embercom/templates/components/rules/predicate-join-component.hbs: should pass TemplateLint" time="0.482"/><testcase classname="Chrome 53.0" name="Exam Partition #4 - Team Engage 3 | Unit | Validator | manual-message-has-count: it validates selection states with empty counts for manual messages" time="0.832"/><testcase classname="Chrome 53.0" name="Exam Partition #4 - TemplateLint - embercom/templates/components/settings/manage-invite-links-component.hbs: should pass TemplateLint" time="0.458"/><testcase classname="Chrome 53.0" name="Exam Partition #5 - Team Support 2 | Integration: Inbox - Search: Exiting search takes us back to the single conversation page if appropriate" time="8.069"/><testcase classname="Chrome 53.0" name="Exam Partition #5 - TemplateLint - embercom/templates/components/message-editor/panel-component.hbs: should pass TemplateLint" time="0.466"/><testcase classname="Chrome 53.0" name="Exam Partition #4 - Team Engage 1 | Integration: Component - Message Editor Stats Inverse Switcher | Integration | Component | message-editor/stats/inverse-switcher: It shows the correct options for replied" time="0.910"/><testcase classname="Chrome 53.0" name="Exam Partition #4 - Team Growth 2 | Unit: Component - Guide / Steps / Web Integration Secure Mode Component: adminCanSeeSecretKey is initialized propertly" time="0.486"/><testcase classname="Chrome 53.0" name="Exam Partition #3 - Team Platform | Integration: Component - Admin Selector Dropdown | Integration | Component | admin/selector-dropdown: first selectable item is highlighted correctly with label" time="1.062"/><testcase classname="Chrome 53.0" name="Exam Partition #4 - Team Engage 1 | Integration: Component - Campaign Message Audience Editor Component | Integration | Component | campaign-message-audience-editor-component: When the campaign message preview is complete but there are no users it should be in the empty state" time="0.718"/><testcase classname="Chrome 53.0" name="Exam Partition #2 - Team Acquire | Acceptance: Acquire Insights: Show no live vams prompt if there has been a conversation in response to a vam but no live vams" time="2.478"/><testcase classname="Chrome 53.0" name="Exam Partition #2 - TemplateLint - embercom/templates/apps/app/settings/android.hbs: should pass TemplateLint" time="0.430"/><testcase classname="Chrome 53.0" name="Exam Partition #2 - TemplateLint - embercom/templates/apps/app/messages/partials/editor/-minimized-message-audience-editor.hbs: should pass TemplateLint" time="0.483"/><testcase classname="Chrome 53.0" name="Exam Partition #5 - General | Library: Date Formatter: forcedPastFromNow returns &quot;Unknown&quot; when time is null" time="0.506"/><testcase classname="Chrome 53.0" name="Exam Partition #5 - TemplateLint - embercom/templates/apps/app/integrations-hub/static/github.hbs: should pass TemplateLint" time="0.452"/><testcase classname="Chrome 53.0" name="Exam Partition #5 - TemplateLint - embercom/templates/components/insights/top-information-card-component.hbs: should pass TemplateLint" time="0.541"/><testcase classname="Chrome 53.0" name="Exam Partition #3 - TemplateLint - embercom/templates/apps/app/acquire/messages/all.hbs: should pass TemplateLint" time="0.450"/><testcase classname="Chrome 53.0" name="Exam Partition #3 - TemplateLint - embercom/templates/apps/app/users/segments/segment/modals/message.hbs: should pass TemplateLint" time="0.484"/><testcase classname="Chrome 53.0" name="Exam Partition #3 - TemplateLint - embercom/templates/apps/app/settings/api-keys.hbs: should pass TemplateLint" time="0.543"/><testcase classname="Chrome 53.0" name="Exam Partition #5 - General | Unit: Model - Intercom Model: #_set does not mark the object as dirty" time="0.603"/><testcase classname="Chrome 53.0" name="Exam Partition #5 - General | Unit: Component – Tooltip: Far side positioning" time="0.504"/><testcase classname="Chrome 53.0" name="Exam Partition #4 - Team Engage 1 | Integration: Component - Message Editor Stats Inverse Switcher | Integration | Component | message-editor/stats/inverse-switcher: It shows the correct options for replied on a visitor auto message" time="1.325"/><testcase classname="Chrome 53.0" name="Exam Partition #4 - TemplateLint - embercom/templates/components/tooltips/tooltip-content-hidden-objects.hbs: should pass TemplateLint" time="0.488"/><testcase classname="Chrome 53.0" name="Exam Partition #4 - Team Engage 3 | Library: data-mutations/mutator: Mutating with setValue errors if the value is not set" time="0.764"/><testcase classname="Chrome 53.0" name="Exam Partition #5 - TemplateLint - embercom/templates/components/messages/editor/in-app-editor.hbs: should pass TemplateLint" time="0.491"/><testcase classname="Chrome 53.0" name="Exam Partition #5 - General | Library: Date Formatter: forcedPastFromNowRealTime returns &quot;Unknown&quot; when time is undefined" time="0.564"/><testcase classname="Chrome 53.0" name="Exam Partition #5 - TemplateLint - embercom/templates/components/rules/predicate-manual-tag-value-component.hbs: should pass TemplateLint" time="0.458"/><testcase classname="Chrome 53.0" name="Exam Partition #5 - General | Library: Date Formatter: isJustNow returns false when time is undefined" time="0.483"/><testcase classname="Chrome 53.0" name="Exam Partition #5 - Team Engage 1 | Integration: Component - Message Editor Stats Pre Send Info | Integration | Component | message-editor/stats/pre-send-info: With a selection state count of zero and targets leads" time="0.985"/><testcase classname="Chrome 53.0" name="Exam Partition #5 - Team Engage 3 | Unit | Validator | message-variation-html-mode-content-not-empty: email html-mode message variations are invalid if they have no content" time="0.740"/><testcase classname="Chrome 53.0" name="Exam Partition #5 - Team Growth 1 | Unit: Component - Acquisition / Steps Component: currentStep defaults to null" time="0.519"/><testcase classname="Chrome 53.0" name="Exam Partition #2 - Team Support 1 | Integration: Inbox - Conversation Thread: Clicking the part controls on an admin reply reveals a dropdown with two elements" time="5.957"/><testcase classname="Chrome 53.0" name="Exam Partition #3 - Team Support 2 | Integration: Inbox - Realtime Updates: When another admin is typing a note there should be an indicator in the thread and the conversation is locked" time="6.125"/><testcase classname="Chrome 53.0" name="Exam Partition #2 - General | Unit: Component Tagging Component: tags get filtered by entering text in the inbox" time="0.607"/><testcase classname="Chrome 53.0" name="Exam Partition #5 - General | Unit: Model - Intercom Model: it has a urlSuffix" time="0.503"/><testcase classname="Chrome 53.0" name="Exam Partition #5 - General | Library: Date Formatter: attributeFromNow returns &quot;Just Now&quot; when time is in the future and forcePast is true" time="0.467"/><testcase classname="Chrome 53.0" name="Exam Partition #3 - Team Support 2 | Unit: Component – TagsOrSegmentsListVisibilityComponent: hiddenSegments" time="0.598"/><testcase classname="Chrome 53.0" name="Exam Partition #2 - Team Growth 1 | Unit: Component - Acquisition / Mixpanel Import Component: calling previousStep with decrements the currentStep" time="0.522"/><testcase classname="Chrome 53.0" name="Exam Partition #5 - Team Engage 1 | Integration: Component - Campaigns Page Header | Integration | Component | campaigns/headers/page-header: is not valid to send" time="0.742"/><testcase classname="Chrome 53.0" name="Exam Partition #3 - Team Growth 1 | Unit: Component - Guide / Step Icon Component: stepIconUrl returns default" time="0.478"/><testcase classname="Chrome 53.0" name="Exam Partition #2 - Team Growth 1 | Unit: Model — Guide/Step Group: knows the endpoint" time="0.474"/><testcase classname="Chrome 53.0" name="Exam Partition #2 - Team Support 2 | Unit: Library - Query: updates are not dropped when sorted ascending and near end" time="0.508"/><testcase classname="Chrome 53.0" name="Exam Partition #3 - Team Support 2 | Unit: Model - Inbox: firstName splits the inbox name if admin is not a team" time="0.505"/><testcase classname="Chrome 53.0" name="Exam Partition #3 - Team Engage 3 | Library: data-mutations/history: it records an entry with context location and method" time="0.471"/><testcase classname="Chrome 53.0" name="Exam Partition #5 - Team Engage 1 | Integration: Component - Message Editor Stats Pre Send Info | Integration | Component | message-editor/stats/pre-send-info: With an auto in-app message selection state that has a count and targets users" time="0.707"/><testcase classname="Chrome 53.0" name="Exam Partition #5 - TemplateLint - embercom/templates/components/settings/messenger/feature-component.hbs: should pass TemplateLint" time="0.451"/><testcase classname="Chrome 53.0" name="Exam Partition #2 - Team Growth 1 | Unit: Component - Acquisition / Mixpanel Import Component: calling nextStep increments the currentStep" time="0.548"/><testcase classname="Chrome 53.0" name="Exam Partition #4 - Team Support 2 | Integration: Inbox - Saved Replies Modal: Searching for a saved reply that exists" time="5.788"/><testcase classname="Chrome 53.0" name="Exam Partition #4 - TemplateLint - embercom/templates/apps/app/acquire/messages/draft.hbs: should pass TemplateLint" time="0.422"/><testcase classname="Chrome 53.0" name="Exam Partition #3 - Team Growth 1 | Unit: Component - Guide / Step Icon Component: stepIconUrl returns url" time="0.523"/><testcase classname="Chrome 53.0" name="Exam Partition #2 - Team Growth 2 | Unit: Component - Guide / Steps / Web Integration Deploy Component: isPolling is initialized to true" time="0.498"/><testcase classname="Chrome 53.0" name="Exam Partition #3 - Team Growth 2 | Unit: Component - Guide / Steps / Web Integration Events Component: isPolling is initialized to true" time="0.476"/><testcase classname="Chrome 53.0" name="Exam Partition #5 - General | Unit: Component – Tooltip: Horizontal positioning" time="0.578"/><testcase classname="Chrome 53.0" name="Exam Partition #5 - General | Library: Date Formatter: attributeFromNow renders a full date for times in the far future" time="0.438"/><testcase classname="Chrome 53.0" name="Exam Partition #2 - Team Engage 1 | Integration: Component - Message Editor Stats Bulk Actions | Integration | Component | message-editor/stats/bulk-actions: It disables the tag button when the nobody is selected" time="0.678"/><testcase classname="Chrome 53.0" name="Exam Partition #5 - Team Engage 1 | Integration: Component - Message Editor Stats Pre Send Info | Integration | Component | message-editor/stats/pre-send-info: With an auto push message selection state that has a count and targets users" time="0.687"/><testcase classname="Chrome 53.0" name="Exam Partition #4 - Team Engage 1 | Integration: Component - Campaign Message Audience Editor Component | Integration | Component | campaign-message-audience-editor-component: It shows the correct text when it's not a limited response" time="0.913"/><testcase classname="Chrome 53.0" name="Exam Partition #4 - TemplateLint - embercom/templates/components/insights/spam-stats-dummy-component.hbs: should pass TemplateLint" time="0.487"/><testcase classname="Chrome 53.0" name="Exam Partition #3 - Team Platform | Integration: Component - Admin Selector Dropdown | Integration | Component | admin/selector-dropdown: items are ordered correctly" time="0.769"/><testcase classname="Chrome 53.0" name="Exam Partition #4 - Team Support 2 | Unit: Component – TagsOrSegmentsVisibilityPopoverComponent: tagsOrSegmentsLabel when showing segments" time="0.708"/><testcase classname="Chrome 53.0" name="Exam Partition #2 - Team Acquire | Acceptance: Acquire Insights: Show install prompt if there has not been an acquire ping" time="2.054"/><testcase classname="Chrome 53.0" name="Exam Partition #2 - Team Support 2 | Unit: Library - Query: updates are dropped when sorted ascending and far from end" time="0.469"/><testcase classname="Chrome 53.0" name="Exam Partition #2 - TemplateLint - embercom/templates/apps/app/engage/messages/manual/message/edit.hbs: should pass TemplateLint" time="0.491"/><testcase classname="Chrome 53.0" name="Exam Partition #2 - Team Growth 1 | Unit: Model — Guide/Step Group: camelizes keys" time="0.535"/><testcase classname="Chrome 53.0" name="Exam Partition #2 - Team Growth 1 | Unit: Model — Guide/Step Group: has correct relationships" time="0.508"/><testcase classname="Chrome 53.0" name="Exam Partition #3 - Team Engage 3 | Acceptance | campaigns/campaign: clicking a spacing editor guide" time="3.623"/><testcase classname="Chrome 53.0" name="Exam Partition #3 - Team Engage 3 | Library: data-mutations/history: it records an entry with a context method" time="0.481"/><testcase classname="Chrome 53.0" name="Exam Partition #3 - TemplateLint - embercom/templates/apps/app/integrations-hub/static/facebook.hbs: should pass TemplateLint" time="0.488"/><testcase classname="Chrome 53.0" name="Exam Partition #5 - Team Engage 3 | Acceptance | Campaigns Unsaved Changes: Draft Campaign: Exiting from unsaved changes with invalid predicates" time="5.031"/><testcase classname="Chrome 53.0" name="Exam Partition #3 - Team Support 2 | Unit: Model - Inbox: firstName returns the full inbox name if admin is a team" time="0.567"/><testcase classname="Chrome 53.0" name="Exam Partition #3 - Team Engage 3 | Unit | Validator | email-subject-not-empty: Non emails validate without a subject" time="0.495"/><testcase classname="Chrome 53.0" name="Exam Partition #2 - Team Acquire | Acceptance: Acquire Insights: Show no conversations initiated by VAM prompt if there hasn't been a conversation started in response to a VAM ever" time="2.294"/><testcase classname="Chrome 53.0" name="Exam Partition #5 - Team Engage 1 | Integration: Component - Campaigns Page Header | Integration | Component | campaigns/headers/page-header: is live" time="0.857"/><testcase classname="Chrome 53.0" name="Exam Partition #5 - TemplateLint - embercom/templates/components/guide/steps/ios-push-notifications-component.hbs: should pass TemplateLint" time="0.469"/><testcase classname="Chrome 53.0" name="Exam Partition #5 - General | Unit: Component – Tooltip: is hidden on mouse leave" time="0.589"/><testcase classname="Chrome 53.0" name="Exam Partition #2 - Team Engage 1 | Integration: Component - Message Editor Stats Bulk Actions | Integration | Component | message-editor/stats/bulk-actions: Clicking the button fires the actions" time="0.781"/><testcase classname="Chrome 53.0" name="Exam Partition #5 - Team Engage 1 | Integration: Component - Message Editor Stats Pre Send Info | Integration | Component | message-editor/stats/pre-send-info: With a manual email message selection state that has a count and targets users" time="0.819"/><testcase classname="Chrome 53.0" name="Exam Partition #5 - General | Library: Date Formatter: forcedPastFromNowRealTime returns &quot;X minutes ago&quot; when time greater than 10 minutes ago" time="0.471"/><testcase classname="Chrome 53.0" name="Exam Partition #4 - Team Support 2 | Integration: Inbox - Saved Replies Modal: Searching for a saved reply that doesnt exist" time="7.623"/><testcase classname="Chrome 53.0" name="Exam Partition #5 - General | Unit: Model - Intercom Model: #_setAndNotifyChange notifies that the property changed when the value hasn't" time="0.578"/><testcase classname="Chrome 53.0" name="Exam Partition #4 - Team DX | Unit | Model | integration: #connect" time="0.743"/><testcase classname="Chrome 53.0" name="Exam Partition #3 - Team Engage 3 | Acceptance | campaigns/campaign: setting a draft campaign live" time="3.672"/><testcase classname="Chrome 53.0" name="Exam Partition #5 - Team Engage 1 | Integration: Component - Message Editor Stats Pre Send Info | Integration | Component | message-editor/stats/pre-send-info: With a selection state count of zero and targets users" time="0.730"/><testcase classname="Chrome 53.0" name="Exam Partition #4 - Team Engage 1 | Integration: Component - Message Editor Stats Inverse Switcher | Integration | Component | message-editor/stats/inverse-switcher: It shows the correct options for conversations" time="0.731"/><testcase classname="Chrome 53.0" name="Exam Partition #5 - Team Engage 1 | Integration: Component - Message Editor Stats Pre Send Info | Integration | Component | message-editor/stats/pre-send-info: With an auto in-app message that has targets and an empty page target" time="0.820"/><testcase classname="Chrome 53.0" name="Exam Partition #4 - Team Engage 1 | Integration: Component - Message Editor Stats Inverse Switcher | Integration | Component | message-editor/stats/inverse-switcher: It shows the correct options for failed" time="0.765"/><testcase classname="Chrome 53.0" name="Exam Partition #3 - Team Engage 1 | Integration: Component - Message Editor Conversations List Component | Integration | Component | message-editor/stats/conversations-list: With a conversation response it renders the conversation cards" time="1.717"/><testcase classname="Chrome 53.0" name="Exam Partition #4 - Team Engage 3 | Library: data-mutations/mutator: Mutating without an array throws an exception" time="0.621"/><testcase classname="Chrome 53.0" name="Exam Partition #5 - General | Unit: Component – Tooltip: Turning on interaction" time="0.576"/><testcase classname="Chrome 53.0" name="Exam Partition #5 - General | Library: Date Formatter: forcedPastFromNow returns &quot;Just now&quot; when time less than 1 minute ago" time="0.463"/><testcase classname="Chrome 53.0" name="Exam Partition #4 - Team Engage 3 | Library: data-mutations/mutator: Mutating with createFragment" time="0.801"/><testcase classname="Chrome 53.0" name="Exam Partition #2 - Team Support 1 | Integration: Inbox - Conversation Thread: Clicking the part controls on an user message reveals a dropdown with one element" time="5.539"/><testcase classname="Chrome 53.0" name="Exam Partition #2 - General | Unit: Component Tagging Component: the onDown functionality works as expected" time="0.654"/><testcase classname="Chrome 53.0" name="Exam Partition #5 - Team Engage 1 | Integration: Component - Campaigns Page Header | Integration | Component | campaigns/headers/page-header: is not valid to resume" time="0.875"/><testcase classname="Chrome 53.0" name="Exam Partition #5 - TemplateLint - embercom/templates/apps/app/companies/segments/segment/modals/segment.hbs: should pass TemplateLint" time="0.484"/><testcase classname="Chrome 53.0" name="Exam Partition #5 - TemplateLint - embercom/templates/components/tooltips/unauthenticated-conversation-part.hbs: should pass TemplateLint" time="0.505"/><testcase classname="Chrome 53.0" name="Exam Partition #5 - Team Engage 1 | Integration: Component - Message Editor Stats Pre Send Info | Integration | Component | message-editor/stats/pre-send-info: With a non-live message it does not render" time="0.785"/><testcase classname="Chrome 53.0" name="Exam Partition #4 - Team Engage 1 | Integration: Component - Campaign Message Audience Editor Component | Integration | Component | campaign-message-audience-editor-component: When the campaign message preview is loading it should be in the loading state" time="1.177"/><testcase classname="Chrome 53.0" name="Exam Partition #4 - TemplateLint - embercom/templates/apps/app/engage/messages/manual/message/show/index.hbs: should pass TemplateLint" time="0.453"/><testcase classname="Chrome 53.0" name="Exam Partition #4 - TemplateLint - embercom/templates/notifications/-message-sending.hbs: should pass TemplateLint" time="0.487"/><testcase classname="Chrome 53.0" name="Exam Partition #4 - Team Engage 1 | Integration: Component - Message Editor Stats Inverse Switcher | Integration | Component | message-editor/stats/inverse-switcher: It shows the correct options" time="0.617"/><testcase classname="Chrome 53.0" name="Exam Partition #3 - Team Support 2 | Integration: Inbox - Realtime Updates: When another admin is typing a comment there should be an indicator in the thread and the conversation is locked" time="3.954"/><testcase classname="Chrome 53.0" name="Exam Partition #3 - Team Support 2 | Unit: Component – TagsOrSegmentsListVisibilityComponent: hiddenTaggings" time="0.486"/><testcase classname="Chrome 53.0" name="Exam Partition #5 - General | Unit: Component – Tooltip: Tooltip cant be interacted with by default" time="0.522"/><testcase classname="Chrome 53.0" name="Exam Partition #5 - TemplateLint - embercom/templates/apps/app/engage/messages/manual/message/show/stats.hbs: should pass TemplateLint" time="0.443"/><testcase classname="Chrome 53.0" name="Exam Partition #5 - TemplateLint - embercom/templates/components/change-contributor-component.hbs: should pass TemplateLint" time="0.475"/><testcase classname="Chrome 53.0" name="Exam Partition #5 - TemplateLint - embercom/templates/components/activity-feed-item-user-event-created-component.hbs: should pass TemplateLint" time="0.477"/><testcase classname="Chrome 53.0" name="Exam Partition #4 - Team Support 2 | Unit: Component – TagsOrSegmentsVisibilityPopoverComponent: tagsOrSegmentsLabel when showing segments " time="0.508"/><testcase classname="Chrome 53.0" name="Exam Partition #5 - General | Unit: Model - Intercom Model: #copyDataFrom copies data from source object to destination object" time="0.535"/><testcase classname="Chrome 53.0" name="Exam Partition #4 - TemplateLint - embercom/templates/apps/app/integrations-hub/static/forward-to-zendesk.hbs: should pass TemplateLint" time="0.440"/><testcase classname="Chrome 53.0" name="Exam Partition #4 - TemplateLint - embercom/templates/components/custom-data-attribute-tooltip-component.hbs: should pass TemplateLint" time="0.447"/><testcase classname="Chrome 53.0" name="Exam Partition #4 - TemplateLint - embercom/templates/components/cda-onboarding-sample-list-component.hbs: should pass TemplateLint" time="0.480"/><testcase classname="Chrome 53.0" name="Exam Partition #5 - Team Engage 3 | Unit | Validator | message-variation-html-mode-content-not-empty: in-app messages are valid" time="0.564"/><testcase classname="Chrome 53.0" name="Exam Partition #5 - Team Engage 1 | Integration: Component - Message Editor Stats Pre Send Info | Integration | Component | message-editor/stats/pre-send-info: With an visitor auto message selection state that has a count and targets leads" time="0.664"/><testcase classname="Chrome 53.0" name="Exam Partition #4 - Team Support 2 | Integration: Inbox - Saved Replies Modal: Creating a new saved reply" time="4.143"/><testcase classname="Chrome 53.0" name="Exam Partition #4 - Team Growth 1 | Unit: Component - Guide / Step Multipart Component: isPartCompleted is only true when the expandedPartNumber is greater than the current partNumber" time="0.477"/><testcase classname="Chrome 53.0" name="Exam Partition #5 - Team Support 2 | Integration: Inbox - Search: Doing a tag search causes a search with params" time="5.889"/><testcase classname="Chrome 53.0" name="Exam Partition #4 - Team Support 2 | Integration: Inbox - Saved Replies Modal: Saving a reply validates that name and body are not empty" time="4.278"/><testcase classname="Chrome 53.0" name="Exam Partition #4 - Team Growth 2 | Unit: Component - Guide / Steps / Web Integration Secure Mode Component: isUserIdentifierTypeEmail is initialized propertly" time="0.542"/><testcase classname="Chrome 53.0" name="Exam Partition #4 - Team DX | Unit | Model | integration: #addedDate" time="0.506"/><testcase classname="Chrome 53.0" name="Exam Partition #5 - Team Support 2 | Integration: Inbox - Search: There should be search icon" time="3.188"/><testcase classname="Chrome 53.0" name="Exam Partition #4 - Team Growth 2 | Unit: Component - Guide / Steps / Web Integration Secure Mode Component: userIdentifierType initialized to &quot;email&quot;" time="0.464"/><testcase classname="Chrome 53.0" name="Exam Partition #5 - Team Growth 2 | Unit: Component - Guide / Steps / Web Integration Users Component: secureModeEnabled is initialized properly" time="0.531"/><testcase classname="Chrome 53.0" name="Exam Partition #5 - General | Library: Date Formatter: forcedPastFromNowRealTime returns &quot;Unknown&quot; when time is null" time="0.428"/><testcase classname="Chrome 53.0" name="Exam Partition #5 - Team Growth 2 | Unit: Component - Guide / Steps / Web Integration Users Component: isPolling is initialized to true" time="0.538"/><testcase classname="Chrome 53.0" name="Exam Partition #5 - Team Engage 1 | Integration: Component - Message Editor Stats Pre Send Info | Integration | Component | message-editor/stats/pre-send-info: With a manual in-app message and stop message feature enabled" time="0.705"/><testcase classname="Chrome 53.0" name="Exam Partition #5 - General | Unit: Component – Tooltip: Is vertically positioned by default" time="0.500"/><testcase classname="Chrome 53.0" name="Exam Partition #4 - Team Support 2 | Integration: Inbox - Saved Replies Modal: Clearing the search query" time="3.479"/><testcase classname="Chrome 53.0" name="Exam Partition #4 - Team Engage 3 | Library: data-mutations/mutator: Mutating a noop adds new attributes to the model" time="0.616"/><testcase classname="Chrome 53.0" name="Exam Partition #5 - Team Support 2 | Integration: Inbox - Search: The search box should be hidden initially" time="3.250"/><testcase classname="Chrome 53.0" name="Exam Partition #5 - Team Engage 1 | Integration: Component - Message Editor Stats Pre Send Info | Integration | Component | message-editor/stats/pre-send-info: With an auto in-app message that has targets and page targetting" time="0.760"/><testcase classname="Chrome 53.0" name="Exam Partition #4 - Team Support 2 | Integration: Inbox - Saved Replies Modal: Saving a reply validates that name doesnt exceed maximum length" time="4.316"/><testcase classname="Chrome 53.0" name="Exam Partition #4 - Team Engage 1 | Integration: Component - Message Editor Stats Inverse Switcher | Integration | Component | message-editor/stats/inverse-switcher: It shows the correct selected state when open" time="0.729"/><testcase classname="Chrome 53.0" name="Exam Partition #5 - Team Engage 3 | Acceptance | Campaigns Unsaved Changes: Live Campaign: Exiting from unsaved changes and clicking confirm" time="2.787"/><testcase classname="Chrome 53.0" name="Exam Partition #5 - General | Library: Date Formatter: attributeFromNow returns &quot;In the last 10 mins&quot; when time less than 10 minutes ago and forcePast is true" time="0.422"/><testcase classname="Chrome 53.0" name="Exam Partition #5 - Team Growth 1 | Unit: Component - Acquisition / Steps Component: steps defaults to an empty array" time="0.573"/><testcase classname="Chrome 53.0" name="Exam Partition #5 - TemplateLint - embercom/templates/apps/app/settings/blocked-users.hbs: should pass TemplateLint" time="0.457"/><testcase classname="Chrome 53.0" name="Exam Partition #4 - Team Engage 3 | Acceptance | campaigns redirects: visiting the campaign index page with no campaigns" time="1.868"/><testcase classname="Chrome 53.0" name="Exam Partition #5 - General | Unit: Component – Tooltip: is hidden by default" time="0.541"/><testcase classname="Chrome 53.0" name="Exam Partition #4 - Team Growth 2 | Unit: Component - Guide / Steps / Web Integration Secure Mode Component: secretKey is initialized propertly" time="0.457"/><testcase classname="Chrome 53.0" name="Exam Partition #4 - TemplateLint - embercom/templates/apps/app/users/segments/segment/modals/segment.hbs: should pass TemplateLint" time="0.418"/><testcase classname="Chrome 53.0" name="Exam Partition #5 - General | Unit: Component – Tooltip: is shown on mouse move" time="0.466"/><testcase classname="Chrome 53.0" name="Exam Partition #5 - TemplateLint - embercom/templates/apps/app/acquire/messages/edit-loading.hbs: should pass TemplateLint" time="0.431"/><testcase classname="Chrome 53.0" name="Exam Partition #4 - Team Growth 2 | Unit: Component - Guide / Steps / Web Integration Secure Mode Component: isUserIdentifierTypeUserID is initialized propertly" time="0.525"/><testcase classname="Chrome 53.0" name="Exam Partition #5 - General | Unit: Component – Tooltip: Vertical positioning" time="0.504"/><testcase classname="Chrome 53.0" name="Exam Partition #4 - Team Growth 2 | Unit: Component - Guide / Steps / Web Integration Secure Mode Component: hasSegmentUserSource returns true with segment user source" time="0.452"/><testcase classname="Chrome 53.0" name="Exam Partition #4 - TemplateLint - embercom/templates/apps/app/companies/segments/segment/modals/message.hbs: should pass TemplateLint" time="0.428"/><testcase classname="Chrome 53.0" name="Exam Partition #5 - Team Engage 1 | Integration: Component - Message Editor Stats Pre Send Info | Integration | Component | message-editor/stats/pre-send-info: With an auto email message that has targets" time="0.575"/><testcase classname="Chrome 53.0" name="Exam Partition #5 - General | Library: Date Formatter: forcedPastFromNow returns &quot;In the last 10 mins&quot; when time less than 10 minutes ago" time="0.418"/><testcase classname="Chrome 53.0" name="Exam Partition #4 - Team Engage 3 | Library: data-mutations/mutator: Mutating with setValue" time="0.576"/><testcase classname="Chrome 53.0" name="Exam Partition #4 - Team Engage 1 | Integration: Component - Message Editor Stats Inverse Switcher | Integration | Component | message-editor/stats/inverse-switcher: It shows the correct selected state when statistic is bounced" time="1.027"/><testcase classname="Chrome 53.0" name="Exam Partition #5 - Team Engage 1 | Integration: Component - Message Editor Stats Pre Send Info | Integration | Component | message-editor/stats/pre-send-info: With an auto email message that has users and a delivery window" time="0.622"/><testcase classname="Chrome 53.0" name="Exam Partition #5 - General | Library: Date Formatter: attributeFromNow returns &quot;Just Now&quot; when time less than 2 minutes ago and forcePast is true" time="0.423"/><testcase classname="Chrome 53.0" name="Exam Partition #5 - General | Library: Date Formatter: attributeFromNow returns &quot;2 minutes ago&quot; when time less than 2 minutes ago and forcePast is false" time="0.456"/><testcase classname="Chrome 53.0" name="Exam Partition #4 - Team Engage 3 | Library: data-mutations/mutator: Mutating with createFragment fails if no model name or json was provided" time="0.516"/><testcase classname="Chrome 53.0" name="Exam Partition #4 - Team Support 2 | Integration: Inbox - Saved Replies Modal: Clicking the create link in the saved replies popover opens the modal in create mode" time="4.613"/><testcase classname="Chrome 53.0" name="Exam Partition #5 - Team Support 2 | Integration: Inbox - Search: Doing a search causes a search with params" time="5.951"/><testcase classname="Chrome 53.0" name="Exam Partition #4 - Team Support 2 | Integration: Inbox - Saved Replies Modal: Saving a reply with an attribute that has REPLACE_THIS in the fallback" time="3.355"/></testsuite>
