<testsuite name="Testem Tests" tests="313" skipped="0" failures="5" timestamp="Tue Nov 08 2016 14:06:30 GMT+0000 (UTC)" time="128.638"><testcase classname="Chrome 53.0" name="Exam Partition #34 - TemplateLint - embercom/templates/components/guide/tutorial-group-component.hbs: should pass TemplateLint" time="4.721"/><testcase classname="Chrome 53.0" name="Exam Partition #31 - Team Engage 3 | Unit - Model: Variation: Invalid unsubscribe errors in Auto Messages" time="4.681"/><testcase classname="Chrome 53.0" name="Exam Partition #31 - TemplateLint - embercom/templates/components/conversation/controls/article-insertion-feature-pointer-component.hbs: should pass TemplateLint" time="0.446"/><testcase classname="Chrome 53.0" name="Exam Partition #31 - TemplateLint - embercom/templates/components/users/profile/location-component.hbs: should pass TemplateLint" time="0.500"/><testcase classname="Chrome 53.0" name="Exam Partition #31 - Team Engage 3 | Unit - Model: Variation: #inferredReplyTypeForMv3" time="0.576"/><testcase classname="Chrome 53.0" name="Exam Partition #33 - TemplateLint - embercom/templates/components/guide/stripe-authorization-import-component.hbs: should pass TemplateLint" time="4.547"/><testcase classname="Chrome 53.0" name="Exam Partition #32 - TemplateLint - embercom/templates/apps/app/billing/invoices/loading.hbs: should pass TemplateLint" time="4.625"/><testcase classname="Chrome 53.0" name="Exam Partition #32 - TemplateLint - embercom/templates/components/guide/copy-paste-value-component.hbs: should pass TemplateLint" time="0.498"/><testcase classname="Chrome 53.0" name="Exam Partition #34 - Team Engage 1 | Unit: Component - messages/sub nav: creates the correct link job urls" time="0.628"/><testcase classname="Chrome 53.0" name="Exam Partition #34 - TemplateLint - embercom/templates/components/acquire-prompt-component.hbs: should pass TemplateLint" time="0.471"/><testcase classname="Chrome 53.0" name="Exam Partition #31 - Team Engage 3 | Unit - Model: Variation: #inferredReplyTypeForMv2" time="0.515"/><testcase classname="Chrome 53.0" name="Exam Partition #35 - TemplateLint - embercom/templates/apps/app/messages/partials/table-cells/lists/-smart-stats-cell.hbs: should pass TemplateLint" time="4.541"/><testcase classname="Chrome 53.0" name="Exam Partition #35 - TemplateLint - embercom/templates/components/messages/message-list-row.hbs: should pass TemplateLint" time="0.559"/><testcase classname="Chrome 53.0" name="Exam Partition #31 - Team Engage 3 | Unit - Model: Variation: Invalid unsubscribe errors in Manual Messages" time="0.502"/><testcase classname="Chrome 53.0" name="Exam Partition #31 - TemplateLint - embercom/templates/apps/app/messages/partials/-auto-message-list-secondary-nav.hbs: should pass TemplateLint" time="0.470"/><testcase classname="Chrome 53.0" name="Exam Partition #33 - Team Support 2 | Integration: Component - Inbox User Profile Component | Integration | Component | inbox/user-profile-component: There is no toggle if the user has &lt; 10 companies" time="3.244"/><testcase classname="Chrome 53.0" name="Exam Partition #31 - Team Engage 1 | Unit: Date With Timezone Component: #formattedDate with a different year" time="0.703"/><testcase classname="Chrome 53.0" name="Exam Partition #33 - TemplateLint - embercom/templates/components/account/account-admin-avatar-component.hbs: should pass TemplateLint" time="0.474"/><testcase classname="Chrome 53.0" name="Exam Partition #33 - General | Unit: Helper - Truncate String: it truncates a longer string" time="0.519"/><testcase classname="Chrome 53.0" name="Exam Partition #33 - Team Growth 2 | Unit: Component - Guide About Card Component: attributes are set properly for NOT invite, NOT colleague, NOT initial state" time="0.582"/><testcase classname="Chrome 53.0" name="Exam Partition #32 - General | Acceptance | Messenger Update: Upgraded by me screen with SDK only" time="5.479"/><testcase classname="Chrome 53.0" name="Exam Partition #32 - Team Acquire | Unit: Mixin - Rules - Predicate URL: is not url" time="0.484"/><testcase classname="Chrome 53.0" name="Exam Partition #32 - General | Unit: Component - Editable Text: enterEditMode and exitEditMode actions properly set displayMode" time="0.654"/><testcase classname="Chrome 53.0" name="Exam Partition #32 - General | Unit: Route - Application: Only transitions to top level routes should trigger a refresh" time="0.583"/><testcase classname="Chrome 53.0" name="Exam Partition #34 - General | Integration: Settings - Company Segments: does not allow deletions of segments with dependent objects" time="8.655"/><testcase classname="Chrome 53.0" name="Exam Partition #32 - TemplateLint - embercom/templates/components/message-html-editor-component.hbs: should pass TemplateLint" time="0.476"/><testcase classname="Chrome 53.0" name="Exam Partition #32 - TemplateLint - embercom/templates/apps/app/educate/site/replies.hbs: should pass TemplateLint" time="0.498"/><testcase classname="Chrome 53.0" name="Exam Partition #32 - TemplateLint - embercom/templates/components/account-settings-sidebar-component.hbs: should pass TemplateLint" time="0.515"/><testcase classname="Chrome 53.0" name="Exam Partition #34 - TemplateLint - embercom/templates/components/message-edit-channel-expanding-container-component.hbs: should pass TemplateLint" time="0.499"/><testcase classname="Chrome 53.0" name="Exam Partition #34 - TemplateLint - embercom/templates/components/tags-or-segments-list-visibility-component.hbs: should pass TemplateLint" time="0.537"/><testcase classname="Chrome 53.0" name="Exam Partition #34 - TemplateLint - embercom/templates/components/conversation/controls/article-suggestions.hbs: should pass TemplateLint" time="0.543"/><testcase classname="Chrome 53.0" name="Exam Partition #35 - General | Acceptance: Settings - Messenger - SMS Notifications: SMS product enabled, switch toggle is enabled" time="9.993"/><testcase classname="Chrome 53.0" name="Exam Partition #33 - Team Engage 3 | Integration: Component - Message View and Edit Component | Integration | Component | messages/message-view-and-edit-component: clicking stop on a live manual message results in the relevant task action being performed" time="4.770"><error message="Died on test #1     at testWrapper (http://localhost:7357/assets/test-support.js:6907:11)
    at test (http://localhost:7357/assets/test-support.js:6921:39)
    at test (http://localhost:7357/assets/tests.js:34777:29)
    at Module.callback (http://localhost:7357/assets/tests.js:50607:61)
    at Module.exports (http://localhost:7357/assets/vendor.js:132:32)
    at requireModule (http://localhost:7357/assets/vendor.js:32:18)
    at Object.TestLoader.require (http://localhost:7357/assets/test-support.js:6666:7): Cannot set read-only property &quot;json_blocks&quot; on object: &lt;embercom@model:message-variation::ember2301:1>"><![CDATA[Error: Cannot set read-only property "json_blocks" on object: <embercom@model:message-variation::ember2301:1>
    at new Error (native)
    at Error.EmberError (http://localhost:7357/assets/vendor.js:31129:21)
    at Descriptor.computedPropertyThrowReadOnlyError [as _throwReadOnlyError] (http://localhost:7357/assets/vendor.js:29794:11)
    at Descriptor.computedPropertySetEntry [as set] (http://localhost:7357/assets/vendor.js:29779:12)
    at Object.set (http://localhost:7357/assets/vendor.js:35527:12)
    at Object.setValue (http://localhost:7357/assets/vendor.js:125499:33)
    at Object.setValue (http://localhost:7357/assets/vendor.js:37376:14)
    at Dependency.setValue (http://localhost:7357/assets/vendor.js:36466:38)
    at Object.setValue (http://localhost:7357/assets/vendor.js:36585:22)
    at Object.update (http://localhost:7357/assets/vendor.js:24991:18)]]></error></testcase><testcase classname="Chrome 53.0" name="Exam Partition #33 - TemplateLint - embercom/templates/components/message-dropdown-component.hbs: should pass TemplateLint" time="0.457"/><testcase classname="Chrome 53.0" name="Exam Partition #33 - TemplateLint - embercom/templates/components/tagging-component.hbs: should pass TemplateLint" time="0.499"/><testcase classname="Chrome 53.0" name="Exam Partition #33 - TemplateLint - embercom/templates/components/conversation/controls/article-suggestion.hbs: should pass TemplateLint" time="0.507"/><testcase classname="Chrome 53.0" name="Exam Partition #34 - Team Support 2 | Unit: Component - Rules - Predicate Android Device Value: Content contains list of android devices from the app" time="0.601"/><testcase classname="Chrome 53.0" name="Exam Partition #34 - General | Unit: Helper - Url parser: host" time="0.477"/><testcase classname="Chrome 53.0" name="Exam Partition #32 - General | Acceptance | Messenger Update: Upgraded by teammate screen with cross platform" time="2.743"/><testcase classname="Chrome 53.0" name="Exam Partition #32 - TemplateLint - embercom/templates/components/tag-with-tooltip-component.hbs: should pass TemplateLint" time="0.522"/><testcase classname="Chrome 53.0" name="Exam Partition #32 - General | Integration: Serializer - Predicate: Serializer works correctly for both standard and logical predicates" time="1.049"/><testcase classname="Chrome 53.0" name="Exam Partition #32 - General | Unit: Component - Editable Text: component completes full life-cycle, including sending event with next text out" time="0.519"/><testcase classname="Chrome 53.0" name="Exam Partition #33 - Team Engage 3 | Integration: Component - Message View and Edit Component | Integration | Component | messages/message-view-and-edit-component: clicking removeSchedule results in the relevant task action being performed" time="3.405"/><testcase classname="Chrome 53.0" name="Exam Partition #35 - General | Integration: Settings - Attributes: You cannot change the type of a company attribute that has objects dependent on it" time="5.872"/><testcase classname="Chrome 53.0" name="Exam Partition #31 - Team Observe | Integration: App - Redirects: Going to &quot;/apps/tx2p130c/users/segments/new&quot; doesnt redirect" time="13.386"/><testcase classname="Chrome 53.0" name="Exam Partition #34 - General | Acceptance | Messaging Settings: Messaging settings load correctly" time="5.720"/><testcase classname="Chrome 53.0" name="Exam Partition #34 - Team Growth 2 | Unit: Component - Guide / Header Component: showAboutCard action should propogate up to parent" time="0.611"/><testcase classname="Chrome 53.0" name="Exam Partition #31 - Team Engage 3 | Unit - Model: Variation: #updateReplyType updates the reply type from text to reactions correctly" time="0.536"/><testcase classname="Chrome 53.0" name="Exam Partition #31 - Team Support 2 | Unit: Mixin - Rules - Predicate Common: selectedComparison returns correct option when predicate.value is a relative date" time="0.973"/><testcase classname="Chrome 53.0" name="Exam Partition #33 - Team Engage 3 | Integration: Component - Message View and Edit Component | Integration | Component | messages/message-view-and-edit-component: We render the correct email from address when it is custom" time="3.709"/><testcase classname="Chrome 53.0" name="Exam Partition #32 - General | Acceptance | Messenger Update: Not upgraded screen with cross platform" time="3.918"/><testcase classname="Chrome 53.0" name="Exam Partition #34 - Team Growth 2 | Unit: Component - Guide / Header Component: Admin is initialized to null" time="0.545"/><testcase classname="Chrome 53.0" name="Exam Partition #32 - TemplateLint - embercom/templates/components/segment-filter/plan-predicate-component.hbs: should pass TemplateLint" time="0.467"/><testcase classname="Chrome 53.0" name="Exam Partition #32 - TemplateLint - embercom/templates/components/predicates/partials/-inline-comparison-editor.hbs: should pass TemplateLint" time="0.500"/><testcase classname="Chrome 53.0" name="Exam Partition #32 - Team Platform | Unit: Mixin - Segment Actions: Clears predicates if has anonymous and attribute predicates" time="0.522"/><testcase classname="Chrome 53.0" name="Exam Partition #32 - Team Platform | Unit: Mixin - Segment Actions: onlyPredicateIsAnonymousOrRole is true if only has role predicate" time="0.501"/><testcase classname="Chrome 53.0" name="Exam Partition #33 - General | Integration: Serializer - Variation Stats: Non-reaction attribute keys are decamelized correctly" time="1.564"/><testcase classname="Chrome 53.0" name="Exam Partition #31 - Team Support 2 | Integration: Component - Inbox Component | Integration | Component | inbox/inbox-component: Selecting conversations" time="1.954"/><testcase classname="Chrome 53.0" name="Exam Partition #35 - General | Integration: Settings - Attributes: The &quot;user list&quot; column reflects the current display settings for people attributes in the user list" time="3.865"/><testcase classname="Chrome 53.0" name="Exam Partition #32 - Team Platform | Unit: Mixin - Segment Actions: onlyPredicateIsAnonymousOrRole is false if has anonymous and attribute predicate" time="0.510"/><testcase classname="Chrome 53.0" name="Exam Partition #32 - TemplateLint - embercom/templates/apps/app/messages/partials/table-cells/lists/-campaign-title-cell.hbs: should pass TemplateLint" time="0.608"/><testcase classname="Chrome 53.0" name="Exam Partition #34 - TemplateLint - embercom/templates/components/predicates/value-editors/boolean-editor.hbs: should pass TemplateLint" time="0.454"/><testcase classname="Chrome 53.0" name="Exam Partition #34 - TemplateLint - embercom/templates/apps/app/settings/partials/-team-settings.hbs: should pass TemplateLint" time="0.500"/><testcase classname="Chrome 53.0" name="Exam Partition #35 - General | Unit: Helper - Truncate URl: dont truncate" time="0.523"/><testcase classname="Chrome 53.0" name="Exam Partition #35 - TemplateLint - embercom/templates/components/tags-or-segments-visibility-popover-component.hbs: should pass TemplateLint" time="0.590"/><testcase classname="Chrome 53.0" name="Exam Partition #35 - TemplateLint - embercom/templates/apps/app/settings/people-attributes.hbs: should pass TemplateLint" time="0.485"/><testcase classname="Chrome 53.0" name="Exam Partition #34 - TemplateLint - embercom/templates/components/messages/message-from-name-with-avatar.hbs: should pass TemplateLint" time="0.508"/><testcase classname="Chrome 53.0" name="Exam Partition #34 - TemplateLint - embercom/templates/components/segment-filter/predicate-join-type-legacy-component.hbs: should pass TemplateLint" time="0.505"/><testcase classname="Chrome 53.0" name="Exam Partition #34 - TemplateLint - embercom/templates/components/users/profile/note-composer-component.hbs: should pass TemplateLint" time="0.576"/><testcase classname="Chrome 53.0" name="Exam Partition #34 - General | Unit: Helper - Url parser: search" time="0.548"/><testcase classname="Chrome 53.0" name="Exam Partition #33 - General | Acceptance | iOS Settings: iOS Code Snippets visible: " time="2.521"/><testcase classname="Chrome 53.0" name="Exam Partition #31 - Team Support 1 | Unit: Mixin – Conversation List: #previousConversation returns the last when viewing the first conversation" time="0.523"/><testcase classname="Chrome 53.0" name="Exam Partition #31 - TemplateLint - embercom/templates/components/educate/folders/icon-selector-component.hbs: should pass TemplateLint" time="0.574"/><testcase classname="Chrome 53.0" name="Exam Partition #31 - TemplateLint - embercom/templates/components/messages/folders/message-folder-state-switch-component.hbs: should pass TemplateLint" time="0.549"/><testcase classname="Chrome 53.0" name="Exam Partition #31 - TemplateLint - embercom/templates/apps/app/settings/partials/-permission-form.hbs: should pass TemplateLint" time="0.522"/><testcase classname="Chrome 53.0" name="Exam Partition #35 - TemplateLint - embercom/templates/components/guide/header-component.hbs: should pass TemplateLint" time="0.546"/><testcase classname="Chrome 53.0" name="Exam Partition #35 - TemplateLint - embercom/templates/apps/app/engage.hbs: should pass TemplateLint" time="0.520"/><testcase classname="Chrome 53.0" name="Exam Partition #31 - Team Engage 3 | Unit - Model: Variation: it checks for the presence of unsubscribe links in HTML Mode" time="0.665"/><testcase classname="Chrome 53.0" name="Exam Partition #32 - General | Acceptance | Messenger Update: Upgraded by me screen with cross platform" time="1.831"/><testcase classname="Chrome 53.0" name="Exam Partition #32 - TemplateLint - embercom/templates/apps/app/messages/partials/-auto-message-list-table-headers.hbs: should pass TemplateLint" time="0.461"/><testcase classname="Chrome 53.0" name="Exam Partition #35 - Team Engage 2 | Integration: Component | Mailchimp Unsubscribe | Integration | Component | integrations-hub/mailchimp-unsubscribe: Enabling and disabling integration" time="1.326"/><testcase classname="Chrome 53.0" name="Exam Partition #32 - General | Unit: Route - Application: Esc keypress is noop when no active modal" time="0.558"/><testcase classname="Chrome 53.0" name="Exam Partition #32 - TemplateLint - embercom/templates/apps/app/settings/partials/-permission-request.hbs: should pass TemplateLint" time="0.452"/><testcase classname="Chrome 53.0" name="Exam Partition #32 - TemplateLint - embercom/templates/components/billing/price-estimator-component.hbs: should pass TemplateLint" time="0.515"/><testcase classname="Chrome 53.0" name="Exam Partition #31 - Team Support 2 | Integration: Component - Inbox Component | Integration | Component | inbox/inbox-component: Successful bulk close" time="1.918"/><testcase classname="Chrome 53.0" name="Exam Partition #33 - Team Engage 3 | Integration: Component - Message View and Edit Component | Integration | Component | messages/message-view-and-edit-component: clicking activate on a stopped message results in the relevant task action being performed" time="2.896"/><testcase classname="Chrome 53.0" name="Exam Partition #34 - General | Integration: Settings - Company Segments: displays segment name" time="3.549"/><testcase classname="Chrome 53.0" name="Exam Partition #32 - Team Support 1 | Integration: Component - Team Inbox Selector Dropdown | Integration | Component | inbox/nav-team-selector-component: should display team inbox with order" time="0.895"/><testcase classname="Chrome 53.0" name="Exam Partition #32 - Team Platform | Unit: Mixin - Segment Actions: onlyPredicateIsAnonymousOrRole is false if has role and attribute predicate" time="0.491"/><testcase classname="Chrome 53.0" name="Exam Partition #32 - TemplateLint - embercom/templates/components/message-display-until-editor-component.hbs: should pass TemplateLint" time="0.496"/><testcase classname="Chrome 53.0" name="Exam Partition #34 - General | Unit: Helper - Url parser: port" time="0.472"/><testcase classname="Chrome 53.0" name="Exam Partition #34 - TemplateLint - embercom/templates/partials/messenger-update/upgraded-me-sdk.hbs: should pass TemplateLint" time="0.583"/><testcase classname="Chrome 53.0" name="Exam Partition #34 - TemplateLint - embercom/templates/apps/app/embeddable-composer.hbs: should pass TemplateLint" time="0.453"/><testcase classname="Chrome 53.0" name="Exam Partition #33 - Team Engage 3 | Integration: Component - Message View and Edit Component | Integration | Component | messages/message-view-and-edit-component: clicking duplicate on a message results in the relevant task action being performed" time="2.709"><error message="Expected 1 assertions, but 0 were run"><![CDATA[    at testWrapper (http://localhost:7357/assets/test-support.js:6907:11)
    at test (http://localhost:7357/assets/test-support.js:6921:39)
    at test (http://localhost:7357/assets/tests.js:34777:29)
    at Module.callback (http://localhost:7357/assets/tests.js:50669:61)
    at Module.exports (http://localhost:7357/assets/vendor.js:132:32)
    at requireModule (http://localhost:7357/assets/vendor.js:32:18)
    at Object.TestLoader.require (http://localhost:7357/assets/test-support.js:6666:7)]]></error></testcase><testcase classname="Chrome 53.0" name="Exam Partition #32 - Team Engage 1 | Integration: Component - messages/message list with average: average in the middle" time="1.202"/><testcase classname="Chrome 53.0" name="Exam Partition #32 - TemplateLint - embercom/templates/components/conversation/controls/article-insertion-stats-component.hbs: should pass TemplateLint" time="0.457"/><testcase classname="Chrome 53.0" name="Exam Partition #35 - General | Integration: Settings - Attributes: You cannot archive a people attribute that has objects dependent on it" time="4.031"/><testcase classname="Chrome 53.0" name="Exam Partition #33 - Team Platform | Unit: Route - Apps / App / Admins / Admin: confirm dialog should be called when controller has unsaved changes" time="0.545"/><testcase classname="Chrome 53.0" name="Exam Partition #32 - General | Unit: Route - Application: Is not an Inbox route" time="0.549"/><testcase classname="Chrome 53.0" name="Exam Partition #32 - General | Unit: Component - Editable Text: textareaMode should display textArea" time="0.570"/><testcase classname="Chrome 53.0" name="Exam Partition #34 - General | Integration: Settings - Company Segments: allows deletions of segments without dependent objects" time="3.578"/><testcase classname="Chrome 53.0" name="Exam Partition #33 - Team Platform | Unit: Route - Apps / App / Admins / Admin: transition should only be aborted if cancel is clicked on confirm box" time="0.536"/><testcase classname="Chrome 53.0" name="Exam Partition #33 - TemplateLint - embercom/templates/components/predicates/value-editors/anonymous-editor.hbs: should pass TemplateLint" time="0.457"/><testcase classname="Chrome 53.0" name="Exam Partition #33 - TemplateLint - embercom/templates/apps/app/settings/partials/-sms-notifications.hbs: should pass TemplateLint" time="0.528"/><testcase classname="Chrome 53.0" name="Exam Partition #33 - TemplateLint - embercom/templates/components/messages/goals/predicate-component.hbs: should pass TemplateLint" time="0.492"/><testcase classname="Chrome 53.0" name="Exam Partition #33 - TemplateLint - embercom/templates/components/segment-filter/predicate-join-type-component.hbs: should pass TemplateLint" time="0.523"/><testcase classname="Chrome 53.0" name="Exam Partition #33 - TemplateLint - embercom/templates/components/users/profile/note-component.hbs: should pass TemplateLint" time="0.516"/><testcase classname="Chrome 53.0" name="Exam Partition #34 - TemplateLint - embercom/templates/components/message-preview-switch-component.hbs: should pass TemplateLint" time="0.457"/><testcase classname="Chrome 53.0" name="Exam Partition #34 - General | Unit: Helper - Url parser: protocol" time="0.544"/><testcase classname="Chrome 53.0" name="Exam Partition #34 - General | Unit: Helper - Url parser: pathname" time="0.489"/><testcase classname="Chrome 53.0" name="Exam Partition #31 - Team Observe | Integration: App - Redirects: Going to &quot;/apps&quot; redirects to the Active segment" time="7.055"/><testcase classname="Chrome 53.0" name="Exam Partition #35 - General | Integration: Settings - Attributes: You cannot change the data-type of an archived people user-defined attribute" time="3.855"/><testcase classname="Chrome 53.0" name="Exam Partition #32 - General | Acceptance | Messenger Update: Not upgraded screen with web only" time="2.496"/><testcase classname="Chrome 53.0" name="Exam Partition #34 - Team Engage 1 | Unit: Component - messages/sub nav: Detecting the currently selected nav item" time="0.596"/><testcase classname="Chrome 53.0" name="Exam Partition #34 - TemplateLint - embercom/templates/apps/app/messages/partials/-draft-auto-message-list-item.hbs: should pass TemplateLint" time="0.497"/><testcase classname="Chrome 53.0" name="Exam Partition #33 - Team Engage 3 | Integration: Component - Message View and Edit Component | Integration | Component | messages/message-view-and-edit-component: Messages with sends do not show the pre send info" time="1.701"/><testcase classname="Chrome 53.0" name="Exam Partition #32 - TemplateLint - embercom/templates/components/messages/goals/attribute-selector-component.hbs: should pass TemplateLint" time="0.483"/><testcase classname="Chrome 53.0" name="Exam Partition #32 - TemplateLint - embercom/templates/apps/app/import/mailchimp/tag.hbs: should pass TemplateLint" time="0.566"/><testcase classname="Chrome 53.0" name="Exam Partition #32 - General | Library: Share urls: Share urls return proper links" time="0.488"/><testcase classname="Chrome 53.0" name="Exam Partition #34 - General | Integration | Component | insights/loading-component: It displays a message after a timeout" time="0.705"/><testcase classname="Chrome 53.0" name="Exam Partition #33 - Team Platform | Unit: Route - Apps / App / Admins / Admin: confirm dialog should not be called when controller doesn't have unsaved changes" time="0.537"/><testcase classname="Chrome 53.0" name="Exam Partition #32 - General | Unit: Component - Editable Text: triggering saveChanges exits edit mode" time="0.571"/><testcase classname="Chrome 53.0" name="Exam Partition #32 - TemplateLint - embercom/templates/partials/messenger-update/upgraded-forced-web.hbs: should pass TemplateLint" time="0.471"/><testcase classname="Chrome 53.0" name="Exam Partition #34 - Team Observe | Unit: Controller – User Profile: request impersonation sends post and updates the admin" time="0.584"/><testcase classname="Chrome 53.0" name="Exam Partition #32 - Team Engage 1 | Integration: Component - messages/message list with average: average at the end" time="0.807"/><testcase classname="Chrome 53.0" name="Exam Partition #34 - TemplateLint - embercom/templates/apps/app/messages/partials/table-cells/lists/-from-cell.hbs: should pass TemplateLint" time="0.478"/><testcase classname="Chrome 53.0" name="Exam Partition #34 - TemplateLint - embercom/templates/components/guide/edit-step-group-component.hbs: should pass TemplateLint" time="0.503"/><testcase classname="Chrome 53.0" name="Exam Partition #34 - TemplateLint - embercom/templates/components/educate/import-progress-card-component.hbs: should pass TemplateLint" time="0.521"/><testcase classname="Chrome 53.0" name="Exam Partition #35 - General | Acceptance: Settings - Messenger: Expected response delay settings save correctly" time="3.678"/><testcase classname="Chrome 53.0" name="Exam Partition #33 - Team Engage 3 | Integration: Component - Message View and Edit Component | Integration | Component | messages/message-view-and-edit-component: clicking deactivate on a live message results in the relevant task action being performed" time="2.174"/><testcase classname="Chrome 53.0" name="Exam Partition #32 - General | Unit: Route - Application: Transitioning within the allowed time does nothing" time="0.546"/><testcase classname="Chrome 53.0" name="Exam Partition #32 - TemplateLint - embercom/templates/components/guide/steps/write-or-import-articles-component.hbs: should pass TemplateLint" time="0.501"/><testcase classname="Chrome 53.0" name="Exam Partition #34 - Team Engage 1 | Unit | Route | apps/app/engage/messages/auto/campaigns/campaign/index: real time stats should leave a campaign as dirty if there are other attributes dirty" time="0.807"/><testcase classname="Chrome 53.0" name="Exam Partition #35 - Team Engage 2 | Integration: Component | Mailchimp Unsubscribe | Integration | Component | integrations-hub/mailchimp-unsubscribe: Offer to remove other active unsubscribe integration" time="0.746"/><testcase classname="Chrome 53.0" name="Exam Partition #35 - TemplateLint - embercom/templates/partials/messenger-update/upgraded-me-web.hbs: should pass TemplateLint" time="0.455"/><testcase classname="Chrome 53.0" name="Exam Partition #31 - Team Observe | Integration: App - Redirects: Going to &quot;/apps/tx2p130c/users/segments&quot; redirects to the Active segment" time="5.368"/><testcase classname="Chrome 53.0" name="Exam Partition #35 - Team Growth 2 | Unit: Component - Guide / Step Component Renderer Component: stepComponentBasePath defaults to guide/steps" time="0.636"/><testcase classname="Chrome 53.0" name="Exam Partition #33 - Team Engage 3 | Integration: Component - Message View and Edit Component | Integration | Component | messages/message-view-and-edit-component: The component contains the message editor with chrome" time="1.987"/><testcase classname="Chrome 53.0" name="Exam Partition #33 - TemplateLint - embercom/templates/partials/messenger-update/upgraded-me-cross.hbs: should pass TemplateLint" time="0.456"/><testcase classname="Chrome 53.0" name="Exam Partition #34 - General | Unit: Helper - Url parser: hostname" time="0.477"/><testcase classname="Chrome 53.0" name="Exam Partition #34 - TemplateLint - embercom/templates/apps/app/billing/modals/change-company-details-modal.hbs: should pass TemplateLint" time="0.554"/><testcase classname="Chrome 53.0" name="Exam Partition #34 - TemplateLint - embercom/templates/components/bulk-tag-progress-component.hbs: should pass TemplateLint" time="0.524"/><testcase classname="Chrome 53.0" name="Exam Partition #34 - TemplateLint - embercom/templates/apps/app/import/mixpanel/finish.hbs: should pass TemplateLint" time="0.508"/><testcase classname="Chrome 53.0" name="Exam Partition #34 - General | Unit: Helper - Url parser: hash" time="0.543"/><testcase classname="Chrome 53.0" name="Exam Partition #34 - Team Engage 1 | Unit | Route | apps/app/engage/messages/auto/campaigns/campaign/index: real time campaign stats should not make the campaign model dirty" time="0.697"/><testcase classname="Chrome 53.0" name="Exam Partition #32 - General | Acceptance | Messenger Update: Force upgraded screen with SDK only" time="2.128"/><testcase classname="Chrome 53.0" name="Exam Partition #32 - TemplateLint - embercom/templates/components/educate/folders/icon-selector-popover-component.hbs: should pass TemplateLint" time="0.467"/><testcase classname="Chrome 53.0" name="Exam Partition #32 - TemplateLint - embercom/templates/components/users/profile/map-component.hbs: should pass TemplateLint" time="0.518"/><testcase classname="Chrome 53.0" name="Exam Partition #33 - Team Growth 2 | Unit: Component - Guide About Card Component: attributes are set properly for NOT invite, IS colleague, IS initial state" time="0.756"/><testcase classname="Chrome 53.0" name="Exam Partition #33 - TemplateLint - embercom/templates/apps/app/educate/site/settings.hbs: should pass TemplateLint" time="0.454"/><testcase classname="Chrome 53.0" name="Exam Partition #32 - General | Unit: Route - Application: The last refreshed at time gets set on route activation" time="0.597"/><testcase classname="Chrome 53.0" name="Exam Partition #31 - Team Engage 1 | Acceptance | messages/direct-messages: visiting Direct Messages" time="3.945"/><testcase classname="Chrome 53.0" name="Exam Partition #35 - General | Integration: Settings - Attributes: The &quot;user list&quot; column reflects the current display settings for company attributes in the user list" time="3.690"/><testcase classname="Chrome 53.0" name="Exam Partition #32 - General | Acceptance | Messenger Update: Force upgraded screen with Web only" time="1.859"/><testcase classname="Chrome 53.0" name="Exam Partition #33 - Team Engage 3 | Integration: Component - Message View and Edit Component | Integration | Component | messages/message-view-and-edit-component: clicking delete on a message results in the relevant task action being performed" time="2.400"><error message="Expected 1 assertions, but 0 were run"><![CDATA[    at testWrapper (http://localhost:7357/assets/test-support.js:6907:11)
    at test (http://localhost:7357/assets/test-support.js:6921:39)
    at test (http://localhost:7357/assets/tests.js:34777:29)
    at Module.callback (http://localhost:7357/assets/tests.js:50638:61)
    at Module.exports (http://localhost:7357/assets/vendor.js:132:32)
    at requireModule (http://localhost:7357/assets/vendor.js:32:18)
    at Object.TestLoader.require (http://localhost:7357/assets/test-support.js:6666:7)]]></error></testcase><testcase classname="Chrome 53.0" name="Exam Partition #31 - Team Support 2 | Integration: Component - Inbox Component | Integration | Component | inbox/inbox-component: Empty state for search" time="1.270"/><testcase classname="Chrome 53.0" name="Exam Partition #33 - TemplateLint - embercom/templates/components/message-preview-data-switch-component.hbs: should pass TemplateLint" time="0.460"/><testcase classname="Chrome 53.0" name="Exam Partition #33 - Team Growth 2 | Unit: Component - Guide About Card Component: attributes are set properly for NOT invite, NOT colleague, IS initial state" time="0.616"/><testcase classname="Chrome 53.0" name="Exam Partition #32 - General | Acceptance | Messenger Update: Upgraded by teammate screen with Web only" time="2.088"/><testcase classname="Chrome 53.0" name="Exam Partition #33 - Team Engage 3 | Integration: Component - Message View and Edit Component | Integration | Component | messages/message-view-and-edit-component: Just live messages show the pre send info" time="1.991"/><testcase classname="Chrome 53.0" name="Exam Partition #35 - General | Integration: Settings - Attributes: Clicking on a checkbox in the &quot;user list&quot; column of the company attribute settings immediately changes which columns are displayed in the user list" time="3.861"/><testcase classname="Chrome 53.0" name="Exam Partition #32 - General | Acceptance | Messenger Update: Upgraded by teammate screen with SDK only" time="1.679"/><testcase classname="Chrome 53.0" name="Exam Partition #35 - TemplateLint - embercom/templates/components/conversation/controls/buttons-component.hbs: should pass TemplateLint" time="0.492"/><testcase classname="Chrome 53.0" name="Exam Partition #31 - Team Support 2 | Integration: Component - Inbox Component | Integration | Component | inbox/inbox-component: Empty state" time="1.443"/><testcase classname="Chrome 53.0" name="Exam Partition #31 - Team Support 2 | Unit: Mixin - Rules - Predicate Common: isAbsoluteDate is false when it is an increase/decrease predicate" time="0.749"/><testcase classname="Chrome 53.0" name="Exam Partition #31 - Team Support 2 | Unit: Mixin - Rules - Predicate Common: isMessageAttribute is true when predicate.attribute starts with &quot;message&quot;" time="0.693"/><testcase classname="Chrome 53.0" name="Exam Partition #31 - General | Library: rawValueToFilterValue: It safely transforms raw to filter value" time="0.468"/><testcase classname="Chrome 53.0" name="Exam Partition #33 - Team Engage 3 | Integration: Component - Message View and Edit Component | Integration | Component | messages/message-view-and-edit-component: Loading an auto message shows the correct panels in the correct order" time="1.599"/><testcase classname="Chrome 53.0" name="Exam Partition #32 - General | Unit: Component - Editable Text: Editing editable text does not affect text variable passed in" time="0.558"/><testcase classname="Chrome 53.0" name="Exam Partition #31 - Team Engage 3 | Unit - Model: Variation: #isReactionsEmotionsLwr" time="0.589"/><testcase classname="Chrome 53.0" name="Exam Partition #33 - Team Support 2 | Integration: Component - Inbox User Profile Component | Integration | Component | inbox/user-profile-component: Segment visibility changer is visible" time="0.768"><error message="Segment visibility popover is shown"><![CDATA[    at Object.<anonymous> (http://localhost:7357/assets/tests.js:44675:14)
    at http://localhost:7357/assets/tests.js:34937:29
    at tryCatch (http://localhost:7357/assets/vendor.js:68340:14)
    at invokeCallback (http://localhost:7357/assets/vendor.js:68355:15)
    at publish (http://localhost:7357/assets/vendor.js:68323:9)
    at http://localhost:7357/assets/vendor.js:46631:7
    at invokeWithOnError (http://localhost:7357/assets/vendor.js:14899:18)
    at Object.flush (http://localhost:7357/assets/vendor.js:14954:11)
    at Object.flush (http://localhost:7357/assets/vendor.js:14762:17)
    at Object.end (http://localhost:7357/assets/vendor.js:15117:25)
    at Object.run (http://localhost:7357/assets/vendor.js:15230:18)
    at Object.run (http://localhost:7357/assets/vendor.js:35751:27)
    at http://localhost:7357/assets/test-support.js:8337:27
    at r (https://gtm.intercomassets.com/2b567471678d53c05e74e7de0afe217e162d298a-gtm.js:1:23001)]]></error></testcase><testcase classname="Chrome 53.0" name="Exam Partition #33 - TemplateLint - embercom/templates/apps/app/messages/partials/-composer-help.hbs: should pass TemplateLint" time="0.436"/><testcase classname="Chrome 53.0" name="Exam Partition #35 - General | Acceptance: Settings - Messenger - SMS Notifications: SMS product not enabled, switch toggle is disabled" time="2.070"/><testcase classname="Chrome 53.0" name="Exam Partition #35 - TemplateLint - embercom/templates/components/bulk-user-delete-progress-component.hbs: should pass TemplateLint" time="0.444"/><testcase classname="Chrome 53.0" name="Exam Partition #33 - Team Support 2 | Integration: Component - Inbox User Profile Component | Integration | Component | inbox/user-profile-component: It can toggle extra companies on" time="0.658"><error message="Only 10 companies are shown"><![CDATA[    at Object.<anonymous> (http://localhost:7357/assets/tests.js:44648:14)
    at http://localhost:7357/assets/tests.js:34937:29
    at tryCatch (http://localhost:7357/assets/vendor.js:68340:14)
    at invokeCallback (http://localhost:7357/assets/vendor.js:68355:15)
    at publish (http://localhost:7357/assets/vendor.js:68323:9)
    at http://localhost:7357/assets/vendor.js:46631:7
    at invokeWithOnError (http://localhost:7357/assets/vendor.js:14899:18)
    at Object.flush (http://localhost:7357/assets/vendor.js:14954:11)
    at Object.flush (http://localhost:7357/assets/vendor.js:14762:17)
    at Object.end (http://localhost:7357/assets/vendor.js:15117:25)
    at Object.run (http://localhost:7357/assets/vendor.js:15230:18)
    at Object.run (http://localhost:7357/assets/vendor.js:35751:27)
    at http://localhost:7357/assets/test-support.js:8337:27
    at r (https://gtm.intercomassets.com/2b567471678d53c05e74e7de0afe217e162d298a-gtm.js:1:23001)]]></error></testcase><testcase classname="Chrome 53.0" name="Exam Partition #31 - Team Support 2 | Unit: Mixin - Rules - Predicate Common: isDatePredicate is false when predicate.type does not equal &quot;date&quot;" time="0.652"/><testcase classname="Chrome 53.0" name="Exam Partition #32 - Team Platform | Unit: Mixin - Segment Actions: onlyPredicateIsAnonymousOrRole is true if only has anonymous predicate" time="0.460"/><testcase classname="Chrome 53.0" name="Exam Partition #32 - Team Acquire | Unit: Mixin - Rules - Predicate URL: is url without root path" time="0.566"/><testcase classname="Chrome 53.0" name="Exam Partition #32 - Team Platform | Unit: Mixin - Segment Actions: Does not clear predicates if only has anonymous predicate" time="0.494"/><testcase classname="Chrome 53.0" name="Exam Partition #32 - Team Platform | Unit: Mixin - Segment Actions: onlyPredicateIsAnonymousOrRole is false if no predicates" time="0.451"/><testcase classname="Chrome 53.0" name="Exam Partition #32 - Team Acquire | Unit: Mixin - Rules - Predicate URL: is url with root path" time="0.514"/><testcase classname="Chrome 53.0" name="Exam Partition #35 - Team Engage 1 | Unit | Route | apps/app/engage/messages/auto/message/edit: Responding to campaign_message_preview pusher events for campaign messages - when we do not have the message in the store" time="0.600"/><testcase classname="Chrome 53.0" name="Exam Partition #35 - TemplateLint - embercom/templates/components/educate/settings-preview.hbs: should pass TemplateLint" time="0.454"/><testcase classname="Chrome 53.0" name="Exam Partition #35 - TemplateLint - embercom/templates/components/guide/tutorial-item-component.hbs: should pass TemplateLint" time="0.501"/><testcase classname="Chrome 53.0" name="Exam Partition #31 - TemplateLint - embercom/templates/components/message-audience-editor-component.hbs: should pass TemplateLint" time="0.477"/><testcase classname="Chrome 53.0" name="Exam Partition #31 - Team Support 1 | Unit: Mixin – Conversation List: #previousConversation returns the second last conversation in the list when viewing the last conversation" time="0.465"/><testcase classname="Chrome 53.0" name="Exam Partition #31 - TemplateLint - embercom/templates/apps/app/import/mailchimp/lists.hbs: should pass TemplateLint" time="0.503"/><testcase classname="Chrome 53.0" name="Exam Partition #31 - TemplateLint - embercom/templates/components/guide/steps/web-integration-visitors-component.hbs: should pass TemplateLint" time="0.487"/><testcase classname="Chrome 53.0" name="Exam Partition #31 - Team Support 2 | Unit: Mixin - Rules - Predicate Common: Adds visitor messaging predicates when required" time="0.744"/><testcase classname="Chrome 53.0" name="Exam Partition #32 - General | Unit: Route - Application: Transitioning after allowed time attempts a transition" time="0.555"/><testcase classname="Chrome 53.0" name="Exam Partition #32 - Team Acquire | Unit: Mixin - Rules - Predicate URL: is url with path" time="0.470"/><testcase classname="Chrome 53.0" name="Exam Partition #31 - TemplateLint - embercom/templates/components/message-folders/message-folder-list.hbs: should pass TemplateLint" time="0.452"/><testcase classname="Chrome 53.0" name="Exam Partition #32 - Team Engage 1 | Integration: Component - messages/message list with average: average at the start" time="0.608"/><testcase classname="Chrome 53.0" name="Exam Partition #35 - Team DX | Integration: Component - OAuth Editor | Integration | Component | oauth/oauth-editor: set oauth values" time="0.865"/><testcase classname="Chrome 53.0" name="Exam Partition #31 - Team Engage 3 | Unit - Model: Variation: #styleLabel, #styleIcon, #messageStyle - with MV3" time="0.518"/><testcase classname="Chrome 53.0" name="Exam Partition #31 - TemplateLint - embercom/templates/components/predicates/list-editor-component.hbs: should pass TemplateLint" time="0.463"/><testcase classname="Chrome 53.0" name="Exam Partition #33 - Team Engage 3 | Integration: Component - Message View and Edit Component | Integration | Component | messages/message-view-and-edit-component: render time recorder function is called" time="1.337"/><testcase classname="Chrome 53.0" name="Exam Partition #33 - TemplateLint - embercom/templates/apps/app/messages/partials/table-cells/lists/-folder-cell.hbs: should pass TemplateLint" time="0.438"/><testcase classname="Chrome 53.0" name="Exam Partition #33 - TemplateLint - embercom/templates/components/guide/custom-user-data-and-events.hbs: should pass TemplateLint" time="0.479"/><testcase classname="Chrome 53.0" name="Exam Partition #33 - TemplateLint - embercom/templates/components/educate/folders/series-details-component.hbs: should pass TemplateLint" time="0.507"/><testcase classname="Chrome 53.0" name="Exam Partition #31 - Team Engage 3 | Unit - Model: Variation: #updateReplyType switches from reactions to text and back again and restores the original reactions" time="0.563"/><testcase classname="Chrome 53.0" name="Exam Partition #32 - General | Acceptance | Messenger Update: Not upgraded screen with SDK only" time="1.531"/><testcase classname="Chrome 53.0" name="Exam Partition #32 - Team Platform | Unit: Mixin - Segment Actions: onlyPredicateIsAnonymousOrRole is false if only has attribute predicate" time="0.468"/><testcase classname="Chrome 53.0" name="Exam Partition #33 - General | Integration: Serializer - Variation Stats: Reaction attribute keys are decamelized correctly" time="0.839"/><testcase classname="Chrome 53.0" name="Exam Partition #33 - General | Unit: Helper - Truncate String: it truncates html" time="0.464"/><testcase classname="Chrome 53.0" name="Exam Partition #31 - Team Engage 1 | Integration: Component - messages/message list: it renders an empty state with no messages" time="0.533"/><testcase classname="Chrome 53.0" name="Exam Partition #31 - Team Support 2 | Unit: Mixin - Rules - Predicate Common: isDatePredicate is true when predicate.type equals &quot;date&quot;" time="0.686"/><testcase classname="Chrome 53.0" name="Exam Partition #33 - Team Support 2 | Unit: Component - Rules - Predicate Android App Version Value: Content contains list of android app versions from the app" time="0.611"/><testcase classname="Chrome 53.0" name="Exam Partition #35 - General | Integration: Settings - Attributes: The &quot;company list&quot; column reflects the current display settings for company attributes in the company list" time="2.437"/><testcase classname="Chrome 53.0" name="Exam Partition #35 - TemplateLint - embercom/templates/components/segment-filter/relative-date-predicate-component.hbs: should pass TemplateLint" time="0.552"/><testcase classname="Chrome 53.0" name="Exam Partition #33 - Team Growth 2 | Unit: Component - Guide About Card Component: attributes are set properly for IS invite, NOT colleague, IS initial state" time="0.558"/><testcase classname="Chrome 53.0" name="Exam Partition #31 - Team Support 2 | Integration: Component - Inbox Component | Integration | Component | inbox/inbox-component: Changing sort order" time="1.063"/><testcase classname="Chrome 53.0" name="Exam Partition #33 - Team Growth 1 | Unit: Controller – Start: queryParams" time="0.527"/><testcase classname="Chrome 53.0" name="Exam Partition #32 - General | Acceptance | Messenger Update: Upgraded by me screen with Web only" time="1.458"/><testcase classname="Chrome 53.0" name="Exam Partition #32 - Team Platform | Unit: Mixin - Segment Actions: Does not clear predicates if only has role predicate" time="0.474"/><testcase classname="Chrome 53.0" name="Exam Partition #32 - Team Platform | Unit: Mixin - Segment Actions: Clears predicates if has role and attribute predicates" time="0.505"/><testcase classname="Chrome 53.0" name="Exam Partition #31 - Team Engage 1 | Integration: Component - messages/message list: loadNextPage fires on scroll" time="0.569"/><testcase classname="Chrome 53.0" name="Exam Partition #35 - Team DX | Integration: Component - OAuth Editor | Integration | Component | oauth/oauth-editor: set multiple urls" time="0.741"/><testcase classname="Chrome 53.0" name="Exam Partition #35 - TemplateLint - embercom/templates/components/message-edit-content-expanding-container-component.hbs: should pass TemplateLint" time="0.485"/><testcase classname="Chrome 53.0" name="Exam Partition #35 - General | Unit: Helper - Truncate URl: remove file extension from path" time="0.512"/><testcase classname="Chrome 53.0" name="Exam Partition #31 - TemplateLint - embercom/templates/components/segment-filter/partials/-anonymous-select-component-item.hbs: should pass TemplateLint" time="0.491"/><testcase classname="Chrome 53.0" name="Exam Partition #31 - Team Support 2 | Unit: Mixin - Rules - Predicate Common: Adds goal predicates when required" time="0.746"/><testcase classname="Chrome 53.0" name="Exam Partition #31 - Team Engage 1 | Unit: Date With Timezone Component: #formattedDate without a date" time="0.579"/><testcase classname="Chrome 53.0" name="Exam Partition #32 - General | Acceptance | Messenger Update: Force upgraded screen with cross platform" time="1.738"/><testcase classname="Chrome 53.0" name="Exam Partition #32 - General | Unit: Route - Application: Will refresh when expected" time="0.527"/><testcase classname="Chrome 53.0" name="Exam Partition #33 - Team Engage 3 | Integration: Component - Message View and Edit Component | Integration | Component | messages/message-view-and-edit-component: the message debugger is present" time="1.467"/><testcase classname="Chrome 53.0" name="Exam Partition #33 - TemplateLint - embercom/templates/apps/app/billing/modals/cancellation-modal.hbs: should pass TemplateLint" time="0.483"/><testcase classname="Chrome 53.0" name="Exam Partition #33 - TemplateLint - embercom/templates/components/bulk-action-select-component.hbs: should pass TemplateLint" time="0.498"/><testcase classname="Chrome 53.0" name="Exam Partition #33 - TemplateLint - embercom/templates/apps/app/import/mixpanel.hbs: should pass TemplateLint" time="0.489"/><testcase classname="Chrome 53.0" name="Exam Partition #32 - Team Engage 1 | Integration: Component - messages/message list with average: sorting on a different stat" time="0.589"/><testcase classname="Chrome 53.0" name="Exam Partition #35 - General | Integration: Settings - Attributes: You cannot archive or change the data-type of a predefined company attribute" time="2.277"/><testcase classname="Chrome 53.0" name="Exam Partition #32 - General | Integration: Serializer - Predicate: Serializer does not serialize the value description" time="1.042"/><testcase classname="Chrome 53.0" name="Exam Partition #32 - Team Acquire | Unit: Mixin - Rules - Predicate URL: is url with http" time="0.506"/><testcase classname="Chrome 53.0" name="Exam Partition #31 - Team Engage 1 | Acceptance | messages/direct-messages: admins are ordered in descending order" time="3.294"/><testcase classname="Chrome 53.0" name="Exam Partition #33 - Team Engage 3 | Integration: Component - Message View and Edit Component | Integration | Component | messages/message-view-and-edit-component: Loading an auto message shows the correct panel indices" time="2.742"/><testcase classname="Chrome 53.0" name="Exam Partition #35 - General | Acceptance: Settings - Messenger: Inbound Messaging settings are not available" time="2.792"/><testcase classname="Chrome 53.0" name="Exam Partition #35 - TemplateLint - embercom/templates/components/users/profile/note-composer-textarea-component.hbs: should pass TemplateLint" time="0.452"/><testcase classname="Chrome 53.0" name="Exam Partition #35 - TemplateLint - embercom/templates/components/acquisition/add-user-source-button-component.hbs: should pass TemplateLint" time="0.495"/><testcase classname="Chrome 53.0" name="Exam Partition #33 - Team Engage 3 | Integration: Component - Message View and Edit Component | Integration | Component | messages/message-view-and-edit-component: it does not show the temporary close edit mode button in show mode" time="1.357"/><testcase classname="Chrome 53.0" name="Exam Partition #33 - General | Unit: Helper - Truncate String: it does not truncate a shoter string" time="0.441"/><testcase classname="Chrome 53.0" name="Exam Partition #35 - Team Growth 2 | Unit: Component - Guide / Step Component Renderer Component: componentPath raises an error for a step that has no mapping" time="0.536"/><testcase classname="Chrome 53.0" name="Exam Partition #31 - Team Support 2 | Integration: Component - Inbox Component | Integration | Component | inbox/inbox-component: Changing inbox clears selection" time="1.065"/><testcase classname="Chrome 53.0" name="Exam Partition #31 - TemplateLint - embercom/templates/components/guide/add-product-component.hbs: should pass TemplateLint" time="0.454"/><testcase classname="Chrome 53.0" name="Exam Partition #31 - Team Support 2 | Unit: Mixin - Rules - Predicate Common: isIncreaseDecreasePredicate is true the predicate has a increase comparison" time="0.686"/><testcase classname="Chrome 53.0" name="Exam Partition #35 - General | Integration: Settings - Attributes: Clicking on a checkbox in the &quot;user list&quot; column of the people attribute settings immediately changes which columns are displayed in the user list" time="2.581"/><testcase classname="Chrome 53.0" name="Exam Partition #35 - Team DX | Integration: Component - OAuth Editor | Integration | Component | oauth/oauth-editor: no existing scopes checked on load" time="0.709"/><testcase classname="Chrome 53.0" name="Exam Partition #31 - Team Observe | Integration: App - Redirects: Going to &quot;/apps/tx2p130c/companies/54817843f154907623000002&quot; redirects to the Company user list" time="3.484"/><testcase classname="Chrome 53.0" name="Exam Partition #31 - Team Engage 3 | Unit - Model: Variation: #isAutoOrCampaignMessage" time="0.506"/><testcase classname="Chrome 53.0" name="Exam Partition #31 - Team Support 2 | Integration: Component - Inbox Component | Integration | Component | inbox/inbox-component: Header for search" time="1.114"/><testcase classname="Chrome 53.0" name="Exam Partition #35 - General | Integration: Settings - Attributes: You can archive a user-defined people attribute by clicking &quot;Archive&quot;" time="2.134"/><testcase classname="Chrome 53.0" name="Exam Partition #35 - General | Unit: Helper - abbreviated-relative-time-ago-helper: 2 mins" time="0.480"/><testcase classname="Chrome 53.0" name="Exam Partition #31 - Team Engage 1 | Integration: Component - messages/message list: it renders the correct number of items" time="0.556"/><testcase classname="Chrome 53.0" name="Exam Partition #35 - Team Engage 1 | Unit | Route | apps/app/engage/messages/auto/message/edit: Responding to campaign_message_preview pusher events for campaign messages - when we have the message in the store" time="0.561"/><testcase classname="Chrome 53.0" name="Exam Partition #35 - TemplateLint - embercom/templates/components/predicates/value-editors/date-editor.hbs: should pass TemplateLint" time="0.430"/><testcase classname="Chrome 53.0" name="Exam Partition #31 - Team Support 2 | Unit: Mixin - Rules - Predicate Common: comparisonOptions returns options for message attribute" time="0.550"/><testcase classname="Chrome 53.0" name="Exam Partition #31 - Team Support 1 | Unit: Mixin – Conversation List: #nextConversation returns the second conversation in the list when viewing the first conversation" time="0.431"/><testcase classname="Chrome 53.0" name="Exam Partition #31 - TemplateLint - embercom/templates/partials/messenger-update/upgraded-forced-sdk.hbs: should pass TemplateLint" time="0.501"/><testcase classname="Chrome 53.0" name="Exam Partition #31 - TemplateLint - embercom/templates/apps/app/billing/invoices/invoice.hbs: should pass TemplateLint" time="0.483"/><testcase classname="Chrome 53.0" name="Exam Partition #31 - TemplateLint - embercom/templates/components/tag-or-segment-pill-component.hbs: should pass TemplateLint" time="0.483"/><testcase classname="Chrome 53.0" name="Exam Partition #35 - General | Acceptance: Settings - Messenger - SMS Notifications: SMS FF not enabled, SMS notification settings are not visible" time="1.351"/><testcase classname="Chrome 53.0" name="Exam Partition #35 - TemplateLint - embercom/templates/components/message-preview-truncation-component.hbs: should pass TemplateLint" time="0.419"/><testcase classname="Chrome 53.0" name="Exam Partition #35 - Team DX | Integration: Component - OAuth Editor | Integration | Component | oauth/oauth-editor: are existing scopes checked on load" time="0.683"/><testcase classname="Chrome 53.0" name="Exam Partition #35 - Team Support 2 | Unit: Component - Rules - Predicate Android Version Value: Content contains list of android os versions from the app" time="0.475"/><testcase classname="Chrome 53.0" name="Exam Partition #31 - Team Support 2 | Integration: Component - Inbox Component | Integration | Component | inbox/inbox-component: Rejected bulk close" time="0.969"/><testcase classname="Chrome 53.0" name="Exam Partition #31 - Team Support 2 | Unit: Mixin - Rules - Predicate Common: comparisonOptions returns options for app attribute from predicate filter map" time="0.529"/><testcase classname="Chrome 53.0" name="Exam Partition #31 - TemplateLint - embercom/templates/apps/app/educate/site/loading.hbs: should pass TemplateLint" time="0.426"/><testcase classname="Chrome 53.0" name="Exam Partition #31 - TemplateLint - embercom/templates/components/billing-settings-sidebar-component.hbs: should pass TemplateLint" time="0.512"/><testcase classname="Chrome 53.0" name="Exam Partition #31 - TemplateLint - embercom/templates/components/about-card-component.hbs: should pass TemplateLint" time="0.479"/><testcase classname="Chrome 53.0" name="Exam Partition #35 - General | Acceptance: Settings - Messenger - SMS Notifications: SMS FF enabled, SMS notification settings are visible" time="1.310"/><testcase classname="Chrome 53.0" name="Exam Partition #35 - TemplateLint - embercom/templates/apps/app/messages/partials/-email-approval-warning.hbs: should pass TemplateLint" time="0.440"/><testcase classname="Chrome 53.0" name="Exam Partition #35 - TemplateLint - embercom/templates/apps/app/import/mixpanel/index.hbs: should pass TemplateLint" time="0.493"/><testcase classname="Chrome 53.0" name="Exam Partition #31 - Team Observe | Integration: App - Redirects: Going to &quot;/apps/tx2p130c/users&quot; redirects to the Active segment" time="2.373"/><testcase classname="Chrome 53.0" name="Exam Partition #31 - Team Support 2 | Unit: Mixin - Rules - Predicate Common: isMessageAttribute is false when predicate.attribute does not start with &quot;message&quot;" time="0.608"/><testcase classname="Chrome 53.0" name="Exam Partition #35 - General | Integration: Settings - Attributes: You cannot change the type of a people attribute that has objects dependent on it" time="2.373"/><testcase classname="Chrome 53.0" name="Exam Partition #31 - Team Engage 1 | Unit: Date With Timezone Component: #formattedDate with timezone hidden" time="0.522"/><testcase classname="Chrome 53.0" name="Exam Partition #31 - Team Support 2 | Unit: Mixin - Rules - Predicate Common: isAbsoluteDate is false when predicate.value is not an object" time="0.596"/><testcase classname="Chrome 53.0" name="Exam Partition #35 - General | Integration: Settings - Attributes: You cannot change the data-type of an archived company user-defined attribute" time="1.509"/><testcase classname="Chrome 53.0" name="Exam Partition #31 - Team Engage 3 | Unit - Model: Variation: #styleLabel, #styleIcon, #messageStyle" time="0.520"/><testcase classname="Chrome 53.0" name="Exam Partition #31 - Team Support 2 | Unit: Mixin - Rules - Predicate Common: isRelativeDate is false when predicate.value is an object" time="0.514"/><testcase classname="Chrome 53.0" name="Exam Partition #31 - Team Engage 1 | Unit: Date With Timezone Component: #formattedDate with the same relative UTC Offset" time="0.514"/><testcase classname="Chrome 53.0" name="Exam Partition #31 - Team Support 2 | Unit: Mixin - Rules - Predicate Common: selectedComparison returns correct option when predicate.type is not &quot;date&quot;" time="0.580"/><testcase classname="Chrome 53.0" name="Exam Partition #35 - General | Integration: Settings - Attributes: You can unarchive a user-defined company attribute by clicking &quot;Unarchive&quot;" time="1.642"/><testcase classname="Chrome 53.0" name="Exam Partition #31 - Team Engage 1 | Unit: Date With Timezone Component: #formattedDate with a different timezone in DST" time="0.488"/><testcase classname="Chrome 53.0" name="Exam Partition #31 - Team Engage 1 | Integration: Component - messages/message list: loadNextPage fires on resize" time="0.626"/><testcase classname="Chrome 53.0" name="Exam Partition #35 - General | Integration: Settings - Attributes: If an attribute is selected in the &quot;company list&quot; column, and you try to select it in the &quot;user list&quot; column, it will become selected in the &quot;user list&quot; column and still stay selected in the &quot;company list&quot; column." time="2.096"/><testcase classname="Chrome 53.0" name="Exam Partition #31 - Team Engage 1 | Acceptance | messages/direct-messages: displays correct title" time="2.865"/><testcase classname="Chrome 53.0" name="Exam Partition #35 - General | Integration: Settings - Attributes: If an attribute is selected in the &quot;user list&quot; column, and you try to select it in the &quot;company list&quot; column, it will become selected in the &quot;company list&quot; column and still stay selected in the &quot;user list&quot; column." time="2.329"/><testcase classname="Chrome 53.0" name="Exam Partition #31 - Team Engage 3 | Unit - Model: Variation: #blocks alias json_blocks" time="0.493"/><testcase classname="Chrome 53.0" name="Exam Partition #31 - Team Support 2 | Unit: Mixin - Rules - Predicate Common: isRelativeDate is true when predicate.value is not an object" time="0.546"/><testcase classname="Chrome 53.0" name="Exam Partition #31 - TemplateLint - embercom/templates/apps/app/messages/partials/table-cells/lists/-campaign-stats-cell.hbs: should pass TemplateLint" time="0.471"/><testcase classname="Chrome 53.0" name="Exam Partition #31 - Team Support 2 | Unit: Mixin - Rules - Predicate Common: isAbsoluteDate is true when predicate.value is an object" time="0.705"/><testcase classname="Chrome 53.0" name="Exam Partition #31 - Team Support 2 | Unit: Mixin - Rules - Predicate Common: isRelativeDate is false when it is an increase/decrease predicate" time="0.537"/><testcase classname="Chrome 53.0" name="Exam Partition #35 - General | Integration: Settings - Attributes: You can archive a user-defined company attribute by clicking &quot;Archive&quot;" time="1.846"/><testcase classname="Chrome 53.0" name="Exam Partition #35 - General | Unit: Helper - abbreviated-relative-time-ago-helper: Raw helper" time="0.433"/><testcase classname="Chrome 53.0" name="Exam Partition #35 - General | Integration: Settings - Attributes: You cannot archive a company attribute that has objects dependent on it" time="2.374"/><testcase classname="Chrome 53.0" name="Exam Partition #31 - Team Engage 1 | Acceptance | messages/direct-messages: direct message cells correctly rendered" time="2.433"/><testcase classname="Chrome 53.0" name="Exam Partition #31 - Team Support 2 | Unit: Mixin - Rules - Predicate Common: selectedComparison returns correct option when predicate.value is an absolute date" time="0.518"/><testcase classname="Chrome 53.0" name="Exam Partition #35 - General | Integration: Settings - Attributes: You cannot archive or change the data-type of a predefined people attribute" time="1.980"/><testcase classname="Chrome 53.0" name="Exam Partition #31 - Team Observe | Integration: App - Redirects: Going to / redirects to the Active segment" time="2.766"/><testcase classname="Chrome 53.0" name="Exam Partition #31 - Team Support 1 | Unit: Mixin – Conversation List: #nextConversation returns the first conversation when viewing the last conversation" time="0.470"/><testcase classname="Chrome 53.0" name="Exam Partition #35 - General | Acceptance: Settings - Messenger: Expected team intro text saves correctly" time="2.000"/><testcase classname="Chrome 53.0" name="Exam Partition #31 - Team Observe | Integration: App - Redirects: Going to &quot;/apps/tx2p130c&quot; redirects to the Active segment" time="2.864"/><testcase classname="Chrome 53.0" name="Exam Partition #31 - Team Engage 3 | Unit - Model: Variation: #isReactionsThumbsLwr" time="0.504"/><testcase classname="Chrome 53.0" name="Exam Partition #31 - Team Engage 1 | Unit: Date With Timezone Component: #formattedDate with a different timezone outside DST" time="0.467"/><testcase classname="Chrome 53.0" name="Exam Partition #35 - General | Integration: Settings - Attributes: Clicking on a checkbox in the &quot;company list&quot; column of the company attribute settings immediately changes which columns are displayed in the company list" time="2.836"/><testcase classname="Chrome 53.0" name="Exam Partition #35 - TemplateLint - embercom/templates/apps/app/billing/modals/coupon-modal.hbs: should pass TemplateLint" time="0.451"/><testcase classname="Chrome 53.0" name="Exam Partition #35 - Team Growth 2 | Unit: Component - Guide / Step Component Renderer Component: stepComponentMappings maps a step key to step component" time="0.613"/><testcase classname="Chrome 53.0" name="Exam Partition #35 - Team Growth 2 | Unit: Component - Guide / Step Component Renderer Component: componentPath returns the correct path to the step" time="0.549"/><testcase classname="Chrome 53.0" name="Exam Partition #35 - General | Acceptance: Settings - Messenger - SMS Notifications: SMS FF and product enabled, changes and saves model" time="1.334"/><testcase classname="Chrome 53.0" name="Exam Partition #35 - General | Unit: Helper - Truncate URl: do truncate" time="0.435"/><testcase classname="Chrome 53.0" name="Exam Partition #35 - General | Integration: Settings - Attributes: You can unarchive a user-defined people attribute by clicking &quot;Unarchive&quot;" time="1.495"/><testcase classname="Chrome 53.0" name="Exam Partition #35 - General | Integration: Settings - Attributes: You can change the data-type of a user-defined people attribute that is not archived" time="1.546"/><testcase classname="Chrome 53.0" name="Exam Partition #35 - General | Integration: Settings - Attributes: You can change the data-type of a user-defined company attribute that is not archived" time="1.470"/></testsuite>
