<testsuite name="Testem Tests" tests="435" skipped="0" failures="1" timestamp="Tue Nov 08 2016 14:07:35 GMT+0000 (UTC)" time="193.957"><testcase classname="Chrome 53.0" name="Exam Partition #7 - Team Growth 2 | Unit: Component - Tutorial Promos: returns the number of tutorials" time="5.563"/><testcase classname="Chrome 53.0" name="Exam Partition #7 - Team Growth 2 | Acceptance: CDA Tool Test: The first industry sector is highlighted when clicked on in the Sample Attributes" time="3.817"/><testcase classname="Chrome 53.0" name="Exam Partition #7 - Team Growth 2 | Acceptance: CDA Tool Test: Generate page shows correct snippet" time="1.251"/><testcase classname="Chrome 53.0" name="Exam Partition #7 - Team Growth 2 | Unit: Component - Tutorial Promos: showMoreTutorialsLink true when the number of tutorials is greater than the maximum to be shown" time="0.542"/><testcase classname="Chrome 53.0" name="Exam Partition #7 - Team Growth 2 | Unit: Component - Tutorial Promos: showMoreTutorialsLink true when from setup guide" time="0.511"/><testcase classname="Chrome 53.0" name="Exam Partition #7 - Team Growth 2 | Unit: Component - Tutorial Promos: notShowProductNameInAdditionalTutorialsLink false when a product name is passed" time="0.527"/><testcase classname="Chrome 53.0" name="Exam Partition #8 - TemplateLint - embercom/templates/components/guide/-web-integration-custom-data-rails.hbs: should pass TemplateLint" time="4.727"/><testcase classname="Chrome 53.0" name="Exam Partition #6 - TemplateLint - embercom/templates/components/guide/-focus-install-integrate-wordpress.hbs: should pass TemplateLint" time="4.855"/><testcase classname="Chrome 53.0" name="Exam Partition #9 - Team Observe | Library: Selection State filters to readable text: Gets a readable first occurred prefix for user events without count" time="4.614"/><testcase classname="Chrome 53.0" name="Exam Partition #10 - Team Growth 1 | Unit: Controller – Apps / App / Billing / Summary: hasAllProducts returns true if app.products and products have the same length" time="4.795"/><testcase classname="Chrome 53.0" name="Exam Partition #10 - Team Support 2 | Unit: Lib - Inbox Conversation List: newestConversation" time="0.644"/><testcase classname="Chrome 53.0" name="Exam Partition #10 - TemplateLint - embercom/templates/components/admin/about-component.hbs: should pass TemplateLint" time="0.464"/><testcase classname="Chrome 53.0" name="Exam Partition #10 - TemplateLint - embercom/templates/components/settings/messenger/permitted-locale-component.hbs: should pass TemplateLint" time="0.516"/><testcase classname="Chrome 53.0" name="Exam Partition #9 - Team Engage 2 | Unit: Model - Message: canBeSetLive for a stopped message is true" time="2.006"/><testcase classname="Chrome 53.0" name="Exam Partition #9 - TemplateLint - embercom/templates/components/guide/steps/messenger-for-visitors-component.hbs: should pass TemplateLint" time="0.484"/><testcase classname="Chrome 53.0" name="Exam Partition #6 - Team Engage 1 | Integration: Component - Campaigns List Body | Integration | Component | campaigns/list/list-body: By default there should be no messages" time="2.054"/><testcase classname="Chrome 53.0" name="Exam Partition #6 - TemplateLint - embercom/templates/apps/app/settings/company-attributes.hbs: should pass TemplateLint" time="0.523"/><testcase classname="Chrome 53.0" name="Exam Partition #10 - Team Growth 1 | Unit: Controller – Apps / App / Billing / Summary: hideAddProductsButton returns true if the subscription will be cancelled" time="0.609"/><testcase classname="Chrome 53.0" name="Exam Partition #7 - Team Growth 2 | Acceptance: CDA Tool Test: Samples can be added and viewed by clicking &quot;Your List&quot; button" time="2.636"/><testcase classname="Chrome 53.0" name="Exam Partition #7 - TemplateLint - embercom/templates/components/tutorial-component.hbs: should pass TemplateLint" time="0.539"/><testcase classname="Chrome 53.0" name="Exam Partition #6 - Team Growth 1 | Unit: Component – Acquisition / Web Installation Snippet: Django example" time="0.660"/><testcase classname="Chrome 53.0" name="Exam Partition #8 - Team Engage 1 | Integration: Component - Campaigns Entry Editor | Integration | Component | campaigns/setup/campaign-entry-editor: title" time="2.309"/><testcase classname="Chrome 53.0" name="Exam Partition #8 - TemplateLint - embercom/templates/apps/app/settings/email-templates/copy-template.hbs: should pass TemplateLint" time="0.519"/><testcase classname="Chrome 53.0" name="Exam Partition #10 - Team Growth 1 | Unit: Controller – Apps / App / Billing / Summary: hideAddProductsButton returns true if the customer already has all products" time="0.563"/><testcase classname="Chrome 53.0" name="Exam Partition #7 - TemplateLint - embercom/templates/components/guide/steps/messenger-for-receiving-from-users-component.hbs: should pass TemplateLint" time="0.553"/><testcase classname="Chrome 53.0" name="Exam Partition #6 - Team Growth 1 | Unit: Component – Acquisition / Web Installation Snippet: email aliases example.email" time="0.499"/><testcase classname="Chrome 53.0" name="Exam Partition #8 - General | Unit: Component User Companies With Icon Pattern: creates correct predicate" time="0.578"/><testcase classname="Chrome 53.0" name="Exam Partition #7 - Team Growth 2 | Unit: Component - Tutorial Promos: showMoreTutorialsLink false when not from setup guide and the number of tutorials is greater than the maximum to be shown" time="0.579"/><testcase classname="Chrome 53.0" name="Exam Partition #10 - Team Growth 1 | Unit: Controller – Apps / App / Billing / Summary: hasAllProducts returns false if app.products and products have different lengths" time="0.532"/><testcase classname="Chrome 53.0" name="Exam Partition #10 - TemplateLint - embercom/templates/apps/app/guide.hbs: should pass TemplateLint" time="0.510"/><testcase classname="Chrome 53.0" name="Exam Partition #9 - Team Engage 1 | Integration: Component - Campaigns Exit Editor | Integration | Component | campaigns/setup/campaign-exit-editor: title with leads" time="0.788"/><testcase classname="Chrome 53.0" name="Exam Partition #7 - Team Support 2 | Unit: Component - Inbox - Nav List: adminInboxes excludes currentAdmins inbox, team inboxes and predefined inboxes" time="0.783"/><testcase classname="Chrome 53.0" name="Exam Partition #9 - Team Observe | Library: Selection State filters to readable text: It does not return an comparator for campaign_goal predicate" time="0.470"/><testcase classname="Chrome 53.0" name="Exam Partition #9 - Team Observe | Library: Selection State filters to readable text: It does not add an event prefix when not required" time="0.552"/><testcase classname="Chrome 53.0" name="Exam Partition #9 - Team Observe | Library: Selection State filters to readable text: Gets a readable description for Acquire user predicate" time="0.573"/><testcase classname="Chrome 53.0" name="Exam Partition #9 - TemplateLint - embercom/templates/apps/app/users/user.hbs: should pass TemplateLint" time="0.511"/><testcase classname="Chrome 53.0" name="Exam Partition #6 - Team Engage 1 | Integration: Component - Message Editor Stats Reactions Switcher | Integration | Component | message-editor/stats/reactions-switcher: It renders the correct default option on init when selectedReaction is a number" time="0.817"/><testcase classname="Chrome 53.0" name="Exam Partition #6 - TemplateLint - embercom/templates/components/guide/steps/ios-user-initiated-messages-component.hbs: should pass TemplateLint" time="0.479"/><testcase classname="Chrome 53.0" name="Exam Partition #6 - TemplateLint - embercom/templates/components/rules/predicate-mobile-value-component.hbs: should pass TemplateLint" time="0.489"/><testcase classname="Chrome 53.0" name="Exam Partition #6 - TemplateLint - embercom/templates/components/activity-feed-item-user-tagged-component.hbs: should pass TemplateLint" time="0.555"/><testcase classname="Chrome 53.0" name="Exam Partition #10 - Team Growth 1 | Unit: Component - Guide / Steps / Step Footer Component: footerState defaults to ready" time="0.642"/><testcase classname="Chrome 53.0" name="Exam Partition #9 - General | Unit: Component - Admin Avatar Upload: Upload and save avatar successfully" time="0.623"/><testcase classname="Chrome 53.0" name="Exam Partition #7 - Team Growth 2 | Acceptance: CDA Tool Test: The second platform is selected when clicked on" time="2.091"/><testcase classname="Chrome 53.0" name="Exam Partition #7 - Team Growth 2 | Unit: Component - Tutorial Promos: returns the tutorial groups containing tutorials from the same group are passed in" time="0.562"/><testcase classname="Chrome 53.0" name="Exam Partition #7 - Team Growth 2 | Acceptance: CDA Tool Test: The second industry sector is highlighted when clicked on in the Sample Attributes" time="3.144"/><testcase classname="Chrome 53.0" name="Exam Partition #7 - Team Growth 2 | Acceptance: CDA Tool Test: The seventh industry sector is highlighted when clicked on in the Sample Attributes" time="3.094"/><testcase classname="Chrome 53.0" name="Exam Partition #8 - Team Engage 3 | Integration: Messages - Message Preview: Clicking the test email button for the HTML Editor step shows the modal" time="12.963"/><testcase classname="Chrome 53.0" name="Exam Partition #7 - Team Growth 2 | Acceptance: CDA Tool Test: &quot;Your List&quot; counter increments when adding CDAs" time="3.125"/><testcase classname="Chrome 53.0" name="Exam Partition #7 - Team Growth 2 | Unit: Component - Tutorial Promos: returns the first X tutorials when the maximum number of tutorials to display is X" time="0.521"/><testcase classname="Chrome 53.0" name="Exam Partition #6 - Team Support 2 | Integration: Inbox - Single Conversation View: Viewing the single conversation page should set the active inbox" time="11.595"/><testcase classname="Chrome 53.0" name="Exam Partition #6 - Team Growth 1 | Unit: Component – Acquisition / Web Installation Snippet: language defaults to null" time="0.599"/><testcase classname="Chrome 53.0" name="Exam Partition #6 - Team Growth 1 | Unit: Component – Acquisition / Web Installation Snippet: name aliases example.name" time="0.570"/><testcase classname="Chrome 53.0" name="Exam Partition #8 - Team Engage 1 | Integration: Component - Campaigns Entry Editor | Integration | Component | campaigns/setup/campaign-entry-editor: entry stats" time="1.253"/><testcase classname="Chrome 53.0" name="Exam Partition #8 - TemplateLint - embercom/templates/components/guide/steps/messenger-for-sending-to-users-component.hbs: should pass TemplateLint" time="0.472"/><testcase classname="Chrome 53.0" name="Exam Partition #8 - TemplateLint - embercom/templates/components/rules/predicate-string-value-component.hbs: should pass TemplateLint" time="0.498"/><testcase classname="Chrome 53.0" name="Exam Partition #8 - TemplateLint - embercom/templates/components/admin-avatar-with-name-component.hbs: should pass TemplateLint" time="0.492"/><testcase classname="Chrome 53.0" name="Exam Partition #7 - Team Growth 2 | Acceptance: CDA Tool Test: CDA generate page has correct step indicators" time="1.956"/><testcase classname="Chrome 53.0" name="Exam Partition #7 - TemplateLint - embercom/templates/components/activity-feed-item-user-untagged-component.hbs: should pass TemplateLint" time="0.497"/><testcase classname="Chrome 53.0" name="Exam Partition #7 - TemplateLint - embercom/templates/components/guide/-web-integration-custom-data-javascript.hbs: should pass TemplateLint" time="0.554"/><testcase classname="Chrome 53.0" name="Exam Partition #8 - Team Engage 1 | Integration: Component - Campaigns Entry Editor | Integration | Component | campaigns/setup/campaign-entry-editor: Or/And predicates" time="1.338"/><testcase classname="Chrome 53.0" name="Exam Partition #7 - Team Engage 3 | Unit | Validator | push-message-variation-content: push messages are invalid if they have an empty body" time="1.165"/><testcase classname="Chrome 53.0" name="Exam Partition #8 - Team Engage 1 | Integration: Component - Campaigns Entry Editor | Integration | Component | campaigns/setup/campaign-entry-editor: With OR predicates" time="0.968"/><testcase classname="Chrome 53.0" name="Exam Partition #10 - Team Engage 1 | Integration: Messages - Message Editor - Content: Switching between A/B variations should update the composer" time="19.212"/><testcase classname="Chrome 53.0" name="Exam Partition #10 - Team Growth 1 | Unit: Controller – Apps / App / Billing / Summary: hideAddProductsButton returns true if the subscription was cancelled" time="0.666"/><testcase classname="Chrome 53.0" name="Exam Partition #10 - Team Growth 1 | Unit: Component - Guide / Steps / Step Footer Component: waitingMessage has a default" time="0.553"/><testcase classname="Chrome 53.0" name="Exam Partition #6 - Team Engage 1 | Acceptance | campaigns/users: visiting the campaign users page" time="7.347"/><testcase classname="Chrome 53.0" name="Exam Partition #10 - Team Engage 1 | Integration: Component - Campaigns Goal Editor | Integration | Component | campaigns/setup/campaign-goal-editor: with no predicates" time="1.396"/><testcase classname="Chrome 53.0" name="Exam Partition #9 - Team Engage 1 | Integration: Messages - Message Editor - Channel Selector: Page targeting is cleared if delivery target is switched to mobile-first messages" time="22.366"/><testcase classname="Chrome 53.0" name="Exam Partition #7 - Team Growth 2 | Acceptance: CDA Tool Test: CDA video shows correctly" time="6.690"/><testcase classname="Chrome 53.0" name="Exam Partition #9 - Team Observe | Library: Selection State filters to readable text: It does not return a value for campaign_goal predicate" time="0.556"/><testcase classname="Chrome 53.0" name="Exam Partition #9 - Team Observe | Library: Selection State filters to readable text: Gets the comparator and value for an iOS OS version predicate" time="0.478"/><testcase classname="Chrome 53.0" name="Exam Partition #10 - Team Engage 1 | Unit: Component - Message Edit Delivery Window: both selects cannot be open together" time="1.362"/><testcase classname="Chrome 53.0" name="Exam Partition #10 - TemplateLint - embercom/templates/components/common/breadcrumbs-component.hbs: should pass TemplateLint" time="0.486"/><testcase classname="Chrome 53.0" name="Exam Partition #10 - TemplateLint - embercom/templates/components/message-editor/stats/conversations-list.hbs: should pass TemplateLint" time="0.529"/><testcase classname="Chrome 53.0" name="Exam Partition #10 - TemplateLint - embercom/templates/apps/app/messages/partials/show-page/stats.hbs: should pass TemplateLint" time="0.499"/><testcase classname="Chrome 53.0" name="Exam Partition #9 - Team Engage 2 | Unit: Model - Message: canBeSetLive for a live message with a stopped variation is true" time="0.829"/><testcase classname="Chrome 53.0" name="Exam Partition #10 - Team Growth 1 | Unit: Controller – Apps / App / Billing / Summary: onlyHasOneProduct returns false if the customer has more than one active product" time="0.614"/><testcase classname="Chrome 53.0" name="Exam Partition #6 - Team Support 2 | Integration: Inbox - Single Conversation View: Deeplinking to a conversation page redirects to the single page" time="4.534"/><testcase classname="Chrome 53.0" name="Exam Partition #7 - Team Growth 2 | Acceptance: CDA Tool Test: The fifth platform is selected when clicked on" time="2.298"/><testcase classname="Chrome 53.0" name="Exam Partition #10 - Team Engage 1 | Integration: Component - Campaigns Goal Editor | Integration | Component | campaigns/setup/campaign-goal-editor: User type header" time="1.037"/><testcase classname="Chrome 53.0" name="Exam Partition #9 - Team Engage 1 | Integration: Component - Campaigns Exit Editor | Integration | Component | campaigns/setup/campaign-exit-editor: exit stats for leads" time="0.923"/><testcase classname="Chrome 53.0" name="Exam Partition #6 - Team Engage 1 | Integration: Component - Message Editor Stats Reactions Switcher | Integration | Component | message-editor/stats/reactions-switcher: if a specific reaction is selected it is initialized correctly" time="0.987"/><testcase classname="Chrome 53.0" name="Exam Partition #6 - General | Unit: Intercomrades Package Features: verifies subscriptions to basic packages" time="0.502"/><testcase classname="Chrome 53.0" name="Exam Partition #7 - Team Growth 2 | Acceptance: CDA Tool Test: The fourth platform is selected when clicked on" time="1.994"/><testcase classname="Chrome 53.0" name="Exam Partition #6 - Team Growth 2 | Unit: Component - Guide / Steps / Web Integration Visitors Component: isPolling is initialized to true" time="0.623"/><testcase classname="Chrome 53.0" name="Exam Partition #8 - Team Engage 3 | Integration: Messages - Message Preview: Clicking the test email button for the Composer step shows the modal" time="10.973"/><testcase classname="Chrome 53.0" name="Exam Partition #9 - Team Observe | Library: Selection State filters to readable text: Gets a readable eq comparator for user events" time="0.475"/><testcase classname="Chrome 53.0" name="Exam Partition #9 - TemplateLint - embercom/templates/components/integrate-platform-component.hbs: should pass TemplateLint" time="0.502"/><testcase classname="Chrome 53.0" name="Exam Partition #7 - Team Engage 1 | Integration: Component - Message Editor Reactions Statistics Tab | Integration | Component | message-editor/reactions-statistics-tab: Reaction stats update in real-time" time="1.260"/><testcase classname="Chrome 53.0" name="Exam Partition #9 - TemplateLint - embercom/templates/components/settings/messenger/messenger-appearance-component.hbs: should pass TemplateLint" time="0.513"/><testcase classname="Chrome 53.0" name="Exam Partition #9 - TemplateLint - embercom/templates/components/code-example-component.hbs: should pass TemplateLint" time="0.554"/><testcase classname="Chrome 53.0" name="Exam Partition #9 - Team Observe | Library: Selection State filters to readable text: Gets a readable first occurred prefix for user events" time="0.537"/><testcase classname="Chrome 53.0" name="Exam Partition #9 - Team Engage 1 | Integration: Component - Campaigns Exit Editor | Integration | Component | campaigns/setup/campaign-exit-editor: With existing predicates in non-edit mode" time="1.228"/><testcase classname="Chrome 53.0" name="Exam Partition #7 - Team Engage 1 | Integration: Component - Campaigns List Header | Integration | Component | campaigns/list/list-header: click the new auto message button triggers the createNewCampaignMessage action" time="1.391"/><testcase classname="Chrome 53.0" name="Exam Partition #6 - Team Growth 2 | Unit: Component - Guide / Steps / Web Integration Visitors Component: secureModeEnabled is initialized properly" time="0.613"/><testcase classname="Chrome 53.0" name="Exam Partition #7 - Team Engage 3 | Unit | Validator | push-message-variation-content: email messages are valid if they have an empty title or body" time="1.177"/><testcase classname="Chrome 53.0" name="Exam Partition #6 - TemplateLint - embercom/templates/components/messages/editor/message-channel-editor-component.hbs: should pass TemplateLint" time="0.474"/><testcase classname="Chrome 53.0" name="Exam Partition #6 - TemplateLint - embercom/templates/apps/app/messages/partials/editor/-minimized-message-goal-editor.hbs: should pass TemplateLint" time="0.500"/><testcase classname="Chrome 53.0" name="Exam Partition #6 - TemplateLint - embercom/templates/components/message-editor/review/review-wrapper.hbs: should pass TemplateLint" time="0.496"/><testcase classname="Chrome 53.0" name="Exam Partition #6 - TemplateLint - embercom/templates/components/partials/-intercom-select-dropdown.hbs: should pass TemplateLint" time="0.543"/><testcase classname="Chrome 53.0" name="Exam Partition #6 - TemplateLint - embercom/templates/components/settings/messenger/inbound-only-features-component.hbs: should pass TemplateLint" time="0.499"/><testcase classname="Chrome 53.0" name="Exam Partition #7 - Team Growth 2 | Unit: Component - Tutorial Promos: returns all the tutorial groups if no maximum number of tutorials to show is specified" time="0.620"/><testcase classname="Chrome 53.0" name="Exam Partition #7 - General | Library: Emoji: convert an emoji into an image when there's no native support" time="0.607"/><testcase classname="Chrome 53.0" name="Exam Partition #7 - Team Engage 1 | Integration: Component - Campaigns List Header | Integration | Component | campaigns/list/list-header: setting the spacing option" time="1.384"/><testcase classname="Chrome 53.0" name="Exam Partition #10 - Team Engage 1 | Integration: Messages - Message Editor - Content: A/B messages are possible for auto messages" time="9.568"/><testcase classname="Chrome 53.0" name="Exam Partition #8 - Team Support 2 | Acceptance: Educate article tests: Create finished article" time="9.464"/><testcase classname="Chrome 53.0" name="Exam Partition #7 - Team Growth 2 | Acceptance: CDA Tool Test: The fifth industry sector is highlighted when clicked on in the Sample Attributes" time="3.620"/><testcase classname="Chrome 53.0" name="Exam Partition #8 - Team Engage 1 | Integration: Component - Campaigns Entry Editor | Integration | Component | campaigns/setup/campaign-entry-editor: Role predicates in non-edit mode" time="1.044"/><testcase classname="Chrome 53.0" name="Exam Partition #7 - Team Growth 2 | Unit: Component - Tutorial Promos: returns the tutorial groups containing tutorials spanning different groups are passed in" time="0.555"/><testcase classname="Chrome 53.0" name="Exam Partition #6 - Team Support 2 | Integration: Inbox - Single Conversation View: A part is added when we recieve a thread_assigned event" time="8.085"/><testcase classname="Chrome 53.0" name="Exam Partition #8 - Team Engage 1 | Integration: Component - Campaigns Entry Editor | Integration | Component | campaigns/setup/campaign-entry-editor: With role predicates already set in edit mode" time="1.050"/><testcase classname="Chrome 53.0" name="Exam Partition #6 - Team Growth 2 | Unit: Component - Tooltip And Feature Upgrade Prompt Hover Component: enables tooltip if feature can be used by app" time="0.604"/><testcase classname="Chrome 53.0" name="Exam Partition #8 - Team Engage 1 | Unit: Model – Message Delivery Window: Summary works for mixed weekend/weekdays" time="0.528"/><testcase classname="Chrome 53.0" name="Exam Partition #6 - Team Engage 1 | Integration: Component - Message Editor Stats Reactions Switcher | Integration | Component | message-editor/stats/reactions-switcher: It renders the correct default option on init when selectedReaction is a string" time="0.944"/><testcase classname="Chrome 53.0" name="Exam Partition #7 - Team Growth 2 | Acceptance: CDA Tool Test: CDA adding page has correct step indicators" time="2.604"/><testcase classname="Chrome 53.0" name="Exam Partition #8 - General | Unit: Component User Companies With Icon Pattern: Can apply media layout" time="0.565"/><testcase classname="Chrome 53.0" name="Exam Partition #9 - Team Engage 1 | Integration: Messages - Message Editor - Channel Selector: Push notifications are only available for inapps" time="13.008"/><testcase classname="Chrome 53.0" name="Exam Partition #7 - Team Growth 2 | Acceptance: CDA Tool Test: The fourth industry sector is highlighted when clicked on in the Sample Attributes" time="2.295"/><testcase classname="Chrome 53.0" name="Exam Partition #8 - General | Library: Excerpt: Generating excerpts shorter than strings" time="0.465"/><testcase classname="Chrome 53.0" name="Exam Partition #8 - TemplateLint - embercom/templates/components/messages/editor/message-device-switch-component.hbs: should pass TemplateLint" time="0.526"/><testcase classname="Chrome 53.0" name="Exam Partition #8 - TemplateLint - embercom/templates/apps/app/messages/partials/editor/-minimized-message-send-until-editor.hbs: should pass TemplateLint" time="0.507"/><testcase classname="Chrome 53.0" name="Exam Partition #8 - TemplateLint - embercom/templates/components/message-editor/schedule-component.hbs: should pass TemplateLint" time="0.516"/><testcase classname="Chrome 53.0" name="Exam Partition #8 - TemplateLint - embercom/templates/components/partials/-simple-composer.hbs: should pass TemplateLint" time="0.496"/><testcase classname="Chrome 53.0" name="Exam Partition #8 - TemplateLint - embercom/templates/components/settings/messenger/locale-textarea-with-count-component.hbs: should pass TemplateLint" time="0.529"/><testcase classname="Chrome 53.0" name="Exam Partition #7 - Team Growth 1 | Unit: Model – Invoice Line Item: metadata aliases work correctly" time="0.508"/><testcase classname="Chrome 53.0" name="Exam Partition #7 - Team Support 2 | Unit: Component - Inbox - Nav List: _getInboxesForSelectedGroupInbox returns team members inboxes when selectedGroupInbox is a team inbox" time="0.856"/><testcase classname="Chrome 53.0" name="Exam Partition #10 - Team Engage 1 | Integration: Messages - Message Editor - Content: A/B messages are not possible for manual messages with ember_engage_messenger_v3 enabled" time="8.304"/><testcase classname="Chrome 53.0" name="Exam Partition #8 - Team Engage 1 | Integration: Component - Campaigns Entry Editor | Integration | Component | campaigns/setup/campaign-entry-editor: Predefined segment predicate descriptions are displayed" time="1.022"/><testcase classname="Chrome 53.0" name="Exam Partition #8 - General | Library: Excerpt: Generating excerpts longer than strings" time="0.467"/><testcase classname="Chrome 53.0" name="Exam Partition #7 - Team Engage 3 | Unit | Validator | push-message-variation-content: in-app messages are valid if they have an empty title or body" time="0.711"/><testcase classname="Chrome 53.0" name="Exam Partition #10 - Team Support 2 | Unit: Lib - Inbox Conversation List: Sorting" time="0.498"/><testcase classname="Chrome 53.0" name="Exam Partition #10 - Team Support 2 | Unit: Lib - Inbox Conversation List: nextUnlocked works on the sorted order not the natural order" time="0.588"/><testcase classname="Chrome 53.0" name="Exam Partition #8 - Team Engage 1 | Integration: Component - Campaigns Entry Editor | Integration | Component | campaigns/setup/campaign-entry-editor: in non-edit state" time="1.282"/><testcase classname="Chrome 53.0" name="Exam Partition #6 - Team Support 2 | Integration: Inbox - Single Conversation View: A part is added when we recieve a thread_reopened event" time="5.357"/><testcase classname="Chrome 53.0" name="Exam Partition #6 - TemplateLint - embercom/templates/components/tooltips/user-hovercard.hbs: should pass TemplateLint" time="0.453"/><testcase classname="Chrome 53.0" name="Exam Partition #6 - Team Growth 1 | Unit: Component – Acquisition / Web Installation Snippet: example returns the language’s example" time="0.653"/><testcase classname="Chrome 53.0" name="Exam Partition #7 - Team Growth 2 | Acceptance: CDA Tool Test: The sixth industry sector is highlighted when clicked on in the Sample Attributes" time="2.431"/><testcase classname="Chrome 53.0" name="Exam Partition #6 - TemplateLint - embercom/templates/apps/app/acquire/messages/live.hbs: should pass TemplateLint" time="0.466"/><testcase classname="Chrome 53.0" name="Exam Partition #8 - Team Engage 1 | Integration: Component - Campaigns Entry Editor | Integration | Component | campaigns/setup/campaign-entry-editor: User type header" time="0.976"/><testcase classname="Chrome 53.0" name="Exam Partition #8 - TemplateLint - embercom/templates/components/tutorial-groups-component.hbs: should pass TemplateLint" time="0.483"/><testcase classname="Chrome 53.0" name="Exam Partition #7 - Team Growth 2 | Unit: Component - Tutorial Promos: numTutorialsGreaterThanMax false when the number of tutorials is less than the maximum to be shown" time="0.540"/><testcase classname="Chrome 53.0" name="Exam Partition #6 - Team Engage 1 | Integration: Component - Message Editor Stats Reactions Switcher | Integration | Component | message-editor/stats/reactions-switcher: It shows all the correct options in the dropdown" time="1.098"/><testcase classname="Chrome 53.0" name="Exam Partition #6 - TemplateLint - embercom/templates/components/insights/variation-stats-cell-component.hbs: should pass TemplateLint" time="0.463"/><testcase classname="Chrome 53.0" name="Exam Partition #6 - Team Engage 3 | Unit | Validator | page-target-string: if page targeting is enabled" time="0.561"/><testcase classname="Chrome 53.0" name="Exam Partition #6 - Team Growth 1 | Unit: Component – Acquisition / Web Installation Snippet: createdAt aliases example.createdAt" time="0.526"/><testcase classname="Chrome 53.0" name="Exam Partition #7 - Team Growth 2 | Acceptance: CDA Tool Test: The eighth industry sector is highlighted when clicked on in the Sample Attributes" time="2.463"/><testcase classname="Chrome 53.0" name="Exam Partition #10 - Team Support 2 | Acceptance: Educate collection tests 2: Create a new collection" time="5.197"/><testcase classname="Chrome 53.0" name="Exam Partition #10 - Team Support 2 | Unit: Lib - Inbox Conversation List: previousUnlocked" time="0.548"/><testcase classname="Chrome 53.0" name="Exam Partition #7 - Team Growth 2 | Unit: Component - Tutorial Promos: show product name of show additional tutorials link" time="0.556"/><testcase classname="Chrome 53.0" name="Exam Partition #7 - TemplateLint - embercom/templates/apps/app/engage/messages/manual/sent-via-api.hbs: should pass TemplateLint" time="0.459"/><testcase classname="Chrome 53.0" name="Exam Partition #9 - Team Engage 1 | Integration: Messages - Message Editor - Channel Selector: Page targeting validation" time="8.949"/><testcase classname="Chrome 53.0" name="Exam Partition #10 - Team Engage 1 | Integration: Component - Campaigns Goal Editor | Integration | Component | campaigns/setup/campaign-goal-editor: Adding predicates" time="1.133"/><testcase classname="Chrome 53.0" name="Exam Partition #7 - Team Growth 1 | Unit: Model – Invoice Line Item: hasUserOrPeopleCount returns true if either user_count or people_count is present" time="0.571"/><testcase classname="Chrome 53.0" name="Exam Partition #9 - Team Engage 2 | Unit: Model - Message: #isAutoMessage, #isCampaignMessage, #isManualMessage, #isVisitorAutoMessage, etc. for manual messages" time="1.064"/><testcase classname="Chrome 53.0" name="Exam Partition #10 - Team Engage 1 | Integration: Component - Campaigns Goal Editor | Integration | Component | campaigns/setup/campaign-goal-editor: Existing predicates in edit mode" time="1.031"/><testcase classname="Chrome 53.0" name="Exam Partition #7 - Team Engage 1 | Integration: Component - Campaigns List Header | Integration | Component | campaigns/list/list-header: setting the spacing option to zero initially" time="0.795"/><testcase classname="Chrome 53.0" name="Exam Partition #9 - Team Engage 2 | Unit: Model - Message: hasGoal returns correct value for message with goal" time="0.695"/><testcase classname="Chrome 53.0" name="Exam Partition #8 - Team Engage 3 | Integration: Messages - Message Preview: HTML Editor: Apps awaiting email approval should not be able to send test emails" time="5.500"/><testcase classname="Chrome 53.0" name="Exam Partition #8 - TemplateLint - embercom/templates/apps/app/acquire/messages/message/show.hbs: should pass TemplateLint" time="0.471"/><testcase classname="Chrome 53.0" name="Exam Partition #10 - Team Growth 1 | Unit: Component - Guide / Steps / Step Footer Component: isComplete is true when footerState is complete" time="0.589"/><testcase classname="Chrome 53.0" name="Exam Partition #7 - General | Library: Emoji: Handles trademark symbol without exploding" time="0.471"/><testcase classname="Chrome 53.0" name="Exam Partition #7 - General | Library: Emoji: Get the sticker identifier" time="0.549"/><testcase classname="Chrome 53.0" name="Exam Partition #10 - Team Growth 1 | Unit: Component - Guide / Steps / Step Footer Component: isPolling defaults to false" time="0.538"/><testcase classname="Chrome 53.0" name="Exam Partition #10 - Team Support 2 | Unit: Lib - Inbox Conversation List: Pruning locked convos" time="0.509"/><testcase classname="Chrome 53.0" name="Exam Partition #6 - Team Support 2 | Integration: Inbox - Single Conversation View: Inputting text and clicking reply should create a comment" time="4.785"/><testcase classname="Chrome 53.0" name="Exam Partition #8 - Team Engage 1 | Integration: Component - Campaigns Entry Editor | Integration | Component | campaigns/setup/campaign-entry-editor: Role predicates in edit mode" time="1.149"/><testcase classname="Chrome 53.0" name="Exam Partition #10 - Team Growth 1 | Unit: Controller – Apps / App / Billing / Summary: onlyHasOneProduct returns true if the app has only one active product" time="0.574"/><testcase classname="Chrome 53.0" name="Exam Partition #8 - TemplateLint - embercom/templates/components/insights/variation-stats-header-cell-component.hbs: should pass TemplateLint" time="0.499"/><testcase classname="Chrome 53.0" name="Exam Partition #10 - Team Growth 1 | Unit: Controller – Apps / App / Billing / Summary: hideEndSubscriptionButton returns true if the subscription will be cancelled" time="0.580"/><testcase classname="Chrome 53.0" name="Exam Partition #7 - Team Growth 2 | Acceptance: CDA Tool Test: The first platform is selected when clicked on" time="1.873"/><testcase classname="Chrome 53.0" name="Exam Partition #7 - TemplateLint - embercom/templates/apps/app/integrations-hub/static/mailchimp-import.hbs: should pass TemplateLint" time="0.482"/><testcase classname="Chrome 53.0" name="Exam Partition #10 - Team Growth 1 | Unit: Component - Guide / Steps / Step Footer Component: hasNextStep defaults to false" time="0.590"/><testcase classname="Chrome 53.0" name="Exam Partition #10 - TemplateLint - embercom/templates/components/guide/steps/organize-content-component.hbs: should pass TemplateLint" time="0.477"/><testcase classname="Chrome 53.0" name="Exam Partition #9 - Team Support 2 | Acceptance: Educate collection tests: Create a new collection" time="4.504"/><testcase classname="Chrome 53.0" name="Exam Partition #10 - Team Growth 1 | Unit: Controller – Apps / App / Billing / Summary: customer aliases the model" time="0.553"/><testcase classname="Chrome 53.0" name="Exam Partition #7 - Team Growth 2 | Acceptance: CDA Tool Test: Next button is highlighted only when a CDA is added" time="2.292"/><testcase classname="Chrome 53.0" name="Exam Partition #9 - Team Engage 2 | Unit: Model - Message: canBeEdited for a draft manual message is true" time="0.866"/><testcase classname="Chrome 53.0" name="Exam Partition #10 - TemplateLint - embercom/templates/apps/app/direct-messages/loading.hbs: should pass TemplateLint" time="0.458"/><testcase classname="Chrome 53.0" name="Exam Partition #10 - TemplateLint - embercom/templates/components/guide/-web-integration-custom-data-wordpress.hbs: should pass TemplateLint" time="0.523"/><testcase classname="Chrome 53.0" name="Exam Partition #10 - Team Support 2 | Unit: Lib - Inbox Conversation List: Clearing" time="0.540"/><testcase classname="Chrome 53.0" name="Exam Partition #9 - Team Engage 2 | Unit: Model - Message: canBePaused for a live auto message is true" time="0.782"/><testcase classname="Chrome 53.0" name="Exam Partition #6 - Team Support 2 | Integration: Inbox - Single Conversation View: A part is added when we recieve a thread_updated event" time="5.011"/><testcase classname="Chrome 53.0" name="Exam Partition #9 - Team Engage 2 | Unit: Model - Message: hasDeliveryWindow returns correct value for message with a delivery window" time="0.732"/><testcase classname="Chrome 53.0" name="Exam Partition #10 - Team Growth 1 | Unit: Component - Guide / Steps / Step Footer Component: callToAction has a default" time="0.537"/><testcase classname="Chrome 53.0" name="Exam Partition #10 - Team Support 2 | Unit: Lib - Inbox Conversation List: Convos locked for realtime are not removed" time="0.484"/><testcase classname="Chrome 53.0" name="Exam Partition #10 - TemplateLint - embercom/templates/components/integrations-hub/breadcrumbs-component.hbs: should pass TemplateLint" time="0.467"/><testcase classname="Chrome 53.0" name="Exam Partition #7 - Team Support 2 | Unit: Component - Inbox - Nav List: _getInboxesForSelectedGroupInbox returns adminInboxes when selectedGroupInbox is not a team inbox" time="0.920"/><testcase classname="Chrome 53.0" name="Exam Partition #7 - General | Library: Emoji: Get the sticker" time="0.512"/><testcase classname="Chrome 53.0" name="Exam Partition #7 - TemplateLint - embercom/templates/components/message-editor/review/title-component.hbs: should pass TemplateLint" time="0.500"/><testcase classname="Chrome 53.0" name="Exam Partition #9 - Team Engage 1 | Integration: Component - Campaigns Exit Editor | Integration | Component | campaigns/setup/campaign-exit-editor: User type header" time="0.869"/><testcase classname="Chrome 53.0" name="Exam Partition #6 - Team Engage 1 | Integration: Component - Message Editor Stats Reactions Switcher | Integration | Component | message-editor/stats/reactions-switcher: It renders the correct default option on init" time="0.723"/><testcase classname="Chrome 53.0" name="Exam Partition #10 - Team Growth 1 | Unit: Controller – Apps / App / Billing / Summary: canEstimatePrice returns false if latest user count is 50k or more people" time="0.546"/><testcase classname="Chrome 53.0" name="Exam Partition #6 - TemplateLint - embercom/templates/apps/app/engage/messages/manual/scheduled.hbs: should pass TemplateLint" time="0.464"/><testcase classname="Chrome 53.0" name="Exam Partition #6 - TemplateLint - embercom/templates/notifications/folders/-message-removal.hbs: should pass TemplateLint" time="0.499"/><testcase classname="Chrome 53.0" name="Exam Partition #8 - Team Engage 3 | Integration: Messages - Message Preview: Composer: Apps awaiting email approval should not be able to send test emails" time="6.874"/><testcase classname="Chrome 53.0" name="Exam Partition #7 - Team Growth 2 | Acceptance: CDA Tool Test: Add attribute page first row has correct placeholder text and default values" time="1.733"/><testcase classname="Chrome 53.0" name="Exam Partition #10 - Team Support 2 | Unit: Lib - Inbox Conversation List: nearestUnlockedConversation" time="0.505"/><testcase classname="Chrome 53.0" name="Exam Partition #10 - Team Support 2 | Unit: Lib - Inbox Conversation List: nextUnlocked skips convos locked for realtime" time="0.509"/><testcase classname="Chrome 53.0" name="Exam Partition #10 - TemplateLint - embercom/templates/components/messages/editor/message-goal-editor-component.hbs: should pass TemplateLint" time="0.454"/><testcase classname="Chrome 53.0" name="Exam Partition #9 - Team Engage 1 | Integration: Component - Campaigns Exit Editor | Integration | Component | campaigns/setup/campaign-exit-editor: Adding predicates" time="1.200"/><testcase classname="Chrome 53.0" name="Exam Partition #9 - Team Observe | Library: Selection State filters to readable text: Gets the comparator and value for an absolute date predicate" time="0.478"/><testcase classname="Chrome 53.0" name="Exam Partition #8 - Team Engage 1 | Integration: Component - Campaigns Entry Editor | Integration | Component | campaigns/setup/campaign-entry-editor: Segment predicate descriptions are displayed" time="0.992"/><testcase classname="Chrome 53.0" name="Exam Partition #10 - Team Growth 1 | Unit: Controller – Apps / App / Billing / Summary: hideAddProductsButton returns true if the customer is on a custom pricing plan" time="0.582"/><testcase classname="Chrome 53.0" name="Exam Partition #9 - General | Unit: Component - Admin Avatar Upload: Fail avatar upload due to file ending" time="0.600"/><testcase classname="Chrome 53.0" name="Exam Partition #8 - Team Engage 1 | Integration: Component - Campaigns Entry Editor | Integration | Component | campaigns/setup/campaign-entry-editor: With existing predicates in edit mode" time="1.225"/><testcase classname="Chrome 53.0" name="Exam Partition #7 - Team Growth 2 | Acceptance: CDA Tool Test: The third platform is selected when clicked on" time="2.046"/><testcase classname="Chrome 53.0" name="Exam Partition #6 - Team Support 2 | Integration: Inbox - Single Conversation View: The single conversation page has no conversation list" time="3.195"/><testcase classname="Chrome 53.0" name="Exam Partition #9 - Team Engage 2 | Unit: Model - Message: #isAutoMessage, #isCampaignMessage, #isManualMessage, #isVisitorAutoMessage, etc. for visitor auto messages" time="0.914"/><testcase classname="Chrome 53.0" name="Exam Partition #10 - Team Engage 3 | Integration: Component - Message Editor Stats Deleted Users Info | Integration | Component | message-editor/stats/tables/deleted-users-info-row: The component renders correctly with inflection" time="1.197"/><testcase classname="Chrome 53.0" name="Exam Partition #9 - Team Observe | Library: Selection State filters to readable text: Gets a readable last occurred prefix for user events" time="0.470"/><testcase classname="Chrome 53.0" name="Exam Partition #10 - Team Support 2 | Unit: Lib - Inbox Conversation List: Locked items includes conversations locked for realtime" time="0.526"/><testcase classname="Chrome 53.0" name="Exam Partition #9 - Team Engage 2 | Unit: Model - Message: State properties are correct" time="0.779"/><testcase classname="Chrome 53.0" name="Exam Partition #7 - Team Growth 2 | Acceptance: CDA Tool Test: The third industry sector is highlighted when clicked on in the Sample Attributes" time="1.405"/><testcase classname="Chrome 53.0" name="Exam Partition #10 - Team Growth 1 | Unit: Component - Guide / Steps / Step Footer Component: isReadyState is true when footerState is set to ready" time="0.580"/><testcase classname="Chrome 53.0" name="Exam Partition #10 - Team Support 2 | Unit: Lib - Inbox Conversation List: Adding items" time="0.457"/><testcase classname="Chrome 53.0" name="Exam Partition #8 - Team Engage 1 | Integration: Component - Campaigns Entry Editor | Integration | Component | campaigns/setup/campaign-entry-editor: title with leads" time="0.737"/><testcase classname="Chrome 53.0" name="Exam Partition #8 - TemplateLint - embercom/templates/apps/app/engage/messages/manual/sent.hbs: should pass TemplateLint" time="0.479"/><testcase classname="Chrome 53.0" name="Exam Partition #8 - TemplateLint - embercom/templates/partials/-insights-per-variation-stats.hbs: should pass TemplateLint" time="0.502"/><testcase classname="Chrome 53.0" name="Exam Partition #6 - Team Engage 3 | Unit | Validator | page-target-string: if page targeting is disabled" time="0.550"/><testcase classname="Chrome 53.0" name="Exam Partition #9 - General | Unit: Component - Admin Avatar Upload: Fail avatar upload due to failed upload" time="0.516"/><testcase classname="Chrome 53.0" name="Exam Partition #7 - General | Unit: Component - Admin About: only editable attributes should be changed and original attributes should remain intact" time="0.535"/><testcase classname="Chrome 53.0" name="Exam Partition #7 - TemplateLint - embercom/templates/components/insights/variation-stats-component.hbs: should pass TemplateLint" time="0.475"/><testcase classname="Chrome 53.0" name="Exam Partition #6 - TemplateLint - embercom/templates/apps/app/integrations-hub/static/hipchat.hbs: should pass TemplateLint" time="0.456"/><testcase classname="Chrome 53.0" name="Exam Partition #6 - TemplateLint - embercom/templates/components/date-select-component.hbs: should pass TemplateLint" time="0.478"/><testcase classname="Chrome 53.0" name="Exam Partition #6 - TemplateLint - embercom/templates/components/change-item-component.hbs: should pass TemplateLint" time="0.597"/><testcase classname="Chrome 53.0" name="Exam Partition #10 - Team Growth 1 | Unit: Controller – Apps / App / Billing / Summary: hideEndSubscriptionButton otherwise returns false by default" time="0.558"/><testcase classname="Chrome 53.0" name="Exam Partition #10 - TemplateLint - embercom/templates/partials/conversation/controls/icon-highlight.hbs: should pass TemplateLint" time="0.489"/><testcase classname="Chrome 53.0" name="Exam Partition #9 - TemplateLint - embercom/templates/components/partials/-tag-or-segment-visibility-popover-component-metadata.hbs: should pass TemplateLint" time="0.518"/><testcase classname="Chrome 53.0" name="Exam Partition #9 - Team Observe | Library: Selection State filters to readable text: Gets a readable count prefix for user events" time="0.543"/><testcase classname="Chrome 53.0" name="Exam Partition #7 - Team Growth 2 | Unit: Component - Tutorial Promos: notShowProductNameInAdditionalTutorialsLink true when product name is not passed" time="0.586"/><testcase classname="Chrome 53.0" name="Exam Partition #8 - Team Engage 1 | Integration: Component - Campaigns Entry Editor | Integration | Component | campaigns/setup/campaign-entry-editor: Adding predicates" time="0.884"/><testcase classname="Chrome 53.0" name="Exam Partition #6 - Team Growth 1 | Unit: Component – Acquisition / Web Installation Snippet: appIdCode defaults to null" time="0.585"/><testcase classname="Chrome 53.0" name="Exam Partition #6 - Team Growth 1 | Unit: Component – Acquisition / Web Installation Snippet: PHP example" time="0.575"/><testcase classname="Chrome 53.0" name="Exam Partition #10 - Team Engage 3 | Integration: Component - Message Editor Stats Deleted Users Info | Integration | Component | message-editor/stats/tables/deleted-users-info-row: The component renders correctly for users on a multivariant message" time="0.733"/><testcase classname="Chrome 53.0" name="Exam Partition #10 - TemplateLint - embercom/templates/components/partials/activities/-activity-icon.hbs: should pass TemplateLint" time="0.478"/><testcase classname="Chrome 53.0" name="Exam Partition #8 - TemplateLint - embercom/templates/apps/app/integrations-hub/static/mailchimp-sync.hbs: should pass TemplateLint" time="0.476"/><testcase classname="Chrome 53.0" name="Exam Partition #8 - TemplateLint - embercom/templates/components/deferred-render.hbs: should pass TemplateLint" time="0.547"/><testcase classname="Chrome 53.0" name="Exam Partition #8 - TemplateLint - embercom/templates/components/character-counter.hbs: should pass TemplateLint" time="0.486"/><testcase classname="Chrome 53.0" name="Exam Partition #10 - Team Growth 1 | Unit: Component - Guide / Steps / Step Footer Component: skippedMessage has a default" time="0.540"/><testcase classname="Chrome 53.0" name="Exam Partition #7 - Team Growth 1 | Unit: Model – Invoice Line Item: formattedPackageNames formats the package names from metadata correctly" time="0.571"/><testcase classname="Chrome 53.0" name="Exam Partition #7 - TemplateLint - embercom/templates/apps/app/confirm-modal.hbs: should pass TemplateLint" time="0.469"/><testcase classname="Chrome 53.0" name="Exam Partition #7 - TemplateLint - embercom/templates/apps/app/settings/company-segments.hbs: should pass TemplateLint" time="0.482"/><testcase classname="Chrome 53.0" name="Exam Partition #9 - Team Engage 2 | Unit: Model - Message: canBeEdited for a live manual message is false" time="0.802"/><testcase classname="Chrome 53.0" name="Exam Partition #9 - TemplateLint - embercom/templates/apps/app/settings/email-templates/edit-template.hbs: should pass TemplateLint" time="0.459"/><testcase classname="Chrome 53.0" name="Exam Partition #9 - TemplateLint - embercom/templates/components/messages/editor/message-expand-switch-component.hbs: should pass TemplateLint" time="0.491"/><testcase classname="Chrome 53.0" name="Exam Partition #6 - Team Growth 1 | Unit: Component – Acquisition / Web Installation Snippet: example returns the unknown example if the language is unknown" time="0.495"/><testcase classname="Chrome 53.0" name="Exam Partition #8 - Team Engage 1 | Integration: Component - Message Editor Stats Tab Container | Integration | Component | message-editor/stats/tab-container: Is shown for non-draft variations" time="0.691"/><testcase classname="Chrome 53.0" name="Exam Partition #10 - Team Growth 1 | Unit: Controller – Apps / App / Billing / Summary: products only returns products that the subscription has" time="0.528"/><testcase classname="Chrome 53.0" name="Exam Partition #7 - General | Unit: Component - Admin About: model should be clean when editable attributes are restored" time="0.577"/><testcase classname="Chrome 53.0" name="Exam Partition #6 - General | Library: Email: getDomainName" time="0.497"/><testcase classname="Chrome 53.0" name="Exam Partition #6 - General | Library: Email: isValidEmail" time="0.583"/><testcase classname="Chrome 53.0" name="Exam Partition #8 - General | Unit: Component User Companies With Icon Pattern: Company updates when user changes" time="0.582"/><testcase classname="Chrome 53.0" name="Exam Partition #7 - Team Growth 2 | Unit: Component - Tutorial Promos: returns all tutorials for a product if product key is passed in" time="0.568"/><testcase classname="Chrome 53.0" name="Exam Partition #9 - Team Engage 2 | Unit: Model - Message: Message is invalid when a reason is given for preventing go-live" time="0.760"/><testcase classname="Chrome 53.0" name="Exam Partition #6 - Team Growth 1 | Unit: Component – Acquisition / Web Installation Snippet: example returns the unknown example if there’s language set" time="0.642"/><testcase classname="Chrome 53.0" name="Exam Partition #9 - Team Observe | Library: Selection State filters to readable text: Gets the comparator and value for a boolean predicate" time="0.466"/><testcase classname="Chrome 53.0" name="Exam Partition #8 - Team DX | Unit | Component | Facebook Connect Button: has correct scope for app" time="0.784"/><testcase classname="Chrome 53.0" name="Exam Partition #6 - Team Growth 1 | Unit: Component – Acquisition / Web Installation Snippet: Unknown example" time="0.605"/><testcase classname="Chrome 53.0" name="Exam Partition #8 - Team Engage 1 | Unit: Model – Message Delivery Window: Summary works for weekends" time="0.523"/><testcase classname="Chrome 53.0" name="Exam Partition #8 - Team Engage 1 | Unit: Model – Message Delivery Window: Summary works for weekdays" time="0.544"/><testcase classname="Chrome 53.0" name="Exam Partition #7 - Team Growth 2 | Acceptance: CDA Tool Test: The first platform is selected on initial load" time="1.779"/><testcase classname="Chrome 53.0" name="Exam Partition #8 - General | Unit: Component - Admin About Section Profile Location Component: cityName and countryName should be same as the location data provided" time="0.546"/><testcase classname="Chrome 53.0" name="Exam Partition #9 - Team Engage 2 | Unit: Model - Message: Message type" time="0.987"/><testcase classname="Chrome 53.0" name="Exam Partition #9 - TemplateLint - embercom/templates/components/rules/predicate-tag-value-component.hbs: should pass TemplateLint" time="0.485"/><testcase classname="Chrome 53.0" name="Exam Partition #9 - Team Observe | Library: Selection State filters to readable text: It allows you to use a custom FilterMap with increased/decreased dates" time="0.487"/><testcase classname="Chrome 53.0" name="Exam Partition #8 - Team DX | Unit | Component | Facebook Connect Button: has correct scope for app when messenger integration enabled" time="0.986"/><testcase classname="Chrome 53.0" name="Exam Partition #9 - Team Engage 2 | Unit: Model - Message: canBeSetLive for a draft message is true" time="1.056"/><testcase classname="Chrome 53.0" name="Exam Partition #7 - Team Growth 2 | Acceptance: CDA Tool Test: Add attributes page can add additional rows" time="2.429"/><testcase classname="Chrome 53.0" name="Exam Partition #8 - Team Engage 1 | Integration: Component - Campaigns Entry Editor | Integration | Component | campaigns/setup/campaign-entry-editor: With existing predicates in non-edit mode" time="0.999"/><testcase classname="Chrome 53.0" name="Exam Partition #9 - Team Engage 2 | Unit: Model - Message: hasDeliveryWindow returns correct value for message without a delivery window" time="0.839"/><testcase classname="Chrome 53.0" name="Exam Partition #9 - TemplateLint - embercom/templates/components/tutorial-promo-component.hbs: should pass TemplateLint" time="0.461"/><testcase classname="Chrome 53.0" name="Exam Partition #6 - Team Support 2 | Integration: Inbox - Single Conversation View: A part is added when we recieve a thread_closed event" time="4.849"/><testcase classname="Chrome 53.0" name="Exam Partition #9 - Team Engage 2 | Unit: Model - Message: app.visitorAutoMessageCount should decrement by 1 when message is deactivated" time="1.239"/><testcase classname="Chrome 53.0" name="Exam Partition #9 - Team Observe | Library: Selection State filters to readable text: It does not return an comparator for campaign_behavior predicate" time="0.461"/><testcase classname="Chrome 53.0" name="Exam Partition #7 - Team Growth 2 | Acceptance: CDA Tool Test: Go to the generate page" time="2.474"/><testcase classname="Chrome 53.0" name="Exam Partition #7 - TemplateLint - embercom/templates/apps/app/acquire/messages/message/edit.hbs: should pass TemplateLint" time="0.471"/><testcase classname="Chrome 53.0" name="Exam Partition #9 - Team Engage 3 | Integration: Component - Message Editor Stats Additional Users Info | Integration | Component | message-editor/stats/tables/additional-users-info-row: The component renders correctly for users" time="1.035"/><testcase classname="Chrome 53.0" name="Exam Partition #7 - General | Unit: Component - Admin About: model should be dirty when editable attributes are changed" time="0.612"/><testcase classname="Chrome 53.0" name="Exam Partition #9 - Team Engage 2 | Unit: Model - Message: canBePaused for a live campaign message is true" time="0.887"/><testcase classname="Chrome 53.0" name="Exam Partition #9 - Team Engage 2 | Unit: Model - Message: #isAutoMessage, #isCampaignMessage, #isManualMessage, #isVisitorAutoMessage, etc. for auto messages" time="0.925"/><testcase classname="Chrome 53.0" name="Exam Partition #9 - Team Engage 1 | Unit: Message Display Until Editor Component: component is initialized correctly with a display_until date set" time="0.768"/><testcase classname="Chrome 53.0" name="Exam Partition #7 - Team Growth 2 | Acceptance: CDA Tool Test: Landing page has correct step indicators" time="1.877"/><testcase classname="Chrome 53.0" name="Exam Partition #9 - Team Engage 2 | Unit: Model - Message: Message is valid when no reason is given for preventing go-live" time="0.931"/><testcase classname="Chrome 53.0" name="Exam Partition #10 - Team Engage 1 | Integration: Messages - Message Editor - Content: Adding a reaction" time="11.590"/><testcase classname="Chrome 53.0" name="Exam Partition #8 - Team Support 2 | Acceptance: Educate article tests: Create draft article" time="7.323"/><testcase classname="Chrome 53.0" name="Exam Partition #9 - Team Engage 2 | Unit: Model - Message: Belongs to campaign is false when there's no campaign" time="0.882"/><testcase classname="Chrome 53.0" name="Exam Partition #7 - Team Growth 2 | Acceptance: CDA Tool Test: The first industry sector is highlighted when arriving on Sample Attributes" time="2.069"/><testcase classname="Chrome 53.0" name="Exam Partition #8 - Team Engage 1 | Unit: Model – Message Delivery Window: Default Message Delivery Window has correct values" time="0.522"/><testcase classname="Chrome 53.0" name="Exam Partition #8 - TemplateLint - embercom/templates/apps/app/users/user-not-found.hbs: should pass TemplateLint" time="0.456"/><testcase classname="Chrome 53.0" name="Exam Partition #9 - Team Engage 1 | Integration: Component - Campaigns Exit Editor | Integration | Component | campaigns/setup/campaign-exit-editor: exit stats" time="0.940"/><testcase classname="Chrome 53.0" name="Exam Partition #8 - Team Engage 1 | Unit: Model – Message Delivery Window: Summary works for everyday" time="0.548"/><testcase classname="Chrome 53.0" name="Exam Partition #6 - Team Engage 1 | Acceptance | campaigns/users: you can navigate to campaign users list" time="7.828"/><testcase classname="Chrome 53.0" name="Exam Partition #7 - Team Growth 2 | Acceptance: CDA Tool Test: &quot;Your List&quot; counter does not increment when adding only a CDA description" time="1.947"/><testcase classname="Chrome 53.0" name="Exam Partition #8 - Team Engage 1 | Unit: Model – Message Delivery Window: Summary works for all day" time="0.511"/><testcase classname="Chrome 53.0" name="Exam Partition #8 - TemplateLint - embercom/templates/apps/app/direct-messages.hbs: should pass TemplateLint" time="0.505"/><testcase classname="Chrome 53.0" name="Exam Partition #7 - Team Growth 1 | Unit: Model – Invoice Line Item: hasNoMetadata returns true if there are no metadata keys" time="0.522"/><testcase classname="Chrome 53.0" name="Exam Partition #10 - Team Support 2 | Acceptance: Educate collection tests 2: Deletes a chapter" time="3.394"/><testcase classname="Chrome 53.0" name="Exam Partition #9 - Team Engage 3 | Integration: Component - Message Editor Stats Additional Users Info | Integration | Component | message-editor/stats/tables/additional-users-info-row: The component renders correctly for users on a multivariant message" time="0.944"/><testcase classname="Chrome 53.0" name="Exam Partition #9 - TemplateLint - embercom/templates/partials/campaigns/campaigns-secondary-nav.hbs: should pass TemplateLint" time="0.513"/><testcase classname="Chrome 53.0" name="Exam Partition #9 - Team Observe | Library: Selection State filters to readable text: Gets the comparator and value for a VIP predicate" time="0.528"/><testcase classname="Chrome 53.0" name="Exam Partition #6 - Team Growth 2 | Unit: Component - Tooltip And Feature Upgrade Prompt Hover Component: disables tooltip if feature cannot be used by app" time="0.572"/><testcase classname="Chrome 53.0" name="Exam Partition #8 - Team Engage 1 | Integration: Component - Campaigns Entry Editor | Integration | Component | campaigns/setup/campaign-entry-editor: Removing predicates" time="0.825"/><testcase classname="Chrome 53.0" name="Exam Partition #9 - Team Engage 2 | Unit: Model - Message: canBePaused for a live manual message is false" time="0.713"/><testcase classname="Chrome 53.0" name="Exam Partition #8 - Team Engage 1 | Integration: Component - Message Editor Stats Tab Container | Integration | Component | message-editor/stats/tab-container: Is hidden for draft variations" time="0.633"/><testcase classname="Chrome 53.0" name="Exam Partition #8 - General | Unit: Component User Companies With Icon Pattern: with empty companies" time="0.518"/><testcase classname="Chrome 53.0" name="Exam Partition #10 - Team Engage 1 | Integration: Component - Campaigns Goal Editor | Integration | Component | campaigns/setup/campaign-goal-editor: Existing predicates in non-edit mode" time="0.716"/><testcase classname="Chrome 53.0" name="Exam Partition #10 - TemplateLint - embercom/templates/components/deprecated-tooltip-component.hbs: should pass TemplateLint" time="0.477"/><testcase classname="Chrome 53.0" name="Exam Partition #9 - Team Engage 2 | Unit: Model - Message: Belongs to folder is false when there's no folder" time="0.595"/><testcase classname="Chrome 53.0" name="Exam Partition #10 - Team Growth 1 | Unit: Component - Guide / Steps / Step Footer Component: finishedCallToAction is next step when theres a next step" time="0.620"/><testcase classname="Chrome 53.0" name="Exam Partition #6 - TemplateLint - embercom/templates/apps/app/users/segments/segment/modals/tagging.hbs: should pass TemplateLint" time="0.482"/><testcase classname="Chrome 53.0" name="Exam Partition #6 - General | Library: Email: getUserName" time="0.549"/><testcase classname="Chrome 53.0" name="Exam Partition #7 - Team Engage 3 | Unit | Validator | push-message-variation-content: push messages are invalid if they have an empty title" time="0.704"/><testcase classname="Chrome 53.0" name="Exam Partition #7 - TemplateLint - embercom/templates/components/date-with-timezone-component.hbs: should pass TemplateLint" time="0.467"/><testcase classname="Chrome 53.0" name="Exam Partition #7 - TemplateLint - embercom/templates/partials/-ghost-avatar.hbs: should pass TemplateLint" time="0.487"/><testcase classname="Chrome 53.0" name="Exam Partition #7 - TemplateLint - embercom/templates/components/partials/-opaque-article-suggestion.hbs: should pass TemplateLint" time="0.540"/><testcase classname="Chrome 53.0" name="Exam Partition #6 - General | Unit: Intercomrades Package Features: verifies subscriptions to pro packages" time="0.505"/><testcase classname="Chrome 53.0" name="Exam Partition #6 - TemplateLint - embercom/templates/apps/app/companies/segments/segment/modals/tag.hbs: should pass TemplateLint" time="0.504"/><testcase classname="Chrome 53.0" name="Exam Partition #7 - Team Engage 1 | Integration: Component - Message Editor Reactions Statistics Tab | Integration | Component | message-editor/reactions-statistics-tab: It triggers the changeView action with the correct params" time="0.878"/><testcase classname="Chrome 53.0" name="Exam Partition #7 - Team Growth 2 | Unit: Component - Tutorial Promos: numTutorialsGreaterThanMax true when the number of tutorials is greater than the maximum to be shown" time="0.511"/><testcase classname="Chrome 53.0" name="Exam Partition #7 - Team Engage 1 | Integration: Component - Message Editor Reactions Statistics Tab | Integration | Component | message-editor/reactions-statistics-tab: It renders the correct number of reactions" time="0.843"/><testcase classname="Chrome 53.0" name="Exam Partition #7 - TemplateLint - embercom/templates/components/messages/editor/message-delivery-window-editor-component.hbs: should pass TemplateLint" time="0.463"/><testcase classname="Chrome 53.0" name="Exam Partition #7 - General | Unit: Component - Admin About: editableJobTitle should be set to model.jobTitle only if it is empty" time="0.710"/><testcase classname="Chrome 53.0" name="Exam Partition #7 - TemplateLint - embercom/templates/components/rules/predicate-plan-value-component.hbs: should pass TemplateLint" time="0.471"/><testcase classname="Chrome 53.0" name="Exam Partition #7 - TemplateLint - embercom/templates/apps/app/messages/partials/editor/-minimized-message-review-editor.hbs: should pass TemplateLint" time="0.500"/><testcase classname="Chrome 53.0" name="Exam Partition #6 - Team Support 2 | Integration: Inbox - Single Conversation View Boot: It advances boot to secondary phase" time="5.257"/><testcase classname="Chrome 53.0" name="Exam Partition #6 - Team Growth 1 | Unit: Component – Acquisition / Web Installation Snippet: installationIsAcquire defaults to true" time="0.663"/><testcase classname="Chrome 53.0" name="Exam Partition #6 - Team Growth 1 | Unit: Component – Acquisition / Web Installation Snippet: Rails example" time="0.557"/><testcase classname="Chrome 53.0" name="Exam Partition #7 - Team Growth 2 | Acceptance: CDA Tool Test: Go to add attributes page" time="1.611"/><testcase classname="Chrome 53.0" name="Exam Partition #7 - Team Growth 2 | Unit: Component - Tutorial Promos: do not show product name of show additional tutorials link" time="0.519"/><testcase classname="Chrome 53.0" name="Exam Partition #7 - Team Engage 1 | Integration: Component - Campaigns List Header | Integration | Component | campaigns/list/list-header: switching the campaign should reset the spacing option" time="0.739"/><testcase classname="Chrome 53.0" name="Exam Partition #10 - Team Engage 1 | Integration: Messages - Message Editor - Content: Switching between A/B variations should update the composer with ember_engage_messenger_v3 enabled" time="7.641"/><testcase classname="Chrome 53.0" name="Exam Partition #9 - Team Engage 1 | Integration: Messages - Message Editor - Channel Selector: Page targeting is cleared if channel is switched to email" time="8.371"/><testcase classname="Chrome 53.0" name="Exam Partition #10 - Team Growth 1 | Unit: Controller – Apps / App / Billing / Summary: canEstimatePrice returns true if pricing model is JTBDP and under 50k users" time="0.628"/><testcase classname="Chrome 53.0" name="Exam Partition #10 - Team Support 2 | Unit: Lib - Inbox Conversation List: Includes" time="0.491"/><testcase classname="Chrome 53.0" name="Exam Partition #7 - Team Growth 2 | Acceptance: CDA Tool Test: Samples can be added and viewed by clicking &quot;view&quot; button" time="1.407"><error message="Sample CDA name correctly added"><![CDATA[    at http://localhost:7357/assets/tests.js:634:14
    at Class.andThen (http://localhost:7357/assets/vendor.js:54895:33)
    at http://localhost:7357/assets/vendor.js:55598:19
    at isolate (http://localhost:7357/assets/vendor.js:55799:13)
    at http://localhost:7357/assets/vendor.js:55783:14
    at tryCatch (http://localhost:7357/assets/vendor.js:68340:14)
    at invokeCallback (http://localhost:7357/assets/vendor.js:68355:15)
    at publish (http://localhost:7357/assets/vendor.js:68323:9)
    at http://localhost:7357/assets/vendor.js:46631:7
    at invokeWithOnError (http://localhost:7357/assets/vendor.js:14899:18)
    at Object.flush (http://localhost:7357/assets/vendor.js:14954:11)
    at Object.flush (http://localhost:7357/assets/vendor.js:14762:17)
    at Object.end (http://localhost:7357/assets/vendor.js:15117:25)
    at Object.run (http://localhost:7357/assets/vendor.js:15230:18)
    at Object.run [as default] (http://localhost:7357/assets/vendor.js:35751:27)
    at http://localhost:7357/assets/vendor.js:54930:36
    at r (https://gtm.intercomassets.com/2b567471678d53c05e74e7de0afe217e162d298a-gtm.js:1:23001)]]></error></testcase><testcase classname="Chrome 53.0" name="Exam Partition #10 - Team Engage 3 | Integration: Component - Message Editor Stats Deleted Users Info | Integration | Component | message-editor/stats/tables/deleted-users-info-row: The component renders correctly for users" time="0.605"/><testcase classname="Chrome 53.0" name="Exam Partition #9 - Team Engage 2 | Unit: Model - Message: app.visitorAutoMessageCount should increment by 1 when message is activated" time="0.980"/><testcase classname="Chrome 53.0" name="Exam Partition #7 - Team Engage 1 | Integration: Component - Message Editor Reactions Statistics Tab | Integration | Component | message-editor/reactions-statistics-tab: The tab is active" time="0.575"/><testcase classname="Chrome 53.0" name="Exam Partition #9 - TemplateLint - embercom/templates/apps/app/direct-messages/index.hbs: should pass TemplateLint" time="0.452"/><testcase classname="Chrome 53.0" name="Exam Partition #9 - Team Engage 1 | Integration: Component - Campaigns Exit Editor | Integration | Component | campaigns/setup/campaign-exit-editor: Or/And predicates" time="0.935"/><testcase classname="Chrome 53.0" name="Exam Partition #9 - TemplateLint - embercom/templates/components/message-editor/stats/bulk-actions.hbs: should pass TemplateLint" time="0.484"/><testcase classname="Chrome 53.0" name="Exam Partition #9 - Team Observe | Library: Selection State filters to readable text: Pluralises if the value is zero days" time="0.495"/><testcase classname="Chrome 53.0" name="Exam Partition #10 - Team Engage 1 | Integration: Messages - Message Editor - Content: Content step opens and closes" time="4.885"/><testcase classname="Chrome 53.0" name="Exam Partition #10 - Team Growth 1 | Unit: Component - Guide / Steps / Step Footer Component: nextStep sends the nextStep action to the parent" time="0.676"/><testcase classname="Chrome 53.0" name="Exam Partition #10 - Team Engage 1 | Unit: Component - Message Edit Delivery Window: component form is initialized correctly" time="0.623"/><testcase classname="Chrome 53.0" name="Exam Partition #10 - TemplateLint - embercom/templates/components/tutorial-promo-icon-component.hbs: should pass TemplateLint" time="0.454"/><testcase classname="Chrome 53.0" name="Exam Partition #10 - Team Support 2 | Acceptance: Educate collection tests 2: Clicking on collection title redirects to the collection view" time="2.751"/><testcase classname="Chrome 53.0" name="Exam Partition #10 - TemplateLint - embercom/templates/components/rules/predicate-url-visit-integer-value-component.hbs: should pass TemplateLint" time="0.456"/><testcase classname="Chrome 53.0" name="Exam Partition #10 - Team Engage 1 | Integration: Component - Campaigns Goal Editor | Integration | Component | campaigns/setup/campaign-goal-editor: Removing predicates" time="0.752"/><testcase classname="Chrome 53.0" name="Exam Partition #7 - Team Support 2 | Integration: Inbox - User Details View: users page activity information is displayed" time="10.748"/><testcase classname="Chrome 53.0" name="Exam Partition #10 - Team Growth 1 | Unit: Component - Guide / Steps / Step Footer Component: finishedCallToAction is Done without a next step" time="0.514"/><testcase classname="Chrome 53.0" name="Exam Partition #7 - Team Growth 2 | Acceptance: CDA Tool Test: Add attribute page second row has no placeholder text and correct default values" time="1.174"/><testcase classname="Chrome 53.0" name="Exam Partition #9 - Team Engage 1 | Integration: Messages - Message Editor - Channel Selector: Changing the channel updates the message preview chrome for MV3" time="9.844"/><testcase classname="Chrome 53.0" name="Exam Partition #9 - Team Observe | Library: Selection State filters to readable text: Gets a readable description for Acquire contact predicate" time="0.432"/><testcase classname="Chrome 53.0" name="Exam Partition #9 - Team Engage 2 | Unit: Model - Message: Message should have variationA if there's one variation" time="0.657"/><testcase classname="Chrome 53.0" name="Exam Partition #7 - Team Support 2 | Unit: Component - Inbox - Nav List: inboxesToDisplay is set to adminInboxes sorted by count:desc and name:asc" time="0.602"/><testcase classname="Chrome 53.0" name="Exam Partition #7 - TemplateLint - embercom/templates/apps/app/users/segments/segment/user-list.hbs: should pass TemplateLint" time="0.456"/><testcase classname="Chrome 53.0" name="Exam Partition #10 - TemplateLint - embercom/templates/apps/app/acquire/messages/message/show/stats.hbs: should pass TemplateLint" time="0.483"/><testcase classname="Chrome 53.0" name="Exam Partition #10 - TemplateLint - embercom/templates/apps/app/users/user/-user-note.hbs: should pass TemplateLint" time="0.495"/><testcase classname="Chrome 53.0" name="Exam Partition #10 - TemplateLint - embercom/templates/apps/app/settings/email-templates/email-templates.hbs: should pass TemplateLint" time="0.479"/><testcase classname="Chrome 53.0" name="Exam Partition #9 - Team Engage 1 | Integration: Component - Campaigns Exit Editor | Integration | Component | campaigns/setup/campaign-exit-editor: Removing predicates" time="0.690"/><testcase classname="Chrome 53.0" name="Exam Partition #10 - Team Support 2 | Unit: Lib - Inbox Conversation List: Locked items includes conversations locked for context change" time="0.515"/><testcase classname="Chrome 53.0" name="Exam Partition #10 - Team Support 2 | Unit: Lib - Inbox Conversation List: Items locked for removal excludes conversations locked for admin is typing" time="0.500"/><testcase classname="Chrome 53.0" name="Exam Partition #7 - Team Growth 2 | Unit: Component - Tutorial Promos: returns the tutorial group containing only the tutorial passed in" time="0.536"/><testcase classname="Chrome 53.0" name="Exam Partition #7 - TemplateLint - embercom/templates/components/change-like-component.hbs: should pass TemplateLint" time="0.461"/><testcase classname="Chrome 53.0" name="Exam Partition #7 - General | Library: Emoji: renders an emoji when there is native support" time="0.503"/><testcase classname="Chrome 53.0" name="Exam Partition #7 - General | Library: Emoji: Check if some text is a sticker" time="0.604"/><testcase classname="Chrome 53.0" name="Exam Partition #7 - TemplateLint - embercom/templates/components/settings/messenger/locale-selector-component.hbs: should pass TemplateLint" time="0.544"/><testcase classname="Chrome 53.0" name="Exam Partition #9 - Team Engage 3 | Integration: Component - Message Editor Stats Additional Users Info | Integration | Component | message-editor/stats/tables/additional-users-info-row: Clicking causes the action to fire" time="0.691"/><testcase classname="Chrome 53.0" name="Exam Partition #9 - Team Observe | Library: Selection State filters to readable text: Gets the comparator and value for a relative date predicate" time="0.547"/><testcase classname="Chrome 53.0" name="Exam Partition #9 - Team Observe | Library: Selection State filters to readable text: Gets a readable lt comparator for user events" time="0.590"/><testcase classname="Chrome 53.0" name="Exam Partition #10 - Team Engage 1 | Integration: Messages - Message Editor - Content: A/B messages are not possible for manual messages" time="3.008"/><testcase classname="Chrome 53.0" name="Exam Partition #9 - Team Engage 1 | Integration: Component - Campaigns Exit Editor | Integration | Component | campaigns/setup/campaign-exit-editor: in non-edit state" time="0.817"/><testcase classname="Chrome 53.0" name="Exam Partition #9 - TemplateLint - embercom/templates/apps/app/integrations-hub/static/marketo.hbs: should pass TemplateLint" time="0.452"/><testcase classname="Chrome 53.0" name="Exam Partition #10 - Team Growth 1 | Unit: Component - Guide / Steps / Step Footer Component: stepIsComplete defaults to false" time="0.522"/><testcase classname="Chrome 53.0" name="Exam Partition #9 - Team Engage 1 | Integration: Component - Campaigns Exit Editor | Integration | Component | campaigns/setup/campaign-exit-editor: title" time="0.631"/><testcase classname="Chrome 53.0" name="Exam Partition #9 - Team Engage 1 | Integration: Component - Campaigns Exit Editor | Integration | Component | campaigns/setup/campaign-exit-editor: With existing predicates in edit mode" time="0.807"/><testcase classname="Chrome 53.0" name="Exam Partition #9 - Team Observe | Library: Selection State filters to readable text: Gets the comparator and value for an unknown absolute date predicate" time="0.478"/><testcase classname="Chrome 53.0" name="Exam Partition #9 - TemplateLint - embercom/templates/apps/app/messages/partials/show-page/message.hbs: should pass TemplateLint" time="0.497"/><testcase classname="Chrome 53.0" name="Exam Partition #9 - TemplateLint - embercom/templates/components/guide/-web-integration-custom-data-single-page.hbs: should pass TemplateLint" time="0.518"/><testcase classname="Chrome 53.0" name="Exam Partition #9 - TemplateLint - embercom/templates/components/department-select-component.hbs: should pass TemplateLint" time="0.463"/><testcase classname="Chrome 53.0" name="Exam Partition #9 - Team Engage 2 | Unit: Model - Message: Message should have variationB if there's two variations" time="0.697"/><testcase classname="Chrome 53.0" name="Exam Partition #9 - Team Engage 2 | Unit: Model - Message: #isAutoMessage, #isCampaignMessage, #isManualMessage, #isVisitorAutoMessage, etc. for campaign messages" time="0.661"/><testcase classname="Chrome 53.0" name="Exam Partition #10 - Team Engage 1 | Integration: Messages - Message Editor - Content: Editing reactions from a live message shows a warning modal on the first edit only" time="5.673"/><testcase classname="Chrome 53.0" name="Exam Partition #10 - Team Growth 1 | Unit: Component - Guide / Steps / Step Footer Component: isWaitingState is false when footerState is not set to ready" time="0.591"/><testcase classname="Chrome 53.0" name="Exam Partition #10 - Team Growth 1 | Unit: Controller – Apps / App / Billing / Summary: canEstimatePrice returns false if the customer cannot modify or remove products" time="0.515"/><testcase classname="Chrome 53.0" name="Exam Partition #10 - Team Growth 1 | Unit: Component - Guide / Steps / Step Footer Component: isWaitingState is true when footerState is set to waiting" time="0.492"/><testcase classname="Chrome 53.0" name="Exam Partition #9 - Team Engage 1 | Integration: Messages - Message Editor - Channel Selector: Delivery channels are not available for web-only apps" time="3.098"/><testcase classname="Chrome 53.0" name="Exam Partition #9 - General | Unit: Component - Admin Avatar Upload: Fail avatar upload due to size" time="0.602"/><testcase classname="Chrome 53.0" name="Exam Partition #10 - Team Engage 1 | Integration: Messages - Message Editor - Content: Deleting reactions from a live message shows a warning modal on the first edit only" time="6.639"/><testcase classname="Chrome 53.0" name="Exam Partition #9 - Team Engage 1 | Integration: Messages - Message Editor - Channel Selector: Unsubscribe option is only available for email" time="5.703"/><testcase classname="Chrome 53.0" name="Exam Partition #10 - Team Engage 3 | Unit | Model | message-variation-stats: #updateFromPusher" time="0.551"/><testcase classname="Chrome 53.0" name="Exam Partition #9 - Team Platform | Unit: Controller – Apps / App / Admins / Admin: #updateAttributes should set the attributes to the model" time="0.559"/><testcase classname="Chrome 53.0" name="Exam Partition #9 - Team Observe | Library: Selection State filters to readable text: It allows you to use a custom FilterMap" time="0.427"/><testcase classname="Chrome 53.0" name="Exam Partition #10 - Team Growth 1 | Unit: Component - Guide / Steps / Step Footer Component: completeStep sends the completeStep action to the parent and sets footerState to waiting" time="0.467"/><testcase classname="Chrome 53.0" name="Exam Partition #10 - Team Support 2 | Unit: Lib - Inbox Conversation List: nextUnlocked" time="0.439"/><testcase classname="Chrome 53.0" name="Exam Partition #9 - Team Engage 1 | Unit: Message Display Until Editor Component: component enabling and disabling" time="0.544"/><testcase classname="Chrome 53.0" name="Exam Partition #9 - Team Engage 1 | Integration: Messages - Message Editor - Channel Selector: Page targeting is not available for manual messages" time="4.325"/><testcase classname="Chrome 53.0" name="Exam Partition #9 - Team Engage 2 | Unit: Model - Message: canBeSetLive for a live message is false" time="0.691"/><testcase classname="Chrome 53.0" name="Exam Partition #9 - Team Observe | Library: Selection State filters to readable text: Gets the comparator and value for an iOS device predicate" time="0.444"/><testcase classname="Chrome 53.0" name="Exam Partition #9 - Team Engage 2 | Unit: Model - Message: hasGoal returns correct value for message without goal" time="0.611"/><testcase classname="Chrome 53.0" name="Exam Partition #10 - Team Engage 1 | Integration: Messages - Message Editor - Content: Deleting reactions from a draft message doesn't show a warning modal" time="7.237"/><testcase classname="Chrome 53.0" name="Exam Partition #10 - Team Engage 3 | Integration: Component - Message Editor Stats Deleted Users Info | Integration | Component | message-editor/stats/tables/deleted-users-info-row: The component renders correctly for leads" time="0.816"/><testcase classname="Chrome 53.0" name="Exam Partition #9 - Team Engage 1 | Integration: Messages - Message Editor - Channel Selector: Adding an assignee to a variation does not invalidate the channel selector" time="3.417"/><testcase classname="Chrome 53.0" name="Exam Partition #10 - Team Support 2 | Acceptance: Educate collection tests 2: Create a new chapter" time="1.894"/><testcase classname="Chrome 53.0" name="Exam Partition #10 - Team Growth 1 | Unit: Controller – Apps / App / Billing / Summary: hideAddProductsButton otherwise false by default" time="0.488"/><testcase classname="Chrome 53.0" name="Exam Partition #9 - Team Engage 3 | Integration: Component - Message Editor Stats Additional Users Info | Integration | Component | message-editor/stats/tables/additional-users-info-row: The component renders correctly for leads" time="0.658"/><testcase classname="Chrome 53.0" name="Exam Partition #9 - TemplateLint - embercom/templates/apps/app/acquire/messages/message/show/index.hbs: should pass TemplateLint" time="0.432"/><testcase classname="Chrome 53.0" name="Exam Partition #9 - Team Engage 2 | Unit: Model - Message: The model is correctly loaded" time="0.625"/><testcase classname="Chrome 53.0" name="Exam Partition #10 - Team Growth 1 | Unit: Component - Guide / Steps / Step Footer Component: isReadyState is false when footerState is not set to ready" time="0.471"/><testcase classname="Chrome 53.0" name="Exam Partition #10 - TemplateLint - embercom/templates/apps/app/integrations-hub/static/mixpanel.hbs: should pass TemplateLint" time="0.436"/><testcase classname="Chrome 53.0" name="Exam Partition #10 - Team Growth 1 | Unit: Component - Guide / Steps / Step Footer Component: isComplete is true when isComplete is true" time="0.520"/><testcase classname="Chrome 53.0" name="Exam Partition #9 - Team Engage 2 | Unit: Model - Message: canBePaused for a stopped campaign message is false" time="0.591"/><testcase classname="Chrome 53.0" name="Exam Partition #10 - Team Growth 1 | Unit: Component - Guide / Steps / Step Footer Component: isComplete is false when footerState is not complete and isComplete is false" time="0.480"/><testcase classname="Chrome 53.0" name="Exam Partition #9 - Team Engage 1 | Unit: Message Display Until Editor Component: component is initialized correctly without a display_until date set" time="0.508"/><testcase classname="Chrome 53.0" name="Exam Partition #9 - TemplateLint - embercom/templates/components/admin/about-auto-resizing-textarea-component.hbs: should pass TemplateLint" time="0.429"/><testcase classname="Chrome 53.0" name="Exam Partition #9 - Team Observe | Library: Selection State filters to readable text: Gets the comparator and value for a string predicate" time="0.495"/><testcase classname="Chrome 53.0" name="Exam Partition #10 - Team Support 2 | Acceptance: Educate collection tests 2: Reorder collections in main view" time="1.901"/><testcase classname="Chrome 53.0" name="Exam Partition #10 - Team Growth 1 | Unit: Component - Guide / Steps / Step Footer Component: completeMessage has a default" time="0.505"/><testcase classname="Chrome 53.0" name="Exam Partition #9 - Team Engage 2 | Unit: Model - Message: canBeEdited for a live auto message is true" time="0.709"/><testcase classname="Chrome 53.0" name="Exam Partition #9 - Team Observe | Library: Selection State filters to readable text: Gets the comparator and value for an absolute date predicate and does not pluralise when the value is a single day" time="0.460"/><testcase classname="Chrome 53.0" name="Exam Partition #9 - TemplateLint - embercom/templates/apps/app/engage/messages/search.hbs: should pass TemplateLint" time="0.472"/><testcase classname="Chrome 53.0" name="Exam Partition #9 - Team Observe | Library: Selection State filters to readable text: Gets the comparator and value for an integer predicate" time="0.475"/><testcase classname="Chrome 53.0" name="Exam Partition #10 - Team Engage 1 | Integration: Messages - Message Editor - Content: Content step opens and closes with ember_engage_messenger_v3 enabled" time="4.076"/><testcase classname="Chrome 53.0" name="Exam Partition #10 - Team Engage 1 | Unit: Component - Message Edit Delivery Window: component form is disabled disables the components" time="0.697"/><testcase classname="Chrome 53.0" name="Exam Partition #9 - Team Engage 1 | Integration: Messages - Message Editor - Channel Selector: Channel selector works correctly" time="6.854"/><testcase classname="Chrome 53.0" name="Exam Partition #9 - Team Observe | Library: Selection State filters to readable text: Gets a readable gt comparator for user events" time="0.472"/><testcase classname="Chrome 53.0" name="Exam Partition #10 - Team Engage 1 | Integration: Messages - Message Editor - Content: A/B messages are possible for auto messages with ember_engage_messenger_v3 enabled" time="3.430"/><testcase classname="Chrome 53.0" name="Exam Partition #10 - Team Growth 1 | Unit: Controller – Apps / App / Billing / Summary: hideEndSubscriptionButton returns true if the subscription was cancelled" time="0.575"/><testcase classname="Chrome 53.0" name="Exam Partition #10 - Team Growth 1 | Unit: Controller – Apps / App / Billing / Summary: hideEndSubscriptionButton returns true if the customer is on a custom pricing plan" time="0.502"/><testcase classname="Chrome 53.0" name="Exam Partition #9 - Team Engage 1 | Integration: Messages - Message Editor - Channel Selector: Delivery channels are only available for inapps" time="4.400"/><testcase classname="Chrome 53.0" name="Exam Partition #9 - Team Engage 2 | Unit: Model - Message: Belongs to campaign is true when there's a campaign" time="0.728"/><testcase classname="Chrome 53.0" name="Exam Partition #9 - Team Engage 2 | Unit: Model - Message: Belongs to folder is false when there's a folder" time="0.559"/><testcase classname="Chrome 53.0" name="Exam Partition #9 - Team Engage 1 | Integration: Messages - Message Editor - Channel Selector: Channel editor in-app is disabled if audience is leads" time="5.293"/><testcase classname="Chrome 53.0" name="Exam Partition #10 - Team Engage 1 | Integration: Messages - Message Editor - Content: Reactions should be independent across A/B variations" time="11.066"/></testsuite>
