<testsuite name="Testem Tests" tests="318" skipped="0" failures="2" timestamp="Tue Nov 08 2016 14:31:44 GMT+0000 (UTC)" time="78.915"><testcase classname="Chrome 53.0" name="Exam Partition #41 - TemplateLint - embercom/templates/components/users/profile/user-card-attribute-component.hbs: should pass TemplateLint" time="4.423"/><testcase classname="Chrome 53.0" name="Exam Partition #41 - TemplateLint - embercom/templates/apps/app/cda-onboarding/generate.hbs: should pass TemplateLint" time="0.531"/><testcase classname="Chrome 53.0" name="Exam Partition #44 - TemplateLint - embercom/templates/components/visibility/segment-visibility-row-component.hbs: should pass TemplateLint" time="4.502"/><testcase classname="Chrome 53.0" name="Exam Partition #44 - TemplateLint - embercom/templates/apps/app/companies/company-not-found.hbs: should pass TemplateLint" time="0.489"/><testcase classname="Chrome 53.0" name="Exam Partition #42 - TemplateLint - embercom/templates/components/users/profile/user-sort-component.hbs: should pass TemplateLint" time="4.470"/><testcase classname="Chrome 53.0" name="Exam Partition #42 - TemplateLint - embercom/templates/apps/app/cda-onboarding/index.hbs: should pass TemplateLint" time="0.518"/><testcase classname="Chrome 53.0" name="Exam Partition #43 - TemplateLint - embercom/templates/components/users/user-profile-header.hbs: should pass TemplateLint" time="4.438"/><testcase classname="Chrome 53.0" name="Exam Partition #43 - TemplateLint - embercom/templates/apps/app/companies.hbs: should pass TemplateLint" time="0.479"/><testcase classname="Chrome 53.0" name="Exam Partition #45 - TemplateLint - embercom/templates/components/visibility/tag-visibility-row-component.hbs: should pass TemplateLint" time="4.408"/><testcase classname="Chrome 53.0" name="Exam Partition #45 - TemplateLint - embercom/templates/apps/app/companies/company.hbs: should pass TemplateLint" time="0.478"/><testcase classname="Chrome 53.0" name="Exam Partition #44 - Team Growth 2 | Unit: Component - Guide / Steps / Forward Support Email Component: emails and providers attributes are updated properly" time="0.694"/><testcase classname="Chrome 53.0" name="Exam Partition #44 - TemplateLint - embercom/templates/components/messages/sub-nav-direct-messages.hbs: should pass TemplateLint" time="0.462"/><testcase classname="Chrome 53.0" name="Exam Partition #44 - Team Support 1 | Service: Conversations Service: update draft" time="0.855"/><testcase classname="Chrome 53.0" name="Exam Partition #42 - Team Support 2 | Unit: Component - Rules - Rule Predicate: predicateValueComponentPath is correct for tag types" time="0.641"/><testcase classname="Chrome 53.0" name="Exam Partition #41 - General | Library: NativeVideoRecorder: when multiple blobs are returned, they are concatenated" time="0.605"/><testcase classname="Chrome 53.0" name="Exam Partition #41 - TemplateLint - embercom/templates/components/messages/partials/-attribute-selector-inner.hbs: should pass TemplateLint" time="0.464"/><testcase classname="Chrome 53.0" name="Exam Partition #42 - TemplateLint - embercom/templates/components/messages/state-switcher.hbs: should pass TemplateLint" time="0.471"/><testcase classname="Chrome 53.0" name="Exam Partition #42 - General | Library: VideoRecorder: when upload is complete, without commit/abort" time="0.686"/><testcase classname="Chrome 53.0" name="Exam Partition #45 - Team Engage 1 | Integration: Component - Message Editor Channel Title Component | Integration | Component | message-editor/channel/title-component: displaying delivery channel for an in-app targeting Android first" time="2.932"/><testcase classname="Chrome 53.0" name="Exam Partition #45 - TemplateLint - embercom/templates/components/messages/sub-nav.hbs: should pass TemplateLint" time="0.474"/><testcase classname="Chrome 53.0" name="Exam Partition #42 - Team Engage 1 | Integration: Component - Boolean Editor | Integration | Component | predicates/value-editors/boolean-editor: hovering over delete button shows and hides highlight" time="1.332"><error message="Promise rejected before hovering over delete button shows and hides highlight: store.createFragment is not a function"><![CDATA[TypeError: store.createFragment is not a function
    at createFragment (http://localhost:7357/assets/vendor.js:200389:26)
    at setupFragment (http://localhost:7357/assets/vendor.js:199563:67)
    at Class.get (http://localhost:7357/assets/vendor.js:199725:24)
    at Descriptor.ComputedPropertyPrototype.get (http://localhost:7357/assets/vendor.js:29761:28)
    at get (http://localhost:7357/assets/vendor.js:35372:19)
    at _getPath (http://localhost:7357/assets/vendor.js:35449:14)
    at Object.get (http://localhost:7357/assets/vendor.js:35368:14)
    at Class.get (http://localhost:7357/assets/vendor.js:49965:38)
    at Object.beforeEach (http://localhost:7357/assets/tests.js:51823:38)
    at Object.callbacks.beforeEach (http://localhost:7357/assets/tests.js:52524:26)]]></error></testcase><testcase classname="Chrome 53.0" name="Exam Partition #42 - TemplateLint - embercom/templates/components/tooltip-openers/backwards-compat.hbs: should pass TemplateLint" time="0.486"/><testcase classname="Chrome 53.0" name="Exam Partition #43 - Team Engage 1 | Integration: Component - Message Editor Message Audience Title Component | Integration | Component | message-editor/audience/title-component: Showing campaign membership predicate for a campaign message" time="2.840"/><testcase classname="Chrome 53.0" name="Exam Partition #43 - TemplateLint - embercom/templates/components/messages/stats-summary-component.hbs: should pass TemplateLint" time="0.464"/><testcase classname="Chrome 53.0" name="Exam Partition #43 - General | Unit: Helper - format-timezone-helper: 2 mins" time="0.517"/><testcase classname="Chrome 53.0" name="Exam Partition #44 - Team Engage 1 | Integration: Component - Numeric Editor | Integration | Component | predicates/value-editors/numeric-editor: delete button is present and functional for all comparison types" time="2.511"/><testcase classname="Chrome 53.0" name="Exam Partition #45 - Team Observe | Unit: Segment Filter User Event Component: the component adds a predicate when active is toggled" time="0.611"/><testcase classname="Chrome 53.0" name="Exam Partition #44 - TemplateLint - embercom/templates/components/tooltips/attribute-and-event-description.hbs: should pass TemplateLint" time="0.461"/><testcase classname="Chrome 53.0" name="Exam Partition #42 - Team Support 2 | Unit: Component - Rules - Rule Predicate: predicateValueComponentPath is correct for ios_device types" time="0.654"/><testcase classname="Chrome 53.0" name="Exam Partition #44 - Team Observe | Unit: Segment Filter List Component: Company OR predicates are parsed correctly" time="0.744"/><testcase classname="Chrome 53.0" name="Exam Partition #45 - Team Engage 1 | Integration: Component - Message Editor Channel Title Component | Integration | Component | message-editor/channel/title-component: not displaying the link for an in-app with showUnsubscribeLink set" time="1.037"/><testcase classname="Chrome 53.0" name="Exam Partition #45 - TemplateLint - embercom/templates/components/tooltips/auto-response-expected-delay.hbs: should pass TemplateLint" time="0.426"/><testcase classname="Chrome 53.0" name="Exam Partition #42 - Team Support 2 | Unit: Component - Rules - Rule Predicate: predicateValueComponentPath is correct for manual_tag types" time="0.522"/><testcase classname="Chrome 53.0" name="Exam Partition #42 - TemplateLint - embercom/templates/svgs/-drag.hbs: should pass TemplateLint" time="0.452"/><testcase classname="Chrome 53.0" name="Exam Partition #42 - TemplateLint - embercom/templates/components/acquisition/file-upload-component.hbs: should pass TemplateLint" time="0.456"/><testcase classname="Chrome 53.0" name="Exam Partition #43 - Team Engage 1 | Integration: Component - Message Editor Message Audience Title Component | Integration | Component | message-editor/audience/title-component: it should not fetch audience preview count for live messages" time="1.387"/><testcase classname="Chrome 53.0" name="Exam Partition #44 - Team Growth 2 | Unit: Component - Guide / Steps / Forward Support Email Component: verifyProviderCTA changes according to providerEmailReceived" time="0.505"/><testcase classname="Chrome 53.0" name="Exam Partition #44 - TemplateLint - embercom/templates/svgs/-learn.hbs: should pass TemplateLint" time="0.417"/><testcase classname="Chrome 53.0" name="Exam Partition #44 - TemplateLint - embercom/templates/components/acquisition/grouped-select-component.hbs: should pass TemplateLint" time="0.510"/><testcase classname="Chrome 53.0" name="Exam Partition #43 - TemplateLint - embercom/templates/components/tooltips/admin-action-date.hbs: should pass TemplateLint" time="0.444"/><testcase classname="Chrome 53.0" name="Exam Partition #41 - General | Integration: Settings - Tags: does not allow deletions of tags with dependent objects" time="6.032"/><testcase classname="Chrome 53.0" name="Exam Partition #42 - Team Engage 1 | Integration: Component - Boolean Editor | Integration | Component | predicates/value-editors/boolean-editor: it shows the correct options in the dropdown" time="1.066"/><testcase classname="Chrome 53.0" name="Exam Partition #43 - Team Engage 1 | Integration: Component - Date Editor | Integration | Component | predicates/value-editors/date-editor: changing from unknown back to relative" time="1.627"/><testcase classname="Chrome 53.0" name="Exam Partition #45 - Team Engage 1 | Integration: Component - String Editor | Integration | Component | predicates/value-editors/string-editor: delete button is present and functional for all comparison types" time="1.743"/><testcase classname="Chrome 53.0" name="Exam Partition #41 - TemplateLint - embercom/templates/components/tooltip-content-component.hbs: should pass TemplateLint" time="0.509"/><testcase classname="Chrome 53.0" name="Exam Partition #41 - General | Library: Admin Ping Service: start starts polling" time="0.555"/><testcase classname="Chrome 53.0" name="Exam Partition #41 - General | Library: NativeVideoRecorder: video() returns the same promise as finish()" time="0.468"/><testcase classname="Chrome 53.0" name="Exam Partition #44 - Team Engage 1 | Integration: Component - Numeric Editor | Integration | Component | predicates/value-editors/numeric-editor: it shows the correct options in the dropdown" time="1.206"/><testcase classname="Chrome 53.0" name="Exam Partition #42 - General | Unit: Helper - format-name-as-initials: properly formats longer names" time="0.471"/><testcase classname="Chrome 53.0" name="Exam Partition #42 - General | Library: VideoRecorder: when the upload is complete and a commit has been requested" time="0.537"/><testcase classname="Chrome 53.0" name="Exam Partition #42 - TemplateLint - embercom/templates/apps/app/inbox/conversations.hbs: should pass TemplateLint" time="0.456"/><testcase classname="Chrome 53.0" name="Exam Partition #45 - Team Engage 1 | Integration: Component - Message Editor Channel Title Component | Integration | Component | message-editor/channel/title-component: displaying delivery channel for a push message targeting any platform" time="0.831"/><testcase classname="Chrome 53.0" name="Exam Partition #45 - TemplateLint - embercom/templates/svgs/-logo.hbs: should pass TemplateLint" time="0.479"/><testcase classname="Chrome 53.0" name="Exam Partition #41 - TemplateLint - embercom/templates/start/index.hbs: should pass TemplateLint" time="0.570"/><testcase classname="Chrome 53.0" name="Exam Partition #41 - TemplateLint - embercom/templates/components/acquisition/csv-import-summary-component.hbs: should pass TemplateLint" time="0.471"/><testcase classname="Chrome 53.0" name="Exam Partition #42 - Team Support 2 | Unit: Component - Rules - Rule Predicate: predicateValueComponentPath is correct for ios_version types" time="0.554"/><testcase classname="Chrome 53.0" name="Exam Partition #43 - Team Engage 1 | Integration: Component - Message Editor Message Audience Title Component | Integration | Component | message-editor/audience/title-component: Not showing campaign membership predicate for an auto message" time="0.966"/><testcase classname="Chrome 53.0" name="Exam Partition #44 - Team Support 1 | Service: Conversations Service: asking for a draft for a conversation with no draft" time="0.510"/><testcase classname="Chrome 53.0" name="Exam Partition #44 - Team Support 1 | Service: Conversations Service: update draft with the same blocks" time="0.511"/><testcase classname="Chrome 53.0" name="Exam Partition #44 - TemplateLint - embercom/templates/apps/app/inbox/conversations/index.hbs: should pass TemplateLint" time="0.472"/><testcase classname="Chrome 53.0" name="Exam Partition #43 - TemplateLint - embercom/templates/svgs/-empty-high-chart.hbs: should pass TemplateLint" time="0.481"/><testcase classname="Chrome 53.0" name="Exam Partition #43 - TemplateLint - embercom/templates/components/acquisition/generic-record-type-selector-component.hbs: should pass TemplateLint" time="0.545"/><testcase classname="Chrome 53.0" name="Exam Partition #45 - General | Services: IAM Service: IAM can boot when there is no app" time="0.529"/><testcase classname="Chrome 53.0" name="Exam Partition #45 - TemplateLint - embercom/templates/components/acquisition/grouped-select-row-component.hbs: should pass TemplateLint" time="0.504"/><testcase classname="Chrome 53.0" name="Exam Partition #42 - Team Engage 1 | Integration: Component - Message Editor Sample Recipients Component | Integration | Component | message-editor/audience/sample-recipients: renders the component with sample recipients" time="0.998"/><testcase classname="Chrome 53.0" name="Exam Partition #41 - Team Engage 1 | Integration: Component - Message Editor Message Audience Join Type Switcher Component | Integration | Component | message-editor/audience/predicate-join-type-switcher: switching triggers selectionChanged with the right data" time="0.872"/><testcase classname="Chrome 53.0" name="Exam Partition #44 - Team Observe | Unit: Segment Filter List Component: OR predicates with an acquire predicate are parsed correctly" time="0.713"/><testcase classname="Chrome 53.0" name="Exam Partition #44 - Team Support 1 | Service: Conversations Service: Removing an assignment part on an unassigned conversation " time="0.537"/><testcase classname="Chrome 53.0" name="Exam Partition #43 - Team Engage 1 | Integration: Component - Message Editor Message Audience Title Component | Integration | Component | message-editor/audience/title-component: renders the correct message if no users match the draft message" time="0.870"/><testcase classname="Chrome 53.0" name="Exam Partition #42 - Team Support 2 | Unit: Component - Rules - Rule Predicate: predicateValueComponentPath is correct for browser_locale types" time="0.599"/><testcase classname="Chrome 53.0" name="Exam Partition #45 - Team Engage 1 | Integration: Component - Message Editor Channel Title Component | Integration | Component | message-editor/channel/title-component: displaying the correct type for a push message" time="0.801"/><testcase classname="Chrome 53.0" name="Exam Partition #41 - TemplateLint - embercom/templates/apps/app/inbox/conversation.hbs: should pass TemplateLint" time="0.486"/><testcase classname="Chrome 53.0" name="Exam Partition #41 - General | Library: Admin Ping Service: start does not start polling for disabled app" time="0.578"/><testcase classname="Chrome 53.0" name="Exam Partition #42 - Team Support 2 | Unit: Component - Rules - Rule Predicate: predicateValueComponentPath is correct for android_app_version types" time="0.554"/><testcase classname="Chrome 53.0" name="Exam Partition #44 - Team Engage 3 | Integration: Component - Message Editor Buttons Stats Tab | Integration | Component | message-editor/buttons/stats-tab-button: The component renders correctly" time="0.833"/><testcase classname="Chrome 53.0" name="Exam Partition #43 - Team Acquire | Integration: Component - Team - Team Member Component: clicking on remove a teammate should call removeMember action" time="0.627"/><testcase classname="Chrome 53.0" name="Exam Partition #44 - Team Growth 2 | Unit: Component - Guide / Steps / Forward Support Email Component: completePart action increments the expandedPartNumber" time="0.609"/><testcase classname="Chrome 53.0" name="Exam Partition #45 - Team Observe | Unit: Segment Filter User Event Component: The component parses provided predicates correctly" time="0.549"/><testcase classname="Chrome 53.0" name="Exam Partition #42 - Team Support 2 | Unit: Component - Rules - Rule Predicate: predicateValueComponentPath is correct for integer types" time="0.637"/><testcase classname="Chrome 53.0" name="Exam Partition #43 - Team Acquire | Library: Whitelisted domains validator: empty input" time="0.475"/><testcase classname="Chrome 53.0" name="Exam Partition #43 - TemplateLint - embercom/templates/apps/app/inbox/conversations/conversation.hbs: should pass TemplateLint" time="0.544"/><testcase classname="Chrome 53.0" name="Exam Partition #45 - General | Unit: Helper - full-relative-time-ago-helper: 2 mins" time="0.572"/><testcase classname="Chrome 53.0" name="Exam Partition #45 - TemplateLint - embercom/templates/apps/app/inbox/conversations/loading.hbs: should pass TemplateLint" time="0.477"/><testcase classname="Chrome 53.0" name="Exam Partition #44 - Team Observe | Unit: Segment Filter List Component: OR predicates with an acquire role predicate are parsed correctly" time="0.599"/><testcase classname="Chrome 53.0" name="Exam Partition #41 - Team Engage 1 | Integration: Component - Message Editor Message Audience Join Type Switcher Component | Integration | Component | message-editor/audience/predicate-join-type-switcher: renders the and/or dropdown correctly for &quot;and&quot; predicates" time="0.648"/><testcase classname="Chrome 53.0" name="Exam Partition #41 - General | Library: Admin Ping Service: pingPeriodically sets next pingPeriodically call" time="0.504"/><testcase classname="Chrome 53.0" name="Exam Partition #41 - General | Library: Admin Ping Service: start sets app and admin" time="0.540"/><testcase classname="Chrome 53.0" name="Exam Partition #42 - Team Acquire | Integration: Component - Team - Member Component: should display avatars of all teams that the admin belongs to" time="0.816"><error message="undefined"><![CDATA[    at Object.<anonymous> (http://localhost:7357/assets/tests.js:59099:12)
    at Object.wrapper (http://localhost:7357/assets/test-support.js:6878:29)
    at runTest (http://localhost:7357/assets/test-support.js:2716:28)
    at Object.run (http://localhost:7357/assets/test-support.js:2701:4)
    at http://localhost:7357/assets/test-support.js:2843:11
    at process (http://localhost:7357/assets/test-support.js:2502:24)]]></error></testcase><testcase classname="Chrome 53.0" name="Exam Partition #45 - General | Services: IAM Service: IAM is booted when not impersonating" time="0.579"/><testcase classname="Chrome 53.0" name="Exam Partition #43 - Team Engage 1 | Integration: Component - Date Editor | Integration | Component | predicates/value-editors/date-editor: changing from unknown to absolute" time="0.853"/><testcase classname="Chrome 53.0" name="Exam Partition #44 - Team Growth 2 | Unit: Component - Guide / Steps / Forward Support Email Component: inboxEmailAddress is initialized properly" time="0.525"/><testcase classname="Chrome 53.0" name="Exam Partition #41 - Team Support 2 | Unit: Component - Rules - Routing - Rule Card: When selectedPredicateJoin changes the predicates get updated to/from &quot;or&quot; predicates" time="0.770"/><testcase classname="Chrome 53.0" name="Exam Partition #45 - Team Engage 1 | Integration: Component - String Editor | Integration | Component | predicates/value-editors/string-editor: hovering over delete button shows and hides highlight" time="0.735"/><testcase classname="Chrome 53.0" name="Exam Partition #42 - Team Support 2 | Unit: Component - Rules - Rule Predicate: predicateValueComponentPath is correct for date types" time="0.587"/><testcase classname="Chrome 53.0" name="Exam Partition #42 - TemplateLint - embercom/templates/components/conversation/controls/visibility-info-component.hbs: should pass TemplateLint" time="0.464"/><testcase classname="Chrome 53.0" name="Exam Partition #41 - Team Growth 2 | Unit: Component - Guide / Steps / Android Push Notifications Component: gcmKey derives from sdkApp.gcm_key with key" time="0.558"/><testcase classname="Chrome 53.0" name="Exam Partition #43 - Team Engage 1 | Integration: Component - Message Editor Message Audience Title Component | Integration | Component | message-editor/audience/title-component: renders no predicates for selection-based messages" time="0.992"/><testcase classname="Chrome 53.0" name="Exam Partition #45 - Team Observe | Unit: App Model: .removeTeam correctly removes from `teams` and `admins`" time="0.546"/><testcase classname="Chrome 53.0" name="Exam Partition #42 - Team Support 2 | Unit: Component - Rules - Rule Predicate: predicateValueComponentPath is correct for float types" time="0.567"/><testcase classname="Chrome 53.0" name="Exam Partition #44 - Team Engage 1 | Integration: Component - Numeric Editor | Integration | Component | predicates/value-editors/numeric-editor: changing the comparator changes the predicate comparator" time="1.027"/><testcase classname="Chrome 53.0" name="Exam Partition #44 - Team Support 1 | Service: Conversations Service: unassigned conversations get assigned if the admin has a setting enabled" time="0.535"/><testcase classname="Chrome 53.0" name="Exam Partition #43 - Team Engage 1 | Integration: Component - Message Editor Message Audience Title Component | Integration | Component | message-editor/audience/title-component: Not showing example campaign predicates if the message has none" time="0.715"/><testcase classname="Chrome 53.0" name="Exam Partition #41 - General | Library: NativeVideoRecorder: finish() returns a RecordedVideo with the natively recorded video blob" time="0.542"/><testcase classname="Chrome 53.0" name="Exam Partition #41 - TemplateLint - embercom/templates/components/conversation/controls/pane-selector-component.hbs: should pass TemplateLint" time="0.505"/><testcase classname="Chrome 53.0" name="Exam Partition #45 - Team Engage 1 | Integration: Component - Message Editor Channel Title Component | Integration | Component | message-editor/channel/title-component: displaying the correct type for an email" time="0.793"/><testcase classname="Chrome 53.0" name="Exam Partition #43 - Team Engage 1 | Integration: Component - Date Editor | Integration | Component | predicates/value-editors/date-editor: changing from has any value back to relative" time="0.726"/><testcase classname="Chrome 53.0" name="Exam Partition #41 - General | Unit: Helper - format-helper: with a datetime" time="0.541"/><testcase classname="Chrome 53.0" name="Exam Partition #44 - Team Growth 2 | Unit: Component - Guide / Steps / Forward Support Email Component: emails and providers attributes are initialized properly" time="0.557"/><testcase classname="Chrome 53.0" name="Exam Partition #44 - TemplateLint - embercom/templates/components/conversation/mentions-card-component.hbs: should pass TemplateLint" time="0.479"/><testcase classname="Chrome 53.0" name="Exam Partition #42 - Team Engage 1 | Integration: Component - Boolean Editor | Integration | Component | predicates/value-editors/boolean-editor: no input is shown for any comparator type" time="0.901"/><testcase classname="Chrome 53.0" name="Exam Partition #45 - Team Engage 1 | Integration: Component - String Editor | Integration | Component | predicates/value-editors/string-editor: changing from unknown back to equal" time="0.684"/><testcase classname="Chrome 53.0" name="Exam Partition #42 - General | Unit: Helper - format-name-as-initials: uses the first two letters of a name if there is only a first name" time="0.481"/><testcase classname="Chrome 53.0" name="Exam Partition #44 - Team Growth 2 | Unit: Component - Guide / Steps / Forward Support Email Component: forwardingEmailAddress attributes are updated propertly" time="0.650"/><testcase classname="Chrome 53.0" name="Exam Partition #45 - General | Services: IAM Service: Does not boot in test when there is no app" time="0.582"/><testcase classname="Chrome 53.0" name="Exam Partition #43 - Team Engage 1 | Integration: Component - Message Editor Message Audience Title Component | Integration | Component | message-editor/audience/title-component: Showing role predicate for a campaign message" time="0.957"/><testcase classname="Chrome 53.0" name="Exam Partition #42 - Team Engage 1 | Integration: Component - Boolean Editor | Integration | Component | predicates/value-editors/boolean-editor: delete button sends an action" time="0.917"/><testcase classname="Chrome 53.0" name="Exam Partition #42 - Team Growth 2 | Unit: Component - Guide / Steps / Api Authenticated Request Component: adminCanSeeSecretKey and isPolling should be false if app.api_secret is not available" time="0.557"/><testcase classname="Chrome 53.0" name="Exam Partition #45 - Team Engage 1 | Integration: Component - String Editor | Integration | Component | predicates/value-editors/string-editor: changing the value changes the predicate value" time="0.926"/><testcase classname="Chrome 53.0" name="Exam Partition #44 - Team Engage 1 | Integration: Component - Numeric Editor | Integration | Component | predicates/value-editors/numeric-editor: hovering over delete button shows and hides highlight" time="0.777"/><testcase classname="Chrome 53.0" name="Exam Partition #44 - Team Support 1 | Service: Conversations Service: asking for a draft for a conversation with a draft" time="0.475"/><testcase classname="Chrome 53.0" name="Exam Partition #43 - Team Engage 1 | Integration: Component - Message Editor Message Audience Title Component | Integration | Component | message-editor/audience/title-component: update matching user count is not called for messages that have no user added predicates" time="1.002"/><testcase classname="Chrome 53.0" name="Exam Partition #43 - Team Acquire | Library: Whitelisted domains validator: invalid domain structure and without commas" time="0.471"/><testcase classname="Chrome 53.0" name="Exam Partition #45 - Team Engage 1 | Integration: Component - Message Editor Channel Title Component | Integration | Component | message-editor/channel/title-component: displaying delivery channel for an in-app targeting leads on any platform" time="0.812"/><testcase classname="Chrome 53.0" name="Exam Partition #42 - Team Support 2 | Unit: Component - Rules - Rule Predicate: predicateValueComponentPath is correct for string types" time="0.538"/><testcase classname="Chrome 53.0" name="Exam Partition #41 - General | Integration: Settings - Tags: allows deletions of tags with no dependent objects" time="2.910"/><testcase classname="Chrome 53.0" name="Exam Partition #44 - Team Engage 1 | Integration: Component - Numeric Editor | Integration | Component | predicates/value-editors/numeric-editor: changing from has any value back to equal" time="0.913"/><testcase classname="Chrome 53.0" name="Exam Partition #45 - Team Engage 1 | Integration: Component - Message Editor Channel Title Component | Integration | Component | message-editor/channel/title-component: not displaying send push notification for an in-app with sendPushNotification set targeting web first" time="0.723"/><testcase classname="Chrome 53.0" name="Exam Partition #43 - Team Engage 1 | Integration: Component - Message Editor Message Audience Title Component | Integration | Component | message-editor/audience/title-component: Not showing role predicate for a visitor auto message" time="0.810"/><testcase classname="Chrome 53.0" name="Exam Partition #43 - TemplateLint - embercom/templates/components/conversation/is-typing-component.hbs: should pass TemplateLint" time="0.515"/><testcase classname="Chrome 53.0" name="Exam Partition #45 - Team Observe | Unit: App Model: hasOnlyAcquireFeatureSets when acquire pro" time="0.618"/><testcase classname="Chrome 53.0" name="Exam Partition #42 - General | Library: VideoRecorder: aborting a video reply after the upload is complete" time="0.507"/><testcase classname="Chrome 53.0" name="Exam Partition #42 - General | Library: VideoRecorder: adding a video reply, before upload is complete, and before commit/abort" time="0.526"/><testcase classname="Chrome 53.0" name="Exam Partition #42 - TemplateLint - embercom/templates/components/segment-links-component.hbs: should pass TemplateLint" time="0.534"/><testcase classname="Chrome 53.0" name="Exam Partition #42 - TemplateLint - embercom/templates/components/inbox/inbox-component.hbs: should pass TemplateLint" time="0.511"/><testcase classname="Chrome 53.0" name="Exam Partition #42 - Team Growth 2 | Unit: Component - Guide / Steps / Api Authenticated Request Component: languageSubset should only include bash" time="0.581"/><testcase classname="Chrome 53.0" name="Exam Partition #43 - Team Engage 1 | Integration: Component - Message Editor Message Audience Title Component | Integration | Component | message-editor/audience/title-component: Showing role predicate for an auto message" time="1.202"/><testcase classname="Chrome 53.0" name="Exam Partition #45 - Team Engage 1 | Integration: Component - Message Editor Channel Title Component | Integration | Component | message-editor/channel/title-component: displaying delivery channel for an in-app targeting iOS first" time="0.998"/><testcase classname="Chrome 53.0" name="Exam Partition #45 - TemplateLint - embercom/templates/components/conversation/stream/admin-action-component.hbs: should pass TemplateLint" time="0.470"/><testcase classname="Chrome 53.0" name="Exam Partition #42 - Team Engage 1 | Integration: Component - Boolean Editor | Integration | Component | predicates/value-editors/boolean-editor: delete button is present for all comparison types" time="1.058"/><testcase classname="Chrome 53.0" name="Exam Partition #43 - Team Engage 1 | Integration: Component - Message Editor Message Audience Title Component | Integration | Component | message-editor/audience/title-component: it should not fetch audience preview count for stopped messages" time="1.068"/><testcase classname="Chrome 53.0" name="Exam Partition #41 - General | Integration: Settings - Tags: displays tag name" time="3.083"/><testcase classname="Chrome 53.0" name="Exam Partition #45 - Team Engage 1 | Integration: Component - Message Editor Channel Title Component | Integration | Component | message-editor/channel/title-component: displaying delivery channel for an in-app targeting web first" time="0.828"/><testcase classname="Chrome 53.0" name="Exam Partition #43 - Team Growth 2 | Unit: Component - Guide / Steps / Engage Auto Message Component: the completeStep action should transition to apps.app.engage.messages.auto" time="0.547"/><testcase classname="Chrome 53.0" name="Exam Partition #41 - Team Growth 2 | Unit: Component - Guide / Steps / Android Push Notifications Component: sdkApp derives from app.androidSdkApps.firstObject without key" time="0.589"/><testcase classname="Chrome 53.0" name="Exam Partition #45 - Team Engage 1 | Integration: Component - Message Editor Channel Title Component | Integration | Component | message-editor/channel/title-component: not displaying the link for a push message with showUnsubscribeLink set" time="0.748"/><testcase classname="Chrome 53.0" name="Exam Partition #43 - Team Engage 1 | Integration: Component - Message Editor Message Audience Title Component | Integration | Component | message-editor/audience/title-component: fetches audience preview count and renders predicates for draft messages with predicates" time="0.903"/><testcase classname="Chrome 53.0" name="Exam Partition #45 - Team Observe | Unit: Segment Filter User Event Component: The component creates predicates correctly" time="0.499"/><testcase classname="Chrome 53.0" name="Exam Partition #42 - Team Acquire | Integration: Component - Team - Member Component: clicking on remove a teammate should open the delete teammate modal" time="0.746"/><testcase classname="Chrome 53.0" name="Exam Partition #45 - General | Services: IAM Service: IAM is not booted when impersonating" time="0.551"/><testcase classname="Chrome 53.0" name="Exam Partition #41 - Team Growth 2 | Unit: Component - Guide / Steps / Android Push Notifications Component: isGcmKeyEmpty derives from gcmKey without key" time="0.521"/><testcase classname="Chrome 53.0" name="Exam Partition #41 - TemplateLint - embercom/templates/components/segment-link-component.hbs: should pass TemplateLint" time="0.461"/><testcase classname="Chrome 53.0" name="Exam Partition #41 - TemplateLint - embercom/templates/components/import-set-tag-component.hbs: should pass TemplateLint" time="0.524"/><testcase classname="Chrome 53.0" name="Exam Partition #42 - TemplateLint - embercom/templates/apps/app/messages/partials/table-cells/manual/-single-variant-message-from-cell.hbs: should pass TemplateLint" time="0.468"/><testcase classname="Chrome 53.0" name="Exam Partition #42 - General | Library: VideoRecorder: aborting a video reply immediately" time="0.515"/><testcase classname="Chrome 53.0" name="Exam Partition #42 - TemplateLint - embercom/templates/components/educate/site/collections/main-collection-list-component.hbs: should pass TemplateLint" time="0.544"/><testcase classname="Chrome 53.0" name="Exam Partition #43 - Team Engage 1 | Integration: Component - Message Editor Message Audience Title Component | Integration | Component | message-editor/audience/title-component: update matching user count is not called for visitor auto messages" time="0.977"/><testcase classname="Chrome 53.0" name="Exam Partition #41 - Team Growth 2 | Unit: Component - Guide / Steps / Android Push Notifications Component: isGcmKeyEmpty derives from gcmKey with key" time="0.610"/><testcase classname="Chrome 53.0" name="Exam Partition #42 - Team Support 2 | Unit: Component - Rules - Rule Predicate: predicateValueComponentPath is correct for android_device types" time="0.587"/><testcase classname="Chrome 53.0" name="Exam Partition #45 - Team Engage 1 | Integration: Component - Message Editor Channel Title Component | Integration | Component | message-editor/channel/title-component: not displaying the link for an email with showUnsubscribeLink unset" time="0.819"/><testcase classname="Chrome 53.0" name="Exam Partition #44 - Team Observe | Integration: User List - Bulk Actions - Delete: The delete modal opens when no users are selected" time="6.343"/><testcase classname="Chrome 53.0" name="Exam Partition #41 - Team Engage 1 | Integration: Component - Attribute Selector Dropdown Component | Integration | Component | predicates/attribute-selector-dropdown-component: Shows the passed in user type" time="0.732"/><testcase classname="Chrome 53.0" name="Exam Partition #45 - Team Engage 1 | Integration: Component - Message Editor Channel Title Component | Integration | Component | message-editor/channel/title-component: not displaying send push notification for a push message with sendPushNotification set" time="0.715"/><testcase classname="Chrome 53.0" name="Exam Partition #42 - General | Services: App Data Cache Service: it returns an app when enabled" time="0.808"/><testcase classname="Chrome 53.0" name="Exam Partition #43 - Team Engage 1 | Integration: Component - Message Editor Message Audience Title Component | Integration | Component | message-editor/audience/title-component: Showing lead type for a manual message" time="0.846"/><testcase classname="Chrome 53.0" name="Exam Partition #43 - Team Acquire | Library: Whitelisted domains validator: valid input without spaces" time="0.457"/><testcase classname="Chrome 53.0" name="Exam Partition #44 - Team Growth 2 | Unit: Component - Guide / Steps / Forward Support Email Component: isPolling is initialized to true" time="0.549"/><testcase classname="Chrome 53.0" name="Exam Partition #42 - Team Support 2 | Unit: Component - Rules - Rule Predicate: predicateValueComponentPath is correct for anonymous types" time="0.499"/><testcase classname="Chrome 53.0" name="Exam Partition #42 - General | Unit: Helper - format-name-as-initials: properly formats funny names" time="0.444"/><testcase classname="Chrome 53.0" name="Exam Partition #45 - Team Engage 1 | Integration: Component - Message Editor Channel Title Component | Integration | Component | message-editor/channel/title-component: displaying delivery channel for an in-app targeting any platform" time="0.633"/><testcase classname="Chrome 53.0" name="Exam Partition #45 - General | Unit: Helper - full-relative-time-ago-helper: null with fallback" time="0.433"/><testcase classname="Chrome 53.0" name="Exam Partition #41 - Team Growth 2 | Unit: Component - Guide / Steps / Android Push Notifications Component: sdkApp derives from app.androidSdkApps.firstObject with key" time="0.515"/><testcase classname="Chrome 53.0" name="Exam Partition #43 - Team Acquire | Unit: Component - Rules - Predicate Attribute Selector: selectedAttributeChanged updates predicate when selectedAttribute changes" time="0.652"/><testcase classname="Chrome 53.0" name="Exam Partition #43 - TemplateLint - embercom/templates/components/segment-list-component.hbs: should pass TemplateLint" time="0.462"/><testcase classname="Chrome 53.0" name="Exam Partition #43 - TemplateLint - embercom/templates/components/inbox/list-item-component.hbs: should pass TemplateLint" time="0.503"/><testcase classname="Chrome 53.0" name="Exam Partition #44 - Team Support 1 | Service: Conversations Service: adding a closer part" time="0.492"/><testcase classname="Chrome 53.0" name="Exam Partition #44 - Team Support 1 | Service: Conversations Service: deleting a draft" time="0.511"/><testcase classname="Chrome 53.0" name="Exam Partition #44 - TemplateLint - embercom/templates/components/segment-list-dropdown-component.hbs: should pass TemplateLint" time="0.508"/><testcase classname="Chrome 53.0" name="Exam Partition #44 - TemplateLint - embercom/templates/components/inbox/nav-link-component.hbs: should pass TemplateLint" time="0.471"/><testcase classname="Chrome 53.0" name="Exam Partition #43 - Team Engage 1 | Integration: Component - Message Editor Message Audience Title Component | Integration | Component | message-editor/audience/title-component: update matching user count is not called for campaign messages" time="0.781"/><testcase classname="Chrome 53.0" name="Exam Partition #45 - Team Observe | Unit: Segment Filter User Event Component: The component removes predicates correctly" time="0.581"/><testcase classname="Chrome 53.0" name="Exam Partition #42 - Team Support 2 | Unit: Component - Rules - Rule Predicate: predicateValueComponentPath returns string component path for stringy types" time="0.584"/><testcase classname="Chrome 53.0" name="Exam Partition #45 - TemplateLint - embercom/templates/components/segment-search-component.hbs: should pass TemplateLint" time="0.427"/><testcase classname="Chrome 53.0" name="Exam Partition #45 - TemplateLint - embercom/templates/components/inbox/nav-list-component.hbs: should pass TemplateLint" time="0.485"/><testcase classname="Chrome 53.0" name="Exam Partition #41 - TemplateLint - embercom/templates/apps/app/messages/partials/table-cells/manual/-single-variant-message-created-at-cell.hbs: should pass TemplateLint" time="0.461"/><testcase classname="Chrome 53.0" name="Exam Partition #41 - TemplateLint - embercom/templates/components/educate/site/collections/collection-component.hbs: should pass TemplateLint" time="0.524"/><testcase classname="Chrome 53.0" name="Exam Partition #45 - Team Engage 1 | Integration: Component - Message Editor Channel Title Component | Integration | Component | message-editor/channel/title-component: not displaying send push notification for an email with sendPushNotification set" time="0.980"/><testcase classname="Chrome 53.0" name="Exam Partition #42 - TemplateLint - embercom/templates/apps/app/messages/partials/-manual-message-list-table-headers.hbs: should pass TemplateLint" time="0.453"/><testcase classname="Chrome 53.0" name="Exam Partition #42 - TemplateLint - embercom/templates/apps/app/engage/messages/auto/campaigns/campaign/users.hbs: should pass TemplateLint" time="0.518"/><testcase classname="Chrome 53.0" name="Exam Partition #42 - TemplateLint - embercom/templates/components/guide/step-group-icon-component.hbs: should pass TemplateLint" time="0.517"/><testcase classname="Chrome 53.0" name="Exam Partition #42 - TemplateLint - embercom/templates/components/message-send-preview-component.hbs: should pass TemplateLint" time="0.506"/><testcase classname="Chrome 53.0" name="Exam Partition #43 - Team Engage 1 | Integration: Component - Message Editor Message Audience Title Component | Integration | Component | message-editor/audience/title-component: renders correct inflectors and wording" time="1.078"/><testcase classname="Chrome 53.0" name="Exam Partition #42 - Team Support 2 | Unit: Component - Rules - Rule Predicate: predicateValueComponentPath is correct for company_tag types" time="0.561"/><testcase classname="Chrome 53.0" name="Exam Partition #45 - Team Engage 1 | Integration: Component - Message Editor Channel Title Component | Integration | Component | message-editor/channel/title-component: displaying the link for an email with showUnsubscribeLink set" time="0.823"/><testcase classname="Chrome 53.0" name="Exam Partition #42 - Team Support 2 | Unit: Component - Rules - Rule Predicate: predicateValueComponentPath returns string component path for unsupported types" time="0.529"/><testcase classname="Chrome 53.0" name="Exam Partition #42 - TemplateLint - embercom/templates/components/message-editor/audience/selection-state.hbs: should pass TemplateLint" time="0.483"/><testcase classname="Chrome 53.0" name="Exam Partition #44 - Team Observe | Integration: User List - Bulk Actions - Delete: The delete modal opens on click" time="3.386"/><testcase classname="Chrome 53.0" name="Exam Partition #42 - Team Support 2 | Unit: Component - Rules - Rule Predicate: predicateValueComponentPath is correct for android_version types" time="0.558"/><testcase classname="Chrome 53.0" name="Exam Partition #45 - Team Engage 1 | Integration: Component - Message Editor Channel Title Component | Integration | Component | message-editor/channel/title-component: displaying send push notification for an in-app with sendPushNotification set" time="0.836"/><testcase classname="Chrome 53.0" name="Exam Partition #41 - General | Library: Admin Ping Service: stop stops polling" time="0.531"/><testcase classname="Chrome 53.0" name="Exam Partition #41 - General | Library: Admin Ping Service: _defer calls Em.run.later" time="0.508"/><testcase classname="Chrome 53.0" name="Exam Partition #41 - TemplateLint - embercom/templates/apps/app/messages/partials/-manual-message-list-secondary-nav.hbs: should pass TemplateLint" time="0.492"/><testcase classname="Chrome 53.0" name="Exam Partition #41 - TemplateLint - embercom/templates/apps/app/engage/messages/auto/campaigns/campaign/index.hbs: should pass TemplateLint" time="0.488"/><testcase classname="Chrome 53.0" name="Exam Partition #41 - TemplateLint - embercom/templates/components/guide/step-footer-component.hbs: should pass TemplateLint" time="0.533"/><testcase classname="Chrome 53.0" name="Exam Partition #41 - TemplateLint - embercom/templates/components/message-selection-state-component.hbs: should pass TemplateLint" time="0.539"/><testcase classname="Chrome 53.0" name="Exam Partition #41 - General | Library: Admin Ping Service: pingPeriodically calls _ping" time="0.491"/><testcase classname="Chrome 53.0" name="Exam Partition #41 - TemplateLint - embercom/templates/components/message-editor/audience/sample-recipients.hbs: should pass TemplateLint" time="0.503"/><testcase classname="Chrome 53.0" name="Exam Partition #41 - General | Library: Admin Ping Service: stop sets app and admin to null" time="0.477"/><testcase classname="Chrome 53.0" name="Exam Partition #43 - Team Engage 1 | Integration: Component - Message Editor Message Audience Title Component | Integration | Component | message-editor/audience/title-component: it should not fetch audience preview count for scheduled messages" time="0.975"/><testcase classname="Chrome 53.0" name="Exam Partition #43 - TemplateLint - embercom/templates/apps/app/messages/partials/table-cells/manual/-single-variant-message-send-at-cell.hbs: should pass TemplateLint" time="0.500"/><testcase classname="Chrome 53.0" name="Exam Partition #43 - Team Acquire | Library: Whitelisted domains validator: invalid input" time="0.512"/><testcase classname="Chrome 53.0" name="Exam Partition #43 - TemplateLint - embercom/templates/components/educate/site/go-to-help-center.hbs: should pass TemplateLint" time="0.507"/><testcase classname="Chrome 53.0" name="Exam Partition #44 - Team Engage 1 | Integration: Component - Numeric Editor | Integration | Component | predicates/value-editors/numeric-editor: changing from unknown back to equal" time="0.716"/><testcase classname="Chrome 53.0" name="Exam Partition #45 - TemplateLint - embercom/templates/apps/app/messages/send-preview-email.hbs: should pass TemplateLint" time="0.462"/><testcase classname="Chrome 53.0" name="Exam Partition #45 - General | Unit: Helper - full-relative-time-ago-helper: 2 mins with fallback" time="0.558"/><testcase classname="Chrome 53.0" name="Exam Partition #45 - TemplateLint - embercom/templates/components/emoji-popover-component.hbs: should pass TemplateLint" time="0.439"/><testcase classname="Chrome 53.0" name="Exam Partition #41 - Team Growth 2 | Unit: Component - Guide / Steps / Android Push Notifications Component: gcmKey derives from sdkApp.gcm_key without key" time="0.595"/><testcase classname="Chrome 53.0" name="Exam Partition #42 - Team Growth 2 | Unit: Component - Guide / Steps / Api Authenticated Request Component: adminCanSeeSecretKey and isPolling should be true if app.api_secret is available" time="0.535"/><testcase classname="Chrome 53.0" name="Exam Partition #45 - Team Engage 1 | Integration: Component - String Editor | Integration | Component | predicates/value-editors/string-editor: changing the comparator changes the predicate comparator" time="0.724"/><testcase classname="Chrome 53.0" name="Exam Partition #43 - Team Engage 1 | Integration: Component - Date Editor | Integration | Component | predicates/value-editors/date-editor: changing from has any value to absolute" time="0.785"/><testcase classname="Chrome 53.0" name="Exam Partition #43 - Team Acquire | Library: Whitelisted domains validator: with invalid domain structure" time="0.522"/><testcase classname="Chrome 53.0" name="Exam Partition #44 - Team Engage 1 | Integration: Component - Numeric Editor | Integration | Component | predicates/value-editors/numeric-editor: changing the value changes the predicate value" time="0.639"/><testcase classname="Chrome 53.0" name="Exam Partition #45 - Team Observe | Unit: App Model: hasOnlyAcquireFeatureSets when acquire basic and other feature set" time="0.515"/><testcase classname="Chrome 53.0" name="Exam Partition #43 - Team Engage 1 | Integration: Component - Date Editor | Integration | Component | predicates/value-editors/date-editor: it shows the correct options in the dropdown" time="0.726"/><testcase classname="Chrome 53.0" name="Exam Partition #41 - TemplateLint - embercom/templates/-packaging-nav.hbs: should pass TemplateLint" time="0.492"/><testcase classname="Chrome 53.0" name="Exam Partition #41 - TemplateLint - embercom/templates/components/campaigns/campaign-list.hbs: should pass TemplateLint" time="0.587"/><testcase classname="Chrome 53.0" name="Exam Partition #41 - TemplateLint - embercom/templates/apps/app/settings/senders.hbs: should pass TemplateLint" time="0.496"/><testcase classname="Chrome 53.0" name="Exam Partition #42 - General | Library: VideoRecorder: newComment realtime event should be sent when a reply is persisted" time="0.494"/><testcase classname="Chrome 53.0" name="Exam Partition #42 - TemplateLint - embercom/templates/application-loading.hbs: should pass TemplateLint" time="0.473"/><testcase classname="Chrome 53.0" name="Exam Partition #42 - TemplateLint - embercom/templates/components/campaigns/campaign-spacing-editor.hbs: should pass TemplateLint" time="0.526"/><testcase classname="Chrome 53.0" name="Exam Partition #42 - TemplateLint - embercom/templates/apps/app/settings/service-worker.hbs: should pass TemplateLint" time="0.493"/><testcase classname="Chrome 53.0" name="Exam Partition #45 - Team Engage 1 | Integration: Component - String Editor | Integration | Component | predicates/value-editors/string-editor: changing from has any value back to equal" time="0.627"/><testcase classname="Chrome 53.0" name="Exam Partition #43 - Team Engage 1 | Integration: Component - Date Editor | Integration | Component | predicates/value-editors/date-editor: changing the comparator changes the predicate comparator" time="0.769"/><testcase classname="Chrome 53.0" name="Exam Partition #41 - Team Engage 1 | Integration: Component - Message Editor Message Audience Join Type Switcher Component | Integration | Component | message-editor/audience/predicate-join-type-switcher: renders the and/or dropdown correctly for &quot;or&quot; predicates" time="0.793"/><testcase classname="Chrome 53.0" name="Exam Partition #41 - TemplateLint - embercom/templates/components/product-about-card-component.hbs: should pass TemplateLint" time="0.446"/><testcase classname="Chrome 53.0" name="Exam Partition #42 - Team Engage 1 | Integration: Component - Message Editor Sample Recipients Component | Integration | Component | message-editor/audience/sample-recipients: renders the component with no sample recipients" time="0.759"/><testcase classname="Chrome 53.0" name="Exam Partition #45 - Team Growth 2 | Unit: Component - Guide / Steps / Import People Component: completeStep action calls callback after delay" time="0.663"/><testcase classname="Chrome 53.0" name="Exam Partition #44 - TemplateLint - embercom/templates/apps/app/messages/partials/table-cells/manual/-single-variant-message-type-cell.hbs: should pass TemplateLint" time="0.520"/><testcase classname="Chrome 53.0" name="Exam Partition #44 - Team Support 1 | Service: Conversations Service: adding a comment part" time="0.605"/><testcase classname="Chrome 53.0" name="Exam Partition #44 - TemplateLint - embercom/templates/components/educate/site/nav-folders-list-component.hbs: should pass TemplateLint" time="0.517"/><testcase classname="Chrome 53.0" name="Exam Partition #44 - General | Unit: Helper - full-date-and-time-helper: with a datetime" time="0.542"/><testcase classname="Chrome 53.0" name="Exam Partition #42 - Team Support 2 | Unit: Component - Rules - Rule Predicate: predicateValueComponentPath is correct for plan types" time="0.543"/><testcase classname="Chrome 53.0" name="Exam Partition #42 - TemplateLint - embercom/templates/components/product-icon-component.hbs: should pass TemplateLint" time="0.466"/><testcase classname="Chrome 53.0" name="Exam Partition #44 - Team Support 1 | Service: Conversations Service: adding an assignment part" time="0.624"/><testcase classname="Chrome 53.0" name="Exam Partition #43 - Team Engage 1 | Integration: Component - Date Editor | Integration | Component | predicates/value-editors/date-editor: hovering over delete button shows and hides highlight" time="0.659"/><testcase classname="Chrome 53.0" name="Exam Partition #43 - TemplateLint - embercom/templates/apps/app/messages/partials/-message-filter-row.hbs: should pass TemplateLint" time="0.466"/><testcase classname="Chrome 53.0" name="Exam Partition #44 - Team Observe | Unit: Segment Filter List Component: Company predicate arrays are parsed correctly" time="0.526"/><testcase classname="Chrome 53.0" name="Exam Partition #44 - General | Unit: Model - Admin Model: #isTwitterBot" time="0.507"/><testcase classname="Chrome 53.0" name="Exam Partition #43 - General | Services: Boot Service: defer with manual advancement" time="0.547"/><testcase classname="Chrome 53.0" name="Exam Partition #43 - TemplateLint - embercom/templates/apps/app/engage/messages/auto/campaigns/modals/dependent-predicate.hbs: should pass TemplateLint" time="0.451"/><testcase classname="Chrome 53.0" name="Exam Partition #43 - Team Acquire | Library: Whitelisted domains validator: trailing comma" time="0.495"/><testcase classname="Chrome 53.0" name="Exam Partition #43 - TemplateLint - embercom/templates/components/guide/step-icon-component.hbs: should pass TemplateLint" time="0.506"/><testcase classname="Chrome 53.0" name="Exam Partition #44 - General | Unit: Model - Admin Model: Calling Admin.me does not double create admin model" time="0.490"/><testcase classname="Chrome 53.0" name="Exam Partition #43 - General | Services: Boot Service: auto advancement when app is set before auto advancement has triggered" time="0.531"/><testcase classname="Chrome 53.0" name="Exam Partition #43 - TemplateLint - embercom/templates/components/message-sending-status-component.hbs: should pass TemplateLint" time="0.451"/><testcase classname="Chrome 53.0" name="Exam Partition #45 - Team Observe | Integration: User List - Bulk Actions - Export: The export modal closes when dismissed" time="3.693"/><testcase classname="Chrome 53.0" name="Exam Partition #45 - TemplateLint - embercom/templates/apps/app/messages/partials/-visitor-auto-message-list-secondary-nav.hbs: should pass TemplateLint" time="0.423"/><testcase classname="Chrome 53.0" name="Exam Partition #44 - TemplateLint - embercom/templates/apps/app/messages/partials/-message-show.hbs: should pass TemplateLint" time="0.455"/><testcase classname="Chrome 53.0" name="Exam Partition #44 - Team Support 1 | Service: Conversations Service: A save failure on the current conversation" time="0.540"/><testcase classname="Chrome 53.0" name="Exam Partition #44 - TemplateLint - embercom/templates/apps/app/engage/messages/auto/campaigns/modals/resume-campaign.hbs: should pass TemplateLint" time="0.515"/><testcase classname="Chrome 53.0" name="Exam Partition #44 - Team Support 1 | Service: Conversations Service: Removing a part" time="0.467"/><testcase classname="Chrome 53.0" name="Exam Partition #43 - Team Engage 1 | Integration: Component - Message Editor Message Audience Title Component | Integration | Component | message-editor/audience/title-component: Showing example campaign predicates" time="0.683"/><testcase classname="Chrome 53.0" name="Exam Partition #43 - Team Engage 1 | Integration: Component - Date Editor | Integration | Component | predicates/value-editors/date-editor: changing the value changes the predicate value" time="0.570"/><testcase classname="Chrome 53.0" name="Exam Partition #44 - Team Support 1 | Service: Conversations Service: notes do not cause auto assign on reply" time="0.567"/><testcase classname="Chrome 53.0" name="Exam Partition #44 - TemplateLint - embercom/templates/components/guide/step-invite-link-popover-component.hbs: should pass TemplateLint" time="0.445"/><testcase classname="Chrome 53.0" name="Exam Partition #45 - Team Observe | Unit: App Model: #fetchAndUpdateAllAdminPermissions loads the admin permissions" time="0.699"/><testcase classname="Chrome 53.0" name="Exam Partition #45 - TemplateLint - embercom/templates/apps/app/engage/messages/auto/campaigns/modals/spacing-editor-guide.hbs: should pass TemplateLint" time="0.460"/><testcase classname="Chrome 53.0" name="Exam Partition #45 - Team Observe | Unit: App Model: sdkApps with no certificates" time="0.604"/><testcase classname="Chrome 53.0" name="Exam Partition #43 - General | Services: Boot Service: defer with auto advancement" time="0.479"/><testcase classname="Chrome 53.0" name="Exam Partition #43 - TemplateLint - embercom/templates/components/message-editor/audience/title-component.hbs: should pass TemplateLint" time="0.434"/><testcase classname="Chrome 53.0" name="Exam Partition #44 - Team Support 1 | Service: Conversations Service: uploads get added" time="0.515"/><testcase classname="Chrome 53.0" name="Exam Partition #44 - TemplateLint - embercom/templates/components/message-stat-component.hbs: should pass TemplateLint" time="0.433"/><testcase classname="Chrome 53.0" name="Exam Partition #43 - General | Services: Boot Service: auto advancement when app is set after auto advancement has triggered" time="0.512"/><testcase classname="Chrome 53.0" name="Exam Partition #44 - Team Growth 2 | Unit: Component - Guide / Steps / Forward Support Email Component: completePart action creates and saves a ForwardMailSetupAttempt on completion of step 1" time="0.538"/><testcase classname="Chrome 53.0" name="Exam Partition #45 - Team Observe | Unit: App Model: hasOnlyAcquireFeatureSets when acquire pro and other feature set" time="0.547"/><testcase classname="Chrome 53.0" name="Exam Partition #45 - TemplateLint - embercom/templates/components/guide/step-multipart-component.hbs: should pass TemplateLint" time="0.460"/><testcase classname="Chrome 53.0" name="Exam Partition #43 - Team Engage 1 | Integration: Component - Date Editor | Integration | Component | predicates/value-editors/date-editor: delete button is present and functional for all comparison types" time="1.155"/><testcase classname="Chrome 53.0" name="Exam Partition #45 - Team Observe | Unit: App Model: #humanReadableTimezone during DST" time="0.674"/><testcase classname="Chrome 53.0" name="Exam Partition #45 - TemplateLint - embercom/templates/components/message-variation-admin-dropdown-component.hbs: should pass TemplateLint" time="0.456"/><testcase classname="Chrome 53.0" name="Exam Partition #44 - General | Unit: Model - Admin Model: #isBot" time="0.488"/><testcase classname="Chrome 53.0" name="Exam Partition #45 - Team Engage 1 | Integration: Component - String Editor | Integration | Component | predicates/value-editors/string-editor: it shows the correct options in the dropdown" time="0.654"/><testcase classname="Chrome 53.0" name="Exam Partition #45 - Team Growth 2 | Unit: Component - Guide / Steps / Import People Component: isPolling is initialized to true" time="0.469"/><testcase classname="Chrome 53.0" name="Exam Partition #44 - Team Support 1 | Service: Conversations Service: A save failure on a different conversation" time="0.482"/><testcase classname="Chrome 53.0" name="Exam Partition #44 - TemplateLint - embercom/templates/components/message-editor/buttons/stats-tab-button.hbs: should pass TemplateLint" time="0.466"/><testcase classname="Chrome 53.0" name="Exam Partition #44 - Team Support 1 | Service: Conversations Service: After saving a realtime event is dispatched" time="0.532"/><testcase classname="Chrome 53.0" name="Exam Partition #44 - Team Support 1 | Service: Conversations Service: Removing an assignment part on an unassigned conversation" time="0.466"/><testcase classname="Chrome 53.0" name="Exam Partition #44 - General | Unit: Helper - full-date-and-time-helper: with a datetime and a timezone" time="0.456"/><testcase classname="Chrome 53.0" name="Exam Partition #45 - Team Observe | Unit: App Model: only returns verified senders" time="0.515"/><testcase classname="Chrome 53.0" name="Exam Partition #45 - TemplateLint - embercom/templates/components/message-editor/buttons/task-button.hbs: should pass TemplateLint" time="0.459"/><testcase classname="Chrome 53.0" name="Exam Partition #43 - Team Engage 1 | Integration: Component - Message Editor Message Audience Title Component | Integration | Component | message-editor/audience/title-component: Showing role predicate for a manual message" time="0.650"/><testcase classname="Chrome 53.0" name="Exam Partition #43 - Team Acquire | Library: Whitelisted domains validator: without comma separated values" time="0.453"/><testcase classname="Chrome 53.0" name="Exam Partition #43 - TemplateLint - embercom/templates/application.hbs: should pass TemplateLint" time="0.470"/><testcase classname="Chrome 53.0" name="Exam Partition #43 - TemplateLint - embercom/templates/components/campaigns/headers/edit-page-header-component.hbs: should pass TemplateLint" time="0.459"/><testcase classname="Chrome 53.0" name="Exam Partition #43 - Team Acquire | Library: Whitelisted domains validator: trailing comma and space" time="0.493"/><testcase classname="Chrome 53.0" name="Exam Partition #45 - Team Observe | Unit: App Model: #humanReadableTimezone outside DST" time="0.691"/><testcase classname="Chrome 53.0" name="Exam Partition #43 - TemplateLint - embercom/templates/apps/app/settings/tags.hbs: should pass TemplateLint" time="0.537"/><testcase classname="Chrome 53.0" name="Exam Partition #45 - Team Observe | Unit: App Model: .addTeam correctly adds to `teams` and `admins`" time="0.666"/><testcase classname="Chrome 53.0" name="Exam Partition #43 - Team Engage 1 | Integration: Component - Message Editor Message Audience Title Component | Integration | Component | message-editor/audience/title-component: renders predicates for non-selection-based messages" time="0.887"/><testcase classname="Chrome 53.0" name="Exam Partition #43 - Team Engage 1 | Integration: Component - Date Editor | Integration | Component | predicates/value-editors/date-editor: calendar picker is shown for absolute comparators" time="0.852"/><testcase classname="Chrome 53.0" name="Exam Partition #43 - TemplateLint - embercom/templates/components/product-icon-nav-component.hbs: should pass TemplateLint" time="0.449"/><testcase classname="Chrome 53.0" name="Exam Partition #44 - Team Observe | Integration: User List - Bulk Actions - Delete: The delete modal closes when dismissed" time="2.744"/><testcase classname="Chrome 53.0" name="Exam Partition #44 - Team Support 1 | Service: Conversations Service: adding an opener part" time="0.513"/><testcase classname="Chrome 53.0" name="Exam Partition #44 - TemplateLint - embercom/templates/apps/app.hbs: should pass TemplateLint" time="0.500"/><testcase classname="Chrome 53.0" name="Exam Partition #44 - TemplateLint - embercom/templates/components/campaigns/headers/page-header.hbs: should pass TemplateLint" time="0.448"/><testcase classname="Chrome 53.0" name="Exam Partition #45 - Team Observe | Integration: User List - Bulk Actions - Export: The export modal opens on click" time="2.543"/><testcase classname="Chrome 53.0" name="Exam Partition #45 - Team Engage 1 | Integration: Component - Message Editor Channel Title Component | Integration | Component | message-editor/channel/title-component: not displaying delivery channel for an email" time="0.612"/><testcase classname="Chrome 53.0" name="Exam Partition #44 - Team Support 1 | Service: Conversations Service: already assigned conversations do not get reassigned" time="0.515"/><testcase classname="Chrome 53.0" name="Exam Partition #44 - TemplateLint - embercom/templates/apps/app/settings/team.hbs: should pass TemplateLint" time="0.438"/><testcase classname="Chrome 53.0" name="Exam Partition #44 - Team Engage 3 | Integration: Component - Message Editor Buttons Stats Tab | Integration | Component | message-editor/buttons/stats-tab-button: The component is not clickable renders correctly" time="0.540"/><testcase classname="Chrome 53.0" name="Exam Partition #44 - General | Unit: Helper - full-date-and-time-helper: raw helper" time="0.447"/><testcase classname="Chrome 53.0" name="Exam Partition #44 - TemplateLint - embercom/templates/components/product-upgrade-card-component.hbs: should pass TemplateLint" time="0.467"/><testcase classname="Chrome 53.0" name="Exam Partition #45 - Team Observe | Unit: App Model: hasOnlyAcquireFeatureSets when acquire basic" time="0.518"/><testcase classname="Chrome 53.0" name="Exam Partition #45 - TemplateLint - embercom/templates/apps/app/account.hbs: should pass TemplateLint" time="0.439"/><testcase classname="Chrome 53.0" name="Exam Partition #45 - TemplateLint - embercom/templates/components/campaigns/headers/show-page-header-component.hbs: should pass TemplateLint" time="0.461"/><testcase classname="Chrome 53.0" name="Exam Partition #45 - Team Observe | Unit: App Model: hasOnlyAcquireFeatureSets when other feature set" time="0.563"/><testcase classname="Chrome 53.0" name="Exam Partition #45 - TemplateLint - embercom/templates/apps/app/settings/web.hbs: should pass TemplateLint" time="0.415"/><testcase classname="Chrome 53.0" name="Exam Partition #45 - Team Engage 1 | Integration: Component - Message Editor Channel Title Component | Integration | Component | message-editor/channel/title-component: displaying the correct type for an in-app" time="0.607"/><testcase classname="Chrome 53.0" name="Exam Partition #45 - Team Observe | Integration: User List - Bulk Actions - Export: The export modal opens when no users are selected" time="1.878"/><testcase classname="Chrome 53.0" name="Exam Partition #45 - TemplateLint - embercom/templates/components/restriction-checkbox-component.hbs: should pass TemplateLint" time="0.415"/></testsuite>
