<testsuite name="Testem Tests" tests="432" skipped="3" failures="37" timestamp="Tue Nov 08 2016 14:34:13 GMT+0000 (UTC)" time="227.798"><testcase classname="Chrome 53.0" name="Exam Partition #14 - TemplateLint - embercom/templates/apps/app/acquire/messages/yours.hbs: should pass TemplateLint" time="4.551"/><testcase classname="Chrome 53.0" name="Exam Partition #11 - TemplateLint - embercom/templates/apps/app/users/user/all-conversations.hbs: should pass TemplateLint" time="4.563"/><testcase classname="Chrome 53.0" name="Exam Partition #12 - TemplateLint - embercom/templates/components/user-company-details-component.hbs: should pass TemplateLint" time="4.498"/><testcase classname="Chrome 53.0" name="Exam Partition #12 - TemplateLint - embercom/templates/apps/app/acquire/messages/paused.hbs: should pass TemplateLint" time="0.488"/><testcase classname="Chrome 53.0" name="Exam Partition #13 - TemplateLint - embercom/templates/components/admin/avatar-upload-component.hbs: should pass TemplateLint" time="4.481"/><testcase classname="Chrome 53.0" name="Exam Partition #14 - Team Growth 1 | Unit: Controller – Apps / App / Guide / StepGroup / Step: linkNotAllowedAndStepComplete is true when the scope is admin and the step is completed" time="0.726"/><testcase classname="Chrome 53.0" name="Exam Partition #15 - TemplateLint - embercom/templates/components/messages/editor/message-variation-content-editor-legacy-component.hbs: should pass TemplateLint" time="4.528"/><testcase classname="Chrome 53.0" name="Exam Partition #11 - Team Engage 3 | Unit | Model | message-variation: isReactionsReply is false without reactions" time="1.923"/><testcase classname="Chrome 53.0" name="Exam Partition #12 - Team Engage 1 | Integration: Component - Campaigns User Preview | Integration | Component | campaigns/setup/user-preview: Preview user requests are not made for empty predicateGroups" time="3.162"/><testcase classname="Chrome 53.0" name="Exam Partition #12 - TemplateLint - embercom/templates/components/messages/editor/message-mobile-push-editor-component.hbs: should pass TemplateLint" time="0.461"/><testcase classname="Chrome 53.0" name="Exam Partition #12 - Team Support 2 | Unit: Lib - Inbox Realtime Adapter: A thread created event when asc sorted with a subset loaded" time="0.756"/><testcase classname="Chrome 53.0" name="Exam Partition #12 - Team Engage 1 | Integration: Component - Campaigns User Preview | Integration | Component | campaigns/setup/user-preview: title for a live/stopped message in edit mode with leads" time="1.372"/><testcase classname="Chrome 53.0" name="Exam Partition #12 - TemplateLint - embercom/templates/components/settings/senders/email-address-component.hbs: should pass TemplateLint" time="0.456"/><testcase classname="Chrome 53.0" name="Exam Partition #13 - Team Engage 3 | Acceptance | message-view-and-edit/summary stats: Engage Manual: Switching to the inverse of a stat works" time="11.313"/><testcase classname="Chrome 53.0" name="Exam Partition #11 - Team Engage 3 | Acceptance | message-view-and-edit/message-actions: Activating a message without permission" time="12.945"/><testcase classname="Chrome 53.0" name="Exam Partition #14 - Team Engage 3 | Acceptance | message-view-and-edit/summary: Loading an email message shows an email preview" time="13.569"/><testcase classname="Chrome 53.0" name="Exam Partition #15 - Team Engage 3 | Acceptance | message-view-and-edit/route-error-handling: Opening a message" time="16.676"/><testcase classname="Chrome 53.0" name="Exam Partition #14 - Team Engage 2 | Unit: Model - Messages / Goal: goal is valid if it contains an empty predicate list" time="1.210"/><testcase classname="Chrome 53.0" name="Exam Partition #11 - Team Engage 1 | Integration: Component - Campaign Setup | Integration | Component | campaigns/setup/campaign-setup: goal stats visibility" time="1.864"/><testcase classname="Chrome 53.0" name="Exam Partition #11 - TemplateLint - embercom/templates/apps/app/guide/-chevron.hbs: should pass TemplateLint" time="0.511"/><testcase classname="Chrome 53.0" name="Exam Partition #14 - TemplateLint - embercom/templates/components/user-list-column-header-component.hbs: should pass TemplateLint" time="0.490"/><testcase classname="Chrome 53.0" name="Exam Partition #11 - Team Engage 3 | Unit | Model | message-variation: #isEmail, #isPushOnly, #isInApp" time="0.879"/><testcase classname="Chrome 53.0" name="Exam Partition #15 - General | Unit: Component - Calendar Date Picker: firstDayOfMonth" time="0.719"/><testcase classname="Chrome 53.0" name="Exam Partition #15 - TemplateLint - embercom/templates/components/guide/-web-integration-enable-secure-mode-javascript.hbs: should pass TemplateLint" time="0.475"/><testcase classname="Chrome 53.0" name="Exam Partition #11 - Team Engage 1 | Unit: Component - Message Editor - Content Stats Tabs Component: Getting tabs for Push message with goal" time="0.930"/><testcase classname="Chrome 53.0" name="Exam Partition #15 - General | Lib: MeasureHtml: measure" time="0.545"/><testcase classname="Chrome 53.0" name="Exam Partition #15 - General | Integration: Component - Breadcrumbs | Integration | Component | common/breadcrumbs-component: With no breadcrumbs, it only renders the internals" time="1.167"/><testcase classname="Chrome 53.0" name="Exam Partition #15 - TemplateLint - embercom/templates/components/message-editor/stats/tab-container.hbs: should pass TemplateLint" time="0.523"/><testcase classname="Chrome 53.0" name="Exam Partition #15 - General | Unit: Component - Calendar Date Picker: _getNextMonthDay" time="0.662"/><testcase classname="Chrome 53.0" name="Exam Partition #11 - Team Engage 3 | Unit | Model | message-variation: variation type icon" time="1.169"/><testcase classname="Chrome 53.0" name="Exam Partition #11 - TemplateLint - embercom/templates/components/message-editor/stats/inverse-switcher.hbs: should pass TemplateLint" time="0.529"/><testcase classname="Chrome 53.0" name="Exam Partition #11 - TemplateLint - embercom/templates/apps/app/settings/events.hbs: should pass TemplateLint" time="0.518"/><testcase classname="Chrome 53.0" name="Exam Partition #15 - General | Unit: Component - Calendar Date Picker: _isDayBeforeFirstDayOfTheMonth" time="0.595"/><testcase classname="Chrome 53.0" name="Exam Partition #12 - Team Engage 2 | Integration: Messages - HTML Mode: HTML without header and footer does not blow up" time="16.568"/><testcase classname="Chrome 53.0" name="Exam Partition #15 - TemplateLint - embercom/templates/components/pending-users-component.hbs: should pass TemplateLint" time="0.466"/><testcase classname="Chrome 53.0" name="Exam Partition #15 - TemplateLint - embercom/templates/apps/app/guide/-right-arrow.hbs: should pass TemplateLint" time="0.495"/><testcase classname="Chrome 53.0" name="Exam Partition #15 - TemplateLint - embercom/templates/components/user-map-component.hbs: should pass TemplateLint" time="0.511"/><testcase classname="Chrome 53.0" name="Exam Partition #15 - Team Engage 1 | Unit: Component - messages/editor/in-app-editor: #unsubscribeLink with localization - https://github.com/intercom/intercom/issues/40323" time="0.501"><skipped/></testcase><testcase classname="Chrome 53.0" name="Exam Partition #15 - General | Lib: MeasureHtml: real word example and some sanity checking" time="0.576"/><testcase classname="Chrome 53.0" name="Exam Partition #15 - Team Engage 3 | Acceptance | message-view-and-edit/route-error-handling: Without permissions" time="0.464"><skipped/></testcase><testcase classname="Chrome 53.0" name="Exam Partition #12 - Team Engage 1 | Integration: Component - Campaigns User Preview | Integration | Component | campaigns/setup/user-preview: When getting preview users the overlay displays" time="1.941"/><testcase classname="Chrome 53.0" name="Exam Partition #12 - TemplateLint - embercom/templates/partials/loading-indicator-large.hbs: should pass TemplateLint" time="0.467"/><testcase classname="Chrome 53.0" name="Exam Partition #15 - General | Unit: Component - Calendar Date Picker: _isDisabled past" time="0.668"/><testcase classname="Chrome 53.0" name="Exam Partition #15 - TemplateLint - embercom/templates/components/rules/visitor-messaging/predicate-attribute-selector-component.hbs: should pass TemplateLint" time="0.477"/><testcase classname="Chrome 53.0" name="Exam Partition #15 - General | Unit: Component - Calendar Date Picker: _getPreviousMonthDay" time="0.578"/><testcase classname="Chrome 53.0" name="Exam Partition #13 - Team Engage 3 | Integration: Messages - Message Editor: Implicit filtering message is displayed when message type is set to push notification or email" time="15.606"/><testcase classname="Chrome 53.0" name="Exam Partition #13 - TemplateLint - embercom/templates/apps/app/intercomrades-package-editor-modal.hbs: should pass TemplateLint" time="0.495"/><testcase classname="Chrome 53.0" name="Exam Partition #12 - Team Support 2 | Unit: Lib - Inbox Realtime Adapter: A reopen event for an unloaded conversation while in closed" time="0.610"/><testcase classname="Chrome 53.0" name="Exam Partition #12 - TemplateLint - embercom/templates/apps/app/users/user/index.hbs: should pass TemplateLint" time="0.498"/><testcase classname="Chrome 53.0" name="Exam Partition #15 - General | Unit: Component - Calendar Date Picker: _isDisabled future" time="0.595"/><testcase classname="Chrome 53.0" name="Exam Partition #14 - Team Engage 3 | Acceptance | message-view-and-edit/summary: Editing a manual message from the summary page" time="11.192"/><testcase classname="Chrome 53.0" name="Exam Partition #15 - General | Unit: Component - Calendar Date Picker: monthAndYearLabel" time="0.585"/><testcase classname="Chrome 53.0" name="Exam Partition #14 - Team Growth 1 | Unit: Controller – Apps / App / Guide / StepGroup / Step: linkAllowedAndStepComplete is true when the scope is app and the step is completed" time="0.567"/><testcase classname="Chrome 53.0" name="Exam Partition #12 - Team Engage 1 | Integration: Component - Campaigns User Preview | Integration | Component | campaigns/setup/user-preview: title for a draft message with leads" time="1.371"/><testcase classname="Chrome 53.0" name="Exam Partition #13 - Team Engage 2 | Unit: Model - Messages / Delivery Window: it fails validation if the start time and end time are too close" time="1.011"/><testcase classname="Chrome 53.0" name="Exam Partition #12 - Team Support 2 | Unit: Lib - Inbox Realtime Adapter: Realtime cannot be enabled in tutorial mode" time="0.585"/><testcase classname="Chrome 53.0" name="Exam Partition #14 - Team Engage 1 | Unit: Component - Message Schedule Form Component: component fields are initialized correctly for auto messages" time="0.804"/><testcase classname="Chrome 53.0" name="Exam Partition #13 - General | Unit: Component - B64 Filter Param Encoder: it directs to leads segment when user is anonymous" time="0.492"/><testcase classname="Chrome 53.0" name="Exam Partition #13 - TemplateLint - embercom/templates/components/messages/editor/message-mobile-push-uris-component.hbs: should pass TemplateLint" time="0.490"/><testcase classname="Chrome 53.0" name="Exam Partition #13 - TemplateLint - embercom/templates/apps/app/users/user/messages.hbs: should pass TemplateLint" time="0.515"/><testcase classname="Chrome 53.0" name="Exam Partition #12 - Team Support 2 | Unit: Lib - Inbox Realtime Adapter: A thread created event when asc sorted with all loaded" time="0.600"/><testcase classname="Chrome 53.0" name="Exam Partition #12 - TemplateLint - embercom/templates/apps/app/guide/-completed-check.hbs: should pass TemplateLint" time="0.464"/><testcase classname="Chrome 53.0" name="Exam Partition #14 - Team Growth 1 | Unit: Controller – Apps / App / Guide / StepGroup / Step: linkNotAllowedAndStepComplete is false when either the step is incomplete or the scope is app" time="0.586"/><testcase classname="Chrome 53.0" name="Exam Partition #12 - Team Support 2 | Unit: Lib - Inbox Realtime Adapter: A reopen event for an unloaded conversation while in open" time="0.664"/><testcase classname="Chrome 53.0" name="Exam Partition #14 - TemplateLint - embercom/templates/components/admin/selector-dropdown.hbs: should pass TemplateLint" time="0.487"/><testcase classname="Chrome 53.0" name="Exam Partition #11 - Team Engage 3 | Integration: Messages - Message Editor - Delivery Windows: Delivery window panel is not visible for manual messages" time="11.136"/><testcase classname="Chrome 53.0" name="Exam Partition #11 - Team Engage 1 | Integration: Component - Campaign Setup | Integration | Component | campaigns/setup/campaign-setup: goal stats text" time="3.548"/><testcase classname="Chrome 53.0" name="Exam Partition #11 - TemplateLint - embercom/templates/components/admin/about-profile-location-component.hbs: should pass TemplateLint" time="0.482"/><testcase classname="Chrome 53.0" name="Exam Partition #11 - Team Support 2 | Unit: Helper - Inbox Admin Helper: returns lowercase admin name" time="0.506"/><testcase classname="Chrome 53.0" name="Exam Partition #14 - Team Engage 3 | Acceptance | message-view-and-edit/summary: Opening legacy stats pages" time="7.087"/><testcase classname="Chrome 53.0" name="Exam Partition #13 - Team Engage 3 | Integration: Messages - Message Editor: Leads option is disabled if audience editor when message is in-app" time="8.466"/><testcase classname="Chrome 53.0" name="Exam Partition #12 - Team Engage 2 | Integration: Messages - HTML Mode: Setting custom email addresses works in HTML Mode" time="8.168"/><testcase classname="Chrome 53.0" name="Exam Partition #14 - Team Engage 3 | Integration: Component - Message Editor Stats Time Cell | Integration | Component | message-editor/stats/tables/time-cell: The component renders correctly for null dates" time="0.878"/><testcase classname="Chrome 53.0" name="Exam Partition #14 - TemplateLint - embercom/templates/partials/loading-indicator-tiny.hbs: should pass TemplateLint" time="0.461"/><testcase classname="Chrome 53.0" name="Exam Partition #14 - TemplateLint - embercom/templates/apps/app/educate/articles/article/edit.hbs: should pass TemplateLint" time="0.530"/><testcase classname="Chrome 53.0" name="Exam Partition #12 - Team Support 2 | Unit: Lib - Inbox Realtime Adapter: A close event for a loaded conversation while in open" time="0.647"/><testcase classname="Chrome 53.0" name="Exam Partition #14 - Team Growth 1 | Unit: Controller – Apps / App / Guide / StepGroup / Step: inviteLink defaults to null" time="0.629"/><testcase classname="Chrome 53.0" name="Exam Partition #12 - Team Engage 1 | Integration: Component - Campaigns User Preview | Integration | Component | campaigns/setup/user-preview: title for a draft message" time="1.160"/><testcase classname="Chrome 53.0" name="Exam Partition #15 - Team Engage 3 | Integration: Messages - Message Goals: Adding goals works correctly" time="14.048"/><testcase classname="Chrome 53.0" name="Exam Partition #15 - Team Engage 2 | Unit: Model - SelectionState: Selection States with non-anonymous predicate returns the correct user type" time="0.961"/><testcase classname="Chrome 53.0" name="Exam Partition #11 - Team Engage 3 | Acceptance | message-view-and-edit/message-actions: Moving a message to a campaign" time="6.569"/><testcase classname="Chrome 53.0" name="Exam Partition #15 - General | Unit: Component - Calendar Date Picker: numberOfDaysInPreviousMonth" time="0.575"/><testcase classname="Chrome 53.0" name="Exam Partition #15 - TemplateLint - embercom/templates/apps/app/messages/partials/table-cells/-message-to.hbs: should pass TemplateLint" time="0.474"/><testcase classname="Chrome 53.0" name="Exam Partition #15 - General | Unit: Component - Calendar Date Picker: numberOfDaysInMonth" time="0.612"/><testcase classname="Chrome 53.0" name="Exam Partition #11 - Team Engage 3 | Unit | Model | message-variation: variationA &amp; variationB" time="0.749"/><testcase classname="Chrome 53.0" name="Exam Partition #11 - TemplateLint - embercom/templates/components/guide/-web-integration-deploy-javascript.hbs: should pass TemplateLint" time="0.466"/><testcase classname="Chrome 53.0" name="Exam Partition #15 - Team Engage 3 | Integration: Component - Message Editor Stats User and Avatar Cell | Integration | Component | message-editor/stats/tables/user-and-avatar-cell: The component renders correctly" time="0.943"/><testcase classname="Chrome 53.0" name="Exam Partition #11 - Team Engage 1 | Unit: Component - Message Editor - Content Stats Tabs Component: Getting tabs for In-App message with goals" time="0.822"/><testcase classname="Chrome 53.0" name="Exam Partition #14 - Team Engage 3 | Acceptance | message-view-and-edit/summary: A/B messages are possible for auto messages" time="6.080"/><testcase classname="Chrome 53.0" name="Exam Partition #15 - Team Growth 1 | Unit: Controller – Apps / App / Import / Csv: steps are set" time="0.606"/><testcase classname="Chrome 53.0" name="Exam Partition #11 - Team Engage 1 | Unit: Component - Message Editor - Content Stats Tabs Component: Getting tabs for manual push message" time="0.782"/><testcase classname="Chrome 53.0" name="Exam Partition #14 - Team Growth 1 | Unit: Controller – Apps / App / Guide / StepGroup / Step: isStepIncomplete is false when the step is completed" time="0.533"/><testcase classname="Chrome 53.0" name="Exam Partition #15 - General | Integration: Component - Breadcrumbs | Integration | Component | common/breadcrumbs-component: It renders the breadcrumbs" time="0.685"/><testcase classname="Chrome 53.0" name="Exam Partition #11 - Team Engage 3 | Unit | Model | message-variation: isReactionsReply is true with reactions" time="0.753"/><testcase classname="Chrome 53.0" name="Exam Partition #14 - Team Growth 1 | Unit: Controller – Apps / App / Guide / StepGroup / Step: createLink only makes one server call and assigns the result to inviteLink if the link is null" time="0.642"/><testcase classname="Chrome 53.0" name="Exam Partition #14 - TemplateLint - embercom/templates/apps/app/messages/partials/table-cells/-message-selection-cell.hbs: should pass TemplateLint" time="0.466"/><testcase classname="Chrome 53.0" name="Exam Partition #14 - Team Observe | Unit: Component Bulk Tag Progress: should have correct progress text if current admin is not the same as job admin" time="0.666"/><testcase classname="Chrome 53.0" name="Exam Partition #14 - Team Engage 1 | Unit: Component - Message Schedule Form Component: component button is initialized correctly for auto messages" time="0.754"/><testcase classname="Chrome 53.0" name="Exam Partition #13 - Team Engage 3 | Integration: Messages - Message Editor: Implicit filtering adds correct predicates when message type is set to email" time="11.538"/><testcase classname="Chrome 53.0" name="Exam Partition #13 - TemplateLint - embercom/templates/components/company-user-card-component.hbs: should pass TemplateLint" time="0.581"/><testcase classname="Chrome 53.0" name="Exam Partition #14 - Team Growth 1 | Unit: Controller – Apps / App / Guide / StepGroup / Step: linkAllowedAndStepComplete is false when either the step is incomplete or the scope is admin" time="0.544"/><testcase classname="Chrome 53.0" name="Exam Partition #13 - Team Growth 1 | Unit: Controller – Apps / App / Guide / StepGroup: setUpInviteLinkPopover opens the popover with introductory description" time="0.606"/><testcase classname="Chrome 53.0" name="Exam Partition #12 - Team Engage 2 | Integration: Messages - HTML Mode: Switching to HTML Mode but then cancelling should not switch the message" time="10.703"/><testcase classname="Chrome 53.0" name="Exam Partition #12 - Team Support 2 | Unit: Lib - Inbox Realtime Adapter: User details updates lead_shares_email_with_user" time="0.739"/><testcase classname="Chrome 53.0" name="Exam Partition #12 - General | Unit: Component - Auto Resizing Textarea with Count: initial count should be correct when text is passed" time="0.604"/><testcase classname="Chrome 53.0" name="Exam Partition #12 - Team Engage 1 | Integration: Component - Campaigns User Preview | Integration | Component | campaigns/setup/user-preview: Rendering users when there are more than can be shown" time="1.444"/><testcase classname="Chrome 53.0" name="Exam Partition #11 - Team Engage 3 | Acceptance | message-view-and-edit/message-actions: Deactivating a message" time="7.140"/><testcase classname="Chrome 53.0" name="Exam Partition #11 - Team Support 2 | Unit: Helper - Inbox Admin Helper: returns &quot;You&quot; when currentAdmin and admin are equal" time="0.489"/><testcase classname="Chrome 53.0" name="Exam Partition #12 - Team Engage 1 | Integration: Component - Campaigns User Preview | Integration | Component | campaigns/setup/user-preview: User stat calculations and visibility" time="1.325"/><testcase classname="Chrome 53.0" name="Exam Partition #15 - Team Engage 3 | Integration: Messages - Message Goals: Switching to a predicate which has no value hides the input validation error" time="8.848"/><testcase classname="Chrome 53.0" name="Exam Partition #11 - General | Unit: Component - Auto Resizing Textarea: the height of the textArea should be equal to it's min-height initially" time="0.790"/><testcase classname="Chrome 53.0" name="Exam Partition #11 - Team Support 2 | Unit: Helper - Inbox Admin Helper: displayAdminAs without an admin returns &quot;Team member&quot;" time="0.469"/><testcase classname="Chrome 53.0" name="Exam Partition #12 - Team Support 2 | Unit: Lib - Inbox Realtime Adapter: An update event for an unloaded conversation" time="0.651"/><testcase classname="Chrome 53.0" name="Exam Partition #14 - Team Engage 3 | Acceptance | message-view-and-edit/summary: Loading an auto message shows the correct panels" time="6.751"/><testcase classname="Chrome 53.0" name="Exam Partition #14 - Team Growth 1 | Unit: Controller – Apps / App / Guide / StepGroup / Step: isActionsDropdownDisabled is true when step.isSaving is true" time="0.529"/><testcase classname="Chrome 53.0" name="Exam Partition #11 - Team Engage 3 | Unit | Model | message-variation: should own a message" time="0.618"/><testcase classname="Chrome 53.0" name="Exam Partition #11 - TemplateLint - embercom/templates/components/company-size-select-component.hbs: should pass TemplateLint" time="0.485"/><testcase classname="Chrome 53.0" name="Exam Partition #12 - Team Engage 1 | Integration: Component - Campaigns User Preview | Integration | Component | campaigns/setup/user-preview: Preview user requests are not made for invalid predicateGroups" time="0.861"/><testcase classname="Chrome 53.0" name="Exam Partition #12 - TemplateLint - embercom/templates/components/company-table-row-component.hbs: should pass TemplateLint" time="0.483"/><testcase classname="Chrome 53.0" name="Exam Partition #11 - Team Engage 3 | Integration: Component - Message Editor Stats List Headers | Integration | Component | message-editor/stats/tables/list-headers: The list headers are correct for leads" time="1.172"/><testcase classname="Chrome 53.0" name="Exam Partition #11 - Team Support 2 | Unit: Helper - Inbox Admin Helper: displayAdminAs returns &quot;yourself&quot; when currentAdmin and admin are equal" time="0.461"/><testcase classname="Chrome 53.0" name="Exam Partition #12 - Team Engage 1 | Integration: Component - Campaigns User Preview | Integration | Component | campaigns/setup/user-preview: Switching between campaigns should re-render the users" time="1.885"/><testcase classname="Chrome 53.0" name="Exam Partition #11 - General | Unit: Component - Auto Resizing Textarea: the height of the textArea should be equal to the div's height when text is entered" time="0.672"/><testcase classname="Chrome 53.0" name="Exam Partition #12 - Team Engage 1 | Integration: Component - Campaigns User Preview | Integration | Component | campaigns/setup/user-preview: Users stats should not be visible" time="1.161"/><testcase classname="Chrome 53.0" name="Exam Partition #13 - Team Engage 3 | Acceptance | message-view-and-edit/summary stats: Paging works" time="10.170"/><testcase classname="Chrome 53.0" name="Exam Partition #12 - Team Support 2 | Unit: Lib - Inbox Realtime Adapter: A thread created event on a empty inbox" time="0.590"/><testcase classname="Chrome 53.0" name="Exam Partition #11 - Team Engage 1 | Integration: Component - Campaign Setup | Integration | Component | campaigns/setup/campaign-setup: is in stopped mode" time="1.750"/><testcase classname="Chrome 53.0" name="Exam Partition #12 - Team Support 2 | Unit: Lib - Inbox Realtime Adapter: A reopen event for a loaded conversation while in closed" time="0.577"/><testcase classname="Chrome 53.0" name="Exam Partition #11 - TemplateLint - embercom/templates/components/rules/predicate-url-visit-string-value-component.hbs: should pass TemplateLint" time="0.466"/><testcase classname="Chrome 53.0" name="Exam Partition #13 - Team Engage 2 | Unit: Model - Messages / Delivery Window: startTimeText is correct when set to 9AM" time="0.617"/><testcase classname="Chrome 53.0" name="Exam Partition #11 - Team Engage 1 | Unit: Component - Message Editor - Content Stats Tabs Component: In-app note icons" time="0.778"/><testcase classname="Chrome 53.0" name="Exam Partition #12 - Team Engage 1 | Integration: Component - Campaigns User Preview | Integration | Component | campaigns/setup/user-preview: title for a live/stopped message in edit mode" time="1.032"/><testcase classname="Chrome 53.0" name="Exam Partition #13 - TemplateLint - embercom/templates/components/guide/steps/profile/mv3-profile-component.hbs: should pass TemplateLint" time="0.453"/><testcase classname="Chrome 53.0" name="Exam Partition #13 - General | Unit: Component - B64 Filter Param Encoder: adds an anonymous predicate for user" time="0.499"/><testcase classname="Chrome 53.0" name="Exam Partition #13 - General | Unit: Component - B64 Filter Param Encoder: it provides the correct tag URL for a user list search" time="0.511"/><testcase classname="Chrome 53.0" name="Exam Partition #11 - Team Engage 1 | Integration: Component - Campaign Setup | Integration | Component | campaigns/setup/campaign-setup: is in non-edit mode" time="0.978"/><testcase classname="Chrome 53.0" name="Exam Partition #12 - Team Engage 1 | Integration: Component - Campaigns User Preview | Integration | Component | campaigns/setup/user-preview: Rendering only empty users" time="1.126"/><testcase classname="Chrome 53.0" name="Exam Partition #15 - Team Engage 3 | Integration: Messages - Message Goals: Stops goal step from closing if another step is opened and goal is invalid" time="8.579"/><testcase classname="Chrome 53.0" name="Exam Partition #15 - General | Lib: MeasureHtml: without caching" time="0.574"/><testcase classname="Chrome 53.0" name="Exam Partition #15 - General | Lib: MeasureHtml: setup and destroy" time="0.462"/><testcase classname="Chrome 53.0" name="Exam Partition #15 - TemplateLint - embercom/templates/components/integrations-hub/header-component.hbs: should pass TemplateLint" time="0.518"/><testcase classname="Chrome 53.0" name="Exam Partition #12 - Team Engage 1 | Integration: Component - Campaigns User Preview | Integration | Component | campaigns/setup/user-preview: Rendering actual users" time="1.292"/><testcase classname="Chrome 53.0" name="Exam Partition #14 - Team Engage 1 | Integration: Messages Editor - Folders &amp; Campaigns: Editing the folder in the Title Editing section" time="8.613"/><testcase classname="Chrome 53.0" name="Exam Partition #12 - Team Support 2 | Unit: Lib - Inbox Realtime Adapter: An update event for the current conversation performs a search even if out of context" time="0.657"/><testcase classname="Chrome 53.0" name="Exam Partition #14 - Team Growth 1 | Unit: Controller – Apps / App / Guide / StepGroup / Step: isSkipStepDisabled is true when the step is not completed" time="0.650"/><testcase classname="Chrome 53.0" name="Exam Partition #15 - TemplateLint - embercom/templates/components/admin/selector-item-component.hbs: should pass TemplateLint" time="0.516"/><testcase classname="Chrome 53.0" name="Exam Partition #14 - Team Growth 1 | Unit: Controller – Apps / App / Guide / StepGroup / Step: isStepIncomplete is true when the step is not yet complete" time="0.634"/><testcase classname="Chrome 53.0" name="Exam Partition #14 - TemplateLint - embercom/templates/apps/app/guide/-logo.hbs: should pass TemplateLint" time="0.461"/><testcase classname="Chrome 53.0" name="Exam Partition #12 - Team Support 2 | Unit: Lib - Inbox Realtime Adapter: A thread created event on a large inbox" time="0.589"/><testcase classname="Chrome 53.0" name="Exam Partition #12 - TemplateLint - embercom/templates/components/rules/predicates-list-summary-component.hbs: should pass TemplateLint" time="0.464"/><testcase classname="Chrome 53.0" name="Exam Partition #12 - TemplateLint - embercom/templates/components/guide/steps/profile-component.hbs: should pass TemplateLint" time="0.515"/><testcase classname="Chrome 53.0" name="Exam Partition #13 - Team Engage 3 | Acceptance | message-view-and-edit/summary stats: Switching between conversations and replied should work" time="5.226"/><testcase classname="Chrome 53.0" name="Exam Partition #14 - Team Engage 3 | Integration: Component - Message Editor Stats Time Cell | Integration | Component | message-editor/stats/tables/time-cell: The component renders correctly" time="0.882"/><testcase classname="Chrome 53.0" name="Exam Partition #14 - Team Support 2 | Library: InterLock tab leader electing system: getNewId should wrap at 42000" time="0.528"/><testcase classname="Chrome 53.0" name="Exam Partition #12 - Team Engage 1 | Integration: Component - Campaigns User Preview | Integration | Component | campaigns/setup/user-preview: Lead stats" time="1.277"/><testcase classname="Chrome 53.0" name="Exam Partition #13 - Team Growth 1 | Unit: Controller – Apps / App / Guide / StepGroup: linkAllowedAndStepIncomplete is false when either inviteLinkAllowed is false or the step is complete" time="0.569"/><testcase classname="Chrome 53.0" name="Exam Partition #11 - Team Engage 3 | Acceptance | message-view-and-edit/message-actions: Removing a message from a campaign" time="5.529"/><testcase classname="Chrome 53.0" name="Exam Partition #14 - Team Growth 1 | Unit: Controller – Apps / App / Guide / StepGroup / Step: inviteLinkAllowed is true when the step scope is app" time="0.606"/><testcase classname="Chrome 53.0" name="Exam Partition #12 - Team Engage 1 | Integration: Component - Campaigns User Preview | Integration | Component | campaigns/setup/user-preview: title for a live/stopped message" time="1.036"/><testcase classname="Chrome 53.0" name="Exam Partition #12 - Team Engage 1 | Integration: Component - Campaigns User Preview | Integration | Component | campaigns/setup/user-preview: Users stats should be visible" time="1.524"/><testcase classname="Chrome 53.0" name="Exam Partition #11 - Team Engage 1 | Integration: Component - Campaign Setup | Integration | Component | campaigns/setup/campaign-setup: is in live mode" time="2.296"/><testcase classname="Chrome 53.0" name="Exam Partition #11 - TemplateLint - embercom/templates/components/messages/editor/message-in-app-sidebar.hbs: should pass TemplateLint" time="0.500"/><testcase classname="Chrome 53.0" name="Exam Partition #12 - TemplateLint - embercom/templates/apps/app/messages/partials/table-cells/-message-draggable-cell.hbs: should pass TemplateLint" time="0.472"/><testcase classname="Chrome 53.0" name="Exam Partition #12 - Team Support 2 | Unit: Lib - Inbox Realtime Adapter: A thread created event while in closed" time="0.660"/><testcase classname="Chrome 53.0" name="Exam Partition #12 - Team Support 2 | Unit: Lib - Inbox Realtime Adapter: User blocked event locks all conversations for that user" time="0.677"/><testcase classname="Chrome 53.0" name="Exam Partition #12 - TemplateLint - embercom/templates/components/dialogs/custom/article-picker.hbs: should pass TemplateLint" time="0.462"/><testcase classname="Chrome 53.0" name="Exam Partition #11 - Team Engage 1 | Unit: Component - Message Editor - Content Stats Tabs Component: Getting tabs for manual in-app message" time="0.827"/><testcase classname="Chrome 53.0" name="Exam Partition #11 - Team Support 2 | Unit: Helper - Inbox Admin Helper: returns admins name" time="0.456"/><testcase classname="Chrome 53.0" name="Exam Partition #11 - TemplateLint - embercom/templates/components/integrations-hub/connect-button.hbs: should pass TemplateLint" time="0.492"/><testcase classname="Chrome 53.0" name="Exam Partition #11 - TemplateLint - embercom/templates/components/user-campaign-component.hbs: should pass TemplateLint" time="0.503"/><testcase classname="Chrome 53.0" name="Exam Partition #12 - General | Unit: Component - Auto Resizing Textarea with Count: Entering a line with 201 characters should show negative count" time="0.695"/><testcase classname="Chrome 53.0" name="Exam Partition #12 - Team Support 2 | Unit: Lib - Inbox Realtime Adapter: An update event for a loaded conversation, for an existing part" time="0.716"/><testcase classname="Chrome 53.0" name="Exam Partition #11 - Team Engage 1 | Integration: Component - Campaign Setup | Integration | Component | campaigns/setup/campaign-setup: is in draft editing mode" time="1.523"/><testcase classname="Chrome 53.0" name="Exam Partition #15 - Team Engage 3 | Integration: Messages - Message Goals: Shows errors for invalid error goals" time="9.558"/><testcase classname="Chrome 53.0" name="Exam Partition #11 - Team Engage 1 | Unit: Component - Message Editor - Content Stats Tabs Component: email icons" time="0.824"/><testcase classname="Chrome 53.0" name="Exam Partition #15 - TemplateLint - embercom/templates/partials/logo.hbs: should pass TemplateLint" time="0.590"/><testcase classname="Chrome 53.0" name="Exam Partition #15 - Team Engage 3 | Integration: Component - Message Editor Stats User and Avatar Cell | Integration | Component | message-editor/stats/tables/user-and-avatar-cell: With companies" time="0.818"/><testcase classname="Chrome 53.0" name="Exam Partition #11 - Team Engage 1 | Unit: Component - Message Editor - Content Stats Tabs Component: Getting tabs for Push message with no goal" time="0.894"/><testcase classname="Chrome 53.0" name="Exam Partition #11 - TemplateLint - embercom/templates/apps/app/messages/partials/table-cells/-message-created-at-cell.hbs: should pass TemplateLint" time="0.466"/><testcase classname="Chrome 53.0" name="Exam Partition #14 - Team Engage 1 | Integration: Messages Editor - Folders &amp; Campaigns: Editing the campaign in the Title Editing section" time="8.654"/><testcase classname="Chrome 53.0" name="Exam Partition #15 - TemplateLint - embercom/templates/apps/app/activate.hbs: should pass TemplateLint" time="0.490"/><testcase classname="Chrome 53.0" name="Exam Partition #15 - General | Lib: MeasureHtml: clearing the template node" time="0.529"/><testcase classname="Chrome 53.0" name="Exam Partition #15 - TemplateLint - embercom/templates/apps/app/settings/logs.hbs: should pass TemplateLint" time="0.457"/><testcase classname="Chrome 53.0" name="Exam Partition #13 - Team Engage 3 | Integration: Messages - Message Editor: &quot;Message from&quot; selection works for in apps" time="10.040"/><testcase classname="Chrome 53.0" name="Exam Partition #14 - TemplateLint - embercom/templates/components/pem-file-upload-component.hbs: should pass TemplateLint" time="0.498"/><testcase classname="Chrome 53.0" name="Exam Partition #14 - TemplateLint - embercom/templates/components/guide/-web-integration-deploy-wordpress.hbs: should pass TemplateLint" time="0.651"/><testcase classname="Chrome 53.0" name="Exam Partition #13 - Team Growth 1 | Unit: Controller – Apps / App / Guide / StepGroup: linkAllowedAndStepIncomplete is true when inviteLinkAllowed is true and the step is incomplete" time="0.662"/><testcase classname="Chrome 53.0" name="Exam Partition #15 - General | Unit: Component - Calendar Date Picker: calendarData returns correct data" time="1.213"/><testcase classname="Chrome 53.0" name="Exam Partition #14 - Team Growth 1 | Unit: Controller – Apps / App / Guide / StepGroup / Step: hasNextStep is false when stepGroupController does not report a nextStep" time="0.551"/><testcase classname="Chrome 53.0" name="Exam Partition #14 - TemplateLint - embercom/templates/components/settings/teams/member-component.hbs: should pass TemplateLint" time="0.480"/><testcase classname="Chrome 53.0" name="Exam Partition #13 - Team Engage 2 | Unit: Model - Messages / Delivery Window: daysText is correct with all days in window" time="0.621"/><testcase classname="Chrome 53.0" name="Exam Partition #13 - TemplateLint - embercom/templates/components/dialogs/opener-component.hbs: should pass TemplateLint" time="0.479"/><testcase classname="Chrome 53.0" name="Exam Partition #15 - Team Engage 2 | Unit: Model - SelectionState: Selection states with client predicates are constructed correctly" time="0.726"/><testcase classname="Chrome 53.0" name="Exam Partition #12 - Team Engage 2 | Integration: Messages - HTML Mode: Sending Test Emails work in HTML Mode" time="5.510"/><testcase classname="Chrome 53.0" name="Exam Partition #15 - General | Unit: Component - Calendar Date Picker: _getCurrentMonthDay" time="0.619"/><testcase classname="Chrome 53.0" name="Exam Partition #12 - Team Support 2 | Unit: Lib - Inbox Realtime Adapter: Nothing happens if realtime is disabled" time="0.738"/><testcase classname="Chrome 53.0" name="Exam Partition #15 - Team Engage 1 | Unit: Component - messages/editor/in-app-editor: #footerVisibilityClass" time="1.001"/><testcase classname="Chrome 53.0" name="Exam Partition #12 - Team Engage 1 | Unit: Component - Message Editor - Title Header Component: A message with a folder" time="0.746"/><testcase classname="Chrome 53.0" name="Exam Partition #12 - TemplateLint - embercom/templates/apps/app/integrations-hub/static/twitter.hbs: should pass TemplateLint" time="0.471"/><testcase classname="Chrome 53.0" name="Exam Partition #11 - Team Engage 3 | Acceptance | message-view-and-edit/message-actions: Stopping a live manual message" time="5.161"/><testcase classname="Chrome 53.0" name="Exam Partition #11 - TemplateLint - embercom/templates/components/settings/senders/dkim-settings-component.hbs: should pass TemplateLint" time="0.469"/><testcase classname="Chrome 53.0" name="Exam Partition #15 - Team Engage 1 | Unit: Component - messages/editor/in-app-editor: #templateInfo" time="0.739"/><testcase classname="Chrome 53.0" name="Exam Partition #15 - Team Engage 3 | Acceptance | message-view-and-edit/route-error-handling: With a failure" time="0.463"><skipped/></testcase><testcase classname="Chrome 53.0" name="Exam Partition #12 - Team Support 2 | Unit: Lib - Inbox Realtime Adapter: An assignment while in the all inbox for loaded conversation" time="0.701"/><testcase classname="Chrome 53.0" name="Exam Partition #12 - TemplateLint - embercom/templates/apps/app/educate/about.hbs: should pass TemplateLint" time="0.500"/><testcase classname="Chrome 53.0" name="Exam Partition #12 - Team Support 2 | Unit: Lib - Inbox Realtime Adapter: A close event for an unloaded conversation while in open" time="0.632"/><testcase classname="Chrome 53.0" name="Exam Partition #11 - TemplateLint - embercom/templates/components/guide/steps/photo-component.hbs: should pass TemplateLint" time="0.560"/><testcase classname="Chrome 53.0" name="Exam Partition #11 - TemplateLint - embercom/templates/components/partials/activities/-admin-subject-name.hbs: should pass TemplateLint" time="0.512"/><testcase classname="Chrome 53.0" name="Exam Partition #15 - Team Engage 2 | Unit: Model - SelectionState: Selection States with a non user role predicate returns the correct user type" time="0.773"/><testcase classname="Chrome 53.0" name="Exam Partition #12 - Team Support 2 | Unit: Lib - Inbox Realtime Adapter: An assignment leaving context for loaded conversation" time="0.649"/><testcase classname="Chrome 53.0" name="Exam Partition #12 - TemplateLint - embercom/templates/components/guide/-web-integration-deploy-rails.hbs: should pass TemplateLint" time="0.457"/><testcase classname="Chrome 53.0" name="Exam Partition #12 - Team Support 2 | Unit: Lib - Inbox Realtime Adapter: An assignment re-entering context for loaded and locked conversation" time="0.728"/><testcase classname="Chrome 53.0" name="Exam Partition #12 - TemplateLint - embercom/templates/components/message-editor/stats/pre-send-info.hbs: should pass TemplateLint" time="0.472"/><testcase classname="Chrome 53.0" name="Exam Partition #14 - Team Engage 3 | Acceptance | message-view-and-edit/summary: Switching between A/B variations should update the composer" time="6.360"/><testcase classname="Chrome 53.0" name="Exam Partition #14 - TemplateLint - embercom/templates/components/rules/rule-predicate-component.hbs: should pass TemplateLint" time="0.470"/><testcase classname="Chrome 53.0" name="Exam Partition #14 - TemplateLint - embercom/templates/components/composer-wrapper-component.hbs: should pass TemplateLint" time="0.495"/><testcase classname="Chrome 53.0" name="Global error: Uncaught Error: Assertion Failed: calling set on destroyed object at http://localhost:7357/assets/vendor.js, line 20939
" time="0"><failure/></testcase><testcase classname="Chrome 53.0" name="Exam Partition #14 - Team Observe | Unit: Component Bulk Tag Progress: should have correct success text if current admin is not the same as job admin" time="0.694"/><testcase classname="Chrome 53.0" name="Global error: Uncaught Error: Assertion Failed: calling set on destroyed object at http://localhost:7357/assets/vendor.js, line 20939
" time="0"><failure/></testcase><testcase classname="Chrome 53.0" name="Exam Partition #12 - Team Engage 3 | Integration: Component - Message Editor Stats List Rows | Integration | Component | message-editor/stats/tables/list-headers: The user list rows are correct" time="2.642"/><testcase classname="Chrome 53.0" name="Exam Partition #13 - Team Engage 3 | Integration: Messages - Message Editor: Audience anonymous predicates work" time="9.165"><error message="Uncaught Error: Assertion Failed: calling set on destroyed object"><![CDATA[http://localhost:7357/assets/vendor.js:20939]]></error></testcase><testcase classname="Chrome 53.0" name="Exam Partition #14 - Team Growth 1 | Unit: Controller – Apps / App / Guide / StepGroup / Step: isActionsDropdownDisabled is false when step.isSaving is false" time="0.635"/><testcase classname="Chrome 53.0" name="Exam Partition #12 - Team Growth 1 | Unit: Controller – Apps / App / Guide: reloadGuideWithGroups sets the models on the controllers and refreshes the guide nav counter" time="0.603"/><testcase classname="Chrome 53.0" name="Exam Partition #14 - TemplateLint - embercom/templates/apps/app/users/user/modals/delete.hbs: should pass TemplateLint" time="0.492"/><testcase classname="Chrome 53.0" name="Exam Partition #14 - TemplateLint - embercom/templates/components/integrations-hub/generic-connect-button.hbs: should pass TemplateLint" time="0.495"/><testcase classname="Chrome 53.0" name="Exam Partition #14 - TemplateLint - embercom/templates/components/messages/editor/message-title-editor-component.hbs: should pass TemplateLint" time="0.520"/><testcase classname="Chrome 53.0" name="Exam Partition #13 - Team DX | Library: canViewIntegration: Integration can be viewed when publicly available" time="0.964"/><testcase classname="Chrome 53.0" name="Exam Partition #14 - Team Engage 1 | Unit: Component - Message Schedule Form Component: updating the scheduled date with an invalid date errors sends notifyError for auto messages" time="0.718"><error message="Died on test #1     at testWrapper (http://localhost:7357/assets/test-support.js:6907:11)
    at test (http://localhost:7357/assets/test-support.js:6921:39)
    at Module.callback (http://localhost:7357/assets/tests.js:65484:24)
    at Module.exports (http://localhost:7357/assets/vendor.js:132:32)
    at requireModule (http://localhost:7357/assets/vendor.js:32:18)
    at Object.TestLoader.require (http://localhost:7357/assets/test-support.js:6666:7)
    at http://localhost:7357/assets/test-support.js:6519:22: Property set failed: object in path &quot;stepGroupController&quot; could not be found or was destroyed."><![CDATA[Error: Property set failed: object in path "stepGroupController" could not be found or was destroyed.
    at new Error (native)
    at Error.EmberError (http://localhost:7357/assets/vendor.js:31129:21)
    at setPath (http://localhost:7357/assets/vendor.js:35595:15)
    at Object.set (http://localhost:7357/assets/vendor.js:35521:14)
    at Class.set (http://localhost:7357/assets/vendor.js:50026:38)
    at HTMLBodyElement.<anonymous> (http://localhost:7357/assets/embercom.js:39919:25)
    at HTMLBodyElement.dispatch (http://localhost:7357/assets/vendor.js:9457:27)
    at HTMLBodyElement.elemData.handle (http://localhost:7357/assets/vendor.js:9269:28)
    at Object.trigger (http://localhost:7357/assets/vendor.js:12516:12)
    at HTMLSpanElement.<anonymous> (http://localhost:7357/assets/vendor.js:12600:17)
    at Function.each (http://localhost:7357/assets/vendor.js:5085:19)
    at jQuery.each (http://localhost:7357/assets/vendor.js:4862:17)
    at jQuery.trigger (http://localhost:7357/assets/vendor.js:12599:15)
    at jQuery.fn.(anonymous function) [as click] (http://localhost:7357/assets/vendor.js:12621:9)
    at Object.<anonymous> (http://localhost:7357/assets/tests.js:65487:45)
    at Object.<anonymous> (http://localhost:7357/assets/tests.js:36375:10)
    at Object.wrapper (http://localhost:7357/assets/test-support.js:6878:29)
    at runTest (http://localhost:7357/assets/test-support.js:2716:28)
    at Object.run (http://localhost:7357/assets/test-support.js:2701:4)
    at http://localhost:7357/assets/test-support.js:2843:11
    at process (http://localhost:7357/assets/test-support.js:2502:24)
    at begin (http://localhost:7357/assets/test-support.js:2484:2)
    at http://localhost:7357/assets/test-support.js:2544:4]]></error></testcase><testcase classname="Chrome 53.0" name="Exam Partition #12 - Team Support 2 | Unit: Lib - Inbox Realtime Adapter: An assignment while in the all inbox for unloaded conversation" time="0.595"/><testcase classname="Chrome 53.0" name="Exam Partition #12 - TemplateLint - embercom/templates/components/integrations-hub/connected-page-header-component.hbs: should pass TemplateLint" time="0.486"/><testcase classname="Chrome 53.0" name="Exam Partition #15 - Team Engage 3 | Acceptance | message-view-and-edit/route-error-handling: Opening a missing message" time="7.145"/><testcase classname="Chrome 53.0" name="Exam Partition #12 - Team Support 2 | Unit: Lib - Inbox Realtime Adapter: An assignment entering context" time="0.647"/><testcase classname="Chrome 53.0" name="Exam Partition #14 - Team Engage 2 | Unit: Model - Messages / Goal: predicatesAsJSON is correct" time="0.805"/><testcase classname="Chrome 53.0" name="Exam Partition #12 - Team Support 2 | Unit: Lib - Inbox Realtime Adapter: A close event for an unloaded conversation while in closed" time="0.740"/><testcase classname="Chrome 53.0" name="Exam Partition #15 - Team Engage 2 | Unit: Model - SelectionState: it validates count" time="1.009"/><testcase classname="Chrome 53.0" name="Exam Partition #14 - Team Engage 1 | Unit: Component - Message Schedule Form Component: component fields are initialized correctly for manual messages" time="0.826"/><testcase classname="Chrome 53.0" name="Exam Partition #12 - Team Engage 1 | Unit: Component - Message Editor - Title Header Component: A message with no folder or campaign" time="0.744"/><testcase classname="Chrome 53.0" name="Exam Partition #15 - Team Engage 2 | Unit: Model - SelectionState: Selection States with anonymous predicate returns the correct user type" time="0.969"/><testcase classname="Chrome 53.0" name="Exam Partition #15 - TemplateLint - embercom/templates/apps/app/users/user/modals/impersonate.hbs: should pass TemplateLint" time="0.523"/><testcase classname="Chrome 53.0" name="Exam Partition #12 - Team Engage 1 | Integration: Component - Campaigns User Preview | Integration | Component | campaigns/setup/user-preview: Rendering empty and actual users" time="1.316"/><testcase classname="Chrome 53.0" name="Exam Partition #12 - Team Support 2 | Unit: Lib - Inbox Realtime Adapter: An update event for a loaded conversation" time="0.656"/><testcase classname="Chrome 53.0" name="Exam Partition #15 - Team Engage 2 | Unit: Model - SelectionState: Selection States with contact role predicate returns the correct user type" time="1.007"/><testcase classname="Chrome 53.0" name="Exam Partition #15 - TemplateLint - embercom/templates/components/dropdown-component.hbs: should pass TemplateLint" time="0.486"/><testcase classname="Chrome 53.0" name="Exam Partition #11 - Team Engage 3 | Acceptance | message-view-and-edit/message-actions: Deleting a message with no dependencies" time="11.335"/><testcase classname="Chrome 53.0" name="Exam Partition #15 - General | Unit: Component - Calendar Date Picker: _isToday" time="0.610"/><testcase classname="Chrome 53.0" name="Exam Partition #15 - Team Engage 1 | Unit: Component - messages/editor/in-app-editor: #unsubscribeLink" time="0.933"/><testcase classname="Chrome 53.0" name="Exam Partition #11 - Team Engage 1 | Unit: Component - Message Editor - Content Stats Tabs Component: Some visitor auto message tabs are disabled" time="0.835"/><testcase classname="Chrome 53.0" name="Exam Partition #11 - Team Support 2 | Unit: Helper - Inbox Admin Helper: reflexive displayAdminAs returns &quot;themselves&quot; when currentAdmin and admin are not equal" time="0.496"/><testcase classname="Chrome 53.0" name="Exam Partition #15 - Team Engage 2 | Unit: Model - SelectionState: it validates" time="1.164"/><testcase classname="Chrome 53.0" name="Exam Partition #15 - TemplateLint - embercom/templates/components/composer/-composer-app-styles.hbs: should pass TemplateLint" time="0.527"/><testcase classname="Chrome 53.0" name="Exam Partition #15 - Team Engage 2 | Unit: Model - SelectionState: Selection States with visitor role predicate returns the correct user type" time="0.979"/><testcase classname="Chrome 53.0" name="Exam Partition #14 - Team Engage 3 | Acceptance | message-view-and-edit/summary: Show state on a manual message" time="7.283"/><testcase classname="Chrome 53.0" name="Exam Partition #15 - Team Engage 1 | Unit: Component - messages/editor/in-app-editor: #composerIsReadOnly" time="0.874"/><testcase classname="Chrome 53.0" name="Exam Partition #13 - Team Engage 3 | Integration: Messages - Message Editor: &quot;Message from&quot; selection works for in apps with ember_engage_messenger_v3 enabled" time="10.234"><error message="The message should be an in-app"><![CDATA[    at http://localhost:7357/assets/tests.js:55877:16
    at Class.andThen (http://localhost:7357/assets/vendor.js:54895:33)
    at http://localhost:7357/assets/vendor.js:55598:19
    at isolate (http://localhost:7357/assets/vendor.js:55799:13)
    at http://localhost:7357/assets/vendor.js:55783:14
    at tryCatch (http://localhost:7357/assets/vendor.js:68340:14)
    at invokeCallback (http://localhost:7357/assets/vendor.js:68355:15)
    at publish (http://localhost:7357/assets/vendor.js:68323:9)
    at http://localhost:7357/assets/vendor.js:46631:7
    at invokeWithOnError (http://localhost:7357/assets/vendor.js:14899:18)
    at Object.flush (http://localhost:7357/assets/vendor.js:14954:11)
    at Object.flush (http://localhost:7357/assets/vendor.js:14762:17)
    at Object.end (http://localhost:7357/assets/vendor.js:15117:25)
    at Object.run (http://localhost:7357/assets/vendor.js:15230:18)
    at Object.run [as default] (http://localhost:7357/assets/vendor.js:35751:27)
    at http://localhost:7357/assets/vendor.js:54930:36
    at r (https://gtm.intercomassets.com/2b567471678d53c05e74e7de0afe217e162d298a-gtm.js:1:23001)]]></error></testcase><testcase classname="Chrome 53.0" name="Exam Partition #12 - Team Engage 3 | Acceptance | message-view-and-edit/message-reload: Entering the route with the message in the store" time="7.002"/><testcase classname="Chrome 53.0" name="Exam Partition #13 - Team Engage 3 | Integration: Component - Message Editor Stats No Results Filler | Integration | Component | message-editor/stats/tables/no-results-filler: The component renders correctly for leads" time="1.462"/><testcase classname="Chrome 53.0" name="Exam Partition #13 - TemplateLint - embercom/templates/components/settings/service-worker-settings-component.hbs: should pass TemplateLint" time="0.466"/><testcase classname="Chrome 53.0" name="Exam Partition #12 - Team Engage 2 | Unit: Model - Messages / Audience Preview: It loads correctly" time="0.943"/><testcase classname="Chrome 53.0" name="Exam Partition #12 - TemplateLint - embercom/templates/components/admin/about-simple-text-component.hbs: should pass TemplateLint" time="0.519"/><testcase classname="Chrome 53.0" name="Exam Partition #13 - Team Growth 1 | Unit: Controller – Apps / App / Guide / StepGroup: steps aliases to model.steps" time="0.606"/><testcase classname="Chrome 53.0" name="Exam Partition #12 - Team Support 2 | Unit: Lib - Inbox Realtime Adapter: An assignment leaving context for unloaded conversation" time="0.777"/><testcase classname="Chrome 53.0" name="Exam Partition #12 - TemplateLint - embercom/templates/apps/app/settings/general.hbs: should pass TemplateLint" time="0.474"/><testcase classname="Chrome 53.0" name="Exam Partition #11 - Team Engage 3 | Acceptance | message-view-and-edit/message-actions: Removing a message from a folder" time="8.311"/><testcase classname="Chrome 53.0" name="Exam Partition #11 - General | Unit: Component - Auto Resizing Textarea: the height of the textArea should decrease when the text in the text area is deleted" time="0.687"/><testcase classname="Chrome 53.0" name="Exam Partition #12 - Team Engage 1 | Integration: Component - Campaigns User Preview | Integration | Component | campaigns/setup/user-preview: title for a draft message " time="1.641"/><testcase classname="Chrome 53.0" name="Exam Partition #11 - Team Engage 1 | Unit: Component - Message Editor - Content Stats Tabs Component: In-app chat icons" time="0.872"/><testcase classname="Chrome 53.0" name="Exam Partition #12 - Team Engage 1 | Unit: Component - Message Editor - Title Header Component: A message with a campaign" time="0.796"/><testcase classname="Chrome 53.0" name="Exam Partition #12 - TemplateLint - embercom/templates/components/partials/activities/-tag-or-segment-pill-container.hbs: should pass TemplateLint" time="0.461"/><testcase classname="Chrome 53.0" name="Exam Partition #15 - Team Engage 3 | Integration: Messages - Message Goals: Stops goal step from closing if step is closed and goal is invalid" time="8.807"/><testcase classname="Chrome 53.0" name="Exam Partition #14 - Team Engage 3 | Acceptance | message-view-and-edit/summary: Deleting a manual message" time="9.874"/><testcase classname="Chrome 53.0" name="Exam Partition #15 - Team Engage 2 | Unit: Model - SelectionState: The model is constructed correctly" time="0.912"/><testcase classname="Chrome 53.0" name="Exam Partition #13 - Team Engage 3 | Integration: Messages - Message Editor: Audience editor works correctly" time="7.075"><error message="TypeError: Cannot read property '_predicatesHaveBecomeDirty' of null"><![CDATA[    at http://localhost:7357/assets/test-support.js:4067:12
    at Class.exception (http://localhost:7357/assets/vendor.js:54715:7)
    at onerrorDefault (http://localhost:7357/assets/vendor.js:46665:24)
    at Object.trigger (http://localhost:7357/assets/vendor.js:69010:11)
    at http://localhost:7357/assets/vendor.js:70259:40
    at invokeWithOnError (http://localhost:7357/assets/vendor.js:14899:18)
    at Object.flush (http://localhost:7357/assets/vendor.js:14954:11)
    at Object.flush (http://localhost:7357/assets/vendor.js:14762:17)
    at Object.end (http://localhost:7357/assets/vendor.js:15117:25)
    at Object.run (http://localhost:7357/assets/vendor.js:15230:18)
    at Object.run [as default] (http://localhost:7357/assets/vendor.js:35751:27)
    at http://localhost:7357/assets/vendor.js:54930:36
    at r (https://gtm.intercomassets.com/2b567471678d53c05e74e7de0afe217e162d298a-gtm.js:1:23001)]]></error></testcase><testcase classname="Chrome 53.0" name="Exam Partition #14 - Team Engage 2 | Unit: Model - Messages / Goal: goal is invalid if it contains an invalid predicate" time="0.710"/><testcase classname="Chrome 53.0" name="Exam Partition #14 - TemplateLint - embercom/templates/components/guide/steps/response-time-and-team-intro-component.hbs: should pass TemplateLint" time="0.541"/><testcase classname="Chrome 53.0" name="Exam Partition #14 - TemplateLint - embercom/templates/apps/app/settings/loading.hbs: should pass TemplateLint" time="0.519"/><testcase classname="Chrome 53.0" name="Exam Partition #14 - Team Growth 1 | Unit: Controller – Apps / App / Guide / StepGroup / Step: resetLink restores the initial value on inviteLink" time="0.641"/><testcase classname="Chrome 53.0" name="Exam Partition #14 - TemplateLint - embercom/templates/components/displayed-attributes-dropdown-component.hbs: should pass TemplateLint" time="0.461"/><testcase classname="Chrome 53.0" name="Global error: Uncaught Error: Assertion Failed: calling set on destroyed object at http://localhost:7357/assets/vendor.js, line 20939
" time="0"><failure/></testcase><testcase classname="Chrome 53.0" name="Global error: Uncaught Error: Assertion Failed: calling set on destroyed object at http://localhost:7357/assets/vendor.js, line 20939
" time="0"><failure/></testcase><testcase classname="Chrome 53.0" name="Global error: Uncaught Error: Assertion Failed: calling set on destroyed object at http://localhost:7357/assets/vendor.js, line 20939
" time="0"><failure/></testcase><testcase classname="Chrome 53.0" name="Exam Partition #15 - Team Engage 3 | Acceptance | message-view-and-edit/route-error-handling: Visiting the message route populates the store with the default email templates" time="5.918"/><testcase classname="Chrome 53.0" name="Exam Partition #15 - TemplateLint - embercom/templates/apps/app/load_time_baseline.hbs: should pass TemplateLint" time="0.487"/><testcase classname="Chrome 53.0" name="Exam Partition #11 - Team Engage 3 | Integration: Messages - Message Editor - Delivery Windows: Message Delivery Window editor works correctly" time="10.740"/><testcase classname="Chrome 53.0" name="Exam Partition #14 - Team Engage 3 | Acceptance | message-view-and-edit/summary: Loading a manual message shows the correct panels" time="5.280"/><testcase classname="Chrome 53.0" name="Exam Partition #15 - Team Engage 2 | Unit: Model - SelectionState: Selection States with user role predicate returns the correct user type" time="0.959"/><testcase classname="Chrome 53.0" name="Exam Partition #13 - Team Engage 3 | Acceptance | message-view-and-edit/summary stats: Bulk Tagging users should work" time="7.324"><error message="Uncaught Error: Assertion Failed: calling set on destroyed object"><![CDATA[http://localhost:7357/assets/vendor.js:20939]]></error></testcase><testcase classname="Chrome 53.0" name="Exam Partition #13 - Team Engage 3 | Integration: Messages - Message Editor: There should not be an acquire predicate on the test message on init" time="0.657"/><testcase classname="Chrome 53.0" name="Exam Partition #11 - Team Engage 3 | Unit | Model | message-variation: deliveryOption" time="0.715"/><testcase classname="Chrome 53.0" name="Exam Partition #14 - Team Engage 1 | Unit: Component - Message Schedule Form Component: updating the scheduled date with a valid date sends saveAndScheduleMessage for auto messages" time="0.609"><error message="Died on test #1     at testWrapper (http://localhost:7357/assets/test-support.js:6907:11)
    at test (http://localhost:7357/assets/test-support.js:6921:39)
    at Module.callback (http://localhost:7357/assets/tests.js:65477:24)
    at Module.exports (http://localhost:7357/assets/vendor.js:132:32)
    at requireModule (http://localhost:7357/assets/vendor.js:32:18)
    at Object.TestLoader.require (http://localhost:7357/assets/test-support.js:6666:7)
    at http://localhost:7357/assets/test-support.js:6519:22: Property set failed: object in path &quot;stepGroupController&quot; could not be found or was destroyed."><![CDATA[Error: Property set failed: object in path "stepGroupController" could not be found or was destroyed.
    at new Error (native)
    at Error.EmberError (http://localhost:7357/assets/vendor.js:31129:21)
    at setPath (http://localhost:7357/assets/vendor.js:35595:15)
    at Object.set (http://localhost:7357/assets/vendor.js:35521:14)
    at Class.set (http://localhost:7357/assets/vendor.js:50026:38)
    at HTMLBodyElement.<anonymous> (http://localhost:7357/assets/embercom.js:39919:25)
    at HTMLBodyElement.dispatch (http://localhost:7357/assets/vendor.js:9457:27)
    at HTMLBodyElement.elemData.handle (http://localhost:7357/assets/vendor.js:9269:28)
    at Object.trigger (http://localhost:7357/assets/vendor.js:12516:12)
    at HTMLSpanElement.<anonymous> (http://localhost:7357/assets/vendor.js:12600:17)
    at Function.each (http://localhost:7357/assets/vendor.js:5085:19)
    at jQuery.each (http://localhost:7357/assets/vendor.js:4862:17)
    at jQuery.trigger (http://localhost:7357/assets/vendor.js:12599:15)
    at jQuery.fn.(anonymous function) [as click] (http://localhost:7357/assets/vendor.js:12621:9)
    at Object.<anonymous> (http://localhost:7357/assets/tests.js:65480:45)
    at Object.<anonymous> (http://localhost:7357/assets/tests.js:36375:10)
    at Object.wrapper (http://localhost:7357/assets/test-support.js:6878:29)
    at runTest (http://localhost:7357/assets/test-support.js:2716:28)
    at Object.run (http://localhost:7357/assets/test-support.js:2701:4)
    at http://localhost:7357/assets/test-support.js:2843:11
    at process (http://localhost:7357/assets/test-support.js:2502:24)
    at begin (http://localhost:7357/assets/test-support.js:2484:2)
    at http://localhost:7357/assets/test-support.js:2544:4]]></error></testcase><testcase classname="Chrome 53.0" name="Exam Partition #15 - TemplateLint - embercom/templates/apps/app/educate/articles/article/show.hbs: should pass TemplateLint" time="0.497"/><testcase classname="Chrome 53.0" name="Exam Partition #15 - TemplateLint - embercom/templates/components/settings/teams/member-invite-component.hbs: should pass TemplateLint" time="0.513"/><testcase classname="Chrome 53.0" name="Exam Partition #11 - Team Engage 1 | Unit: Component - Message Editor - Content Stats Tabs Component: Getting tabs for In-Apps message with no goals" time="0.595"/><testcase classname="Chrome 53.0" name="Exam Partition #15 - Team Engage 1 | Unit: Component - messages/editor/in-app-editor: #composerPreset" time="0.647"/><testcase classname="Chrome 53.0" name="Exam Partition #15 - TemplateLint - embercom/templates/components/guide/steps/segment-custom-data-component.hbs: should pass TemplateLint" time="0.443"/><testcase classname="Chrome 53.0" name="Exam Partition #13 - TemplateLint - embercom/templates/components/partials/activities/-tag-or-segment-pill.hbs: should pass TemplateLint" time="0.481"/><testcase classname="Chrome 53.0" name="Exam Partition #13 - General | Unit: Component - B64 Filter Param Encoder: adds an anonymous predicate for contact" time="0.475"/><testcase classname="Chrome 53.0" name="Exam Partition #14 - Team Growth 1 | Unit: Controller – Apps / App / Guide / StepGroup / Step: inviteLinkAllowed is false when the step scope is admin" time="0.516"/><testcase classname="Chrome 53.0" name="Exam Partition #11 - Team Engage 1 | Unit: Component - Message Editor - Content Stats Tabs Component: Getting tabs for email message with goals" time="0.571"/><testcase classname="Chrome 53.0" name="Exam Partition #14 - Team Support 2 | Library: InterLock tab leader electing system: Inits for an application" time="0.436"/><testcase classname="Chrome 53.0" name="Exam Partition #13 - Team Growth 1 | Unit: Controller – Apps / App / Guide / StepGroup: resetLinks action calls resetLink function in step controller" time="0.562"/><testcase classname="Chrome 53.0" name="Exam Partition #13 - TemplateLint - embercom/templates/components/message-editor/stats/reactions-switcher.hbs: should pass TemplateLint" time="0.462"/><testcase classname="Chrome 53.0" name="Exam Partition #13 - TemplateLint - embercom/templates/partials/loading-indicator-small.hbs: should pass TemplateLint" time="0.495"/><testcase classname="Chrome 53.0" name="Exam Partition #13 - Team Engage 3 | Integration: Component - Message Editor Stats No Results Filler | Integration | Component | message-editor/stats/tables/no-results-filler: The component renders correctly for users" time="0.887"/><testcase classname="Chrome 53.0" name="Exam Partition #11 - Team Engage 3 | Acceptance | message-view-and-edit/message-actions: Deactivating a message without permission" time="3.334"/><testcase classname="Chrome 53.0" name="Exam Partition #13 - Team Engage 1 | Unit: Component – HTML Editor: it correctly decodes attributes" time="0.595"/><testcase classname="Chrome 53.0" name="Exam Partition #14 - Team Engage 3 | Acceptance | message-view-and-edit/summary: Duplicating a message" time="4.396"/><testcase classname="Chrome 53.0" name="Exam Partition #11 - Team Engage 1 | Unit | Controller | apps/app/engage/messages/auto/campaigns/campaign/index: autosave does not fire on stopped campaigns" time="0.662"/><testcase classname="Chrome 53.0" name="Exam Partition #11 - Team Support 2 | Unit: Helper - Inbox Admin Helper: returns admins first name" time="0.463"/><testcase classname="Chrome 53.0" name="Exam Partition #13 - General | Unit: Component - B64 Filter Param Encoder: it does not add an anonymous predicate for company" time="0.469"/><testcase classname="Chrome 53.0" name="Exam Partition #13 - TemplateLint - embercom/templates/apps/app/settings/ios.hbs: should pass TemplateLint" time="0.494"/><testcase classname="Chrome 53.0" name="Exam Partition #13 - TemplateLint - embercom/templates/apps/app/acquire/messages/search.hbs: should pass TemplateLint" time="0.523"/><testcase classname="Chrome 53.0" name="Exam Partition #13 - TemplateLint - embercom/templates/components/user-event-summary-component.hbs: should pass TemplateLint" time="0.474"/><testcase classname="Chrome 53.0" name="Exam Partition #13 - TemplateLint - embercom/templates/components/integrations-hub/external-link-button.hbs: should pass TemplateLint" time="0.523"/><testcase classname="Chrome 53.0" name="Exam Partition #13 - TemplateLint - embercom/templates/components/rules/routing/rule-card-component.hbs: should pass TemplateLint" time="0.499"/><testcase classname="Chrome 53.0" name="Exam Partition #11 - Team Engage 3 | Acceptance | message-view-and-edit/message-actions: Activating a message without billing features" time="4.163"/><testcase classname="Chrome 53.0" name="Exam Partition #11 - Team Engage 1 | Unit | Controller | apps/app/engage/messages/auto/campaigns/campaign/index: cancel a timer when moving from non-editing to editing" time="0.558"/><testcase classname="Chrome 53.0" name="Exam Partition #14 - Team Engage 1 | Integration: Messages Editor - Folders &amp; Campaigns: Assigning a campaign message to a folder and visa versa" time="5.050"/><testcase classname="Chrome 53.0" name="Exam Partition #13 - Team Engage 3 | Acceptance | message-view-and-edit/summary stats: clicking a stat tab should not have the stat inverted by default" time="3.372"/><testcase classname="Chrome 53.0" name="Exam Partition #13 - General | Unit: Component - B64 Filter Param Encoder: it provides the correct tag URL for a company list search" time="0.447"/><testcase classname="Chrome 53.0" name="Exam Partition #14 - Team Growth 1 | Unit: Controller – Apps / App / Guide / StepGroup / Step: hasNextStep when stepGroupController reports a nextStep" time="0.593"/><testcase classname="Chrome 53.0" name="Exam Partition #11 - Team Engage 1 | Unit: Component - Message Editor - Content Stats Tabs Component: In-app post icons" time="0.613"/><testcase classname="Chrome 53.0" name="Exam Partition #13 - Team DX | Library: canViewIntegration: Integration is not public so it cannot be viewed" time="0.625"/><testcase classname="Chrome 53.0" name="Exam Partition #14 - Team Engage 3 | Integration: Component - Message Editor Stats Time Cell | Integration | Component | message-editor/stats/tables/time-cell: The component has the correct data content" time="0.621"/><testcase classname="Chrome 53.0" name="Exam Partition #14 - Team Growth 1 | Unit: Controller – Apps / App / Guide / StepGroup / Step: linkAllowedAndStepIncomplete is true when the scope is app and the step is not yet complete" time="0.528"/><testcase classname="Chrome 53.0" name="Exam Partition #14 - Team Observe | Unit: Component Bulk Tag Progress: should have correct success text if current admin is the same as job admin" time="0.525"/><testcase classname="Chrome 53.0" name="Exam Partition #14 - Team Support 2 | Library: InterLock tab leader electing system: leaving should work" time="0.470"/><testcase classname="Chrome 53.0" name="Exam Partition #14 - Team Observe | Unit: Component Bulk Tag Progress: should not show progress if progress is 0" time="0.605"/><testcase classname="Chrome 53.0" name="Global error: Uncaught Error: Assertion Failed: calling set on destroyed object at http://localhost:7357/assets/vendor.js, line 20939
" time="0"><failure/></testcase><testcase classname="Chrome 53.0" name="Global error: Uncaught Error: Assertion Failed: calling set on destroyed object at http://localhost:7357/assets/vendor.js, line 20939
" time="0"><failure/></testcase><testcase classname="Chrome 53.0" name="Global error: Uncaught Error: Assertion Failed: calling set on destroyed object at http://localhost:7357/assets/vendor.js, line 20939
" time="0"><failure/></testcase><testcase classname="Chrome 53.0" name="Exam Partition #11 - Team Engage 3 | Acceptance | message-view-and-edit/message-actions: You cannot move a campaign with dependencies" time="3.455"/><testcase classname="Chrome 53.0" name="Exam Partition #11 - Team Engage 1 | Unit | Controller | apps/app/engage/messages/auto/campaigns/campaign/index: autosave does not fire on invalid predicates on draft campaigns" time="0.700"/><testcase classname="Chrome 53.0" name="Exam Partition #11 - TemplateLint - embercom/templates/apps/app/educate.hbs: should pass TemplateLint" time="0.455"/><testcase classname="Chrome 53.0" name="Exam Partition #11 - Team Engage 3 | Unit | Model | message-variation: messageStyle" time="0.704"/><testcase classname="Chrome 53.0" name="Exam Partition #13 - Team Engage 3 | Acceptance | message-view-and-edit/summary stats: Bulk Messaging users should work with reactions" time="4.876"><error message="Uncaught Error: Assertion Failed: calling set on destroyed object"><![CDATA[http://localhost:7357/assets/vendor.js:20939]]></error></testcase><testcase classname="Chrome 53.0" name="Exam Partition #11 - Team Engage 3 | Integration: Component - Message Editor Stats List Headers | Integration | Component | message-editor/stats/tables/list-headers: The user list headers are correct" time="0.841"/><testcase classname="Chrome 53.0" name="Exam Partition #14 - Team Engage 3 | Acceptance | message-view-and-edit/summary: Loading a campaign message message shows the correct panels" time="3.448"/><testcase classname="Chrome 53.0" name="Exam Partition #14 - Team Growth 1 | Unit: Controller – Apps / App / Guide / StepGroup / Step: createLink shows the invite link popover on the stepGroupController but not the introductory description" time="0.549"/><testcase classname="Chrome 53.0" name="Exam Partition #11 - Team Engage 1 | Unit: Component - Message Editor - Content Stats Tabs Component: Getting tabs for manual email message" time="0.694"/><testcase classname="Chrome 53.0" name="Exam Partition #14 - Team Growth 1 | Unit: Controller – Apps / App / Guide / StepGroup / Step: isActionsDropdownOpen defauls to false" time="0.539"/><testcase classname="Chrome 53.0" name="Exam Partition #14 - Team Growth 1 | Unit: Controller – Apps / App / Guide / StepGroup / Step: inviteLinkNotAllowed is false when the step scope is app" time="0.489"/><testcase classname="Chrome 53.0" name="Exam Partition #11 - Team Engage 1 | Unit | Controller | apps/app/engage/messages/auto/campaigns/campaign/index: autosave fires on live campaigns for specific attributes when not in edit mode" time="0.681"/><testcase classname="Chrome 53.0" name="Exam Partition #11 - Team Support 2 | Unit: Helper - Inbox Admin Helper: returns full name if removed from app" time="0.442"/><testcase classname="Chrome 53.0" name="Exam Partition #11 - TemplateLint - embercom/templates/apps/app/acquire/messages/new.hbs: should pass TemplateLint" time="0.487"/><testcase classname="Chrome 53.0" name="Exam Partition #11 - Team Engage 1 | Unit | Controller | apps/app/engage/messages/auto/campaigns/campaign/index: autosave does not fire on live campaigns" time="0.696"/><testcase classname="Chrome 53.0" name="Exam Partition #11 - Team Support 2 | Unit: Helper - Inbox Admin Helper: displayAdminAs without currentAdmin returns null" time="0.486"/><testcase classname="Chrome 53.0" name="Exam Partition #14 - Team Engage 3 | Acceptance | message-view-and-edit/summary: Loading a push message shows the push editor" time="2.457"/><testcase classname="Chrome 53.0" name="Exam Partition #11 - General | Unit: Component - Auto Resizing Textarea: the height of the textarea should not increase when isExpandable is set to false" time="0.558"/><testcase classname="Chrome 53.0" name="Exam Partition #11 - TemplateLint - embercom/templates/partials/inline-loading-indicator-tiny.hbs: should pass TemplateLint" time="0.451"/><testcase classname="Chrome 53.0" name="Exam Partition #14 - Team Growth 1 | Unit: Controller – Apps / App / Guide / StepGroup / Step: skipStep sets step.skipped to true, saves, sets model.isSaving to true, and hides the dropdown" time="0.508"/><testcase classname="Chrome 53.0" name="Exam Partition #14 - Team Growth 1 | Unit: Controller – Apps / App / Guide / StepGroup / Step: guideController is present" time="0.518"/><testcase classname="Chrome 53.0" name="Exam Partition #11 - Team Engage 1 | Unit: Component - Message Editor - Content Stats Tabs Component: push icons" time="0.681"/><testcase classname="Chrome 53.0" name="Exam Partition #13 - Team Engage 3 | Integration: Messages - Message Editor: &quot;Message from&quot; selection works for Emails" time="6.875"><error message="The message should be an email"><![CDATA[    at http://localhost:7357/assets/tests.js:55892:16
    at Class.andThen (http://localhost:7357/assets/vendor.js:54895:33)
    at http://localhost:7357/assets/vendor.js:55598:19
    at isolate (http://localhost:7357/assets/vendor.js:55799:13)
    at http://localhost:7357/assets/vendor.js:55783:14
    at tryCatch (http://localhost:7357/assets/vendor.js:68340:14)
    at invokeCallback (http://localhost:7357/assets/vendor.js:68355:15)
    at publish (http://localhost:7357/assets/vendor.js:68323:9)
    at http://localhost:7357/assets/vendor.js:46631:7
    at invokeWithOnError (http://localhost:7357/assets/vendor.js:14899:18)
    at Object.flush (http://localhost:7357/assets/vendor.js:14954:11)
    at Object.flush (http://localhost:7357/assets/vendor.js:14762:17)
    at Object.end (http://localhost:7357/assets/vendor.js:15117:25)
    at Object.run (http://localhost:7357/assets/vendor.js:15230:18)
    at Object.run [as default] (http://localhost:7357/assets/vendor.js:35751:27)
    at http://localhost:7357/assets/vendor.js:54930:36
    at r (https://gtm.intercomassets.com/2b567471678d53c05e74e7de0afe217e162d298a-gtm.js:1:23001)]]></error></testcase><testcase classname="Chrome 53.0" name="Exam Partition #13 - Team Growth 1 | Unit: Controller – Apps / App / Guide / StepGroup: stepGroup aliases to model" time="0.712"/><testcase classname="Chrome 53.0" name="Exam Partition #11 - Team Engage 3 | Acceptance | message-view-and-edit/message-actions: Activating a message" time="5.252"/><testcase classname="Chrome 53.0" name="Exam Partition #13 - Team Engage 3 | Integration: Messages - Message Editor: Campaign behaviour predicates work correctly" time="4.269"><error message="TypeError: Cannot read property 'get' of null"><![CDATA[    at http://localhost:7357/assets/test-support.js:4067:12
    at Class.exception (http://localhost:7357/assets/vendor.js:54715:7)
    at onerrorDefault (http://localhost:7357/assets/vendor.js:46665:24)
    at Object.trigger (http://localhost:7357/assets/vendor.js:69010:11)
    at http://localhost:7357/assets/vendor.js:70259:40
    at invokeWithOnError (http://localhost:7357/assets/vendor.js:14899:18)
    at Object.flush (http://localhost:7357/assets/vendor.js:14954:11)
    at Object.flush (http://localhost:7357/assets/vendor.js:14762:17)
    at Object.end (http://localhost:7357/assets/vendor.js:15117:25)
    at Object.run (http://localhost:7357/assets/vendor.js:15230:18)
    at Object.run [as default] (http://localhost:7357/assets/vendor.js:35751:27)
    at http://localhost:7357/assets/vendor.js:54930:36
    at r (https://gtm.intercomassets.com/2b567471678d53c05e74e7de0afe217e162d298a-gtm.js:1:23001)]]></error></testcase><testcase classname="Chrome 53.0" name="Exam Partition #14 - Team Engage 3 | Acceptance | message-view-and-edit/summary: Deleting an auto message" time="6.307"/><testcase classname="Chrome 53.0" name="Exam Partition #11 - Team Support 2 | Unit: Helper - Inbox Admin Helper: reflexive displayAdminAs returns &quot;themselves&quot; when currentAdmin and admin are not equal " time="0.486"/><testcase classname="Chrome 53.0" name="Exam Partition #13 - Team Engage 2 | Unit: Model - Messages / Delivery Window: endTimeText is correct when set to 5PM" time="0.662"/><testcase classname="Chrome 53.0" name="Exam Partition #11 - Team Support 2 | Unit: Helper - Inbox Admin Helper: returns always the full team name" time="0.519"/><testcase classname="Chrome 53.0" name="Exam Partition #14 - Team Growth 1 | Unit: Controller – Apps / App / Guide / StepGroup / Step: createLink assigns the resulting token in the right format to inviteLink" time="0.498"/><testcase classname="Chrome 53.0" name="Exam Partition #14 - Team Growth 1 | Unit: Controller – Apps / App / Guide / StepGroup / Step: reloadGuide calls reload on the guideController" time="0.509"/><testcase classname="Chrome 53.0" name="Exam Partition #11 - Team Engage 3 | Acceptance | message-view-and-edit/message-actions: Moving a message to a folder" time="4.184"/><testcase classname="Chrome 53.0" name="Exam Partition #13 - Team Engage 3 | Integration: Messages - Message Editor: Activate auto message success text" time="3.833"><error message="TypeError: Cannot read property 'set' of null"><![CDATA[    at http://localhost:7357/assets/test-support.js:4067:12
    at Class.exception (http://localhost:7357/assets/vendor.js:54715:7)
    at onerrorDefault (http://localhost:7357/assets/vendor.js:46665:24)
    at Object.trigger (http://localhost:7357/assets/vendor.js:69010:11)
    at http://localhost:7357/assets/vendor.js:70259:40
    at invokeWithOnError (http://localhost:7357/assets/vendor.js:14899:18)
    at Object.flush (http://localhost:7357/assets/vendor.js:14954:11)
    at Object.flush (http://localhost:7357/assets/vendor.js:14762:17)
    at Object.end (http://localhost:7357/assets/vendor.js:15117:25)
    at Object.run (http://localhost:7357/assets/vendor.js:15230:18)
    at Object.run [as default] (http://localhost:7357/assets/vendor.js:35751:27)
    at http://localhost:7357/assets/vendor.js:54930:36
    at r (https://gtm.intercomassets.com/2b567471678d53c05e74e7de0afe217e162d298a-gtm.js:1:23001)]]></error></testcase><testcase classname="Chrome 53.0" name="Exam Partition #11 - Team Engage 1 | Unit | Controller | apps/app/engage/messages/auto/campaigns/campaign/index: autosave always fires on draft campaigns" time="0.724"/><testcase classname="Chrome 53.0" name="Exam Partition #14 - Team Engage 3 | Acceptance | message-view-and-edit/summary: Editing an auto message from the summary page" time="7.139"/><testcase classname="Chrome 53.0" name="Exam Partition #14 - Team Growth 1 | Unit: Controller – Apps / App / Guide / StepGroup / Step: linkAllowedAndStepIncomplete is false when either the step is completed or the scope is admin" time="0.505"/><testcase classname="Chrome 53.0" name="Exam Partition #11 - Team Engage 3 | Acceptance | message-view-and-edit/message-actions: Deleting a message with dependencies" time="3.718"/><testcase classname="Chrome 53.0" name="Exam Partition #11 - TemplateLint - embercom/templates/components/dialogs/custom/article-component.hbs: should pass TemplateLint" time="0.418"/><testcase classname="Chrome 53.0" name="Exam Partition #14 - General | Integration | Component | character counter: it renders correctly" time="0.487"/><testcase classname="Chrome 53.0" name="Exam Partition #14 - Team Observe | Unit: Component Bulk Tag Progress: should have correct progress text if current admin is same as job admin" time="0.514"/><testcase classname="Chrome 53.0" name="Exam Partition #11 - Team Engage 1 | Unit: Component - Message Editor - Content Stats Tabs Component: Getting tabs for email message with no goals" time="0.640"/><testcase classname="Chrome 53.0" name="Exam Partition #11 - TemplateLint - embercom/templates/apps/app/integrations-hub/static/slack.hbs: should pass TemplateLint" time="0.456"/><testcase classname="Chrome 53.0" name="Exam Partition #14 - Team Growth 1 | Unit: Controller – Apps / App / Guide / StepGroup / Step: toggleActionsDropdown toggles isActionsDropdownOpen" time="0.501"/><testcase classname="Chrome 53.0" name="Exam Partition #14 - Team Growth 1 | Unit: Controller – Apps / App / Guide / StepGroup / Step: isStepCompleted is false when the step is not yet complete" time="0.521"/><testcase classname="Chrome 53.0" name="Exam Partition #13 - Team Engage 3 | Integration: Messages - Message Editor: Sender resets from team to currentAdmin when selecting push-message as team sender" time="7.216"><error message="TypeError: Cannot read property 'forEach' of null"><![CDATA[    at http://localhost:7357/assets/test-support.js:4067:12
    at Class.exception (http://localhost:7357/assets/vendor.js:54715:7)
    at onerrorDefault (http://localhost:7357/assets/vendor.js:46665:24)
    at Object.trigger (http://localhost:7357/assets/vendor.js:69010:11)
    at http://localhost:7357/assets/vendor.js:70259:40
    at invokeWithOnError (http://localhost:7357/assets/vendor.js:14899:18)
    at Object.flush (http://localhost:7357/assets/vendor.js:14954:11)
    at Object.flush (http://localhost:7357/assets/vendor.js:14762:17)
    at Object.end (http://localhost:7357/assets/vendor.js:15117:25)
    at Object.run (http://localhost:7357/assets/vendor.js:15230:18)
    at Object.run [as default] (http://localhost:7357/assets/vendor.js:35751:27)
    at http://localhost:7357/assets/vendor.js:54930:36
    at r (https://gtm.intercomassets.com/2b567471678d53c05e74e7de0afe217e162d298a-gtm.js:1:23001)]]></error></testcase><testcase classname="Chrome 53.0" name="Exam Partition #13 - Team Engage 3 | Acceptance | message-view-and-edit/summary stats: Switching to different reactions stats should work" time="3.203"/><testcase classname="Chrome 53.0" name="Exam Partition #14 - Team Engage 3 | Acceptance | message-view-and-edit/summary: Deleting a visitor auto message" time="4.116"/><testcase classname="Chrome 53.0" name="Exam Partition #13 - Team Growth 1 | Unit: Controller – Apps / App / Guide / StepGroup: transitionToNextStep transitions back to the guide when there is no next step" time="0.514"/><testcase classname="Chrome 53.0" name="Exam Partition #14 - Team Growth 1 | Unit: Controller – Apps / App / Guide / StepGroup / Step: nextStep calls transitionToNextStep on stepGroupController" time="0.487"/><testcase classname="Chrome 53.0" name="Exam Partition #13 - Team Engage 2 | Unit: Model - Messages / Delivery Window: daysText is correct with two days in window" time="0.489"/><testcase classname="Chrome 53.0" name="Exam Partition #14 - Team Growth 1 | Unit: Controller – Apps / App / Guide / StepGroup / Step: isSkipStepDisabled is false when the step is completed" time="0.497"/><testcase classname="Chrome 53.0" name="Exam Partition #14 - Team Observe | Unit: Component Bulk Tag Progress: should show progress when job tag name is included in serviceTagNames" time="0.512"/><testcase classname="Chrome 53.0" name="Exam Partition #14 - TemplateLint - embercom/templates/components/message-editor/stats/reactions-tab.hbs: should pass TemplateLint" time="0.460"/><testcase classname="Chrome 53.0" name="Exam Partition #14 - Team Growth 1 | Unit: Controller – Apps / App / Guide / StepGroup / Step: step aliases to model" time="0.546"/><testcase classname="Chrome 53.0" name="Exam Partition #13 - Team Engage 3 | Acceptance | message-view-and-edit/summary stats: Acquire: Switching to opened stat should not work" time="2.041"/><testcase classname="Chrome 53.0" name="Exam Partition #13 - Team Growth 1 | Unit: Controller – Apps / App / Guide / StepGroup: inviteLinkAllowed is true when the step scope is app and false otherwise" time="0.514"/><testcase classname="Chrome 53.0" name="Exam Partition #13 - Team Growth 1 | Unit: Controller – Apps / App / Guide / StepGroup: nextStep returns the next step from a given step" time="0.525"/><testcase classname="Chrome 53.0" name="Exam Partition #14 - Team Engage 3 | Acceptance | message-view-and-edit/summary: Loading an inapp message shows an inapp preview" time="2.379"/><testcase classname="Chrome 53.0" name="Exam Partition #14 - Team Growth 1 | Unit: Controller – Apps / App / Guide / StepGroup / Step: inviteLinkNotAllowed is true when the step scope is admin" time="0.559"/><testcase classname="Chrome 53.0" name="Global error: Uncaught Error: Assertion Failed: calling set on destroyed object at http://localhost:7357/assets/vendor.js, line 20939
" time="0"><failure/></testcase><testcase classname="Chrome 53.0" name="Global error: Uncaught Error: Assertion Failed: calling set on destroyed object at http://localhost:7357/assets/vendor.js, line 20939
" time="0"><failure/></testcase><testcase classname="Chrome 53.0" name="Global error: Uncaught Error: Assertion Failed: calling set on destroyed object at http://localhost:7357/assets/vendor.js, line 20939
" time="0"><failure/></testcase><testcase classname="Chrome 53.0" name="Exam Partition #14 - Team Growth 1 | Unit: Controller – Apps / App / Guide / StepGroup / Step: isStepCompleted is true when the step is completed" time="0.509"/><testcase classname="Chrome 53.0" name="Exam Partition #13 - Team Engage 3 | Acceptance | message-view-and-edit/summary stats: Bulk Tagging users should work with reactions" time="3.601"><error message="Uncaught Error: Assertion Failed: calling set on destroyed object"><![CDATA[http://localhost:7357/assets/vendor.js:20939]]></error></testcase><testcase classname="Chrome 53.0" name="Exam Partition #13 - Team Growth 1 | Unit: Controller – Apps / App / Guide / StepGroup: nextStep does not return a past step" time="0.533"/><testcase classname="Chrome 53.0" name="Exam Partition #13 - TemplateLint - embercom/templates/apps/app/guide/-hidden.hbs: should pass TemplateLint" time="0.469"/><testcase classname="Chrome 53.0" name="Exam Partition #14 - Team Engage 3 | Acceptance | message-view-and-edit/summary: A/B messages are not possible for manual messages" time="2.559"/><testcase classname="Chrome 53.0" name="Exam Partition #13 - Team Engage 2 | Unit: Model - Messages / Delivery Window: it validates" time="0.560"/><testcase classname="Chrome 53.0" name="Exam Partition #14 - Team Growth 1 | Unit: Controller – Apps / App / Guide / StepGroup / Step: stepGroupController is present" time="0.502"/><testcase classname="Chrome 53.0" name="Global error: Uncaught Error: Assertion Failed: calling set on destroyed object at http://localhost:7357/assets/vendor.js, line 20939
" time="0"><failure/></testcase><testcase classname="Chrome 53.0" name="Global error: Uncaught Error: Assertion Failed: calling set on destroyed object at http://localhost:7357/assets/vendor.js, line 20939
" time="0"><failure/></testcase><testcase classname="Chrome 53.0" name="Exam Partition #14 - Team Engage 3 | Acceptance | message-view-and-edit/summary: Loading a visitor auto message shows the correct panels" time="3.474"/><testcase classname="Chrome 53.0" name="Exam Partition #14 - TemplateLint - embercom/templates/apps/app/keyboard-shortcuts-modal.hbs: should pass TemplateLint" time="0.474"/><testcase classname="Chrome 53.0" name="Global error: Uncaught Error: Assertion Failed: calling set on destroyed object at http://localhost:7357/assets/vendor.js, line 20939
" time="0"><failure/></testcase><testcase classname="Chrome 53.0" name="Exam Partition #14 - Team Observe | Unit: Component Bulk Tag Progress: should not show progress when job tag name is not included in serviceTagNames" time="0.601"/><testcase classname="Chrome 53.0" name="Global error: Uncaught Error: Assertion Failed: calling set on destroyed object at http://localhost:7357/assets/vendor.js, line 20939
" time="0"><failure/></testcase><testcase classname="Chrome 53.0" name="Global error: Uncaught Error: Assertion Failed: calling set on destroyed object at http://localhost:7357/assets/vendor.js, line 20939
" time="0"><failure/></testcase><testcase classname="Chrome 53.0" name="Global error: Uncaught Error: Assertion Failed: calling set on destroyed object at http://localhost:7357/assets/vendor.js, line 20939
" time="0"><failure/></testcase><testcase classname="Chrome 53.0" name="Exam Partition #14 - Team Engage 3 | Acceptance | message-view-and-edit/summary: Editing a visitor auto message from the summary page" time="4.403"/><testcase classname="Chrome 53.0" name="Exam Partition #13 - Team Engage 3 | Integration: Messages - Message Editor: Event predicates in the audience editor work correctly" time="10.214"><error message="Uncaught Error: Assertion Failed: calling set on destroyed object"><![CDATA[http://localhost:7357/assets/vendor.js:20939]]></error></testcase><testcase classname="Chrome 53.0" name="Exam Partition #13 - Team Engage 3 | Integration: Messages - Message Editor: Activate manual message success text" time="1.931"><error message="TypeError: Cannot read property 'set' of null"><![CDATA[    at http://localhost:7357/assets/test-support.js:4067:12
    at Class.exception (http://localhost:7357/assets/vendor.js:54715:7)
    at onerrorDefault (http://localhost:7357/assets/vendor.js:46665:24)
    at Object.trigger (http://localhost:7357/assets/vendor.js:69010:11)
    at http://localhost:7357/assets/vendor.js:70259:40
    at invokeWithOnError (http://localhost:7357/assets/vendor.js:14899:18)
    at Object.flush (http://localhost:7357/assets/vendor.js:14954:11)
    at Object.flush (http://localhost:7357/assets/vendor.js:14762:17)
    at Object.end (http://localhost:7357/assets/vendor.js:15117:25)
    at Object.run (http://localhost:7357/assets/vendor.js:15230:18)
    at Object.run [as default] (http://localhost:7357/assets/vendor.js:35751:27)
    at http://localhost:7357/assets/vendor.js:54930:36
    at r (https://gtm.intercomassets.com/2b567471678d53c05e74e7de0afe217e162d298a-gtm.js:1:23001)]]></error></testcase><testcase classname="Chrome 53.0" name="Exam Partition #13 - Team Growth 1 | Unit: Controller – Apps / App / Guide / StepGroup: isInviteLinkPopoverOpen is by default false" time="0.522"/><testcase classname="Chrome 53.0" name="Exam Partition #13 - Team Engage 2 | Unit: Model - Messages / Delivery Window: daysText is correct with all weekend days in window" time="0.482"/><testcase classname="Chrome 53.0" name="Exam Partition #13 - TemplateLint - embercom/templates/apps/app/educate/articles.hbs: should pass TemplateLint" time="0.439"/><testcase classname="Chrome 53.0" name="Exam Partition #13 - Team Growth 1 | Unit: Controller – Apps / App / Guide / StepGroup: transitionToNextStep transitions to the next step when there is one" time="0.523"/><testcase classname="Chrome 53.0" name="Exam Partition #13 - Team Growth 1 | Unit: Controller – Apps / App / Guide / StepGroup: isStepCompleted is true when the step is completed and false otherwise" time="0.468"/><testcase classname="Chrome 53.0" name="Exam Partition #13 - Team Engage 3 | Integration: Messages - Message Editor: A manual message without an audience is invalid" time="1.921"><error message="Error: Property set failed: object in path &quot;message.variationA&quot; could not be found or was destroyed."><![CDATA[    at http://localhost:7357/assets/test-support.js:4067:12
    at Class.exception (http://localhost:7357/assets/vendor.js:54715:7)
    at onerrorDefault (http://localhost:7357/assets/vendor.js:46665:24)
    at Object.trigger (http://localhost:7357/assets/vendor.js:69010:11)
    at http://localhost:7357/assets/vendor.js:70259:40
    at invokeWithOnError (http://localhost:7357/assets/vendor.js:14899:18)
    at Object.flush (http://localhost:7357/assets/vendor.js:14954:11)
    at Object.flush (http://localhost:7357/assets/vendor.js:14762:17)
    at Object.end (http://localhost:7357/assets/vendor.js:15117:25)
    at Object.run (http://localhost:7357/assets/vendor.js:15230:18)
    at Object.run [as default] (http://localhost:7357/assets/vendor.js:35751:27)
    at http://localhost:7357/assets/vendor.js:54930:36
    at r (https://gtm.intercomassets.com/2b567471678d53c05e74e7de0afe217e162d298a-gtm.js:1:23001)]]></error></testcase><testcase classname="Chrome 53.0" name="Exam Partition #13 - Team Engage 1 | Integration: Component - Campaigns User List | Integration | Component | campaigns/user-list: it renders the correct no-users content" time="0.595"/><testcase classname="Chrome 53.0" name="Exam Partition #13 - Team Engage 1 | Unit: Component – HTML Editor: it correctly encodes attributes" time="0.470"/><testcase classname="Chrome 53.0" name="Exam Partition #13 - Team Engage 3 | Acceptance | message-view-and-edit/summary stats: Engage Auto: Switching to the inverse of a stat works" time="1.522"/><testcase classname="Chrome 53.0" name="Exam Partition #13 - Team DX | Library: canViewIntegration: Integration is not public but other apps with feature flag can use it" time="0.494"/><testcase classname="Chrome 53.0" name="Exam Partition #13 - Team Engage 2 | Unit: Model - Messages / Delivery Window: daysText is correct with all weekdays in window" time="0.476"/><testcase classname="Chrome 53.0" name="Global error: Uncaught Error: Assertion Failed: calling set on destroyed object at http://localhost:7357/assets/vendor.js, line 20939
" time="0"><failure/></testcase><testcase classname="Chrome 53.0" name="Global error: Uncaught Error: Assertion Failed: calling set on destroyed object at http://localhost:7357/assets/vendor.js, line 20939
" time="0"><failure/></testcase><testcase classname="Chrome 53.0" name="Global error: Uncaught Error: Assertion Failed: calling set on destroyed object at http://localhost:7357/assets/vendor.js, line 20939
" time="0"><failure/></testcase><testcase classname="Chrome 53.0" name="Exam Partition #13 - Team Engage 3 | Acceptance | message-view-and-edit/summary stats: Bulk Messaging users should work" time="2.305"><error message="Uncaught Error: Assertion Failed: calling set on destroyed object"><![CDATA[http://localhost:7357/assets/vendor.js:20939]]></error></testcase><testcase classname="Chrome 53.0" name="Exam Partition #13 - Team Growth 1 | Unit: Controller – Apps / App / Guide / StepGroup: nextStep returns the next step is not completed" time="0.475"/><testcase classname="Chrome 53.0" name="Exam Partition #13 - Team Engage 3 | Acceptance | message-view-and-edit/summary stats: clicking between variations should always default to the content tab" time="1.756"/><testcase classname="Chrome 53.0" name="Exam Partition #13 - TemplateLint - embercom/templates/components/guide/-web-integration-deploy-single-page.hbs: should pass TemplateLint" time="0.421"/><testcase classname="Chrome 53.0" name="Exam Partition #13 - Team Engage 3 | Integration: Messages - Message Editor: Modal fires when selecting email as a team sender" time="5.587"><error message="TypeError: Cannot read property 'forEach' of null"><![CDATA[    at http://localhost:7357/assets/test-support.js:4067:12
    at Class.exception (http://localhost:7357/assets/vendor.js:54715:7)
    at onerrorDefault (http://localhost:7357/assets/vendor.js:46665:24)
    at Object.trigger (http://localhost:7357/assets/vendor.js:69010:11)
    at http://localhost:7357/assets/vendor.js:70259:40
    at invokeWithOnError (http://localhost:7357/assets/vendor.js:14899:18)
    at Object.flush (http://localhost:7357/assets/vendor.js:14954:11)
    at Object.flush (http://localhost:7357/assets/vendor.js:14762:17)
    at Object.end (http://localhost:7357/assets/vendor.js:15117:25)
    at Object.run (http://localhost:7357/assets/vendor.js:15230:18)
    at Object.run [as default] (http://localhost:7357/assets/vendor.js:35751:27)
    at http://localhost:7357/assets/vendor.js:54930:36
    at r (https://gtm.intercomassets.com/2b567471678d53c05e74e7de0afe217e162d298a-gtm.js:1:23001)]]></error></testcase><testcase classname="Chrome 53.0" name="Exam Partition #13 - TemplateLint - embercom/templates/apps/app/messages/partials/table-cells/-message-from-cell.hbs: should pass TemplateLint" time="0.436"/></testsuite>
