<testsuite name="Testem Tests" tests="329" skipped="0" failures="4" timestamp="Tue Nov 08 2016 14:33:55 GMT+0000 (UTC)" time="209.912"><testcase classname="Chrome 53.0" name="Exam Partition #20 - TemplateLint - embercom/templates/components/segment-filter/boolean-predicate-component.hbs: should pass TemplateLint" time="4.675"/><testcase classname="Chrome 53.0" name="Exam Partition #19 - TemplateLint - embercom/templates/components/predicates/attribute-selector-dropdown-component.hbs: should pass TemplateLint" time="4.926"/><testcase classname="Chrome 53.0" name="Exam Partition #16 - TemplateLint - embercom/templates/components/api-key-list-component.hbs: should pass TemplateLint" time="5.133"/><testcase classname="Chrome 53.0" name="Exam Partition #17 - TemplateLint - embercom/templates/components/message-editor/stats/tables/deleted-users-info-row.hbs: should pass TemplateLint" time="5.091"/><testcase classname="Chrome 53.0" name="Exam Partition #18 - TemplateLint - embercom/templates/components/user-profile-activities-component.hbs: should pass TemplateLint" time="4.996"/><testcase classname="Chrome 53.0" name="Exam Partition #18 - TemplateLint - embercom/templates/apps/app/activate/loading.hbs: should pass TemplateLint" time="0.527"/><testcase classname="Chrome 53.0" name="Exam Partition #20 - Team Support 1 | Acceptance | inbox/article-insertion: Inserting an article from suggestion bar" time="13.282"/><testcase classname="Chrome 53.0" name="Exam Partition #20 - Team Support 1 | Integration: Component - Controls Component | Integration | Component | conversation/controls/controls-component: It does not display any suggestions when outside of inbox" time="3.858"/><testcase classname="Chrome 53.0" name="Exam Partition #20 - TemplateLint - embercom/templates/components/integrations-hub/marketo-unsubscribe.hbs: should pass TemplateLint" time="0.524"/><testcase classname="Chrome 53.0" name="Exam Partition #20 - Team Engage 1 | Unit: Component - message-search: Entering text causes the dropdown to display" time="1.101"/><testcase classname="Chrome 53.0" name="Exam Partition #16 - Team Engage 2 | Acceptance | Legacy Message Show page Messenger v2: the Engage Manual show page" time="14.102"/><testcase classname="Chrome 53.0" name="Exam Partition #17 - Team Engage 2 | Acceptance | Message Summary Page Rerouting: Engage manual message from index" time="13.717"/><testcase classname="Chrome 53.0" name="Exam Partition #20 - Team Support 1 | Integration: Component - Controls Component | Integration | Component | conversation/controls/controls-component: creating a part" time="3.170"/><testcase classname="Chrome 53.0" name="Exam Partition #20 - TemplateLint - embercom/templates/components/predicates/description-component.hbs: should pass TemplateLint" time="0.523"/><testcase classname="Chrome 53.0" name="Exam Partition #16 - Team Engage 3 | Integration: Component - Message Editor Users List Component | Integration | Component | message-editor/stats/users-list: The component shows a loading spinner" time="2.784"/><testcase classname="Chrome 53.0" name="Exam Partition #16 - TemplateLint - embercom/templates/apps/app/messages/auto/partials/-acquire-auto-message-list-sidebar.hbs: should pass TemplateLint" time="0.519"/><testcase classname="Chrome 53.0" name="Exam Partition #19 - Team Growth 2 | Acceptance: Setup Guide: clicking on a step take us away from to-do list view into step view" time="21.250"/><testcase classname="Chrome 53.0" name="Exam Partition #20 - Team Support 1 | Integration: Component - Controls Component | Integration | Component | conversation/controls/controls-component: suggestions are fetched whenever the conversation changes" time="3.853"/><testcase classname="Chrome 53.0" name="Exam Partition #19 - Team Support 2 | Unit: Component - Camera Popover: It should request a MediaStream on open" time="0.782"/><testcase classname="Chrome 53.0" name="Exam Partition #19 - TemplateLint - embercom/templates/components/guide/steps/start-trial-component.hbs: should pass TemplateLint" time="0.459"/><testcase classname="Chrome 53.0" name="Exam Partition #19 - Team Engage 1 | Unit: Lib - Message Duplicate String Generator: #Duplicate message" time="1.098"/><testcase classname="Chrome 53.0" name="Exam Partition #18 - Team Engage 1 | Integration: Messages - Message Scheduling: Message Scheduling Form schedule/cancel behaviour" time="22.733"/><testcase classname="Chrome 53.0" name="Exam Partition #18 - TemplateLint - embercom/templates/components/messages/editor/push-message-sdk-tooltip.hbs: should pass TemplateLint" time="0.538"/><testcase classname="Chrome 53.0" name="Exam Partition #19 - Team Engage 3 | Integration: Component - Message Editor Utility Icon and Text | Integration | Component | message-editor/utility/icon-and-text: Without an icon" time="0.926"/><testcase classname="Chrome 53.0" name="Exam Partition #19 - TemplateLint - embercom/templates/components/messages/editor/template-dropdown-component.hbs: should pass TemplateLint" time="0.464"/><testcase classname="Chrome 53.0" name="Exam Partition #20 - Team Support 1 | Integration: Component - Controls Component | Integration | Component | conversation/controls/controls-component: Article insertion button is higlighted if the teammate has never clicked it" time="2.360"/><testcase classname="Chrome 53.0" name="Exam Partition #20 - TemplateLint - embercom/templates/components/settings/widget-appearance-component.hbs: should pass TemplateLint" time="0.471"/><testcase classname="Chrome 53.0" name="Exam Partition #19 - Team Support 2 | Unit: Component - Camera Popover: camera permissions when requesting successfully" time="0.695"/><testcase classname="Chrome 53.0" name="Exam Partition #20 - Team Observe | Unit: Participant Model: updateDisplayableData sets value" time="0.621"/><testcase classname="Chrome 53.0" name="Exam Partition #20 - TemplateLint - embercom/templates/apps/app/messages/partials/table-cells/auto/-multi-variant-message-created-at-cell.hbs: should pass TemplateLint" time="0.473"/><testcase classname="Chrome 53.0" name="Exam Partition #19 - Team Support 2 | Unit: Component - Camera Popover: It should set mediaStream to the returned stream, when allowed access" time="0.612"/><testcase classname="Chrome 53.0" name="Exam Partition #18 - Team Engage 3 | Integration: Component - Message Editor Title Header Component | Integration | Component | message-editor/title-header-component: Showing the activate button for an auto message" time="2.303"/><testcase classname="Chrome 53.0" name="Exam Partition #18 - TemplateLint - embercom/templates/components/settings/teams/team-edit-component.hbs: should pass TemplateLint" time="0.495"/><testcase classname="Chrome 53.0" name="Exam Partition #19 - TemplateLint - embercom/templates/components/segment-filter/anonymous-select-component.hbs: should pass TemplateLint" time="0.482"/><testcase classname="Chrome 53.0" name="Exam Partition #19 - TemplateLint - embercom/templates/apps/app/messages/auto/partials/-engage-auto-message-list-sidebar.hbs: should pass TemplateLint" time="0.535"/><testcase classname="Chrome 53.0" name="Exam Partition #19 - TemplateLint - embercom/templates/partials/messages/show-page/-duplicate-button.hbs: should pass TemplateLint" time="0.491"/><testcase classname="Chrome 53.0" name="Exam Partition #18 - Team Engage 1 | Unit: Component - Message Goals - Attribute Selector Component: It does not blow up if there are no user or company attributes" time="0.609"/><testcase classname="Chrome 53.0" name="Exam Partition #20 - Team Support 1 | Integration: Component - Controls Component | Integration | Component | conversation/controls/controls-component: There should be 2 control tabs" time="1.661"/><testcase classname="Chrome 53.0" name="Exam Partition #19 - Team Engage 1 | Unit: Component - message-filter-editor-component: Predicates Validity on OR filtering" time="1.546"/><testcase classname="Chrome 53.0" name="Exam Partition #19 - Team Engage 2 | Unit: Model Fragment - Messages/Page Target: The model defaults to no target" time="0.896"/><testcase classname="Chrome 53.0" name="Exam Partition #17 - Team Engage 2 | Integration: Messages - Mobile Push: Implicit filtering adds correct predicates when message type is set to push message" time="20.025"/><testcase classname="Chrome 53.0" name="Exam Partition #17 - TemplateLint - embercom/templates/components/editable-text-component.hbs: should pass TemplateLint" time="0.521"/><testcase classname="Chrome 53.0" name="Exam Partition #17 - Team Growth 1 | Unit: Controller – Apps / App / Import / Csv / Mapping: skipMappingAttribute" time="0.609"/><testcase classname="Chrome 53.0" name="Exam Partition #16 - Team Engage 2 | Integration: Messages - Messenger v3: Setting the initial appearance work" time="18.678"/><testcase classname="Chrome 53.0" name="Exam Partition #17 - Team Support 1 | Integration: Component - Article Insertion Stats Component | Integration | Component | conversation/controls/article-insertion-stats-component: until 10 articles have been sent, an encouragement with > 2 should be shown" time="1.099"/><testcase classname="Chrome 53.0" name="Exam Partition #18 - Team Engage 1 | Integration: Messages - Message Scheduling: Message Scheduling works correctly" time="9.763"/><testcase classname="Chrome 53.0" name="Exam Partition #17 - TemplateLint - embercom/templates/components/integrations-hub/list-item-component.hbs: should pass TemplateLint" time="0.471"/><testcase classname="Chrome 53.0" name="Exam Partition #16 - TemplateLint - embercom/templates/components/messages/editor/message-variation-editor-component.hbs: should pass TemplateLint" time="0.560"/><testcase classname="Chrome 53.0" name="Exam Partition #16 - TemplateLint - embercom/templates/apps/app/users/user/modals/subscription.hbs: should pass TemplateLint" time="0.467"/><testcase classname="Chrome 53.0" name="Exam Partition #17 - Team Engage 1 | Unit: Component - messages/editor/variation-content-editor: Setting the current device" time="0.581"/><testcase classname="Chrome 53.0" name="Exam Partition #18 - TemplateLint - embercom/templates/partials/messages/show-page/-delete-button.hbs: should pass TemplateLint" time="0.538"/><testcase classname="Chrome 53.0" name="Exam Partition #18 - TemplateLint - embercom/templates/apps/app/users/user/partials/-conversation-feed-items.hbs: should pass TemplateLint" time="0.471"/><testcase classname="Chrome 53.0" name="Exam Partition #20 - Team Engage 1 | Integration: Messages - Message Editor - Stop Date: Stop date panel is not visible for manual messages" time="10.645"><error message="Error: Property set failed: object in path &quot;message.variationA&quot; could not be found or was destroyed."><![CDATA[    at http://localhost:7357/assets/test-support.js:4067:12
    at Class.exception (http://localhost:7357/assets/vendor.js:54715:7)
    at onerrorDefault (http://localhost:7357/assets/vendor.js:46665:24)
    at Object.trigger (http://localhost:7357/assets/vendor.js:69010:11)
    at http://localhost:7357/assets/vendor.js:70259:40
    at invokeWithOnError (http://localhost:7357/assets/vendor.js:14899:18)
    at Object.flush (http://localhost:7357/assets/vendor.js:14954:11)
    at Object.flush (http://localhost:7357/assets/vendor.js:14762:17)
    at Object.end (http://localhost:7357/assets/vendor.js:15117:25)
    at Object.run (http://localhost:7357/assets/vendor.js:15230:18)
    at Object.run [as default] (http://localhost:7357/assets/vendor.js:35751:27)
    at http://localhost:7357/assets/vendor.js:54930:36
    at r (https://gtm.intercomassets.com/2b567471678d53c05e74e7de0afe217e162d298a-gtm.js:1:23001)]]></error></testcase><testcase classname="Chrome 53.0" name="Exam Partition #16 - Team Engage 3 | Integration: Component - Message Editor Users List Component | Integration | Component | message-editor/stats/users-list: With no users returned it renders the nothingness section" time="1.171"/><testcase classname="Chrome 53.0" name="Exam Partition #18 - Team Support 1 | Integration: Component - Article Suggestion | Integration | Component | conversation/controls/article-suggestion: It stays the same height if isCollapsable is false" time="0.905"/><testcase classname="Chrome 53.0" name="Exam Partition #19 - Team Growth 2 | Acceptance: Setup Guide: clicking docs in top nav bar takes us to the guide docs page" time="9.703"/><testcase classname="Chrome 53.0" name="Exam Partition #18 - TemplateLint - embercom/templates/apps/app/guide/index.hbs: should pass TemplateLint" time="0.476"/><testcase classname="Chrome 53.0" name="Exam Partition #20 - Team Engage 1 | Unit: Component - message-search: Clearing text causes the dropdown to hide" time="1.211"/><testcase classname="Chrome 53.0" name="Exam Partition #20 - TemplateLint - embercom/templates/apps/app/activate/settings.hbs: should pass TemplateLint" time="0.516"/><testcase classname="Chrome 53.0" name="Exam Partition #18 - Team Engage 1 | Unit: Component - Message Goals - Attribute Selector Component: It sorts user and company attributes" time="0.689"/><testcase classname="Chrome 53.0" name="Exam Partition #20 - Team Observe | Unit: Participant Model: updatePresenceStatus sets isActive to false when timestamp > 2min ago" time="0.583"/><testcase classname="Chrome 53.0" name="Exam Partition #19 - Team Support 2 | Unit: Component - Camera Popover: camera permissions when denied the camera request" time="0.623"/><testcase classname="Chrome 53.0" name="Exam Partition #19 - TemplateLint - embercom/templates/components/settings/teams/team-member-component.hbs: should pass TemplateLint" time="0.456"/><testcase classname="Chrome 53.0" name="Exam Partition #18 - Team Support 1 | Integration: Component - Article Suggestion | Integration | Component | conversation/controls/article-suggestion: It displays the article" time="0.897"/><testcase classname="Chrome 53.0" name="Exam Partition #19 - Team Support 2 | Unit: Component - Camera Popover: It should unset mediaStream and mediaStreamURL when permission is denied" time="0.649"/><testcase classname="Chrome 53.0" name="Exam Partition #20 - Team Support 1 | Integration: Component - Controls Component | Integration | Component | conversation/controls/controls-component: failures fetching suggestions displays no suggestions" time="0.908"/><testcase classname="Chrome 53.0" name="Exam Partition #18 - Team Engage 1 | Unit: Component - composer/controls/message-style-quick-action-component: The tooltip text is correct for inapps" time="0.559"/><testcase classname="Chrome 53.0" name="Exam Partition #16 - Team Engage 3 | Integration: Component - Message Editor Users List Component | Integration | Component | message-editor/stats/users-list: With a summary conversations response it renders the list" time="2.531"/><testcase classname="Chrome 53.0" name="Exam Partition #16 - TemplateLint - embercom/templates/components/composer/controls/actions-component.hbs: should pass TemplateLint" time="0.509"/><testcase classname="Chrome 53.0" name="Exam Partition #19 - Team Support 2 | Unit: Component - Camera Popover: camera permissions when the user is still being prompted by the browser" time="0.580"/><testcase classname="Chrome 53.0" name="Exam Partition #18 - Team Growth 1 | Unit: Controller – Apps / App / Import / Csv / Tag: completeImport" time="0.562"/><testcase classname="Chrome 53.0" name="Exam Partition #20 - Team Observe | Unit: Participant Model: updatePresenceStatus sets isActive to true when timestamp &lt; 1min ago" time="0.634"/><testcase classname="Chrome 53.0" name="Exam Partition #20 - TemplateLint - embercom/templates/components/user-table-row-component.hbs: should pass TemplateLint" time="0.497"/><testcase classname="Chrome 53.0" name="Exam Partition #16 - Team Growth 1 | Unit: Controller – Apps / App / Import / Csv / Index: upload succeeds" time="0.733"/><testcase classname="Chrome 53.0" name="Exam Partition #18 - Team Engage 3 | Integration: Component - Message Editor Title Header Component | Integration | Component | message-editor/title-header-component: A live filter based manual message shows the duplicate and delete button outside instead of the dropdown" time="1.094"/><testcase classname="Chrome 53.0" name="Exam Partition #20 - Team Support 1 | Integration: Component - Controls Component | Integration | Component | conversation/controls/controls-component: Article insertion button is not highlighted if the teammate has clicked it" time="2.145"/><testcase classname="Chrome 53.0" name="Exam Partition #20 - Team Observe | Unit: Participant Model: updateDisplayableData notifies property change correctly when value has not changed" time="0.549"/><testcase classname="Chrome 53.0" name="Exam Partition #18 - Team Engage 3 | Integration: Component - Message Editor Title Header Component | Integration | Component | message-editor/title-header-component: Showing the duplicate button for an auto message" time="2.053"/><testcase classname="Chrome 53.0" name="Exam Partition #20 - Team Support 1 | Integration: Component - Controls Component | Integration | Component | conversation/controls/controls-component: Article insertion feature pointer is visible initially" time="2.901"/><testcase classname="Chrome 53.0" name="Exam Partition #16 - Team Engage 2 | Acceptance | Legacy Message Show page Messenger v3: the Engage Manual show page" time="7.013"/><testcase classname="Chrome 53.0" name="Exam Partition #16 - TemplateLint - embercom/templates/components/guide/steps/segment-integration-component.hbs: should pass TemplateLint" time="0.464"/><testcase classname="Chrome 53.0" name="Exam Partition #20 - Team Support 1 | Integration: Component - Controls Component | Integration | Component | conversation/controls/controls-component: The composer defaults to the comment pane when the last comment is a note and the draft blocks are not empty" time="2.366"/><testcase classname="Chrome 53.0" name="Exam Partition #16 - Team Engage 3 | Integration: Component - Message Editor Users List Component | Integration | Component | message-editor/stats/users-list: It shows the selected count if items are selected" time="1.621"/><testcase classname="Chrome 53.0" name="Exam Partition #17 - Team Engage 2 | Integration: Messages - Mobile Push: Implicit filtering adds correct predicates when message type is set to push message with ember_engage_messenger_v3 enabled" time="14.145"/><testcase classname="Chrome 53.0" name="Exam Partition #20 - Team Support 1 | Integration: Component - Controls Component | Integration | Component | conversation/controls/controls-component: it loads drafts into the composer" time="1.867"/><testcase classname="Chrome 53.0" name="Exam Partition #19 - Team Engage 1 | Integration: Messages - Message Editor Save and Revert: We schedule a save when the message becomes dirty" time="11.342"/><testcase classname="Chrome 53.0" name="Exam Partition #17 - TemplateLint - embercom/templates/components/messages/editor/push-message-channel-tooltip.hbs: should pass TemplateLint" time="0.494"/><testcase classname="Chrome 53.0" name="Exam Partition #20 - Team Engage 1 | Unit: Lib - Message Move String Generator: #Move message when removing" time="0.890"/><testcase classname="Chrome 53.0" name="Exam Partition #17 - TemplateLint - embercom/templates/apps/app/educate/articles/article/show/loading.hbs: should pass TemplateLint" time="0.612"/><testcase classname="Chrome 53.0" name="Exam Partition #17 - TemplateLint - embercom/templates/components/settings/teams/pending-invite-component.hbs: should pass TemplateLint" time="0.468"/><testcase classname="Chrome 53.0" name="Exam Partition #17 - Team Growth 1 | Unit: Controller – Apps / App / Import / Csv / Mapping: attributeMappings returns user attribute mappings if model.recordType is users" time="0.650"/><testcase classname="Chrome 53.0" name="Exam Partition #17 - Team Growth 1 | Unit: Controller – Apps / App / Import / Csv / Mapping: editAttributeMappings" time="0.517"/><testcase classname="Chrome 53.0" name="Exam Partition #20 - Team Support 1 | Integration: Component - Controls Component | Integration | Component | conversation/controls/controls-component: Changing content causes a draft to be saved" time="4.944"/><testcase classname="Chrome 53.0" name="Exam Partition #20 - TemplateLint - embercom/templates/apps/app/users/user/partials/-note-caret.hbs: should pass TemplateLint" time="0.456"/><testcase classname="Chrome 53.0" name="Exam Partition #17 - Team Engage 2 | Acceptance | Message Summary Page Rerouting: Always reroute to engage beckett housing for auto messages" time="5.788"/><testcase classname="Chrome 53.0" name="Exam Partition #20 - Team Support 1 | Integration: Component - Controls Component | Integration | Component | conversation/controls/controls-component: creating a part removes any drafts and clears the composer" time="2.414"/><testcase classname="Chrome 53.0" name="Exam Partition #17 - Team Growth 1 | Unit: Controller – Apps / App / Import / Csv / Mapping: isCurrentlyMappingColumn defaults to false" time="0.567"/><testcase classname="Chrome 53.0" name="Exam Partition #17 - TemplateLint - embercom/templates/components/personal-access-token/token-review.hbs: should pass TemplateLint" time="0.460"/><testcase classname="Chrome 53.0" name="Exam Partition #18 - Team Engage 1 | Integration: Messages - Message Scheduling: Channel editor opens a modal if switching a message with a message delivery window from email to in-app" time="15.941"/><testcase classname="Chrome 53.0" name="Exam Partition #18 - TemplateLint - embercom/templates/components/composer/controls/message-delivery-option-quick-action-component.hbs: should pass TemplateLint" time="0.462"/><testcase classname="Chrome 53.0" name="Exam Partition #18 - Team Engage 3 | Integration: Component - Message Editor Title Header Component | Integration | Component | message-editor/title-header-component: A live selection based manual message shows the delete button outside instead of dropdown" time="1.247"/><testcase classname="Chrome 53.0" name="Exam Partition #16 - Team Engage 2 | Integration: Messages - Messenger v3: Minimizing the content step disables any active preview" time="11.433"/><testcase classname="Chrome 53.0" name="Exam Partition #20 - Team Support 1 | Integration: Component - Controls Component | Integration | Component | conversation/controls/controls-component: The reply button is disabled when the conversation has no draft" time="2.327"/><testcase classname="Chrome 53.0" name="Exam Partition #20 - General | Unit: Component - conversation controls pane component: it sets the correct composer preset" time="0.577"/><testcase classname="Chrome 53.0" name="Exam Partition #18 - Team Engage 3 | Integration: Component - Message Editor Title Header Component | Integration | Component | message-editor/title-header-component: Showing the disabled activate button for an invalid auto message" time="1.433"/><testcase classname="Chrome 53.0" name="Exam Partition #20 - Team Observe | Unit: Participant Model: updatePresenceStatus notifies property change correctly when timestamp value has not changed" time="0.528"/><testcase classname="Chrome 53.0" name="Exam Partition #19 - Team Engage 1 | Integration: Messages - Message Editor Save and Revert: Auto save should trigger on editing a variation attribute with ember_engage_messenger_v3 enabled" time="12.759"/><testcase classname="Chrome 53.0" name="Exam Partition #18 - Team Engage 3 | Integration: Component - Message Editor Title Header Component | Integration | Component | message-editor/title-header-component: It renders" time="1.826"/><testcase classname="Chrome 53.0" name="Exam Partition #20 - Team Support 1 | Integration: Component - Controls Component | Integration | Component | conversation/controls/controls-component: The Reply tab shows the correct buttons" time="1.899"/><testcase classname="Chrome 53.0" name="Exam Partition #19 - Team Engage 2 | Unit: Model Fragment - Messages/Page Target: it validates pageTargetType" time="1.407"/><testcase classname="Chrome 53.0" name="Exam Partition #18 - Team Engage 3 | Integration: Component - Message Editor Title Header Component | Integration | Component | message-editor/title-header-component: Showing the duplicate button for a visitor auto message" time="1.587"/><testcase classname="Chrome 53.0" name="Exam Partition #16 - Team Engage 2 | Acceptance | Legacy Message Show page Messenger v2: the Engage Auto show page direct url" time="5.162"/><testcase classname="Chrome 53.0" name="Exam Partition #16 - Team Engage 1 | Unit: Component - messages/editor/message-channel-editor-component: Explicitly Selected All Platforms Channel with no Android certificate" time="0.576"/><testcase classname="Chrome 53.0" name="Exam Partition #17 - Team Engage 2 | Integration: Messages - Mobile Push: Push Only is not visible to apps without the feature flag with ember_engage_messenger_v3 enabled" time="7.860"/><testcase classname="Chrome 53.0" name="Exam Partition #20 - Team Support 1 | Integration: Component - Controls Component | Integration | Component | conversation/controls/controls-component: switching conversation changes the active pane to reflect the current draft" time="2.679"/><testcase classname="Chrome 53.0" name="Exam Partition #17 - Team Growth 1 | Unit: Controller – Apps / App / Import / Csv / Mapping: finishedMapping defaults to false" time="0.670"/><testcase classname="Chrome 53.0" name="Exam Partition #18 - Team Engage 3 | Integration: Component - Message Editor Title Header Component | Integration | Component | message-editor/title-header-component: Not showing the duplicate button for a direct manual message which is selection based" time="1.577"/><testcase classname="Chrome 53.0" name="Exam Partition #18 - TemplateLint - embercom/templates/components/segment-filter/anonymous-predicate-legacy-component.hbs: should pass TemplateLint" time="0.512"/><testcase classname="Chrome 53.0" name="Exam Partition #18 - TemplateLint - embercom/templates/components/guide/steps/sign-up-component.hbs: should pass TemplateLint" time="0.502"/><testcase classname="Chrome 53.0" name="Exam Partition #20 - Team Support 1 | Integration: Component - Controls Component | Integration | Component | conversation/controls/controls-component: The composer defaults to the note pane when the last comment is a note and the draft blocks are empty" time="2.083"/><testcase classname="Chrome 53.0" name="Exam Partition #18 - Team Engage 3 | Integration: Component - Message Editor Title Header Component | Integration | Component | message-editor/title-header-component: Showing the stop button for an in app manual message" time="1.270"/><testcase classname="Chrome 53.0" name="Exam Partition #16 - Team Engage 3 | Integration: Component - Message Editor Users List Component | Integration | Component | message-editor/stats/users-list: When background stats update it shows the reload row" time="2.867"/><testcase classname="Chrome 53.0" name="Exam Partition #16 - Team Engage 1 | Unit: Component - messages/editor/message-channel-editor-component: Explicitly Selected All Platforms Channel with an invalid Android SDK" time="0.583"/><testcase classname="Chrome 53.0" name="Exam Partition #20 - Team Engage 1 | Unit: Component - message-search: Pressing escape causes the search to be exited" time="1.088"/><testcase classname="Chrome 53.0" name="Exam Partition #18 - Team Support 1 | Integration: Component - Article Suggestion | Integration | Component | conversation/controls/article-suggestion: clicking the button calls addPartAndSave, trackEvent and clears suggestions" time="1.248"/><testcase classname="Chrome 53.0" name="Exam Partition #16 - Team Engage 2 | Unit: Model - Messages / Summary Conversation: It loads correctly" time="0.640"/><testcase classname="Chrome 53.0" name="Exam Partition #16 - TemplateLint - embercom/templates/components/editable-email-component.hbs: should pass TemplateLint" time="0.453"/><testcase classname="Chrome 53.0" name="Exam Partition #20 - General | Unit: Component - conversation controls pane component: it sets the correct composer placeholder" time="0.584"/><testcase classname="Chrome 53.0" name="Exam Partition #20 - TemplateLint - embercom/templates/components/messages/editor/variation-content-editor.hbs: should pass TemplateLint" time="0.466"/><testcase classname="Chrome 53.0" name="Exam Partition #20 - TemplateLint - embercom/templates/components/educate/article-list-item-summary.hbs: should pass TemplateLint" time="0.503"/><testcase classname="Chrome 53.0" name="Exam Partition #18 - Team Engage 3 | Integration: Component - Message Editor Title Header Component | Integration | Component | message-editor/title-header-component: Showing the deactivate button for a live VAM" time="1.029"/><testcase classname="Chrome 53.0" name="Exam Partition #18 - TemplateLint - embercom/templates/apps/app/messages/partials/table-cells/auto/-multi-variant-auto-message-stats-table-cells.hbs: should pass TemplateLint" time="0.473"/><testcase classname="Chrome 53.0" name="Exam Partition #18 - TemplateLint - embercom/templates/components/educate/-article-collection-badge.hbs: should pass TemplateLint" time="0.499"/><testcase classname="Chrome 53.0" name="Exam Partition #18 - Team Engage 1 | Unit: Lib - Message Delete String Generator: #Delete draft message" time="0.853"/><testcase classname="Chrome 53.0" name="Exam Partition #20 - Team Support 1 | Integration: Component - Controls Component | Integration | Component | conversation/controls/controls-component: it loads with the correct pane for the current draft" time="2.239"/><testcase classname="Chrome 53.0" name="Exam Partition #18 - Team Engage 1 | Unit: Component - composer/controls/message-style-quick-action-component: The tooltip text includes the email template name for emails" time="0.572"/><testcase classname="Chrome 53.0" name="Exam Partition #18 - TemplateLint - embercom/templates/apps/app/messages/auto/partials/-auto-message-list-table-heading.hbs: should pass TemplateLint" time="0.465"/><testcase classname="Chrome 53.0" name="Exam Partition #18 - TemplateLint - embercom/templates/apps/app/educate/articles/article/show/stats.hbs: should pass TemplateLint" time="0.495"/><testcase classname="Chrome 53.0" name="Exam Partition #18 - TemplateLint - embercom/templates/components/guide/-web-integration-enable-secure-mode-wordpress.hbs: should pass TemplateLint" time="0.516"/><testcase classname="Chrome 53.0" name="Exam Partition #18 - TemplateLint - embercom/templates/components/message-editor/stats/tables/list-headers.hbs: should pass TemplateLint" time="0.494"/><testcase classname="Chrome 53.0" name="Exam Partition #20 - Team Support 1 | Integration: Component - Controls Component | Integration | Component | conversation/controls/controls-component: The Note tab shows the correct buttons" time="2.382"/><testcase classname="Chrome 53.0" name="Exam Partition #19 - Team Engage 1 | Integration: Messages - Message Editor Save and Revert: Cancelling changes on a live message actually reverts the change" time="11.553"/><testcase classname="Chrome 53.0" name="Exam Partition #19 - TemplateLint - embercom/templates/apps/app/settings/modals/logs-export.hbs: should pass TemplateLint" time="0.470"/><testcase classname="Chrome 53.0" name="Exam Partition #20 - Team Support 1 | Integration: Component - Controls Component | Integration | Component | conversation/controls/controls-component: The reply button is enabled when the conversation has a draft" time="1.955"/><testcase classname="Chrome 53.0" name="Exam Partition #16 - Team Engage 3 | Integration: Component - Message Editor Users List Component | Integration | Component | message-editor/stats/users-list: Paging with select all checked works correctly" time="7.827"/><testcase classname="Chrome 53.0" name="Exam Partition #20 - TemplateLint - embercom/templates/apps/app/guide/step-group/-close.hbs: should pass TemplateLint" time="0.477"/><testcase classname="Chrome 53.0" name="Exam Partition #16 - Team Growth 1 | Unit: Controller – Apps / App / Import / Csv / Index: upload fails" time="0.604"/><testcase classname="Chrome 53.0" name="Exam Partition #20 - Team Engage 1 | Unit: Component - message-search: Selecting an item causes a search to be performed" time="1.148"/><testcase classname="Chrome 53.0" name="Exam Partition #20 - TemplateLint - embercom/templates/components/attribute-browser-locale-component.hbs: should pass TemplateLint" time="0.479"/><testcase classname="Chrome 53.0" name="Exam Partition #17 - Team Engage 2 | Integration: Messages - Mobile Push: Enabling and editing a Mobile Push message with ember_engage_messenger_v3 enabled" time="13.169"/><testcase classname="Chrome 53.0" name="Exam Partition #17 - Team Support 1 | Integration: Component - Article Insertion Stats Component | Integration | Component | conversation/controls/article-insertion-stats-component: after 600 articles an encouragement is shown with the count rounded down to the last multiple of 100" time="1.456"/><testcase classname="Chrome 53.0" name="Exam Partition #16 - Team Engage 3 | Integration: Component - Message Editor Users List Component | Integration | Component | message-editor/stats/users-list: When background stats update and it is an inverted view it does not show the reload row" time="2.908"/><testcase classname="Chrome 53.0" name="Exam Partition #17 - Team Growth 1 | Unit: Controller – Apps / App / Import / Csv / Mapping: completeMapping" time="0.610"/><testcase classname="Chrome 53.0" name="Exam Partition #20 - Team Support 1 | Integration: Component - Controls Component | Integration | Component | conversation/controls/controls-component: Article insertion feature pointer is not visible if it was dismissed previously" time="3.043"/><testcase classname="Chrome 53.0" name="Exam Partition #16 - Team Support 1 | Integration: Component - Article Insertion Stats Inbox Component | Integration | Component | conversation/article-insertion-stats-inbox-component: after 600 articles a different encouragement is shown" time="0.858"/><testcase classname="Chrome 53.0" name="Exam Partition #16 - TemplateLint - embercom/templates/components/settings/teams/navigation-component.hbs: should pass TemplateLint" time="0.484"/><testcase classname="Chrome 53.0" name="Exam Partition #20 - Team Growth 1 | Unit: Controller – Apps / App / Import / Mixpanel: steps are set" time="0.542"/><testcase classname="Chrome 53.0" name="Exam Partition #16 - Team Engage 1 | Unit: Component - Campaigns - Campaign Spacing Editor: Changing the spacing value to 0 doesn't save immediately" time="0.645"/><testcase classname="Chrome 53.0" name="Exam Partition #18 - Team Engage 1 | Integration: Messages - Message Scheduling: Removing Message Scheduling works correctly" time="8.433"/><testcase classname="Chrome 53.0" name="Exam Partition #18 - TemplateLint - embercom/templates/components/integrations-hub/mailchimp-authorization-component.hbs: should pass TemplateLint" time="0.661"/><testcase classname="Chrome 53.0" name="Exam Partition #16 - Team Engage 3 | Integration: Component - Message Editor Users List Component | Integration | Component | message-editor/stats/users-list: The component renders and fetches summary conversations" time="1.019"/><testcase classname="Chrome 53.0" name="Exam Partition #18 - Team Engage 1 | Unit: Lib - Message Delete String Generator: #Delete non-draft auto message" time="0.735"/><testcase classname="Chrome 53.0" name="Exam Partition #19 - Team Engage 1 | Integration: Messages - Message Editor Save and Revert: Failed auto save should trigger locking modal if out of date" time="8.919"/><testcase classname="Chrome 53.0" name="Exam Partition #20 - Team Support 1 | Integration: Component - Controls Component | Integration | Component | conversation/controls/controls-component: suggestions are fetched when the component is rendered" time="2.061"/><testcase classname="Chrome 53.0" name="Exam Partition #19 - Team Engage 3 | Integration: Component - Message Editor Utility Icon and Text | Integration | Component | message-editor/utility/icon-and-text: With a tooltip" time="0.960"/><testcase classname="Chrome 53.0" name="Exam Partition #18 - Team Engage 3 | Integration: Component - Message Editor Title Header Component | Integration | Component | message-editor/title-header-component: Showing the duplicate button for a filter-based manual message" time="1.381"/><testcase classname="Chrome 53.0" name="Exam Partition #19 - Team Engage 1 | Unit: Component - message-filter-editor-component: Predicates Validity" time="0.926"/><testcase classname="Chrome 53.0" name="Exam Partition #19 - Team Engage 3 | Integration: Component - Message Editor Utility Icon and Text | Integration | Component | message-editor/utility/icon-and-text: The component renders correctly" time="0.769"/><testcase classname="Chrome 53.0" name="Exam Partition #16 - Team Engage 2 | Acceptance | Legacy Message Show page Messenger v3: the Engage Auto show page direct url" time="6.269"/><testcase classname="Chrome 53.0" name="Exam Partition #17 - Team Engage 2 | Integration: Messages - Mobile Push: Mobile Push message A/B switching with ember_engage_messenger_v3 enabled" time="10.718"/><testcase classname="Chrome 53.0" name="Exam Partition #20 - Team Engage 1 | Integration: Messages - Message Editor - Stop Date: Stop date panel is visible for visitor auto messages" time="7.336"><error message="Error: Property set failed: object in path &quot;message.variationA&quot; could not be found or was destroyed."><![CDATA[    at http://localhost:7357/assets/test-support.js:4067:12
    at Class.exception (http://localhost:7357/assets/vendor.js:54715:7)
    at onerrorDefault (http://localhost:7357/assets/vendor.js:46665:24)
    at Object.trigger (http://localhost:7357/assets/vendor.js:69010:11)
    at http://localhost:7357/assets/vendor.js:70259:40
    at invokeWithOnError (http://localhost:7357/assets/vendor.js:14899:18)
    at Object.flush (http://localhost:7357/assets/vendor.js:14954:11)
    at Object.flush (http://localhost:7357/assets/vendor.js:14762:17)
    at Object.end (http://localhost:7357/assets/vendor.js:15117:25)
    at Object.run (http://localhost:7357/assets/vendor.js:15230:18)
    at Object.run [as default] (http://localhost:7357/assets/vendor.js:35751:27)
    at http://localhost:7357/assets/vendor.js:54930:36
    at r (https://gtm.intercomassets.com/2b567471678d53c05e74e7de0afe217e162d298a-gtm.js:1:23001)]]></error></testcase><testcase classname="Chrome 53.0" name="Exam Partition #16 - Team Support 1 | Integration: Component - Article Insertion Stats Inbox Component | Integration | Component | conversation/article-insertion-stats-inbox-component: the insertion count is hidden when requested by the ui" time="1.042"/><testcase classname="Chrome 53.0" name="Exam Partition #16 - TemplateLint - embercom/templates/components/personal-access-token/token-editor.hbs: should pass TemplateLint" time="0.488"/><testcase classname="Chrome 53.0" name="Exam Partition #17 - TemplateLint - embercom/templates/apps/app/messages/auto/partials/-auto-message-list-sidebar.hbs: should pass TemplateLint" time="0.560"/><testcase classname="Chrome 53.0" name="Exam Partition #20 - Team Engage 3 | Integration: Component - Message Filter Selector Component | Integration | Component | message-filter-selector-component: Disabling filter campaign behavior items" time="1.868"/><testcase classname="Chrome 53.0" name="Exam Partition #20 - TemplateLint - embercom/templates/apps/app/educate/articles/list/list-base.hbs: should pass TemplateLint" time="0.475"/><testcase classname="Chrome 53.0" name="Exam Partition #20 - Team Observe | Unit: Participant Model: Unknown participants should be displayed as unknown using fetch" time="0.829"/><testcase classname="Chrome 53.0" name="Exam Partition #19 - Team Engage 1 | Integration: Messages - Message Editor Save and Revert: Auto save does not trigger on opening a draft message with an implicitly generated title" time="8.179"/><testcase classname="Chrome 53.0" name="Exam Partition #18 - Team Engage 3 | Acceptance | message-view-and-edit/variations-actions: Deleting a variation" time="9.644"/><testcase classname="Chrome 53.0" name="Exam Partition #18 - TemplateLint - embercom/templates/components/article-stats-component.hbs: should pass TemplateLint" time="0.499"/><testcase classname="Chrome 53.0" name="Exam Partition #18 - TemplateLint - embercom/templates/apps/app/settings/modals/checking-dependents.hbs: should pass TemplateLint" time="0.532"/><testcase classname="Chrome 53.0" name="Exam Partition #18 - Team Support 1 | Integration: Component - Article Suggestion | Integration | Component | conversation/controls/article-suggestion: It expands and contracts on hover if isCollapsable is true" time="1.239"/><testcase classname="Chrome 53.0" name="Exam Partition #18 - Team Engage 1 | Unit: NewMessage Model: saving does not clobber the local copy of the message - Really a test of RestAdapter(WithReload)" time="0.618"><error message="Died on test #3     at testWrapper (http://localhost:7357/assets/test-support.js:6907:11)
    at test (http://localhost:7357/assets/test-support.js:6921:39)
    at Module.callback (http://localhost:7357/assets/tests.js:80480:24)
    at Module.exports (http://localhost:7357/assets/vendor.js:132:32)
    at requireModule (http://localhost:7357/assets/vendor.js:32:18)
    at Object.TestLoader.require (http://localhost:7357/assets/test-support.js:6666:7)
    at http://localhost:7357/assets/test-support.js:6519:22: Cannot read property '__container__' of undefined"><![CDATA[TypeError: Cannot read property '__container__' of undefined
    at getContainer (http://localhost:7357/assets/embercom.js:55128:23)
    at containerLookup (http://localhost:7357/assets/embercom.js:55132:12)
    at tutorialIsActive (http://localhost:7357/assets/embercom.js:55148:12)
    at Class.save (http://localhost:7357/assets/embercom.js:72051:84)
    at Class.superWrapper [as save] (http://localhost:7357/assets/vendor.js:37718:22)
    at Object.<anonymous> (http://localhost:7357/assets/tests.js:80491:13)
    at Object.wrapper (http://localhost:7357/assets/test-support.js:6878:29)
    at runTest (http://localhost:7357/assets/test-support.js:2716:28)
    at Object.run (http://localhost:7357/assets/test-support.js:2701:4)
    at http://localhost:7357/assets/test-support.js:2843:11
    at process (http://localhost:7357/assets/test-support.js:2502:24)
    at begin (http://localhost:7357/assets/test-support.js:2484:2)
    at http://localhost:7357/assets/test-support.js:2544:4]]></error></testcase><testcase classname="Chrome 53.0" name="Exam Partition #18 - TemplateLint - embercom/templates/components/predicates/attribute-editors/user-event-editor.hbs: should pass TemplateLint" time="0.489"/><testcase classname="Chrome 53.0" name="Exam Partition #17 - Team Engage 2 | Integration: Messages - Mobile Push: Mobile Push message A/B switching" time="9.678"/><testcase classname="Chrome 53.0" name="Exam Partition #17 - Team Support 1 | Integration: Component - Article Insertion Stats Component | Integration | Component | conversation/controls/article-insertion-stats-component: until 50 articles have been sent, an encouragement is shown with the count rounded down to 10" time="0.880"/><testcase classname="Chrome 53.0" name="Exam Partition #17 - Team Growth 1 | Unit: Controller – Apps / App / Import / Csv / Mapping: unMapPreviousAttribute unmaps previous predefined attributes" time="0.551"/><testcase classname="Chrome 53.0" name="Exam Partition #17 - TemplateLint - embercom/templates/partials/messages/show-page/-copy-to-production-button.hbs: should pass TemplateLint" time="0.462"/><testcase classname="Chrome 53.0" name="Exam Partition #16 - Team Engage 2 | Integration: Messages - Messenger v3: Rendering web inapp message previews with the correct chrome and the classes necessary for styling" time="13.538"/><testcase classname="Chrome 53.0" name="Exam Partition #19 - Team Engage 1 | Integration: Messages - Message Editor Save and Revert: Auto save does not trigger on opening a draft and opening each of the panels with ember_engage_messenger_v3 enabled" time="10.477"/><testcase classname="Chrome 53.0" name="Exam Partition #20 - Team Support 1 | Acceptance | inbox/article-insertion: Inserting an article from modal" time="11.339"/><testcase classname="Chrome 53.0" name="Exam Partition #16 - Team Engage 1 | Unit: Component - messages/editor/message-channel-editor-component: Page targeting is visible when the app has no SDK apps" time="0.627"/><testcase classname="Chrome 53.0" name="Exam Partition #19 - Team Engage 2 | Unit: Model Fragment - Messages/Page Target: The model understands the contains comparison" time="0.731"/><testcase classname="Chrome 53.0" name="Exam Partition #20 - Team Observe | Unit: Participant Model: isActive returns false when last_request_at is greater than 10 minutes ago" time="0.657"/><testcase classname="Chrome 53.0" name="Exam Partition #16 - TemplateLint - embercom/templates/components/message-editor/stats/tables/additional-users-info-row.hbs: should pass TemplateLint" time="0.455"/><testcase classname="Chrome 53.0" name="Exam Partition #16 - TemplateLint - embercom/templates/partials/marketing-nav.hbs: should pass TemplateLint" time="0.612"/><testcase classname="Chrome 53.0" name="Exam Partition #19 - Team Growth 1 | Unit: Controller – Apps / App / Import / Mailchimp: steps are set" time="0.627"/><testcase classname="Chrome 53.0" name="Exam Partition #16 - Team Support 1 | Integration: Component - Article Insertion Stats Inbox Component | Integration | Component | conversation/article-insertion-stats-inbox-component: between 2 and 600 articles an encouragement is shown" time="0.855"/><testcase classname="Chrome 53.0" name="Exam Partition #20 - Team Engage 1 | Unit: Lib - Message Move String Generator: #Move message when not removing" time="0.702"/><testcase classname="Chrome 53.0" name="Exam Partition #20 - TemplateLint - embercom/templates/components/composer/controls/message-style-quick-action-component.hbs: should pass TemplateLint" time="0.503"/><testcase classname="Chrome 53.0" name="Exam Partition #19 - TemplateLint - embercom/templates/components/message-editor/stats/tables/list-row.hbs: should pass TemplateLint" time="0.479"/><testcase classname="Chrome 53.0" name="Exam Partition #19 - TemplateLint - embercom/templates/components/composer/controls/message-style-popover-component.hbs: should pass TemplateLint" time="0.558"/><testcase classname="Chrome 53.0" name="Exam Partition #16 - Team Engage 1 | Unit: Component - Campaigns - Campaign Spacing Editor: Clicking disable removes the spacing value" time="0.583"/><testcase classname="Chrome 53.0" name="Exam Partition #20 - Team Observe | Unit: Participant Model: Side loaded participants should be displayed as normal using fetch" time="0.563"/><testcase classname="Chrome 53.0" name="Exam Partition #20 - TemplateLint - embercom/templates/components/guide/steps/stripe-integration-component.hbs: should pass TemplateLint" time="0.460"/><testcase classname="Chrome 53.0" name="Exam Partition #20 - Team Support 1 | Integration: Component - Controls Component | Integration | Component | conversation/controls/controls-component: Clicking the article insertion button hides the higlight" time="2.360"/><testcase classname="Chrome 53.0" name="Exam Partition #17 - Team Engage 2 | Integration: Messages - Mobile Push: Enabling and editing a Mobile Push message triggers a modal if the content panel has been opened" time="9.048"/><testcase classname="Chrome 53.0" name="Exam Partition #19 - Team Engage 1 | Integration: Messages - Message Editor Save and Revert: Auto save does not trigger on opening a draft message" time="7.105"/><testcase classname="Chrome 53.0" name="Exam Partition #19 - Team Support 1 | Integration: Component - Buttons Component | Integration | Component | conversation/controls/buttons-component: Send button is disabled while savePart is running" time="1.245"/><testcase classname="Chrome 53.0" name="Exam Partition #20 - Team Engage 1 | Integration: Messages - Message Editor - Stop Date: Stop date panel is visible for auto messages" time="7.449"/><testcase classname="Chrome 53.0" name="Exam Partition #20 - Team Observe | Unit: Participant Model: isActive returns false when last_request_at is undefined" time="0.821"/><testcase classname="Chrome 53.0" name="Exam Partition #20 - TemplateLint - embercom/templates/components/guide/-web-integration-events-rails.hbs: should pass TemplateLint" time="0.472"/><testcase classname="Chrome 53.0" name="Exam Partition #20 - Team Observe | Unit: Participant Model: Unknown participants should be displayed as unknown" time="0.557"/><testcase classname="Chrome 53.0" name="Exam Partition #20 - Team Observe | Unit: Participant Model: isActive returns true when last_request_at is less than 10 minutes ago" time="0.502"/><testcase classname="Chrome 53.0" name="Exam Partition #20 - Team Support 1 | Integration: Component - Controls Component | Integration | Component | conversation/controls/controls-component: Clicking the got it button hides the feature pointer" time="2.101"/><testcase classname="Chrome 53.0" name="Exam Partition #16 - Team Engage 2 | Integration: Messages - Messenger v3: Switching between the SDK previews and In-App types works and renders both chrome and the classes necessary for styling" time="15.818"/><testcase classname="Chrome 53.0" name="Exam Partition #20 - Team Support 1 | Integration: Component - Controls Component | Integration | Component | conversation/controls/controls-component: changing pane does not clear the draft" time="1.735"/><testcase classname="Chrome 53.0" name="Exam Partition #19 - Team Engage 1 | Integration: Messages - Message Editor Save and Revert: Auto save should trigger on editing a variation attribute" time="8.566"/><testcase classname="Chrome 53.0" name="Exam Partition #19 - TemplateLint - embercom/templates/apps/app/educate/articles/list.hbs: should pass TemplateLint" time="0.512"/><testcase classname="Chrome 53.0" name="Exam Partition #16 - TemplateLint - embercom/templates/apps/app/settings/messaging.hbs: should pass TemplateLint" time="0.477"/><testcase classname="Chrome 53.0" name="Exam Partition #16 - TemplateLint - embercom/templates/apps/app/activate/analyze.hbs: should pass TemplateLint" time="0.534"/><testcase classname="Chrome 53.0" name="Exam Partition #16 - TemplateLint - embercom/templates/components/user-page-activity-component.hbs: should pass TemplateLint" time="0.517"/><testcase classname="Chrome 53.0" name="Exam Partition #20 - Team Engage 1 | Unit: Component - message-search: Pressing escape causes the search to be exited " time="0.874"/><testcase classname="Chrome 53.0" name="Exam Partition #17 - Team Engage 2 | Integration: Messages - Mobile Push: Enabling and editing a Mobile Push message" time="13.349"/><testcase classname="Chrome 53.0" name="Exam Partition #16 - TemplateLint - embercom/templates/components/integrations-hub/list-component.hbs: should pass TemplateLint" time="0.618"/><testcase classname="Chrome 53.0" name="Exam Partition #16 - TemplateLint - embercom/templates/components/saved-replies-popover-component.hbs: should pass TemplateLint" time="0.581"/><testcase classname="Chrome 53.0" name="Exam Partition #19 - Team Engage 2 | Unit: Model Fragment - Messages/Page Target: The model understands the is comparison" time="0.971"/><testcase classname="Chrome 53.0" name="Exam Partition #17 - Team Growth 1 | Unit: Controller – Apps / App / Import / Csv / Mapping: numberOfSkippedColumns" time="0.773"/><testcase classname="Chrome 53.0" name="Exam Partition #19 - TemplateLint - embercom/templates/apps/app/users/user/partials/-details.hbs: should pass TemplateLint" time="0.557"/><testcase classname="Chrome 53.0" name="Exam Partition #19 - Team Support 2 | Unit: Component - Camera Popover: time begins being stored when recording begins" time="0.805"/><testcase classname="Chrome 53.0" name="Exam Partition #17 - Team Growth 1 | Unit: Controller – Apps / App / Import / Csv / Mapping: unMapPreviousAttribute unmaps previous custom attributes" time="0.575"/><testcase classname="Chrome 53.0" name="Exam Partition #17 - TemplateLint - embercom/templates/components/guide/steps/segment-secure-mode-component.hbs: should pass TemplateLint" time="0.470"/><testcase classname="Chrome 53.0" name="Exam Partition #17 - TemplateLint - embercom/templates/apps/app/users/user/modals/tagging.hbs: should pass TemplateLint" time="0.499"/><testcase classname="Chrome 53.0" name="Exam Partition #19 - Team Engage 2 | Unit: Model Fragment - Messages/Page Target: it validates" time="1.288"/><testcase classname="Chrome 53.0" name="Exam Partition #16 - Team Engage 2 | Acceptance | Legacy Message Show page Messenger v2: the Acquire show page direct url" time="2.833"/><testcase classname="Chrome 53.0" name="Exam Partition #19 - Team Support 2 | Unit: Component - Camera Popover: It should shut down mediaStream when popover is closed" time="0.716"/><testcase classname="Chrome 53.0" name="Exam Partition #17 - Team Engage 1 | Integration: Component - Message Editor Title Component | Integration | Component | message-editor/title-component: clicking on the component triggers the togglePanel action" time="0.815"/><testcase classname="Chrome 53.0" name="Exam Partition #16 - Team Engage 1 | Unit: Component - Campaigns - Campaign Spacing Editor: It sets the initial spacing values correctly" time="0.580"/><testcase classname="Chrome 53.0" name="Exam Partition #17 - TemplateLint - embercom/templates/components/user-profile-actions-dropdown-component.hbs: should pass TemplateLint" time="0.460"/><testcase classname="Chrome 53.0" name="Exam Partition #17 - Team Support 1 | Integration: Component - Article Insertion Stats Component | Integration | Component | conversation/controls/article-insertion-stats-component: between 50 and 600 articles an encouragement is shown with the count rounded down to the last multiple of 25" time="1.070"/><testcase classname="Chrome 53.0" name="Exam Partition #19 - Team Engage 1 | Unit: Component - message-filter-editor-component: User targeting predicates are automatically added at the top level" time="1.429"/><testcase classname="Chrome 53.0" name="Exam Partition #16 - Team Engage 1 | Unit: Lib - Message Activate String Generator: #Activate manual message" time="0.810"/><testcase classname="Chrome 53.0" name="Exam Partition #19 - Team Engage 1 | Unit: Component - message-filter-editor-component: Broken OR predicates are removed on init" time="1.223"/><testcase classname="Chrome 53.0" name="Exam Partition #19 - TemplateLint - embercom/templates/apps/app/activate/messages.hbs: should pass TemplateLint" time="0.455"/><testcase classname="Chrome 53.0" name="Exam Partition #20 - Team Support 1 | Acceptance | inbox/article-insertion: Inserting an article from popover" time="8.656"/><testcase classname="Chrome 53.0" name="Exam Partition #20 - TemplateLint - embercom/templates/apps/app/settings/modals/permission-editor.hbs: should pass TemplateLint" time="0.463"/><testcase classname="Chrome 53.0" name="Exam Partition #16 - Team Engage 2 | Acceptance | Legacy Message Show page Messenger v3: the Engage Manual show page direct url" time="4.217"/><testcase classname="Chrome 53.0" name="Exam Partition #17 - Team Engage 2 | Acceptance | Message Summary Page Rerouting: Always reroute to acquire beckett housing for visitor auto messages" time="4.825"/><testcase classname="Chrome 53.0" name="Exam Partition #20 - Team Observe | Unit: Participant Model: Side loaded participants should be displayed as normal" time="0.591"/><testcase classname="Chrome 53.0" name="Exam Partition #16 - Team Engage 3 | Integration: Component - Message Editor Users List Component | Integration | Component | message-editor/stats/users-list: When resultant request has less results than overall stat it renders the deleted user warning" time="1.392"/><testcase classname="Chrome 53.0" name="Exam Partition #20 - TemplateLint - embercom/templates/apps/app/messages/auto/partials/-message-list.hbs: should pass TemplateLint" time="0.462"/><testcase classname="Chrome 53.0" name="Exam Partition #20 - TemplateLint - embercom/templates/partials/messages/show-page/-edit-button.hbs: should pass TemplateLint" time="0.495"/><testcase classname="Chrome 53.0" name="Exam Partition #17 - Team Growth 1 | Unit: Controller – Apps / App / Import / Csv / Mapping: finishMappingAttributes" time="0.521"/><testcase classname="Chrome 53.0" name="Exam Partition #17 - TemplateLint - embercom/templates/apps/app/messages/partials/table-cells/-single-variant-message-description-cell.hbs: should pass TemplateLint" time="0.468"/><testcase classname="Chrome 53.0" name="Exam Partition #16 - Team Engage 1 | Unit: Component - Campaigns - Campaign Spacing Editor: Changing the spacing value works" time="0.654"><error message="It should call save immediately"><![CDATA[    at http://localhost:7357/assets/tests.js:61817:14
    at Object.run (http://localhost:7357/assets/vendor.js:15224:25)
    at Object.run (http://localhost:7357/assets/vendor.js:35751:27)
    at Object.<anonymous> (http://localhost:7357/assets/tests.js:61813:15)
    at Object.<anonymous> (http://localhost:7357/assets/tests.js:36375:10)
    at Object.wrapper (http://localhost:7357/assets/test-support.js:6878:29)
    at runTest (http://localhost:7357/assets/test-support.js:2716:28)
    at Object.run (http://localhost:7357/assets/test-support.js:2701:4)
    at http://localhost:7357/assets/test-support.js:2843:11
    at process (http://localhost:7357/assets/test-support.js:2502:24)
    at begin (http://localhost:7357/assets/test-support.js:2484:2)
    at http://localhost:7357/assets/test-support.js:2544:4]]></error></testcase><testcase classname="Chrome 53.0" name="Exam Partition #17 - Team Growth 1 | Unit: Controller – Apps / App / Import / Csv / Mapping: currentAttributeMapping" time="0.637"/><testcase classname="Chrome 53.0" name="Exam Partition #17 - Team Growth 1 | Unit: Controller – Apps / App / Import / Csv / Mapping: hasNoMoreColumnsToMap" time="0.518"/><testcase classname="Chrome 53.0" name="Exam Partition #20 - Team Support 1 | Integration: Component - Controls Component | Integration | Component | conversation/controls/controls-component: Clicking the close button hides the feature pointer" time="1.871"/><testcase classname="Chrome 53.0" name="Exam Partition #20 - TemplateLint - embercom/templates/components/message-editor/stats/tables/no-results-filler.hbs: should pass TemplateLint" time="0.484"/><testcase classname="Chrome 53.0" name="Exam Partition #17 - General | Unit: Component – Change Like: handles a click on Like" time="0.607"/><testcase classname="Chrome 53.0" name="Exam Partition #17 - Team Growth 1 | Unit: Controller – Apps / App / Import / Csv / Mapping: attributeMappings returns contact attribute mappings if model.recordType is leads" time="0.587"/><testcase classname="Chrome 53.0" name="Exam Partition #19 - Team Growth 2 | Acceptance: Setup Guide: clicking tutorials in top nav bar takes us to the guide tutorials page" time="6.624"/><testcase classname="Chrome 53.0" name="Exam Partition #17 - Team Growth 1 | Unit: Controller – Apps / App / Import / Csv / Mapping: allPredefinedAttributesMapped returns false if some are not mapped" time="0.509"/><testcase classname="Chrome 53.0" name="Exam Partition #19 - Team Engage 2 | Unit: Model Fragment - Messages/Page Target: it validates pageTargetType " time="0.561"/><testcase classname="Chrome 53.0" name="Exam Partition #19 - TemplateLint - embercom/templates/components/assignee-selector-component.hbs: should pass TemplateLint" time="0.456"/><testcase classname="Chrome 53.0" name="Exam Partition #19 - TemplateLint - embercom/templates/components/guide/-web-integration-events-javascript.hbs: should pass TemplateLint" time="0.494"/><testcase classname="Chrome 53.0" name="Exam Partition #19 - Team Support 2 | Unit: Component - Camera Popover: It should update mediaStreamURL when mediaStream is set" time="0.649"/><testcase classname="Chrome 53.0" name="Exam Partition #16 - Team Engage 3 | Integration: Component - Message Editor Users List Component | Integration | Component | message-editor/stats/users-list: Paging with select all checked and unchecked works correctly" time="4.987"/><testcase classname="Chrome 53.0" name="Exam Partition #17 - Team Engage 2 | Acceptance | Message Summary Page Rerouting: Always reroute to engage beckett housing for manual messages" time="2.819"/><testcase classname="Chrome 53.0" name="Exam Partition #19 - Team Engage 1 | Unit: Component - message-filter-editor-component: Removing one filter does not remove other filters of that type" time="0.853"/><testcase classname="Chrome 53.0" name="Exam Partition #19 - TemplateLint - embercom/templates/components/educate/-article-state-badge.hbs: should pass TemplateLint" time="0.438"/><testcase classname="Chrome 53.0" name="Exam Partition #16 - Team Engage 3 | Integration: Component - Message Editor Users List Component | Integration | Component | message-editor/stats/users-list: It doesn't show the selected count if no items are selected" time="0.734"/><testcase classname="Chrome 53.0" name="Exam Partition #19 - Team Support 2 | Unit: Component - Camera Popover: time formatting" time="0.589"/><testcase classname="Chrome 53.0" name="Exam Partition #16 - Team Engage 3 | Integration: Component - Message Editor Users List Component | Integration | Component | message-editor/stats/users-list: Displaying the reactions switcher" time="0.964"/><testcase classname="Chrome 53.0" name="Exam Partition #17 - Team Engage 2 | Acceptance | Message Summary Page Rerouting: Acquire message from index" time="3.468"/><testcase classname="Chrome 53.0" name="Exam Partition #17 - Team Engage 1 | Unit: Lib - Message Deactivate String Generator: #Deactivate manual message" time="0.698"/><testcase classname="Chrome 53.0" name="Exam Partition #16 - Team Engage 2 | Acceptance | Legacy Message Show page Messenger v2: the Engage Manual show page direct url" time="3.143"/><testcase classname="Chrome 53.0" name="Exam Partition #17 - TemplateLint - embercom/templates/apps/app/settings/messenger.hbs: should pass TemplateLint" time="0.475"/><testcase classname="Chrome 53.0" name="Exam Partition #16 - Team Engage 1 | Unit: Component - messages/editor/message-channel-editor-component: Push Message Any Platform SDK step if Android invalid" time="0.522"/><testcase classname="Chrome 53.0" name="Exam Partition #17 - Team Observe | Unit: Messenger Settings Model: dirty tracking works as expected" time="0.602"/><testcase classname="Chrome 53.0" name="Exam Partition #17 - TemplateLint - embercom/templates/components/composer/controls/message-delivery-option-popover-component.hbs: should pass TemplateLint" time="0.487"/><testcase classname="Chrome 53.0" name="Exam Partition #16 - Team Engage 1 | Unit: Lib - Message Activate String Generator: #Activate stopped auto message" time="0.599"/><testcase classname="Chrome 53.0" name="Exam Partition #19 - Team Engage 1 | Integration: Messages - Message Editor Save and Revert: Auto save does not trigger on opening a draft and opening each of the panels" time="7.127"/><testcase classname="Chrome 53.0" name="Exam Partition #19 - Team Engage 2 | Unit: Model Fragment - Messages/Page Target: The model understands the regex comparison" time="0.772"/><testcase classname="Chrome 53.0" name="Exam Partition #16 - Team Engage 2 | Acceptance | Legacy Message Show page Messenger v2: the Acquire show page" time="3.334"/><testcase classname="Chrome 53.0" name="Exam Partition #16 - Team Engage 1 | Unit: Component - messages/editor/message-channel-editor-component: Explicitly Selected iOS Channel with no certificate" time="0.589"/><testcase classname="Chrome 53.0" name="Exam Partition #16 - Team Engage 1 | Unit: Component - messages/editor/message-channel-editor-component: Push Message iOS SDK step if SDK invalid" time="0.553"/><testcase classname="Chrome 53.0" name="Exam Partition #17 - Team Engage 2 | Integration: Messages - Mobile Push: Push Only is not visible to apps without the feature flag" time="4.784"/><testcase classname="Chrome 53.0" name="Exam Partition #17 - Team Growth 1 | Unit: Controller – Apps / App / Import / Csv / Mapping: predefinedAttributeMappings" time="0.704"/><testcase classname="Chrome 53.0" name="Exam Partition #17 - TemplateLint - embercom/templates/components/app-selector-in-packaged-nav-component.hbs: should pass TemplateLint" time="0.475"/><testcase classname="Chrome 53.0" name="Exam Partition #17 - Team Observe | Unit: Messenger Settings Model: too long messages are flagged as expected" time="0.695"/><testcase classname="Chrome 53.0" name="Exam Partition #17 - Team Growth 1 | Unit: Controller – Apps / App / Import / Csv / Mapping: totalNumberOfAttributesToMap" time="0.539"/><testcase classname="Chrome 53.0" name="Exam Partition #16 - Team Engage 2 | Acceptance | Legacy Message Show page Messenger v3: the Acquire show page direct url" time="2.989"/><testcase classname="Chrome 53.0" name="Exam Partition #16 - Team Engage 1 | Unit: Component - messages/editor/message-channel-editor-component: Push Message Android SDK step if Android invalid" time="0.595"/><testcase classname="Chrome 53.0" name="Exam Partition #16 - TemplateLint - embercom/templates/apps/app/guide/docs.hbs: should pass TemplateLint" time="0.488"/><testcase classname="Chrome 53.0" name="Exam Partition #19 - Team Growth 2 | Acceptance: Setup Guide: clicking setup guide icon takes us to the guide to-do list view" time="5.934"/><testcase classname="Chrome 53.0" name="Exam Partition #19 - TemplateLint - embercom/templates/apps/app/messages/partials/table-cells/auto/-multi-variant-draft-auto-message-stats-table-cells.hbs: should pass TemplateLint" time="0.470"/><testcase classname="Chrome 53.0" name="Exam Partition #19 - TemplateLint - embercom/templates/apps/app/guide/step-group.hbs: should pass TemplateLint" time="0.523"/><testcase classname="Chrome 53.0" name="Exam Partition #19 - TemplateLint - embercom/templates/components/user-profile-note-component.hbs: should pass TemplateLint" time="0.530"/><testcase classname="Chrome 53.0" name="Exam Partition #19 - Team Engage 1 | Unit: Component - message-filter-editor-component: Broken predicates are removed on init" time="0.899"/><testcase classname="Chrome 53.0" name="Exam Partition #19 - TemplateLint - embercom/templates/components/integrations-hub/mailchimp-unsubscribe.hbs: should pass TemplateLint" time="0.455"/><testcase classname="Chrome 53.0" name="Exam Partition #17 - Team Engage 2 | Integration: Messages - Mobile Push: Enabling and editing a Mobile Push message triggers a modal if the content panel has been opened with ember_engage_messenger_v3 enabled" time="6.711"/><testcase classname="Chrome 53.0" name="Exam Partition #16 - Team Engage 3 | Integration: Component - Message Editor Users List Component | Integration | Component | message-editor/stats/users-list: Paging works" time="5.415"/><testcase classname="Chrome 53.0" name="Exam Partition #17 - Team Growth 1 | Unit: Controller – Apps / App / Import / Csv / Mapping: numberOfMappedAttributes" time="0.525"/><testcase classname="Chrome 53.0" name="Exam Partition #16 - Team Engage 3 | Integration: Component - Message Editor Users List Component | Integration | Component | message-editor/stats/users-list: Displaying bulk actions" time="3.546"/><testcase classname="Chrome 53.0" name="Exam Partition #16 - Team Engage 1 | Unit: Component - messages/editor/message-channel-editor-component: Explicitly Selected iOS Channel with an invalid SDK" time="0.501"/><testcase classname="Chrome 53.0" name="Exam Partition #17 - Team Engage 2 | Acceptance | Message Summary Page Rerouting: Engage auto message from index" time="3.428"/><testcase classname="Chrome 53.0" name="Exam Partition #17 - TemplateLint - embercom/templates/apps/app/guide/edit.hbs: should pass TemplateLint" time="0.437"/><testcase classname="Chrome 53.0" name="Exam Partition #16 - Team Engage 1 | Unit: Lib - Message Activate String Generator: #Activate campaign message" time="0.533"/><testcase classname="Chrome 53.0" name="Exam Partition #16 - TemplateLint - embercom/templates/apps/app/educate/articles/article/show/index.hbs: should pass TemplateLint" time="0.434"/><testcase classname="Chrome 53.0" name="Exam Partition #16 - Team Engage 1 | Unit: Component - messages/editor/message-channel-editor-component: Push Message Android SDK step if it has no certificate" time="0.514"/><testcase classname="Chrome 53.0" name="Exam Partition #17 - Team Engage 1 | Unit: Lib - Message Deactivate String Generator: #Deactivate auto message" time="0.563"/><testcase classname="Chrome 53.0" name="Exam Partition #17 - TemplateLint - embercom/templates/apps/app/activate/insights.hbs: should pass TemplateLint" time="0.431"/><testcase classname="Chrome 53.0" name="Exam Partition #17 - TemplateLint - embercom/templates/components/segment-filter/anonymous-predicate-component.hbs: should pass TemplateLint" time="0.466"/><testcase classname="Chrome 53.0" name="Exam Partition #16 - Team Engage 1 | Unit: Component - messages/editor/message-channel-editor-component: Explicitly Selected Android Channel" time="0.480"/><testcase classname="Chrome 53.0" name="Exam Partition #17 - Team Growth 1 | Unit: Controller – Apps / App / Import / Csv / Mapping: allPredefinedAttributesMapped returns true if all are mapped" time="0.534"/><testcase classname="Chrome 53.0" name="Exam Partition #17 - TemplateLint - embercom/templates/components/guide/-web-integration-enable-secure-mode-single-page.hbs: should pass TemplateLint" time="0.459"/><testcase classname="Chrome 53.0" name="Exam Partition #16 - Team Engage 3 | Integration: Component - Message Editor Users List Component | Integration | Component | message-editor/stats/users-list: When resultant request has less results than overall stat and it is the inverted view, it should not show the warning" time="0.974"/><testcase classname="Chrome 53.0" name="Exam Partition #16 - Team Support 1 | Integration: Component - Article Insertion Stats Inbox Component | Integration | Component | conversation/article-insertion-stats-inbox-component: on the first insertion an encouragement is shown" time="0.552"/><testcase classname="Chrome 53.0" name="Exam Partition #16 - Team Engage 1 | Unit: Component - Campaigns - Campaign Spacing Editor: Clicking enable adds the spacing value" time="0.480"/><testcase classname="Chrome 53.0" name="Exam Partition #16 - Team Engage 2 | Acceptance | Legacy Message Show page Messenger v2: the Engage Auto show page" time="1.537"/><testcase classname="Chrome 53.0" name="Exam Partition #16 - Team Engage 1 | Unit: Lib - Message Activate String Generator: #Activate draft auto message" time="0.532"/><testcase classname="Chrome 53.0" name="Exam Partition #16 - Team Engage 1 | Unit: Lib - Message Activate String Generator: #Activate visitor auto message" time="0.524"/><testcase classname="Chrome 53.0" name="Exam Partition #16 - Team Engage 2 | Acceptance | Legacy Message Show page Messenger v3: the Acquire show page" time="1.643"/><testcase classname="Chrome 53.0" name="Exam Partition #16 - Team Engage 1 | Unit: Component - messages/editor/message-channel-editor-component: Push Message iOS SDK step if it has no certificate" time="0.484"/><testcase classname="Chrome 53.0" name="Exam Partition #16 - Team Engage 2 | Acceptance | Legacy Message Show page Messenger v3: the Engage Auto show page" time="1.610"/><testcase classname="Chrome 53.0" name="Exam Partition #16 - TemplateLint - embercom/templates/components/guide/-web-integration-enable-secure-mode-rails.hbs: should pass TemplateLint" time="0.437"/><testcase classname="Chrome 53.0" name="Exam Partition #16 - Team Engage 3 | Integration: Component - Message Editor Users List Component | Integration | Component | message-editor/stats/users-list: Displaying the inverse switcher" time="0.823"/><testcase classname="Chrome 53.0" name="Exam Partition #16 - TemplateLint - embercom/templates/apps/app/messages/partials/table-cells/-message-type-cell.hbs: should pass TemplateLint" time="0.431"/></testsuite>
