<testsuite name="Testem Tests" tests="349" skipped="0" failures="5" timestamp="Tue Nov 08 2016 14:33:17 GMT+0000 (UTC)" time="171.914"><testcase classname="Chrome 53.0" name="Exam Partition #30 - TemplateLint - embercom/templates/components/switch-button-component.hbs: should pass TemplateLint" time="4.529"/><testcase classname="Chrome 53.0" name="Exam Partition #30 - General | Library: positionPointer: rightWithOffset" time="0.551"/><testcase classname="Chrome 53.0" name="Exam Partition #26 - TemplateLint - embercom/templates/components/predicates/inline-editor.hbs: should pass TemplateLint" time="4.508"/><testcase classname="Chrome 53.0" name="Exam Partition #28 - TemplateLint - embercom/templates/components/predicates/inline/comparison-editor.hbs: should pass TemplateLint" time="4.598"/><testcase classname="Chrome 53.0" name="Exam Partition #29 - TemplateLint - embercom/templates/components/predicates/inline/remove-button.hbs: should pass TemplateLint" time="4.514"/><testcase classname="Chrome 53.0" name="Exam Partition #27 - TemplateLint - embercom/templates/components/guide/-web-integration-visitors-javascript.hbs: should pass TemplateLint" time="4.412"/><testcase classname="Chrome 53.0" name="Exam Partition #30 - Team Engage 1 | Acceptance | messages/analyze: searching on Analyze" time="2.136"><error message="Error: Assertion Failed: Unable to add 'ember-application' class to rootElement. Make sure you set rootElement to the body or an element in the body."><![CDATA[    at http://localhost:7357/assets/test-support.js:4067:12
    at Class.exception (http://localhost:7357/assets/vendor.js:54715:7)
    at onerrorDefault (http://localhost:7357/assets/vendor.js:46665:24)
    at Object.trigger (http://localhost:7357/assets/vendor.js:69010:11)
    at http://localhost:7357/assets/vendor.js:70259:40
    at invokeWithOnError (http://localhost:7357/assets/vendor.js:14899:18)
    at Object.flush (http://localhost:7357/assets/vendor.js:14954:11)
    at Object.flush (http://localhost:7357/assets/vendor.js:14762:17)
    at Object.end (http://localhost:7357/assets/vendor.js:15117:25)
    at http://localhost:7357/assets/vendor.js:15683:18]]></error></testcase><testcase classname="Chrome 53.0" name="Exam Partition #30 - Team Engage 3 | Unit | Model | variation-stats: Pusher Translations" time="1.276"/><testcase classname="Chrome 53.0" name="Exam Partition #28 - Team DX | Acceptance | Integrations | Slack: You should be able to remove a webhook once slack is integrated" time="7.197"/><testcase classname="Chrome 53.0" name="Exam Partition #28 - Team Support 2 | Unit: Component - Inbox - Admin Video Reply: aborting with no pending commit is a no-op" time="0.636"/><testcase classname="Chrome 53.0" name="Exam Partition #28 - TemplateLint - embercom/templates/components/guide/steps/web-integration-events-component.hbs: should pass TemplateLint" time="0.494"/><testcase classname="Chrome 53.0" name="Exam Partition #29 - Team DX | Acceptance | Integrations | Twitter: You should be able to remove a Twitter account once twitter is integrated" time="7.634"/><testcase classname="Chrome 53.0" name="Exam Partition #26 - Team DX | Acceptance | Integrations | Hipchat: You should be able to manage your HipChat integration" time="9.060"/><testcase classname="Chrome 53.0" name="Exam Partition #28 - Team Engage 2 | Unit: Controller – Apps / App / Messages / Send Preview Email: Sending a mixture of unsuccessful/successful message previews" time="1.109"/><testcase classname="Chrome 53.0" name="Exam Partition #27 - Team DX | Acceptance | Integrations Hub: Integrations Hub Redirect" time="8.405"/><testcase classname="Chrome 53.0" name="Exam Partition #26 - Team Support 2 | Unit: Component - Inbox - Admin Article Card: article reaction event for another user is ignored" time="0.709"/><testcase classname="Chrome 53.0" name="Exam Partition #26 - TemplateLint - embercom/templates/components/guide/steps/web-integration-custom-data-component.hbs: should pass TemplateLint" time="0.479"/><testcase classname="Chrome 53.0" name="Exam Partition #29 - Team Support 2 | Unit: Component - Conversation Stream User Comment: Shows auto response if user with email" time="1.018"/><testcase classname="Chrome 53.0" name="Exam Partition #29 - TemplateLint - embercom/templates/components/guide/steps/web-integration-secure-mode-component.hbs: should pass TemplateLint" time="0.485"/><testcase classname="Chrome 53.0" name="Exam Partition #26 - Team Observe | Unit: Selection State Model: Selection state should calculate that it is a user message when there is are deselected ids" time="0.579"/><testcase classname="Chrome 53.0" name="Exam Partition #27 - Team Acquire | Unit: Component - Inbox - Admin Notification Channels Card: Reloads part if reply channel provided" time="0.695"/><testcase classname="Chrome 53.0" name="Exam Partition #29 - Team Observe | Unit: User Model: isActive returns true when last_request_at is less than 10 minutes ago" time="0.565"/><testcase classname="Chrome 53.0" name="Exam Partition #28 - Team Engage 1 | Integration: Component - Message In-App Sidebar | Integration | Component | messages/editor/message-in-app-sidebar: it renders the replyType toggle for post and note but not for chat" time="1.460"/><testcase classname="Chrome 53.0" name="Exam Partition #28 - TemplateLint - embercom/templates/components/messages/folders/message-folder-dropdown-component.hbs: should pass TemplateLint" time="0.484"/><testcase classname="Chrome 53.0" name="Exam Partition #27 - TemplateLint - embercom/templates/changes/loading.hbs: should pass TemplateLint" time="0.487"/><testcase classname="Chrome 53.0" name="Exam Partition #27 - TemplateLint - embercom/templates/components/social-connect-component.hbs: should pass TemplateLint" time="0.545"/><testcase classname="Chrome 53.0" name="Exam Partition #27 - TemplateLint - embercom/templates/components/educate/articles/series-selector-dropdown.hbs: should pass TemplateLint" time="0.511"/><testcase classname="Chrome 53.0" name="Exam Partition #28 - Team Observe | Unit: Component Profile Notes: has hidden notes" time="0.621"/><testcase classname="Chrome 53.0" name="Exam Partition #26 - Team Acquire | Integration: Component | Integration | Component | conversation/stream/admin-notification-channels-component: Has correct text, no input and no options when SMS channel has a value" time="1.036"/><testcase classname="Chrome 53.0" name="Exam Partition #26 - TemplateLint - embercom/templates/components/messages/folders/message-folder-and-campaign-sidebar.hbs: should pass TemplateLint" time="0.484"/><testcase classname="Chrome 53.0" name="Exam Partition #27 - Team Observe | Unit: Component Profile Activity Feed: activities are appended to group" time="0.947"/><testcase classname="Chrome 53.0" name="Exam Partition #29 - Team Engage 3 | Integration: Component - Emoji Popover Component | Integration | Component | emoji-popover-component: it should select emoji icon" time="1.326"/><testcase classname="Chrome 53.0" name="Exam Partition #29 - TemplateLint - embercom/templates/components/messages/folders/message-folder-editor-component.hbs: should pass TemplateLint" time="0.491"/><testcase classname="Chrome 53.0" name="Exam Partition #28 - Team Support 2 | Unit: Component - Inbox - Admin Video Reply: committing with no pending commit is a no-op" time="0.566"/><testcase classname="Chrome 53.0" name="Exam Partition #26 - Team Engage 1 | Unit: Component - Predicates - Value Editors - Date Editor: A predicate with the comparison `known` does not require a suffix" time="0.916"/><testcase classname="Chrome 53.0" name="Exam Partition #29 - General | Unit: Social Data Parsing: it creates an array of the social accounts" time="0.584"/><testcase classname="Chrome 53.0" name="Exam Partition #27 - Team Acquire | Unit: Component - Inbox - Admin Notification Channels Card: Does not reload part if different participant" time="0.541"/><testcase classname="Chrome 53.0" name="Exam Partition #27 - TemplateLint - embercom/templates/components/guide/steps/web-integration-deploy-component.hbs: should pass TemplateLint" time="0.450"/><testcase classname="Chrome 53.0" name="Exam Partition #30 - Team Engage 2 | Integration: Messages - Message Show Page: Message stats panel buttons load correctly" time="9.345"/><testcase classname="Chrome 53.0" name="Exam Partition #28 - TemplateLint - embercom/templates/components/segment-filter/list-header-component.hbs: should pass TemplateLint" time="0.474"/><testcase classname="Chrome 53.0" name="Exam Partition #28 - TemplateLint - embercom/templates/apps/app/messages/modals/pending-users.hbs: should pass TemplateLint" time="0.530"/><testcase classname="Chrome 53.0" name="Exam Partition #28 - TemplateLint - embercom/templates/partials/messenger-update/steps.hbs: should pass TemplateLint" time="0.513"/><testcase classname="Chrome 53.0" name="Exam Partition #29 - Team Support 2 | Unit: Component - Conversation Stream User Comment: Hides auto response if lead has no email" time="0.658"/><testcase classname="Chrome 53.0" name="Exam Partition #30 - TemplateLint - embercom/templates/components/message-folders/message-folder-list-row.hbs: should pass TemplateLint" time="0.476"/><testcase classname="Chrome 53.0" name="Exam Partition #28 - Team Engage 2 | Unit: Controller – Apps / App / Messages / Send Preview Email: send with multiple addresses" time="0.617"/><testcase classname="Chrome 53.0" name="Exam Partition #26 - Team Support 2 | Unit: Component - Inbox - Admin Article Card: article reaction event for another article is ignored" time="0.553"/><testcase classname="Chrome 53.0" name="Exam Partition #30 - General | Library: positionPointer: belowWithOffset" time="0.559"/><testcase classname="Chrome 53.0" name="Exam Partition #26 - TemplateLint - embercom/templates/components/segment-filter/ios-device-predicate-component.hbs: should pass TemplateLint" time="0.459"/><testcase classname="Chrome 53.0" name="Exam Partition #26 - TemplateLint - embercom/templates/apps/app/messages/modals/message.hbs: should pass TemplateLint" time="0.519"/><testcase classname="Chrome 53.0" name="Exam Partition #26 - TemplateLint - embercom/templates/partials/messenger-update/docs.hbs: should pass TemplateLint" time="0.565"/><testcase classname="Chrome 53.0" name="Exam Partition #29 - TemplateLint - embercom/templates/components/segment-filter/manual-tag-predicate-component.hbs: should pass TemplateLint" time="0.499"/><testcase classname="Chrome 53.0" name="Exam Partition #29 - TemplateLint - embercom/templates/apps/app/messages/modals/tag.hbs: should pass TemplateLint" time="0.535"/><testcase classname="Chrome 53.0" name="Exam Partition #29 - TemplateLint - embercom/templates/partials/messenger-update/upgraded-cross.hbs: should pass TemplateLint" time="0.493"/><testcase classname="Chrome 53.0" name="Exam Partition #26 - Team Observe | Unit: Selection State Model: toApi() is valid when three selected" time="0.542"/><testcase classname="Chrome 53.0" name="Exam Partition #28 - Team Engage 2 | Unit: Controller – Apps / App / Messages / Send Preview Email: Sending successful message variation previews" time="1.080"/><testcase classname="Chrome 53.0" name="Exam Partition #27 - Team DX | Acceptance | Integrations Hub: Visiting a Third Party Integration detail page" time="1.734"/><testcase classname="Chrome 53.0" name="Exam Partition #27 - TemplateLint - embercom/templates/components/messages/folders/message-folder-and-campaign-simple-editor-component.hbs: should pass TemplateLint" time="0.451"/><testcase classname="Chrome 53.0" name="Exam Partition #29 - Team Observe | Unit: User Model: isActive returns false when last_request_at is undefined" time="0.545"/><testcase classname="Chrome 53.0" name="Exam Partition #27 - Team Engage 2 | Unit: Model - Translations: it uses fallbacks for keys not returned from the API" time="0.574"/><testcase classname="Chrome 53.0" name="Exam Partition #26 - Team Observe | Unit: Selection State Model: Selection state should calculate that it is a user message when there is a search term" time="0.521"/><testcase classname="Chrome 53.0" name="Exam Partition #29 - Team Observe | Unit: User Model: updatePresenceStatus sets isActive to true when timestamp &lt; 1min ago" time="0.543"/><testcase classname="Chrome 53.0" name="Exam Partition #30 - Team Acquire | Integration: Show page for visitor auto messages: correct buttons are visible" time="5.096"/><testcase classname="Chrome 53.0" name="Exam Partition #28 - Team DX | Acceptance | Integrations | Slack: this should remove the slack integration" time="4.155"/><testcase classname="Chrome 53.0" name="Exam Partition #30 - General | Library: positionPointer: rightWithOffset negative case" time="0.568"/><testcase classname="Chrome 53.0" name="Exam Partition #29 - Team DX | Acceptance | Integrations | Twitter: You should be able to remove the integration" time="4.298"/><testcase classname="Chrome 53.0" name="Exam Partition #26 - Team DX | Acceptance | Integrations | Hipchat: You need to enter new API key if current one is invalid" time="4.623"/><testcase classname="Chrome 53.0" name="Exam Partition #28 - Team Engage 2 | Unit: Controller – Apps / App / Messages / Send Preview Email: isEmailInputEmpty" time="0.597"/><testcase classname="Chrome 53.0" name="Exam Partition #28 - TemplateLint - embercom/templates/components/social-connect-tooltip.hbs: should pass TemplateLint" time="0.456"/><testcase classname="Chrome 53.0" name="Exam Partition #30 - expanding-input-component | Integration | Component | Team Platform | Integration: Component - Expanding Input: should trigger super event handler on change" time="0.822"/><testcase classname="Chrome 53.0" name="Exam Partition #28 - Team Observe | Unit: Component Profile Notes: lastNoteIndex should be notes.length when showing all notes" time="0.606"/><testcase classname="Chrome 53.0" name="Exam Partition #29 - General | Unit: Social Data Parsing: it flattens out multi-account social accounts" time="0.644"/><testcase classname="Chrome 53.0" name="Exam Partition #29 - TemplateLint - embercom/templates/components/sort-order-component.hbs: should pass TemplateLint" time="0.530"/><testcase classname="Chrome 53.0" name="Exam Partition #30 - Team Engage 3 | Unit | Model | variation-stats: Pusher Translations for legacy Emotions LWR" time="0.732"/><testcase classname="Chrome 53.0" name="Exam Partition #30 - TemplateLint - embercom/templates/components/segment-filter/mobile-version-predicate-component.hbs: should pass TemplateLint" time="0.505"/><testcase classname="Chrome 53.0" name="Exam Partition #28 - Team Engage 2 | Unit: Controller – Apps / App / Messages / Send Preview Email: Valid Email Addresses" time="0.573"/><testcase classname="Chrome 53.0" name="Exam Partition #29 - Team Support 2 | Unit: Component - Conversation Stream User Comment: Auto response is not shown in conversations with users for apps on MV3" time="0.760"/><testcase classname="Chrome 53.0" name="Exam Partition #26 - Team Engage 1 | Unit | Controller | apps/app/messages/index: it sets editing param with beckett edit mode feature flag enabled" time="0.923"/><testcase classname="Chrome 53.0" name="Exam Partition #26 - model:selection-state - company selection state to user selection state: Converting company selection to user selection with a select all and deselected ids" time="0.494"><error message="undefined"><![CDATA[    at http://localhost:7357/assets/tests.js:81443:16
    at tryCatch (http://localhost:7357/assets/vendor.js:68340:14)
    at invokeCallback (http://localhost:7357/assets/vendor.js:68355:15)
    at publish (http://localhost:7357/assets/vendor.js:68323:9)
    at http://localhost:7357/assets/vendor.js:46631:7
    at invokeWithOnError (http://localhost:7357/assets/vendor.js:14899:18)
    at Object.flush (http://localhost:7357/assets/vendor.js:14954:11)
    at Object.flush (http://localhost:7357/assets/vendor.js:14762:17)
    at Object.end (http://localhost:7357/assets/vendor.js:15117:25)
    at Object.run (http://localhost:7357/assets/vendor.js:15230:18)
    at Object.run (http://localhost:7357/assets/vendor.js:35751:27)
    at Object.<anonymous> (http://localhost:7357/assets/tests.js:81441:8)
    at runTest (http://localhost:7357/assets/test-support.js:2716:28)
    at Object.run (http://localhost:7357/assets/test-support.js:2701:4)
    at http://localhost:7357/assets/test-support.js:2843:11
    at process (http://localhost:7357/assets/test-support.js:2502:24)
    at begin (http://localhost:7357/assets/test-support.js:2484:2)
    at http://localhost:7357/assets/test-support.js:2544:4]]></error></testcase><testcase classname="Chrome 53.0" name="Exam Partition #26 - TemplateLint - embercom/templates/components/simple-tag-component.hbs: should pass TemplateLint" time="0.489"/><testcase classname="Chrome 53.0" name="Exam Partition #29 - Team Platform | Unit: Controller – Apps / App / Settings / Appearance: Initial pickerColor should be equal to model's base color" time="0.544"/><testcase classname="Chrome 53.0" name="Exam Partition #26 - Team Engage 1 | Unit: Component - Predicates - Value Editors - Date Editor: Relative date predicate comparisons are correctly appended" time="0.933"/><testcase classname="Chrome 53.0" name="Exam Partition #29 - Team Support 2 | Unit: Component - Conversation Stream User Comment: Hides auto response if conversation has operator parts" time="0.820"/><testcase classname="Chrome 53.0" name="Exam Partition #26 - Team Engage 1 | Unit | Controller | apps/app/messages/index: it transitions to old edit route with beckett edit mode feature flag disabled" time="0.931"/><testcase classname="Chrome 53.0" name="Exam Partition #27 - Team DX | Acceptance | Integrations Hub: Integrations Hub Error Redirect" time="8.708"/><testcase classname="Chrome 53.0" name="Exam Partition #27 - Team Observe | Unit: Component Profile Activity Feed: adds activity feed item from tag" time="0.606"/><testcase classname="Chrome 53.0" name="Exam Partition #27 - TemplateLint - embercom/templates/components/length-monitoring-textarea-component.hbs: should pass TemplateLint" time="0.467"/><testcase classname="Chrome 53.0" name="Exam Partition #29 - Team Engage 1 | Integration: Component - Variation Content Editor | Integration | Component | messages/editor/variation-content-editor: device toggle does not appear on push messages" time="3.348"/><testcase classname="Chrome 53.0" name="Exam Partition #27 - Team Observe | Unit: Component Profile Activity Feed: timestamps are returned for the start of a day" time="0.601"/><testcase classname="Chrome 53.0" name="Exam Partition #27 - Team Acquire | Apps / App / Messages / Mixin/ PaywallCheck: hasLiveVisitorAutoMessages returns true for undefinded live vam count" time="0.454"/><testcase classname="Chrome 53.0" name="Exam Partition #29 - Team Observe | Unit: User Model: updateDisplayableData notifies property change correctly when email value has not changed" time="0.600"/><testcase classname="Chrome 53.0" name="Exam Partition #28 - Team Engage 1 | Integration: Messages - Manual Message Edit/Editor Routes: Visiting the manual message editor redirects to the show page for draft selection-based messages" time="7.030"/><testcase classname="Chrome 53.0" name="Exam Partition #29 - Team Support 2 | Unit: Component - Conversation Stream User Comment: Shows auto response if user" time="0.880"/><testcase classname="Chrome 53.0" name="Exam Partition #29 - TemplateLint - embercom/templates/apps/app/settings/partials/-mv3-appearance.hbs: should pass TemplateLint" time="0.511"/><testcase classname="Chrome 53.0" name="Exam Partition #30 - Team Engage 2 | Integration: Messages - Message Show Page: On a stats update, show that there are new users to load" time="7.598"/><testcase classname="Chrome 53.0" name="Exam Partition #29 - Team Support 2 | Unit: Component - Conversation Stream User Comment: Shows auto response if lead has email" time="0.882"/><testcase classname="Chrome 53.0" name="Exam Partition #28 - Team Engage 1 | Integration: Component - Message In-App Sidebar | Integration | Component | messages/editor/message-in-app-sidebar: switching between note (or post) with reactions to chat (which cant have reactions) and back restores the reactions" time="1.545"/><testcase classname="Chrome 53.0" name="Exam Partition #28 - Team Support 2 | Unit: Model - Upload: is should return the correct height" time="0.526"/><testcase classname="Chrome 53.0" name="Exam Partition #26 - Team Engage 1 | Integration: Messages - Message List - Manual Messages: Loading live manual messges show sending badge" time="6.466"/><testcase classname="Chrome 53.0" name="Exam Partition #29 - Team Engage 1 | Integration: Component - Variation Content Editor | Integration | Component | messages/editor/variation-content-editor: device toggle appears for read-only beckett in-apps" time="1.922"/><testcase classname="Chrome 53.0" name="Exam Partition #28 - Team Support 2 | Unit: Component - Inbox - Admin Video Reply: committing resolves a pending commit promise" time="0.542"/><testcase classname="Chrome 53.0" name="Exam Partition #27 - Team Acquire | Integration: Messages - Visitor Auto Message List V2: Loading auto messages in the paused message list" time="4.923"/><testcase classname="Chrome 53.0" name="Exam Partition #28 - TemplateLint - embercom/templates/apps/app/settings/partials/-mv2-messenger.hbs: should pass TemplateLint" time="0.470"/><testcase classname="Chrome 53.0" name="Exam Partition #29 - Team Observe | Unit: User Model: updatePresenceStatus uses last_request_at when it is more recent than timestamp from Nexus" time="0.515"/><testcase classname="Chrome 53.0" name="Exam Partition #28 - Team Support 2 | Unit: Component - Inbox - Admin Video Reply: aborting rejects a pending commit promise" time="0.674"/><testcase classname="Chrome 53.0" name="Exam Partition #27 - date-select-component | Integration | Component | Team Observe | Integration: Component | Date Select: it defaults to the current date" time="1.423"/><testcase classname="Chrome 53.0" name="Exam Partition #29 - Team Engage 3 | Integration: Component - Emoji Popover Component | Integration | Component | emoji-popover-component: it shows emoji groups" time="0.990"/><testcase classname="Chrome 53.0" name="Exam Partition #28 - Team Engage 1 | Integration: Component - Message In-App Sidebar | Integration | Component | messages/editor/message-in-app-sidebar: Selecting reactions sets a default reaction set of four reactions" time="1.405"><error message="undefined"><![CDATA[    at Object.<anonymous> (http://localhost:7357/assets/tests.js:49913:12)
    at Object.wrapper (http://localhost:7357/assets/test-support.js:6878:29)
    at runTest (http://localhost:7357/assets/test-support.js:2716:28)
    at Object.run (http://localhost:7357/assets/test-support.js:2701:4)
    at http://localhost:7357/assets/test-support.js:2843:11
    at process (http://localhost:7357/assets/test-support.js:2502:24)
    at begin (http://localhost:7357/assets/test-support.js:2484:2)
    at http://localhost:7357/assets/test-support.js:2544:4]]></error></testcase><testcase classname="Chrome 53.0" name="Exam Partition #28 - Team Engage 2 | Unit: Controller – Apps / App / Messages / Send Preview Email: Sending successful message previews" time="1.086"/><testcase classname="Chrome 53.0" name="Exam Partition #28 - Team Engage 1 | Integration: Component - Message In-App Sidebar | Integration | Component | messages/editor/message-in-app-sidebar: it renders the style toggle" time="1.160"/><testcase classname="Chrome 53.0" name="Exam Partition #30 - Team Engage 2 | Integration: Messages - Message Show Page: Stats panel loads correctly and responds to individual selection" time="6.307"/><testcase classname="Chrome 53.0" name="Exam Partition #30 - TemplateLint - embercom/templates/components/users/profile/facetile-component.hbs: should pass TemplateLint" time="0.460"/><testcase classname="Chrome 53.0" name="Exam Partition #26 - Team Engage 1 | Integration: Messages - Message List - Manual Messages: Loading manual messages in the sent message list" time="6.097"/><testcase classname="Chrome 53.0" name="Exam Partition #28 - Team Engage 1 | Integration: Component - Message In-App Sidebar | Integration | Component | messages/editor/message-in-app-sidebar: Should only see the assignment dropdown if the reply_type is text" time="0.941"/><testcase classname="Chrome 53.0" name="Exam Partition #30 - Team Platform | Unit: Controller – Apps / App / Settings / Messenger: domains are correctly set when they are the same as the data (not dirty)" time="1.013"/><testcase classname="Chrome 53.0" name="Exam Partition #26 - Team Observe | Unit: Selection State Model: Selection state should calculate that it is a user message when it contains user predicates within an or predicate" time="0.518"/><testcase classname="Chrome 53.0" name="Exam Partition #29 - Team Engage 2 | Integration: Messages - Message Show Route: Showing an auto message redirects to the auto message show page" time="3.956"/><testcase classname="Chrome 53.0" name="Exam Partition #27 - Team Acquire | Integration: Messages - Visitor Auto Message List V2: Acquire Standard customers can see the visitor auto message list and do not see the paywall icon for new messages" time="3.997"/><testcase classname="Chrome 53.0" name="Exam Partition #27 - TemplateLint - embercom/templates/apps/app/admins/admin/partials/-account.hbs: should pass TemplateLint" time="0.439"/><testcase classname="Chrome 53.0" name="Exam Partition #30 - Team Engage 3 | Unit | Model | variation-stats: Pusher Translations when the last sent is zero" time="0.581"/><testcase classname="Chrome 53.0" name="Exam Partition #26 - Team Support 2 | Unit: Component - Inbox - Admin Article Card: article reaction event refreshes article card if relevant" time="0.517"/><testcase classname="Chrome 53.0" name="Exam Partition #26 - TemplateLint - embercom/templates/apps/app/settings/oauth.hbs: should pass TemplateLint" time="0.467"/><testcase classname="Chrome 53.0" name="Exam Partition #30 - TemplateLint - embercom/templates/apps/app/settings/partials/-mv3-messenger.hbs: should pass TemplateLint" time="0.458"/><testcase classname="Chrome 53.0" name="Exam Partition #30 - General | Library: positionPointer: aboveWithOffset" time="0.584"/><testcase classname="Chrome 53.0" name="Exam Partition #30 - General | Library: positionPointer: Show above if it does not fit below" time="0.469"/><testcase classname="Chrome 53.0" name="Exam Partition #30 - expanding-input-component | Integration | Component | Team Platform | Integration: Component - Expanding Input: Should change size to match input" time="0.900"/><testcase classname="Chrome 53.0" name="Exam Partition #28 - Team Engage 1 | Integration: Messages - Manual Message Edit/Editor Routes: Visiting the manual message editor redirects to the single page message edit page for live predicate-based messages" time="6.596"/><testcase classname="Chrome 53.0" name="Exam Partition #28 - Team Engage 2 | Unit: Controller – Apps / App / Messages / Send Preview Email: Messages preview data messages" time="0.663"/><testcase classname="Chrome 53.0" name="Exam Partition #29 - Team Engage 2 | Integration: Messages - Message Show Route: Showing an unknown message redirects to the manual message list" time="7.900"/><testcase classname="Chrome 53.0" name="Exam Partition #27 - Team Acquire | Integration: Messages - Visitor Auto Message List V2: Searching messages" time="7.341"/><testcase classname="Chrome 53.0" name="Exam Partition #27 - TemplateLint - embercom/templates/components/users/profile/activity-feed-component.hbs: should pass TemplateLint" time="0.474"/><testcase classname="Chrome 53.0" name="Exam Partition #29 - Team Observe | Unit: User Model: updatePresenceStatus sets isActive to true when Android timestamp &lt; 1min ago" time="0.565"/><testcase classname="Chrome 53.0" name="Exam Partition #28 - Team Engage 2 | Unit: Controller – Apps / App / Messages / Send Preview Email: Sending unsuccessful message previews" time="1.037"/><testcase classname="Chrome 53.0" name="Exam Partition #28 - TemplateLint - embercom/templates/components/message-filter-editor-component.hbs: should pass TemplateLint" time="0.473"/><testcase classname="Chrome 53.0" name="Exam Partition #28 - TemplateLint - embercom/templates/components/conversation/card-stream-component.hbs: should pass TemplateLint" time="0.495"/><testcase classname="Chrome 53.0" name="Exam Partition #27 - Team Engage 2 | Unit: Model - Translations: it provides translations" time="0.623"/><testcase classname="Chrome 53.0" name="Exam Partition #27 - TemplateLint - embercom/templates/components/segment-filter/list-component.hbs: should pass TemplateLint" time="0.455"/><testcase classname="Chrome 53.0" name="Exam Partition #28 - Team Engage 1 | Integration: Component - Message In-App Sidebar | Integration | Component | messages/editor/message-in-app-sidebar: Clicking on the preview button sends the setPreviewEnabled action" time="0.940"/><testcase classname="Chrome 53.0" name="Exam Partition #29 - Team Observe | Unit: User Model: isActive returns false when last_request_at is greater than 10 minutes ago" time="0.509"/><testcase classname="Chrome 53.0" name="Exam Partition #29 - TemplateLint - embercom/templates/components/message-filter-selector-component.hbs: should pass TemplateLint" time="0.452"/><testcase classname="Chrome 53.0" name="Exam Partition #29 - TemplateLint - embercom/templates/components/conversation/controls/-draft-info.hbs: should pass TemplateLint" time="0.495"/><testcase classname="Chrome 53.0" name="Exam Partition #26 - Team Engage 1 | Integration: Messages - Message List - Manual Messages: Searching messages" time="8.931"/><testcase classname="Chrome 53.0" name="Exam Partition #30 - Team Engage 2 | Integration: Messages - Message Show Page: Show manual message stats page filters have correct paths" time="6.872"/><testcase classname="Chrome 53.0" name="Exam Partition #27 - date-select-component | Integration | Component | Team Observe | Integration: Component | Date Select: modifying the date selection updates the data value" time="1.093"/><testcase classname="Chrome 53.0" name="Exam Partition #28 - General | Integration | Component | deferred-render: It shows the yielded content" time="0.706"/><testcase classname="Chrome 53.0" name="Exam Partition #26 - Team Acquire | Integration: Component | Integration | Component | conversation/stream/admin-notification-channels-component: Has correct text, no input and no options when more than one channel has a value" time="0.821"/><testcase classname="Chrome 53.0" name="Exam Partition #26 - Team Observe | Unit: Selection State Model: toApi() is valid when all minus three selected" time="0.527"/><testcase classname="Chrome 53.0" name="Exam Partition #29 - Team Engage 1 | Integration: Component - Variation Content Editor | Integration | Component | messages/editor/variation-content-editor: device toggle does not appear on edit page" time="2.100"/><testcase classname="Chrome 53.0" name="Exam Partition #28 - Team Engage 1 | Integration: Component - Message In-App Sidebar | Integration | Component | messages/editor/message-in-app-sidebar: switching between reactions and text and back restores the reactions" time="1.106"/><testcase classname="Chrome 53.0" name="Exam Partition #28 - TemplateLint - embercom/templates/apps/app/educate/site/collections/-help-center-off-banner.hbs: should pass TemplateLint" time="0.470"/><testcase classname="Chrome 53.0" name="Exam Partition #26 - Team Acquire | Integration: Component | Integration | Component | conversation/stream/admin-notification-channels-component: Has correct channel options and input when Email and SMS are enabled" time="0.795"/><testcase classname="Chrome 53.0" name="Exam Partition #29 - Team Engage 3 | Integration: Component - Emoji Popover Component | Integration | Component | emoji-popover-component: it shows frequently used emojis" time="1.214"/><testcase classname="Chrome 53.0" name="Exam Partition #28 - Team Engage 2 | Unit: Controller – Apps / App / Messages / Send Preview Email: Sending successful message variation previews " time="1.089"/><testcase classname="Chrome 53.0" name="Exam Partition #28 - TemplateLint - embercom/templates/components/-message-wizard-template-dropdown-item.hbs: should pass TemplateLint" time="0.482"/><testcase classname="Chrome 53.0" name="Exam Partition #27 - Team Acquire | Integration: Messages - Visitor Auto Message List V2: Loading auto messages in the live message list" time="3.968"/><testcase classname="Chrome 53.0" name="Exam Partition #28 - Team Engage 2 | Unit: Controller – Apps / App / Messages / Send Preview Email: invalidEmailAddresses" time="0.560"/><testcase classname="Chrome 53.0" name="Exam Partition #28 - Team Support 2 | Unit: Model - Upload: is should return the correct width" time="0.506"/><testcase classname="Chrome 53.0" name="Exam Partition #28 - Team Observe | Unit: Component Profile Notes: does not have hidden notes" time="0.497"/><testcase classname="Chrome 53.0" name="Exam Partition #29 - Team Engage 1 | Integration: Component - Variation Content Editor | Integration | Component | messages/editor/variation-content-editor: device toggle does not appear for read-only beckett emails" time="1.986"/><testcase classname="Chrome 53.0" name="Exam Partition #28 - Team Engage 2 | Unit: Controller – Apps / App / Messages / Send Preview Email: send with a single address" time="0.541"/><testcase classname="Chrome 53.0" name="Exam Partition #27 - Team Engage 2 | Unit: Model - Translations: it generates an email template link" time="0.567"/><testcase classname="Chrome 53.0" name="Exam Partition #27 - TemplateLint - embercom/templates/components/conversation/card-header-component.hbs: should pass TemplateLint" time="0.459"/><testcase classname="Chrome 53.0" name="Exam Partition #27 - TemplateLint - embercom/templates/apps/app/messages/modals/move-message.hbs: should pass TemplateLint" time="0.506"/><testcase classname="Chrome 53.0" name="Exam Partition #26 - Team Engage 1 | Integration: Messages - Message List - Manual Messages: Loading manual messages in the draft message list" time="4.007"/><testcase classname="Chrome 53.0" name="Exam Partition #29 - TemplateLint - embercom/templates/apps/app/educate/site/collections/collection.hbs: should pass TemplateLint" time="0.484"/><testcase classname="Chrome 53.0" name="Exam Partition #28 - Team Engage 2 | Unit: Controller – Apps / App / Messages / Send Preview Email: sendIsDisabled" time="0.581"/><testcase classname="Chrome 53.0" name="Exam Partition #28 - TemplateLint - embercom/templates/apps/app/billing.hbs: should pass TemplateLint" time="0.459"/><testcase classname="Chrome 53.0" name="Exam Partition #29 - Team Observe | Unit: User Model: updatePresenceStatus sets isActive to true when iOS timestamp &lt; 1min ago" time="1.498"/><testcase classname="Chrome 53.0" name="Exam Partition #29 - TemplateLint - embercom/templates/components/-tutorial-message.hbs: should pass TemplateLint" time="0.459"/><testcase classname="Chrome 53.0" name="Exam Partition #29 - Team Platform | Unit: Controller – Apps / App / Settings / Appearance: Initial background should be equal to model's background" time="0.619"/><testcase classname="Chrome 53.0" name="Exam Partition #27 - date-select-component | Integration | Component | Team Observe | Integration: Component | Date Select: accepts an bound date parameter" time="1.488"/><testcase classname="Chrome 53.0" name="Exam Partition #27 - TemplateLint - embercom/templates/components/predicates/inline-goal-editor.hbs: should pass TemplateLint" time="0.455"/><testcase classname="Chrome 53.0" name="Exam Partition #27 - TemplateLint - embercom/templates/partials/messenger-update/not-upgraded.hbs: should pass TemplateLint" time="0.515"/><testcase classname="Chrome 53.0" name="Exam Partition #30 - Team Engage 3 | Integration: Copy message to parent app: Messages have copy button on tests apps if feature is enabled" time="8.889"/><testcase classname="Chrome 53.0" name="Exam Partition #29 - Team Observe | Unit: User Model: updatePresenceStatus notifies property change correctly when timestamp value has not changed" time="0.530"/><testcase classname="Chrome 53.0" name="Exam Partition #30 - General | Library: positionPointer: right" time="0.595"/><testcase classname="Chrome 53.0" name="Exam Partition #30 - TemplateLint - embercom/templates/apps/app/educate/site/collections/loading.hbs: should pass TemplateLint" time="0.475"/><testcase classname="Chrome 53.0" name="Exam Partition #29 - General | Unit: Social Data Parsing: it removes gravatar from the list" time="0.660"/><testcase classname="Chrome 53.0" name="Exam Partition #29 - Team Observe | Library: Permissions: currentAdminCan returns true for all permissions if all allowed" time="0.504"/><testcase classname="Chrome 53.0" name="Exam Partition #30 - Team Platform | Unit: Controller – Apps / App / Settings / Messenger: parsed domains returns correct string" time="0.627"/><testcase classname="Chrome 53.0" name="Exam Partition #26 - Team Engage 1 | Integration: Messages - Message List - Manual Messages: Loading manual messages in the sent message list shows failed stats" time="4.562"/><testcase classname="Chrome 53.0" name="Exam Partition #30 - Team Engage 3 | Unit | Model | variation-stats: Pusher Translations for legacy Thumbs LWR" time="0.650"/><testcase classname="Chrome 53.0" name="Exam Partition #28 - Team DX | Acceptance | Integrations | Slack: You should be able to remove the last webhook and this should remove the integration" time="3.249"/><testcase classname="Chrome 53.0" name="Exam Partition #29 - Team Platform | Unit: Controller – Apps / App / Settings / Appearance: save should call the model.save" time="0.552"/><testcase classname="Chrome 53.0" name="Exam Partition #28 - TemplateLint - embercom/templates/components/auto-resizing-textarea-with-count-component.hbs: should pass TemplateLint" time="0.460"/><testcase classname="Chrome 53.0" name="Exam Partition #28 - TemplateLint - embercom/templates/components/guide/-web-integration-visitors-rails.hbs: should pass TemplateLint" time="0.481"/><testcase classname="Chrome 53.0" name="Exam Partition #26 - Team Observe | Unit: Selection State Model: Selection state should calculate that it is a company message when it only contains company predicates" time="0.515"/><testcase classname="Chrome 53.0" name="Exam Partition #29 - TemplateLint - embercom/templates/apps/app/billing/company.hbs: should pass TemplateLint" time="0.473"/><testcase classname="Chrome 53.0" name="Exam Partition #27 - Team DX | Acceptance | Integrations Hub: Third Party Integrations" time="2.634"/><testcase classname="Chrome 53.0" name="Exam Partition #27 - TemplateLint - embercom/templates/apps/app/educate/site/-side-nav.hbs: should pass TemplateLint" time="0.468"/><testcase classname="Chrome 53.0" name="Exam Partition #28 - Team Observe | Unit: Component Profile Notes: lastNoteIndex should be visibleNotesLength" time="0.557"/><testcase classname="Chrome 53.0" name="Exam Partition #27 - Team Acquire | Apps / App / Messages / Mixin/ PaywallCheck: hasLiveVisitorAutoMessages returns true for live vam count > 0" time="0.545"/><testcase classname="Chrome 53.0" name="Exam Partition #28 - Team Engage 2 | Unit: Controller – Apps / App / Messages / Send Preview Email: onOpenedModal" time="0.559"/><testcase classname="Chrome 53.0" name="Exam Partition #28 - TemplateLint - embercom/templates/components/educate/articles/stats-list.hbs: should pass TemplateLint" time="0.454"/><testcase classname="Chrome 53.0" name="Exam Partition #26 - Team Observe | Unit: Selection State Model: Selection state should calculate that it is a user message when there is are selected ids" time="0.521"/><testcase classname="Chrome 53.0" name="Exam Partition #26 - TemplateLint - embercom/templates/components/message-editor/utility/icon-and-text.hbs: should pass TemplateLint" time="0.491"/><testcase classname="Chrome 53.0" name="Exam Partition #26 - TemplateLint - embercom/templates/components/conversation/card-component.hbs: should pass TemplateLint" time="0.494"/><testcase classname="Chrome 53.0" name="Exam Partition #28 - Team Engage 2 | Unit: Controller – Apps / App / Messages / Send Preview Email: hasReachedMaxNumberOfEmailsPerSend" time="0.576"/><testcase classname="Chrome 53.0" name="Exam Partition #29 - Team DX | Acceptance | Integrations | Twitter: You should be able to remove the last Twitter account and this should remove the integration" time="2.817"/><testcase classname="Chrome 53.0" name="Exam Partition #27 - Team Observe | Unit: Component Profile Activity Feed: groups have activities for day" time="0.793"/><testcase classname="Chrome 53.0" name="Exam Partition #27 - General | Library: Open centered popup: Open centered popup in user browser" time="0.470"/><testcase classname="Chrome 53.0" name="Exam Partition #27 - Team Acquire | Apps / App / Messages / Mixin/ PaywallCheck: Acquire Lite apps with messages set live will see a paywall" time="0.520"/><testcase classname="Chrome 53.0" name="Exam Partition #29 - Team Observe | Unit: User Model: Display page activity when field is populated" time="0.517"/><testcase classname="Chrome 53.0" name="Exam Partition #29 - TemplateLint - embercom/templates/components/avatar-emoji-selector-component.hbs: should pass TemplateLint" time="0.465"/><testcase classname="Chrome 53.0" name="Exam Partition #29 - TemplateLint - embercom/templates/components/guide/-web-integration-visitors-single-page.hbs: should pass TemplateLint" time="0.500"/><testcase classname="Chrome 53.0" name="Exam Partition #29 - Team Support 2 | Unit: Component - Conversation Stream User Comment: Shows auto response if lead has no email and conversation created more than 3 minutes ago" time="0.977"/><testcase classname="Chrome 53.0" name="Exam Partition #29 - Team Observe | Library: Permissions: currentAdminCan returns false for permissions if not allowed" time="0.534"/><testcase classname="Chrome 53.0" name="Exam Partition #29 - TemplateLint - embercom/templates/components/educate/articles/update-owner-header-component.hbs: should pass TemplateLint" time="0.532"/><testcase classname="Chrome 53.0" name="Exam Partition #27 - Team DX | Acceptance | Integrations Hub: Integrations Hub Order" time="3.611"/><testcase classname="Chrome 53.0" name="Exam Partition #30 - Team Engage 2 | Integration: Messages - Message Show Page: The user mismatch tooltip shows if the user list has less entries than the gross stat value" time="6.594"/><testcase classname="Chrome 53.0" name="Exam Partition #26 - Team Engage 1 | Integration: Messages - Message List - Manual Messages: Loading manual messages in the scheduled message list" time="5.175"/><testcase classname="Chrome 53.0" name="Exam Partition #29 - Team Platform | Unit: Controller – Apps / App / Settings / Appearance: controller should be dirty if background/color/branding is changed" time="0.580"/><testcase classname="Chrome 53.0" name="Exam Partition #26 - Team Acquire | Integration: Component | Integration | Component | conversation/stream/admin-notification-channels-component: Has correct text for title" time="0.814"/><testcase classname="Chrome 53.0" name="Exam Partition #30 - Team Platform | Unit: Controller – Apps / App / Settings / Messenger: responder disabled when toggled off" time="0.986"/><testcase classname="Chrome 53.0" name="Exam Partition #30 - General | Library: positionPointer: above" time="0.476"/><testcase classname="Chrome 53.0" name="Exam Partition #30 - TemplateLint - embercom/templates/partials/messenger-update/upgraded-forced-cross.hbs: should pass TemplateLint" time="0.499"/><testcase classname="Chrome 53.0" name="Exam Partition #26 - Team Engage 1 | Integration: Component - Message Channel Editor | Integration | Component | messages/editor/message-channel-editor-component: it removes reactions when switching from a reactions-reply inapp to email" time="1.437"/><testcase classname="Chrome 53.0" name="Exam Partition #26 - TemplateLint - embercom/templates/apps/app/educate/site/-help-center-turned-on-notification.hbs: should pass TemplateLint" time="0.450"/><testcase classname="Chrome 53.0" name="Exam Partition #29 - Team Engage 2 | Integration: Messages - Message Show Route: Showing a manual message redirects to the manual message show page" time="2.919"/><testcase classname="Chrome 53.0" name="Exam Partition #27 - Team DX | Acceptance | Integrations Hub: Integrations Hub Deep Redirect" time="2.851"/><testcase classname="Chrome 53.0" name="Exam Partition #27 - TemplateLint - embercom/templates/apps/app/import/csv/tag.hbs: should pass TemplateLint" time="0.445"/><testcase classname="Chrome 53.0" name="Exam Partition #27 - TemplateLint - embercom/templates/apps/app/settings/partials/-mv2-appearance.hbs: should pass TemplateLint" time="0.480"/><testcase classname="Chrome 53.0" name="Exam Partition #29 - Team Observe | Unit: User Model: updatePresenceStatus sets isActive to false when timestamp > 2min ago" time="0.513"/><testcase classname="Chrome 53.0" name="Exam Partition #26 - Team Observe | Unit: Selection State Model: Selection state should calculate that it is a user message when it contains any user predicates" time="0.578"/><testcase classname="Chrome 53.0" name="Exam Partition #26 - TemplateLint - embercom/templates/changes/index.hbs: should pass TemplateLint" time="0.476"/><testcase classname="Chrome 53.0" name="Exam Partition #28 - Team Engage 1 | Integration: Messages - Manual Message Edit/Editor Routes: Visiting the manual message editor redirects to the single page message edit page for predicate-based messages" time="8.101"/><testcase classname="Chrome 53.0" name="Exam Partition #28 - General | Library: Percentage Formatter: It formats inputs as a percentage" time="0.499"/><testcase classname="Chrome 53.0" name="Exam Partition #27 - Team Acquire | Unit: Component - Inbox - Admin Notification Channels Card: Does not reload part if no channel provided" time="0.579"/><testcase classname="Chrome 53.0" name="Exam Partition #26 - Team Engage 1 | Unit | Controller | apps/app/messages/index: it autosaves on the didPerformMutations event" time="1.290"/><testcase classname="Chrome 53.0" name="Exam Partition #27 - Team Acquire | Apps / App / Messages / Mixin/ PaywallCheck: Acquire Pro apps will be redirected to a paywalled part" time="0.469"/><testcase classname="Chrome 53.0" name="Exam Partition #27 - TemplateLint - embercom/templates/apps/app/messages/partials/table-cells/auto/-single-variant-message-stopped-at-cell.hbs: should pass TemplateLint" time="0.485"/><testcase classname="Chrome 53.0" name="Exam Partition #27 - Team Acquire | Apps / App / Messages / Mixin/ PaywallCheck: hasLiveVisitorAutoMessages returns false for live vam count = 0" time="0.510"/><testcase classname="Chrome 53.0" name="Exam Partition #26 - Team Observe | Unit: Selection State Model: Selection state should calculate that it is a company message when it only contains company predicates within nested or predicates" time="0.511"/><testcase classname="Chrome 53.0" name="Exam Partition #29 - Team DX | Acceptance | Integrations | Twitter: You should be able to add a new Twitter account once twitter is integrated" time="2.335"/><testcase classname="Chrome 53.0" name="Exam Partition #29 - TemplateLint - embercom/templates/apps/app/messages/partials/table-cells/lists/-campaign-from-cell.hbs: should pass TemplateLint" time="0.455"/><testcase classname="Chrome 53.0" name="Exam Partition #26 - Team Engage 1 | Unit: Component - Predicates - Value Editors - Date Editor: Absolute date predicate comparisons are correctly appended" time="0.854"/><testcase classname="Chrome 53.0" name="Exam Partition #26 - Team Observe | Unit: Selection State Model: toApi() is valid when none selected" time="0.501"/><testcase classname="Chrome 53.0" name="Exam Partition #28 - Team DX | Acceptance | Integrations | Slack: You should be able to add a new webhook once slack is integrated" time="2.993"/><testcase classname="Chrome 53.0" name="Exam Partition #29 - Team Observe | Unit: User Model: Dont display page activity when field isnt populated" time="0.593"/><testcase classname="Chrome 53.0" name="Exam Partition #29 - TemplateLint - embercom/templates/apps/app/import/mailchimp/finish.hbs: should pass TemplateLint" time="0.485"/><testcase classname="Chrome 53.0" name="Exam Partition #29 - TemplateLint - embercom/templates/components/users/profile/attribute-tooltip.hbs: should pass TemplateLint" time="0.538"/><testcase classname="Chrome 53.0" name="Exam Partition #27 - Team Engage 1 | Integration: Component - Message Content Editor | Integration | Component | messages/editor/message-content-editor: the company attributes explanation shows if the message contents contains company attributes" time="3.011"/><testcase classname="Chrome 53.0" name="Exam Partition #29 - Team Platform | Unit: Controller – Apps / App / Settings / Appearance: setColor should set the pickerColor of the controller to the argument" time="0.581"/><testcase classname="Chrome 53.0" name="Exam Partition #29 - TemplateLint - embercom/templates/components/mailchimp-list-selector-component.hbs: should pass TemplateLint" time="0.444"/><testcase classname="Chrome 53.0" name="Exam Partition #28 - TemplateLint - embercom/templates/apps/app/messages/partials/table-cells/auto/-single-variant-message-went-live-at-cell.hbs: should pass TemplateLint" time="0.454"/><testcase classname="Chrome 53.0" name="Exam Partition #28 - TemplateLint - embercom/templates/apps/app/import/mailchimp.hbs: should pass TemplateLint" time="0.563"/><testcase classname="Chrome 53.0" name="Exam Partition #28 - TemplateLint - embercom/templates/components/users/profile/attribute-component.hbs: should pass TemplateLint" time="0.475"/><testcase classname="Chrome 53.0" name="Exam Partition #30 - Team Engage 2 | Integration: Messages - Message Show Page: Messaging a user from the stats list" time="7.034"/><testcase classname="Chrome 53.0" name="Exam Partition #26 - Team Observe | Unit: Selection State Model: createFromSelectedId toApi is valid" time="0.521"/><testcase classname="Chrome 53.0" name="Exam Partition #26 - TemplateLint - embercom/templates/apps/app/admins/admin/partials/-about.hbs: should pass TemplateLint" time="0.491"/><testcase classname="Chrome 53.0" name="Exam Partition #26 - model:selection-state - company selection state to user selection state: Converting company selection ids to user selection predicates" time="0.580"><error message="undefined"><![CDATA[    at http://localhost:7357/assets/tests.js:81349:16
    at tryCatch (http://localhost:7357/assets/vendor.js:68340:14)
    at invokeCallback (http://localhost:7357/assets/vendor.js:68355:15)
    at publish (http://localhost:7357/assets/vendor.js:68323:9)
    at http://localhost:7357/assets/vendor.js:46631:7
    at invokeWithOnError (http://localhost:7357/assets/vendor.js:14899:18)
    at Object.flush (http://localhost:7357/assets/vendor.js:14954:11)
    at Object.flush (http://localhost:7357/assets/vendor.js:14762:17)
    at Object.end (http://localhost:7357/assets/vendor.js:15117:25)
    at Object.run (http://localhost:7357/assets/vendor.js:15230:18)
    at Object.run (http://localhost:7357/assets/vendor.js:35751:27)
    at Object.<anonymous> (http://localhost:7357/assets/tests.js:81347:8)
    at runTest (http://localhost:7357/assets/test-support.js:2716:28)
    at Object.run (http://localhost:7357/assets/test-support.js:2701:4)
    at http://localhost:7357/assets/test-support.js:2843:11
    at process (http://localhost:7357/assets/test-support.js:2502:24)
    at begin (http://localhost:7357/assets/test-support.js:2484:2)
    at http://localhost:7357/assets/test-support.js:2544:4]]></error></testcase><testcase classname="Chrome 53.0" name="Exam Partition #28 - Team Engage 2 | Unit: Controller – Apps / App / Messages / Send Preview Email: hasErrors" time="0.682"/><testcase classname="Chrome 53.0" name="Exam Partition #28 - TemplateLint - embercom/templates/components/mailchimp-authorization-component.hbs: should pass TemplateLint" time="0.468"/><testcase classname="Chrome 53.0" name="Exam Partition #30 - Team Engage 3 | Unit | Model | variation-stats: opened - single recipient" time="0.951"/><testcase classname="Chrome 53.0" name="Exam Partition #30 - Team Platform | Unit: Controller – Apps / App / Settings / Messenger: supported locales are set correctly" time="0.704"/><testcase classname="Chrome 53.0" name="Exam Partition #26 - Team DX | Acceptance | Integrations | Hipchat: You should be able to manage your HipChat subscriptions" time="2.237"/><testcase classname="Chrome 53.0" name="Exam Partition #26 - model:selection-state - company selection state to user selection state: Converting company selection to user selection with a search term and deselected ids" time="0.469"><error message="undefined"><![CDATA[    at http://localhost:7357/assets/tests.js:81397:16
    at tryCatch (http://localhost:7357/assets/vendor.js:68340:14)
    at invokeCallback (http://localhost:7357/assets/vendor.js:68355:15)
    at publish (http://localhost:7357/assets/vendor.js:68323:9)
    at http://localhost:7357/assets/vendor.js:46631:7
    at invokeWithOnError (http://localhost:7357/assets/vendor.js:14899:18)
    at Object.flush (http://localhost:7357/assets/vendor.js:14954:11)
    at Object.flush (http://localhost:7357/assets/vendor.js:14762:17)
    at Object.end (http://localhost:7357/assets/vendor.js:15117:25)
    at Object.run (http://localhost:7357/assets/vendor.js:15230:18)
    at Object.run (http://localhost:7357/assets/vendor.js:35751:27)
    at Object.<anonymous> (http://localhost:7357/assets/tests.js:81395:8)
    at runTest (http://localhost:7357/assets/test-support.js:2716:28)
    at Object.run (http://localhost:7357/assets/test-support.js:2701:4)
    at http://localhost:7357/assets/test-support.js:2843:11
    at process (http://localhost:7357/assets/test-support.js:2502:24)
    at begin (http://localhost:7357/assets/test-support.js:2484:2)
    at http://localhost:7357/assets/test-support.js:2544:4]]></error></testcase><testcase classname="Chrome 53.0" name="Exam Partition #26 - Team Observe | Unit: Selection State Model: Selection state should calculate that it is a user message when it contains any user predicates within nested or predicates" time="0.575"/><testcase classname="Chrome 53.0" name="Exam Partition #26 - TemplateLint - embercom/templates/components/attributes/attribute.hbs: should pass TemplateLint" time="0.455"/><testcase classname="Chrome 53.0" name="Exam Partition #27 - Team DX | Acceptance | Integrations Hub: Integrations Hub: " time="4.510"/><testcase classname="Chrome 53.0" name="Exam Partition #30 - Team Engage 2 | Integration: Messages - Message Show Page: Directly loading the sent stats page" time="2.852"/><testcase classname="Chrome 53.0" name="Exam Partition #26 - Team Observe | Unit: Selection State Model: Selection state should calculate that it is a user message when the predicates are NULL" time="0.543"/><testcase classname="Chrome 53.0" name="Exam Partition #26 - TemplateLint - embercom/templates/components/guide/-web-integration-users-wordpress.hbs: should pass TemplateLint" time="0.438"/><testcase classname="Chrome 53.0" name="Exam Partition #26 - Team Engage 1 | Unit: Component - Predicates - Value Editors - Date Editor: The component initializes predicate properties correctly" time="0.825"/><testcase classname="Chrome 53.0" name="Exam Partition #27 - Team DX | Acceptance | Integrations Hub: Visiting an unknown integration page" time="1.743"/><testcase classname="Chrome 53.0" name="Exam Partition #26 - Team Observe | Unit: Selection State Model: toApi() is valid when all selected" time="0.498"/><testcase classname="Chrome 53.0" name="Exam Partition #26 - model:selection-state - company selection state to user selection state: Converting company selection to user selection with a search term" time="0.460"/><testcase classname="Chrome 53.0" name="Exam Partition #26 - TemplateLint - embercom/templates/components/educate/articles/owner-header-component.hbs: should pass TemplateLint" time="0.492"/><testcase classname="Chrome 53.0" name="Exam Partition #30 - Team Engage 2 | Integration: Messages - Message Show Page: Message Show page has the correct buttons for draft selection manual messages" time="3.063"/><testcase classname="Chrome 53.0" name="Exam Partition #26 - Team Observe | Unit: Selection State Model: Selection State should contain all or predicates if they are valid" time="0.558"/><testcase classname="Chrome 53.0" name="Exam Partition #27 - Team DX | Acceptance | Integrations Hub: Revoking Third Party Integrations" time="2.128"/><testcase classname="Chrome 53.0" name="Exam Partition #27 - TemplateLint - embercom/templates/components/message-filter-component.hbs: should pass TemplateLint" time="0.482"/><testcase classname="Chrome 53.0" name="Exam Partition #26 - model:selection-state - company selection state to user selection state: Converting company select all mode to user predicate" time="0.452"/><testcase classname="Chrome 53.0" name="Exam Partition #26 - General | Library: Number Formatter: It returns 0 for falsey values" time="0.495"/><testcase classname="Chrome 53.0" name="Exam Partition #27 - Team Acquire | Apps / App / Messages / Mixin/ PaywallCheck: Acquire Lite apps with no message set live will not see a paywall" time="0.583"/><testcase classname="Chrome 53.0" name="Exam Partition #27 - TemplateLint - embercom/templates/components/auto-resizing-textarea-component.hbs: should pass TemplateLint" time="0.454"/><testcase classname="Chrome 53.0" name="Exam Partition #30 - Team Engage 2 | Integration: Messages - Message Show Page: Message Show page has the correct buttons for auto messages" time="3.138"/><testcase classname="Chrome 53.0" name="Exam Partition #26 - Team Engage 1 | Integration: Messages - Message List - Manual Messages: Loading manual messages in the sent message list does not show failed stats" time="2.661"/><testcase classname="Chrome 53.0" name="Exam Partition #30 - Team Support 2 | Unit: Component - Conversation Summary: Admin note in card" time="0.627"/><testcase classname="Chrome 53.0" name="Exam Partition #26 - Team Observe | Unit: Selection State Model: Selection state should calculate that it is a company message when it only contains company predicates within an or predicate" time="0.507"/><testcase classname="Chrome 53.0" name="Exam Partition #26 - Team DX | Acceptance | Integrations | Hipchat: You should be able to add a HipChat integration" time="2.075"/><testcase classname="Chrome 53.0" name="Exam Partition #26 - TemplateLint - embercom/templates/apps/app/messages/partials/table-cells/auto/-single-variant-draft-auto-message-stats-table-cells.hbs: should pass TemplateLint" time="0.444"/><testcase classname="Chrome 53.0" name="Exam Partition #30 - Team Engage 2 | Integration: Messages - Message Show Page: Live button is disabled for invalid messages" time="2.722"/><testcase classname="Chrome 53.0" name="Exam Partition #30 - TemplateLint - embercom/templates/components/billing-settings-invoice-notifications-toggle-component.hbs: should pass TemplateLint" time="0.453"/><testcase classname="Chrome 53.0" name="Exam Partition #26 - Team Observe | Unit: Selection State Model: Selection state should calculate that it is a user message when it contains any user predicates within nested or predicates (User predicate outside the or)" time="0.530"/><testcase classname="Chrome 53.0" name="Exam Partition #26 - TemplateLint - embercom/templates/apps/app/import/csv/mapping.hbs: should pass TemplateLint" time="0.425"/><testcase classname="Chrome 53.0" name="Exam Partition #26 - TemplateLint - embercom/templates/components/users/profile/account-info-attribute-component.hbs: should pass TemplateLint" time="0.494"/><testcase classname="Chrome 53.0" name="Exam Partition #26 - Team Observe | Unit: Selection State Model: createFromSelectedId creates a single valid model instance" time="0.578"/><testcase classname="Chrome 53.0" name="Exam Partition #26 - TemplateLint - embercom/templates/components/language-dropdown-component.hbs: should pass TemplateLint" time="0.434"/><testcase classname="Chrome 53.0" name="Exam Partition #30 - Team Engage 2 | Integration: Messages - Message Show Page: Toggling message live state" time="2.236"/><testcase classname="Chrome 53.0" name="Exam Partition #30 - Team Engage 3 | Integration: Component - Message Filter Editor Component | Integration | Component | messages/message-filter-editor-component: Re-setting the selection state model in message does not re-enable the &quot;Add Rule&quot; button if at the limit of rules" time="0.696"/><testcase classname="Chrome 53.0" name="Exam Partition #30 - Team Engage 2 | Integration: Messages - Message Show Page: Show auto message stats page filters have correct paths" time="2.019"/><testcase classname="Chrome 53.0" name="Exam Partition #30 - Team Platform | Unit: Controller – Apps / App / Settings / Messenger: domains are correctly set when different from the data (dirty)" time="0.545"/><testcase classname="Chrome 53.0" name="Exam Partition #30 - expanding-input-component | Integration | Component | Team Platform | Integration: Component - Expanding Input: should validate keypresses when required" time="0.489"/><testcase classname="Chrome 53.0" name="Exam Partition #30 - Team Engage 2 | Integration: Messages - Message Show Page: Message Show page has the correct buttons for live selection manual messages" time="1.834"/><testcase classname="Chrome 53.0" name="Exam Partition #30 - Team Engage 2 | Integration: Messages - Message Show Page: Message Show page has the correct buttons for draft filter manual messages" time="1.842"/><testcase classname="Chrome 53.0" name="Exam Partition #30 - Team Support 2 | Unit: Component - Conversation Summary: Admin comment with name" time="0.501"/><testcase classname="Chrome 53.0" name="Exam Partition #30 - Team Engage 3 | Unit | Model | variation-stats: unopened - multiple recipients" time="0.521"/><testcase classname="Chrome 53.0" name="Exam Partition #30 - Team Acquire | Integration: Show page for visitor auto messages: Can update live/paused state" time="1.905"/><testcase classname="Chrome 53.0" name="Exam Partition #30 - TemplateLint - embercom/templates/components/predicates/join-type-editor.hbs: should pass TemplateLint" time="0.411"/><testcase classname="Chrome 53.0" name="Exam Partition #30 - TemplateLint - embercom/templates/components/guide/-web-integration-visitors-wordpress.hbs: should pass TemplateLint" time="0.460"/><testcase classname="Chrome 53.0" name="Exam Partition #30 - Team Engage 3 | Unit | Model | variation-stats: opened - multiple recipients" time="0.625"/><testcase classname="Chrome 53.0" name="Exam Partition #30 - Team Engage 2 | Integration: Messages - Message Show Page: Message Show page has the correct buttons for live filter based manual messages" time="1.808"/><testcase classname="Chrome 53.0" name="Exam Partition #30 - expanding-input-component | Integration | Component | Team Platform | Integration: Component - Expanding Input: should invoke change-value action when appropriate" time="0.540"/><testcase classname="Chrome 53.0" name="Exam Partition #30 - General | Library: positionPointer: left" time="0.434"/><testcase classname="Chrome 53.0" name="Exam Partition #30 - Team Engage 2 | Integration: Messages - Message Show Page: Message Show page shows the delivery window panel and pending users count" time="1.869"/><testcase classname="Chrome 53.0" name="Exam Partition #30 - TemplateLint - embercom/templates/apps/app/messages/partials/-auto-message-list-item.hbs: should pass TemplateLint" time="0.417"/><testcase classname="Chrome 53.0" name="Exam Partition #30 - Team Engage 3 | Integration: Copy message to parent app: Messages do not have copy button on test apps if feature is disabled" time="2.992"/><testcase classname="Chrome 53.0" name="Exam Partition #30 - Team Platform | Unit: Controller – Apps / App / Settings / Messenger: too long messages are not saved" time="0.504"/><testcase classname="Chrome 53.0" name="Exam Partition #30 - Team Engage 3 | Unit | Model | variation-stats: unopened - single recipient" time="0.521"/><testcase classname="Chrome 53.0" name="Exam Partition #30 - TemplateLint - embercom/templates/components/conversation/controls/actions-component.hbs: should pass TemplateLint" time="0.419"/><testcase classname="Chrome 53.0" name="Exam Partition #30 - Team Engage 2 | Integration: Messages - Message Show Page: Directly loading the opened stats page" time="1.751"/><testcase classname="Chrome 53.0" name="Exam Partition #30 - Team Support 2 | Unit: Component - Conversation Summary: Admin note" time="0.545"/><testcase classname="Chrome 53.0" name="Exam Partition #30 - Team Engage 2 | Integration: Messages - Message Show Page: Tagging a user from the stats list" time="2.310"/><testcase classname="Chrome 53.0" name="Exam Partition #30 - General | Library: positionPointer: aboveWithOffset negative case" time="0.470"/><testcase classname="Chrome 53.0" name="Exam Partition #30 - Team Engage 2 | Integration: Messages - Message Show Page: Admins without permission cannot go to the auto message show page" time="1.829"/><testcase classname="Chrome 53.0" name="Exam Partition #30 - Team Engage 3 | Unit | Model | variation-stats: opened and replied - single recipient" time="0.576"/><testcase classname="Chrome 53.0" name="Exam Partition #30 - Team Engage 2 | Integration: Messages - Message Show Page: Directly loading the clicked stats page" time="1.664"/><testcase classname="Chrome 53.0" name="Exam Partition #30 - TemplateLint - embercom/templates/apps/app/import/mailchimp/index.hbs: should pass TemplateLint" time="0.416"/><testcase classname="Chrome 53.0" name="Exam Partition #30 - General | Library: positionPointer: Show above if it does not fit below " time="0.524"/><testcase classname="Chrome 53.0" name="Exam Partition #30 - Team Support 2 | Unit: Component - Rules - List: _shiftItemsUp decrements the sort order for other rules when middle rule moves to the end" time="0.456"/><testcase classname="Chrome 53.0" name="Exam Partition #30 - Team Platform | Unit: Controller – Apps / App / Settings / Messenger: Standard Acquire customers can add multiple languages" time="0.487"/><testcase classname="Chrome 53.0" name="Exam Partition #30 - TemplateLint - embercom/templates/apps/app/billing/invoices/index.hbs: should pass TemplateLint" time="0.418"/><testcase classname="Chrome 53.0" name="Exam Partition #30 - Team Engage 3 | Unit | Model | variation-stats: Pusher Translations when everything is null makes the stats blank" time="0.544"/><testcase classname="Chrome 53.0" name="Exam Partition #30 - Team Support 2 | Unit: Component - Rules - List: _shiftItemsDown increments the sort order for other rules when middle rule moves to the start" time="0.462"/><testcase classname="Chrome 53.0" name="Exam Partition #30 - Team Support 2 | Unit: Component - Conversation Summary: User comment" time="0.475"/><testcase classname="Chrome 53.0" name="Exam Partition #30 - TemplateLint - embercom/templates/components/educate/folders/-chapter-header.hbs: should pass TemplateLint" time="0.412"/><testcase classname="Chrome 53.0" name="Exam Partition #30 - General | Library: positionPointer: leftWithOffset" time="0.466"/><testcase classname="Chrome 53.0" name="Exam Partition #30 - Team Support 2 | Unit: Component - Rules - List: _updateOtherItemsSortOrder calls _shiftItemsDown when newIndex &lt; oldIndex" time="0.500"/><testcase classname="Chrome 53.0" name="Exam Partition #30 - TemplateLint - embercom/templates/components/map-share-component.hbs: should pass TemplateLint" time="0.412"/><testcase classname="Chrome 53.0" name="Exam Partition #30 - General | Library: positionPointer: below" time="0.465"/><testcase classname="Chrome 53.0" name="Exam Partition #30 - Team Engage 2 | Integration: Messages - Message Show Page: Stats panel loads correctly and responds to select all" time="2.324"/><testcase classname="Chrome 53.0" name="Exam Partition #30 - Team Engage 2 | Integration: Messages - Message Show Page: The bounced stats page allows tagging but not messaging" time="2.440"/><testcase classname="Chrome 53.0" name="Exam Partition #30 - Team Support 2 | Unit: Component - Rules - List: _shiftItemsDown increments the sort order for other rules when last rule moves to the start" time="0.518"/><testcase classname="Chrome 53.0" name="Exam Partition #30 - Team Platform | Unit: Controller – Apps / App / Settings / Messenger: Acquire Lite customers must upgrade to set languages" time="0.488"/><testcase classname="Chrome 53.0" name="Exam Partition #30 - TemplateLint - embercom/templates/components/guide/steps/web-integration-users-component.hbs: should pass TemplateLint" time="0.412"/><testcase classname="Chrome 53.0" name="Exam Partition #30 - Team Support 2 | Unit: Component - Rules - List: _shiftItemsUp decrements the sort order for other rules when first rule moves to the end" time="0.495"/><testcase classname="Chrome 53.0" name="Exam Partition #30 - Team Support 2 | Unit: Component - Rules - List: _shiftAllAfter increments the sort order of all items from index" time="0.452"/><testcase classname="Chrome 53.0" name="Exam Partition #30 - Team Engage 2 | Integration: Messages - Message Show Page: Directly loading the goal stats page" time="1.670"/><testcase classname="Chrome 53.0" name="Exam Partition #30 - Team Engage 2 | Integration: Messages - Message Show Page: Message Show page has the correct buttons for live selection manual messages with stopped manual message feature enabled" time="2.092"/><testcase classname="Chrome 53.0" name="Exam Partition #30 - Team Support 2 | Unit: Component - Conversation Summary: Admin comment in card" time="0.544"/><testcase classname="Chrome 53.0" name="Exam Partition #30 - Team Engage 1 | Acceptance | messages/analyze: visiting Analyze" time="3.106"/><testcase classname="Chrome 53.0" name="Exam Partition #30 - Team Platform | Unit: Controller – Apps / App / Settings / Messenger: default locale is set as permitted when saved" time="0.481"/><testcase classname="Chrome 53.0" name="Exam Partition #30 - Team Platform | Unit: Controller – Apps / App / Settings / Messenger: Standard customers with an additional Lite package can add multiple languages" time="0.478"/><testcase classname="Chrome 53.0" name="Exam Partition #30 - TemplateLint - embercom/templates/components/about-acquire-component.hbs: should pass TemplateLint" time="0.426"/><testcase classname="Chrome 53.0" name="Exam Partition #30 - Team Support 2 | Unit: Component - Rules - List: _updateOtherItemsSortOrder calls _shiftItemsUp when newIndex > oldIndex" time="0.492"/><testcase classname="Chrome 53.0" name="Exam Partition #30 - TemplateLint - embercom/templates/apps/app/messages/partials/table-cells/lists/-campaign-selection-cell.hbs: should pass TemplateLint" time="0.426"/><testcase classname="Chrome 53.0" name="Exam Partition #30 - expanding-input-component | Integration | Component | Team Platform | Integration: Component - Expanding Input: Should change size to match placeholder when empty" time="0.560"/><testcase classname="Chrome 53.0" name="Exam Partition #30 - Team Engage 2 | Integration: Messages - Message Show Page: Directly loading the replied stats page" time="1.714"/><testcase classname="Chrome 53.0" name="Exam Partition #30 - TemplateLint - embercom/templates/components/messages/folders/message-folder-removal-component.hbs: should pass TemplateLint" time="0.412"/></testsuite>
