<testsuite name="Testem Tests" tests="308" skipped="0" failures="20" timestamp="Tue Nov 08 2016 14:50:30 GMT+0000 (UTC)" time="1204.734"><testcase classname="Chrome 53.0" name="Exam Partition #48 - TemplateLint - embercom/templates/guide/email-forwarding/setup/other.hbs: should pass TemplateLint" time="4.635"/><testcase classname="Chrome 53.0" name="Exam Partition #48 - TemplateLint - embercom/templates/apps/app/companies/company/account-info.hbs: should pass TemplateLint" time="0.503"/><testcase classname="Chrome 53.0" name="Exam Partition #49 - TemplateLint - embercom/templates/guide/email-forwarding/setup/yahoo.hbs: should pass TemplateLint" time="4.549"/><testcase classname="Chrome 53.0" name="Exam Partition #49 - TemplateLint - embercom/templates/apps/app/companies/company/conversations.hbs: should pass TemplateLint" time="0.470"/><testcase classname="Chrome 53.0" name="Exam Partition #50 - TemplateLint - embercom/templates/guide/email-forwarding/verify/google.hbs: should pass TemplateLint" time="4.394"/><testcase classname="Chrome 53.0" name="Exam Partition #50 - TemplateLint - embercom/templates/apps/app/companies/company/modals/company-delete.hbs: should pass TemplateLint" time="0.481"/><testcase classname="Chrome 53.0" name="Exam Partition #47 - TemplateLint - embercom/templates/guide/email-forwarding/setup/google.hbs: should pass TemplateLint" time="4.552"/><testcase classname="Chrome 53.0" name="Exam Partition #47 - TemplateLint - embercom/templates/apps/app/companies/company/-user-list-bulk-actions.hbs: should pass TemplateLint" time="0.500"/><testcase classname="Chrome 53.0" name="Exam Partition #46 - TemplateLint - embercom/templates/feature-upgrade-prompt.hbs: should pass TemplateLint" time="4.533"/><testcase classname="Chrome 53.0" name="Exam Partition #46 - TemplateLint - embercom/templates/apps/app/companies/company/-company-note.hbs: should pass TemplateLint" time="0.486"/><testcase classname="Chrome 53.0" name="Exam Partition #48 - Team Growth 1 | Unit: Model — Billing/Subscription: camelizes keys" time="0.591"/><testcase classname="Chrome 53.0" name="Exam Partition #46 - General | Unit: Helper - full-relative-time-helper: 2 mins" time="0.586"/><testcase classname="Chrome 53.0" name="Exam Partition #46 - TemplateLint - embercom/templates/components/modal-component.hbs: should pass TemplateLint" time="0.459"/><testcase classname="Chrome 53.0" name="Exam Partition #48 - TemplateLint - embercom/templates/components/modal/message.hbs: should pass TemplateLint" time="0.453"/><testcase classname="Chrome 53.0" name="Exam Partition #46 - Team Support 1 | Service: Inbox Service: Closing the current conversation" time="0.873"/><testcase classname="Chrome 53.0" name="Exam Partition #47 - Team Growth 1 | Unit: Model — Billing/Customer: camelizes keys" time="0.656"/><testcase classname="Chrome 53.0" name="Exam Partition #47 - TemplateLint - embercom/templates/components/modal/company-delete.hbs: should pass TemplateLint" time="0.455"/><testcase classname="Chrome 53.0" name="Exam Partition #48 - Team Observe | Integration: Component - Segment Filter Integer Predicate: clicking the first element shows a number input" time="2.723"/><testcase classname="Chrome 53.0" name="Exam Partition #48 - TemplateLint - embercom/templates/components/tooltips/color-picker-overlay.hbs: should pass TemplateLint" time="0.463"/><testcase classname="Chrome 53.0" name="Exam Partition #48 - Team Growth 1 | Unit: Model — Billing/Subscription: pricingModelIsCustom returns false when the pricingModelIdentifier is not defined" time="0.569"/><testcase classname="Chrome 53.0" name="Exam Partition #46 - Team Engage 1 | Integration: Component - Message Editor Push Chrome | Integration | Component | message-editor/content/push/chrome: Switching to Android preview works" time="2.798"/><testcase classname="Chrome 53.0" name="Exam Partition #46 - TemplateLint - embercom/templates/components/tooltips/backwards-compat.hbs: should pass TemplateLint" time="0.471"/><testcase classname="Chrome 53.0" name="Exam Partition #48 - Team Growth 1 | Unit: Model — Billing/Subscription: has correct attributes" time="0.490"/><testcase classname="Chrome 53.0" name="Exam Partition #48 - TemplateLint - embercom/templates/svgs/-standard-tooltip-caret.hbs: should pass TemplateLint" time="0.449"/><testcase classname="Chrome 53.0" name="Exam Partition #48 - TemplateLint - embercom/templates/components/acquisition/mixpanel-import-component.hbs: should pass TemplateLint" time="0.498"/><testcase classname="Chrome 53.0" name="Exam Partition #46 - Team Observe | Unit: Model - Attribute Model: it can match the name against a regex" time="0.573"/><testcase classname="Chrome 53.0" name="Exam Partition #49 - Team Observe | Integration: Company Profile: The account for the company profile loads" time="8.259"/><testcase classname="Chrome 53.0" name="Exam Partition #46 - Team Observe | Unit: Model - Attribute Model: it creates an attribute model with an identifier" time="0.504"/><testcase classname="Chrome 53.0" name="Exam Partition #46 - TemplateLint - embercom/templates/svgs/-resolve-content.hbs: should pass TemplateLint" time="0.448"/><testcase classname="Chrome 53.0" name="Exam Partition #46 - TemplateLint - embercom/templates/components/acquisition/import-complete-component.hbs: should pass TemplateLint" time="0.493"/><testcase classname="Chrome 53.0" name="Exam Partition #48 - Team Engage 1 | Integration: Component - Message Editor Variation Actions Component | Integration | Component | message-editor/content/variation-actions-component: displays deactivate button if message is live" time="2.005"/><testcase classname="Chrome 53.0" name="Exam Partition #48 - TemplateLint - embercom/templates/apps/app/inbox/partials/-common-caret-core.hbs: should pass TemplateLint" time="0.505"/><testcase classname="Chrome 53.0" name="Exam Partition #49 - TemplateLint - embercom/templates/components/modal/user-delete.hbs: should pass TemplateLint" time="0.502"/><testcase classname="Chrome 53.0" name="Exam Partition #49 - General | Unit: Helper - Inflector: Raw helper" time="0.556"/><testcase classname="Chrome 53.0" name="Exam Partition #48 - Team Growth 1 | Unit: Model — Billing/Subscription: priceSetLowerBound returns lower bound of price set" time="0.570"/><testcase classname="Chrome 53.0" name="Exam Partition #46 - Team Engage 1 | Integration: Component - Message Editor Push Chrome | Integration | Component | message-editor/content/push/chrome: When the app only has an Android SDK" time="0.948"/><testcase classname="Chrome 53.0" name="Exam Partition #46 - Team Support 1 | Service: Inbox Service: Changing sortDirection with subset loaded" time="0.574"/><testcase classname="Chrome 53.0" name="Exam Partition #48 - Team Engage 1 | Integration: Component - Message Editor Variation Actions Component | Integration | Component | message-editor/content/variation-actions-component: does not render the buttons on non multivariant messages" time="1.055"/><testcase classname="Chrome 53.0" name="Exam Partition #48 - Team Growth 1 | Unit: Model — Billing/Subscription: pricingModelIsCustom returns true when the pricingModelIdentifier is &quot;custom&quot;" time="0.529"/><testcase classname="Chrome 53.0" name="Exam Partition #46 - Team Support 1 | Service: Inbox Service: Closing the last conversation transitions you to the root" time="0.722"/><testcase classname="Chrome 53.0" name="Exam Partition #46 - TemplateLint - embercom/templates/apps/app/inbox/conversations/modals/saved-replies.hbs: should pass TemplateLint" time="0.493"/><testcase classname="Chrome 53.0" name="Exam Partition #49 - Team Engage 1 | Integration: Component - Message Editor Variation Details Component | Integration | Component | message-editor/content/variation-details-component: displays the correct text for badge" time="1.590"/><testcase classname="Chrome 53.0" name="Exam Partition #49 - TemplateLint - embercom/templates/components/tooltips/comment-tag.hbs: should pass TemplateLint" time="0.525"/><testcase classname="Chrome 53.0" name="Exam Partition #49 - General | Unit: Component – Color Edit Component: #invalidColor should return false for #aaa" time="0.601"/><testcase classname="Chrome 53.0" name="Exam Partition #48 - General | Services: Intercom GTM Service: start loads the required scripts" time="0.538"/><testcase classname="Chrome 53.0" name="Exam Partition #48 - General | Unit: Helper - IC Stamp: it works" time="0.447"/><testcase classname="Chrome 53.0" name="Exam Partition #46 - Team Observe | Unit: Model - Attribute Model: it doesnt match the name against a junk regex" time="0.642"/><testcase classname="Chrome 53.0" name="Exam Partition #46 - Team Support 1 | Service: Inbox Service: Changing inbox sets correct sort direction" time="0.557"/><testcase classname="Chrome 53.0" name="Exam Partition #50 - Team Observe | Integration: User Profile: Clicking add tag opens the modal" time="11.940"/><testcase classname="Chrome 53.0" name="Exam Partition #50 - TemplateLint - embercom/templates/components/oauth/oauth-editor.hbs: should pass TemplateLint" time="0.479"/><testcase classname="Chrome 53.0" name="Exam Partition #47 - Team Observe | Integration: User List - Bulk Actions - Tagging: The tagging modal opens on click" time="10.266"/><testcase classname="Chrome 53.0" name="Exam Partition #47 - TemplateLint - embercom/templates/components/tooltips/campaign-membership-dates.hbs: should pass TemplateLint" time="0.478"/><testcase classname="Chrome 53.0" name="Exam Partition #46 - Team Engage 1 | Integration: Component - Message Editor Push Chrome | Integration | Component | message-editor/content/push/chrome: renders the component" time="0.787"><error message="It renders iOS chrome by default"><![CDATA[    at Object.<anonymous> (http://localhost:7357/assets/tests.js:45832:12)
    at Object.wrapper (http://localhost:7357/assets/test-support.js:6878:29)
    at runTest (http://localhost:7357/assets/test-support.js:2716:28)
    at Object.run (http://localhost:7357/assets/test-support.js:2701:4)
    at http://localhost:7357/assets/test-support.js:2843:11
    at process (http://localhost:7357/assets/test-support.js:2502:24)]]></error></testcase><testcase classname="Chrome 53.0" name="Exam Partition #49 - Team Growth 2 | Unit: Component - Guide / Steps / Ios Integration Component: isPolling is initialized to true" time="0.545"/><testcase classname="Chrome 53.0" name="Exam Partition #47 - Team Growth 1 | Unit: Model — Billing/Customer: hasEverHadSubscription is false when the customer has neither an active subscription nor a previous one" time="0.648"/><testcase classname="Chrome 53.0" name="Exam Partition #49 - TemplateLint - embercom/templates/svgs/-stop-manually.hbs: should pass TemplateLint" time="0.472"/><testcase classname="Chrome 53.0" name="Exam Partition #49 - TemplateLint - embercom/templates/components/acquisition/single-page-app-snippet-component.hbs: should pass TemplateLint" time="0.515"/><testcase classname="Chrome 53.0" name="Exam Partition #50 - Team Engage 2 | Unit: Model - Campaign: Changing predicate properties changes the campaign dirty state" time="0.771"/><testcase classname="Chrome 53.0" name="Exam Partition #46 - Team Observe | Unit: Model - Attribute Model: it finds the predicates for an attribute from a list of segment predicates" time="0.499"/><testcase classname="Chrome 53.0" name="Exam Partition #46 - Team Support 1 | Service: Inbox Service: Fetching a page when other convos are loaded and a current conversation" time="0.534"/><testcase classname="Chrome 53.0" name="Exam Partition #47 - Team Growth 1 | Unit: Model — Billing/Customer: has correct attributes" time="0.526"/><testcase classname="Chrome 53.0" name="Exam Partition #49 - Team Engage 1 | Integration: Component - Message Editor Variation Details Component | Integration | Component | message-editor/content/variation-details-component: displays the correct text for chat" time="0.887"/><testcase classname="Chrome 53.0" name="Exam Partition #49 - General | Unit: Helper - Inflector: Don't add an 's' to a singular" time="0.460"/><testcase classname="Chrome 53.0" name="Exam Partition #47 - TemplateLint - embercom/templates/svgs/-saved-reply-icon.hbs: should pass TemplateLint" time="0.473"/><testcase classname="Chrome 53.0" name="Exam Partition #47 - TemplateLint - embercom/templates/components/acquisition/ios-installation-custom-data-snippet-component.hbs: should pass TemplateLint" time="0.552"/><testcase classname="Chrome 53.0" name="Exam Partition #46 - Team Growth 2 | Unit: Component - Guide / Steps / Intercom Mobile App Component: completeStep action completes the step and calls stepDone" time="0.602"/><testcase classname="Chrome 53.0" name="Exam Partition #50 - Team Engage 1 | Integration: Component - Message Editor Variation Switcher Component | Integration | Component | message-editor/content/variation-switcher: The component shows a no preview warning for an email or push message when in the message tab" time="1.379"/><testcase classname="Chrome 53.0" name="Exam Partition #49 - Team Engage 1 | Unit: Model - CampaignMessagePreview: usersEvaluatedPercentage - initial state should be zero" time="0.609"/><testcase classname="Chrome 53.0" name="Exam Partition #49 - TemplateLint - embercom/templates/apps/app/inbox/partials/-error-in-conversation.hbs: should pass TemplateLint" time="0.457"/><testcase classname="Chrome 53.0" name="Exam Partition #47 - Team Observe | Integration: Component - Segment Filter Float Predicate: clicking the first element shows a number input" time="1.168"/><testcase classname="Chrome 53.0" name="Exam Partition #50 - TemplateLint - embercom/templates/components/tooltips/conversation-participants.hbs: should pass TemplateLint" time="0.483"/><testcase classname="Chrome 53.0" name="Exam Partition #49 - General | Unit: Component – Color Edit Component: #invalidColor should return true for #kkkkk1" time="0.563"/><testcase classname="Chrome 53.0" name="Exam Partition #49 - Team Engage 1 | Integration: Component - Message Editor Variation Details Component | Integration | Component | message-editor/content/variation-details-component: displays the correct text for post" time="0.817"/><testcase classname="Chrome 53.0" name="Exam Partition #47 - General | Services: Intercom Event Service: trackEvent accepts metadata" time="0.551"/><testcase classname="Chrome 53.0" name="Exam Partition #47 - TemplateLint - embercom/templates/apps/app/inbox/conversations/modals/tagging.hbs: should pass TemplateLint" time="0.457"/><testcase classname="Chrome 53.0" name="Exam Partition #47 - Team Growth 1 | Unit: Model — Billing/Customer: subscriptionWasCancelled is true if subscriptionCancelledAt has any value" time="0.537"/><testcase classname="Chrome 53.0" name="Exam Partition #49 - General | Unit: Component – Color Edit Component: the lastUsedColor should be value initially" time="0.540"/><testcase classname="Chrome 53.0" name="Exam Partition #49 - General | Unit: Component – Color Edit Component: #invalidColor should return true for #aa" time="0.557"/><testcase classname="Chrome 53.0" name="Exam Partition #48 - Team Observe | Integration: User List - Displayed Attributes: Associated companies should be displayed" time="6.751"/><testcase classname="Chrome 53.0" name="Exam Partition #49 - segment-filter/ios-device-predicate-component | Integration | Component | Team Observe | Integration: Component - Segment Filter iOS Device Predicate: clicking option shows a select with options" time="1.598"/><testcase classname="Chrome 53.0" name="Exam Partition #48 - General | Unit: Helper - IC Stamp: blank state returns an empty, unstyled span" time="0.527"/><testcase classname="Chrome 53.0" name="Exam Partition #48 - TemplateLint - embercom/templates/components/conversation/stream/admin-link-component.hbs: should pass TemplateLint" time="0.495"/><testcase classname="Chrome 53.0" name="Exam Partition #47 - Team Engage 1 | Integration: Component - Message Editor Push Editor | Integration | Component | message-editor/content/push/editor: renders the component with the correct text" time="2.651"/><testcase classname="Chrome 53.0" name="Exam Partition #48 - General | Unit: Helper - IC Stamp: with additional classes" time="0.587"/><testcase classname="Chrome 53.0" name="Exam Partition #49 - Team Engage 1 | Integration: Component - Message Editor Variation Details Component | Integration | Component | message-editor/content/variation-details-component: displays went live for live messages" time="0.841"/><testcase classname="Chrome 53.0" name="Exam Partition #47 - Team Growth 1 | Unit: Model — Billing/Customer: hasEverHadSubscription is true when the customer has an active subscription" time="0.546"/><testcase classname="Chrome 53.0" name="Exam Partition #48 - Team Observe | Integration: Component - Segment Filter Integer Predicate: clicking unknown shows no input" time="0.960"/><testcase classname="Chrome 53.0" name="Exam Partition #49 - Team Engage 3 | Services | mutation service: mutating notifies the subscriber" time="0.772"/><testcase classname="Chrome 53.0" name="Exam Partition #47 - Team Growth 1 | Unit: Model — Billing/Customer: subscriptionWasCancelled is false if subscriptionCancelledAt has no value" time="0.516"/><testcase classname="Chrome 53.0" name="Exam Partition #47 - General | Unit: Helper - Ghost Text: With an integer" time="0.482"/><testcase classname="Chrome 53.0" name="Exam Partition #48 - Team Observe | Integration: Component - Segment Filter Integer Predicate: shows number predicate options" time="0.908"/><testcase classname="Chrome 53.0" name="Exam Partition #48 - General | Unit: Component – Background Select Component: the background should be selected initially" time="0.637"/><testcase classname="Chrome 53.0" name="Exam Partition #50 - Team Observe | Integration: User Profile: Creating a new tag" time="7.603"/><testcase classname="Chrome 53.0" name="Exam Partition #48 - General | Unit: Component – Background Select Component: element should not have o__selected when selectedBackground is changed" time="0.584"/><testcase classname="Chrome 53.0" name="Exam Partition #48 - TemplateLint - embercom/templates/components/select-component.hbs: should pass TemplateLint" time="0.457"/><testcase classname="Chrome 53.0" name="Exam Partition #48 - TemplateLint - embercom/templates/components/inbox/search-component.hbs: should pass TemplateLint" time="0.499"/><testcase classname="Chrome 53.0" name="Exam Partition #48 - Team Growth 2 | Unit: Component - Guide / Steps / Ios Events Component: isPolling is initialized to true" time="0.756"/><testcase classname="Chrome 53.0" name="Exam Partition #48 - Team Engage 1 | Integration: Component - Message Editor Variation Actions Component | Integration | Component | message-editor/content/variation-actions-component: displays the delete variation button when multiple variations" time="1.075"/><testcase classname="Chrome 53.0" name="Exam Partition #49 - Team Observe | Integration: Company Profile: The user list for the company loads" time="5.431"/><testcase classname="Chrome 53.0" name="Exam Partition #49 - TemplateLint - embercom/templates/components/conversation/stream/admin-message-component.hbs: should pass TemplateLint" time="0.470"/><testcase classname="Chrome 53.0" name="Exam Partition #47 - Team Observe | Integration: User List - Bulk Actions - Tagging: The tagging modal closes when the background is clicked" time="6.017"/><testcase classname="Chrome 53.0" name="Exam Partition #48 - Team Observe | Integration: Component - Segment Filter Integer Predicate: clicking known shows no input" time="1.008"/><testcase classname="Chrome 53.0" name="Exam Partition #48 - TemplateLint - embercom/templates/apps/app/modals/developer-policy-acceptance.hbs: should pass TemplateLint" time="0.466"/><testcase classname="Chrome 53.0" name="Exam Partition #48 - TemplateLint - embercom/templates/components/feature-upgrade-prompt-component.hbs: should pass TemplateLint" time="0.495"/><testcase classname="Chrome 53.0" name="Exam Partition #48 - General | Services: Intercom GTM Service: recordPageView starts the service and records a page view" time="0.588"/><testcase classname="Chrome 53.0" name="Exam Partition #50 - Team Observe | Integration: User Profile: Clicking add tag opens the modal " time="5.672"/><testcase classname="Chrome 53.0" name="Exam Partition #50 - TemplateLint - embercom/templates/svgs/-user-hovercard-caret.hbs: should pass TemplateLint" time="0.475"/><testcase classname="Chrome 53.0" name="Exam Partition #47 - Team Growth 1 | Unit: Model — Billing/Customer: knows the endpoint" time="0.501"/><testcase classname="Chrome 53.0" name="Exam Partition #47 - TemplateLint - embercom/templates/components/conversation/stream/admin-comment-component.hbs: should pass TemplateLint" time="0.458"/><testcase classname="Chrome 53.0" name="Exam Partition #47 - General | Unit: Helper - Ghost Text: With a string" time="0.492"/><testcase classname="Chrome 53.0" name="Exam Partition #50 - General | Services: Notifications Service: Getting errors for a 422" time="0.587"/><testcase classname="Chrome 53.0" name="Exam Partition #50 - TemplateLint - embercom/templates/components/acquisition/static-tooltip.hbs: should pass TemplateLint" time="0.457"/><testcase classname="Chrome 53.0" name="Exam Partition #48 - Team Growth 1 | Unit: Model — Billing/Subscription: pricingModelIsCustom returns false when the pricingModelIdentifier is not &quot;custom&quot;" time="0.511"/><testcase classname="Chrome 53.0" name="Exam Partition #49 - Team Observe | Integration: Company Profile: Loading the company profile displays a company and selected attributes" time="3.362"/><testcase classname="Chrome 53.0" name="Exam Partition #50 - Team Engage 1 | Integration: Component - Message Editor Variation Switcher Component | Integration | Component | message-editor/content/variation-switcher: Clicking a stats button sends a changeView action with the correct view" time="1.206"/><testcase classname="Chrome 53.0" name="Exam Partition #48 - TemplateLint - embercom/templates/apps/app/messages/partials/editor/-company-attributes-explanation.hbs: should pass TemplateLint" time="0.485"/><testcase classname="Chrome 53.0" name="Exam Partition #48 - TemplateLint - embercom/templates/apps/app/engage/messages/auto/folders/folder.hbs: should pass TemplateLint" time="0.486"/><testcase classname="Chrome 53.0" name="Exam Partition #48 - TemplateLint - embercom/templates/components/guide/steps/android-custom-data-component.hbs: should pass TemplateLint" time="0.519"/><testcase classname="Chrome 53.0" name="Exam Partition #48 - TemplateLint - embercom/templates/components/message-variation-reply-to-dropdown-component.hbs: should pass TemplateLint" time="0.514"/><testcase classname="Chrome 53.0" name="Exam Partition #50 - Team Engage 2 | Unit: Model - Campaign: The model is correctly loaded" time="0.578"/><testcase classname="Chrome 53.0" name="Exam Partition #49 - Team Engage 1 | Integration: Component - Message Editor Variation Details Component | Integration | Component | message-editor/content/variation-details-component: it does not display message style or delivery option for emails" time="0.762"/><testcase classname="Chrome 53.0" name="Exam Partition #49 - General | Unit: Helper - Inflector: Render specific cases correctly" time="0.477"/><testcase classname="Chrome 53.0" name="Exam Partition #48 - Team Growth 1 | Unit: Model — Billing/Subscription: has no relationships" time="0.547"/><testcase classname="Chrome 53.0" name="Exam Partition #48 - TemplateLint - embercom/templates/components/message-editor/channel/title-component.hbs: should pass TemplateLint" time="0.451"/><testcase classname="Chrome 53.0" name="Exam Partition #47 - Team Observe | Integration: User List - Bulk Actions - Tagging: The tagging modal opens when no users are selected" time="3.302"/><testcase classname="Chrome 53.0" name="Exam Partition #49 - Team Engage 1 | Integration: Component - Message Editor Variation Details Component | Integration | Component | message-editor/content/variation-details-component: displays the correct text for full" time="0.732"/><testcase classname="Chrome 53.0" name="Exam Partition #50 - Team Engage 2 | Unit: Model - Campaign: State properties are correct" time="0.580"/><testcase classname="Chrome 53.0" name="Exam Partition #50 - TemplateLint - embercom/templates/apps/app/inbox/partials/-is-locked-conversation-overlay.hbs: should pass TemplateLint" time="0.440"/><testcase classname="Chrome 53.0" name="Exam Partition #47 - General | Services: Intercom Event Service: trackEvent clobbers app_id_code and admin_id" time="0.505"/><testcase classname="Chrome 53.0" name="Exam Partition #49 - Team Engage 1 | Integration: Component - Message Editor Variation Details Component | Integration | Component | message-editor/content/variation-details-component: does not display last sent time when it is null" time="0.603"/><testcase classname="Chrome 53.0" name="Exam Partition #50 - General | Services: Notifications Service: with a message provided for a certain status" time="0.530"/><testcase classname="Chrome 53.0" name="Exam Partition #47 - Team Observe | Integration: Component - Segment Filter Float Predicate: clicking known shows no input" time="0.702"/><testcase classname="Chrome 53.0" name="Exam Partition #48 - General | Unit: Component – Background Select Component: initial class name should have o__selected and o__background-1" time="0.536"/><testcase classname="Chrome 53.0" name="Exam Partition #49 - segment-filter/ios-device-predicate-component | Integration | Component | Team Observe | Integration: Component - Segment Filter iOS Device Predicate: shows number predicate options" time="0.541"/><testcase classname="Chrome 53.0" name="Exam Partition #48 - TemplateLint - embercom/templates/apps/app/account/loading.hbs: should pass TemplateLint" time="0.461"/><testcase classname="Chrome 53.0" name="Exam Partition #48 - TemplateLint - embercom/templates/components/campaigns/list/list-header.hbs: should pass TemplateLint" time="0.476"/><testcase classname="Chrome 53.0" name="Exam Partition #47 - Team Observe | Unit: Component Segment Search Component: the onDown functionality works as expected" time="0.638"/><testcase classname="Chrome 53.0" name="Exam Partition #48 - TemplateLint - embercom/templates/apps/app/users-and-companies/filter-count-summary.hbs: should pass TemplateLint" time="0.509"/><testcase classname="Chrome 53.0" name="Exam Partition #49 - Team Engage 1 | Unit: Model - CampaignMessagePreview: usersEvaluatedPercentage - percentages are rounded up while the evaluation is underway" time="0.557"/><testcase classname="Chrome 53.0" name="Exam Partition #48 - Team Engage 1 | Integration: Component - Message Editor Variation Actions Component | Integration | Component | message-editor/content/variation-actions-component: displays activate button if message is not live" time="0.829"/><testcase classname="Chrome 53.0" name="Exam Partition #48 - TemplateLint - embercom/templates/components/rules/admin-dropdown-opener.hbs: should pass TemplateLint" time="0.455"/><testcase classname="Chrome 53.0" name="Exam Partition #49 - General | Unit: Helper - Inflector: Takes custom pluralForm" time="0.501"/><testcase classname="Chrome 53.0" name="Exam Partition #49 - TemplateLint - embercom/templates/components/selectable-list.hbs: should pass TemplateLint" time="0.521"/><testcase classname="Chrome 53.0" name="Exam Partition #49 - TemplateLint - embercom/templates/components/inbox/selector-dropdown-component.hbs: should pass TemplateLint" time="0.517"/><testcase classname="Chrome 53.0" name="Exam Partition #47 - Team Observe | Unit: Component Segment Search Component: the onEnter functionality works as expected" time="0.559"/><testcase classname="Chrome 53.0" name="Exam Partition #47 - TemplateLint - embercom/templates/components/segmented-buttons-component.hbs: should pass TemplateLint" time="0.462"/><testcase classname="Chrome 53.0" name="Exam Partition #47 - TemplateLint - embercom/templates/components/inbox/nav-team-selector-component.hbs: should pass TemplateLint" time="0.491"/><testcase classname="Chrome 53.0" name="Exam Partition #47 - Team Growth 2 | Unit: Component - Guide / Steps / Ios Custom Data Component: isPolling is initialized to true" time="0.571"/><testcase classname="Chrome 53.0" name="Exam Partition #49 - Team Engage 1 | Integration: Component - Message Editor Variation Details Component | Integration | Component | message-editor/content/variation-details-component: displays the last sent time if it exists" time="0.711"/><testcase classname="Chrome 53.0" name="Exam Partition #50 - Team Observe | Integration: User Profile: Adding a note" time="3.391"/><testcase classname="Chrome 53.0" name="Exam Partition #49 - Team Engage 1 | Integration: Component - Message Editor Variation Details Component | Integration | Component | message-editor/content/variation-details-component: displays the correct text for snippet" time="0.586"/><testcase classname="Chrome 53.0" name="Exam Partition #50 - General | Services: Notifications Service: With a default message provided" time="0.485"/><testcase classname="Chrome 53.0" name="Exam Partition #50 - Team Engage 1 | Integration: Component - Message Editor Variation Switcher Component | Integration | Component | message-editor/content/variation-switcher: Variation buttons are not shown for message that only has a single variation" time="0.688"/><testcase classname="Chrome 53.0" name="Exam Partition #49 - Team Engage 1 | Integration: Component - Message Editor Variation Details Component | Integration | Component | message-editor/content/variation-details-component: it does not display message style or delivery option for push" time="0.563"/><testcase classname="Chrome 53.0" name="Exam Partition #49 - TemplateLint - embercom/templates/apps/app/modals/educate-import-modal.hbs: should pass TemplateLint" time="0.434"/><testcase classname="Chrome 53.0" name="Exam Partition #47 - Team Observe | Integration: Component - Segment Filter Float Predicate: clicking unknown shows no input" time="2.089"/><testcase classname="Chrome 53.0" name="Exam Partition #49 - Team Engage 1 | Unit: Model - CampaignMessagePreview: usersEvaluatedPercentage - evaluation complete but with no results" time="0.531"/><testcase classname="Chrome 53.0" name="Exam Partition #49 - TemplateLint - embercom/templates/components/feature-upgrade-prompt-hover-component.hbs: should pass TemplateLint" time="0.472"/><testcase classname="Chrome 53.0" name="Exam Partition #49 - General | Unit: Component – Color Edit Component: #invalidColor should return true for aaaaaa" time="0.583"/><testcase classname="Chrome 53.0" name="Exam Partition #49 - Team Engage 3 | Services | mutation service: subscribing and unsubscribing works" time="0.581"/><testcase classname="Chrome 53.0" name="Exam Partition #49 - General | Unit: Component – Color Edit Component: #invalidColor should return false for #abcd11" time="0.517"/><testcase classname="Chrome 53.0" name="Exam Partition #49 - General | Unit: Helper - Inflector: Add an 's' to a plural" time="0.469"/><testcase classname="Chrome 53.0" name="Exam Partition #50 - Team Observe | Integration: User Profile: Removing a tag through modal" time="4.072"/><testcase classname="Chrome 53.0" name="Exam Partition #47 - Team Observe | Integration: User List - Bulk Actions - Tagging: The tagging modal closes when dismissed" time="3.167"/><testcase classname="Chrome 53.0" name="Exam Partition #47 - TemplateLint - embercom/templates/apps/app/modals/block-user.hbs: should pass TemplateLint" time="0.429"/><testcase classname="Chrome 53.0" name="Exam Partition #50 - General | Services: Notifications Service: Getting errors for a 422 when a custom message is defined" time="0.469"/><testcase classname="Chrome 53.0" name="Exam Partition #47 - TemplateLint - embercom/templates/components/expanding-textarea-component.hbs: should pass TemplateLint" time="0.478"/><testcase classname="Chrome 53.0" name="Exam Partition #49 - General | Unit: Component – Color Edit Component: #changeColor should not set the last used color to the inputs' color if the color is invalid" time="0.528"/><testcase classname="Chrome 53.0" name="Exam Partition #49 - TemplateLint - embercom/templates/apps/app/messages/partials/editor/-edit-message-step-buttons.hbs: should pass TemplateLint" time="0.429"/><testcase classname="Chrome 53.0" name="Exam Partition #49 - TemplateLint - embercom/templates/apps/app/engage/messages/auto/live.hbs: should pass TemplateLint" time="0.456"/><testcase classname="Chrome 53.0" name="Exam Partition #47 - Team Growth 1 | Unit: Model — Billing/Customer: subscriptionWillBeCancelled is true if subscriptionWillBeCancelledAt has any value" time="0.543"/><testcase classname="Chrome 53.0" name="Exam Partition #47 - Team Growth 1 | Unit: Model — Billing/Customer: hasEverHadSubscription is true when the customer previously had a subscription" time="0.529"/><testcase classname="Chrome 53.0" name="Exam Partition #49 - Team Engage 3 | Services | mutation service: mutating an unsubscribed model does not notify a subscriber" time="0.674"/><testcase classname="Chrome 53.0" name="Exam Partition #49 - TemplateLint - embercom/templates/components/guide/steps/android-events-component.hbs: should pass TemplateLint" time="0.448"/><testcase classname="Chrome 53.0" name="Exam Partition #47 - General | Services: Intercom Event Service: trackEvent fills in app and admin metadata" time="0.532"/><testcase classname="Chrome 53.0" name="Exam Partition #49 - Team Engage 3 | Services | mutation service: Ensures Ember's private _debugContainerKey property is present" time="0.677"/><testcase classname="Chrome 53.0" name="Exam Partition #49 - TemplateLint - embercom/templates/components/message-variation-state-component.hbs: should pass TemplateLint" time="0.416"/><testcase classname="Chrome 53.0" name="Exam Partition #49 - Team Growth 2 | Unit: Component - Guide / Steps / Ios Integration Component: adminCanStartTrial corresponds to adminPermission.can_access_settings_and_billing" time="0.533"/><testcase classname="Chrome 53.0" name="Exam Partition #47 - Team Growth 1 | Unit: Model — Billing/Customer: latestUserCountDisplayFigure matches the latest user count if the latest user count is greater than 250" time="0.474"/><testcase classname="Chrome 53.0" name="Exam Partition #50 - Team Observe | Integration: User Profile: Clicking on Message button opens composer modal" time="3.572"/><testcase classname="Chrome 53.0" name="Exam Partition #49 - General | Unit: Component – Color Edit Component: if input has invalid color, on input focus out it should be replaced with last used color" time="0.509"/><testcase classname="Chrome 53.0" name="Exam Partition #49 - TemplateLint - embercom/templates/components/message-editor/content/push/chrome.hbs: should pass TemplateLint" time="0.439"/><testcase classname="Chrome 53.0" name="Exam Partition #47 - TemplateLint - embercom/templates/apps/app/messages/partials/edit-page/edit.hbs: should pass TemplateLint" time="0.476"/><testcase classname="Chrome 53.0" name="Exam Partition #47 - TemplateLint - embercom/templates/apps/app/engage/messages/auto/edit-loading.hbs: should pass TemplateLint" time="0.489"/><testcase classname="Chrome 53.0" name="Exam Partition #47 - TemplateLint - embercom/templates/components/guide/steps/acquire-auto-message-component.hbs: should pass TemplateLint" time="0.492"/><testcase classname="Chrome 53.0" name="Exam Partition #47 - TemplateLint - embercom/templates/components/message-variation-email-sender-component.hbs: should pass TemplateLint" time="0.469"/><testcase classname="Chrome 53.0" name="Exam Partition #49 - General | Unit: Component – Color Edit Component: #isInvalidKeyCodePressed should return true when any letter other than [0-9][a-f][#][cut,copy,paste,delete] is pressed" time="0.546"/><testcase classname="Chrome 53.0" name="Exam Partition #47 - Team Growth 1 | Unit: Model — Billing/Customer: has correct relationships" time="0.546"/><testcase classname="Chrome 53.0" name="Exam Partition #49 - Team Engage 1 | Integration: Component - Message Editor Variation Details Component | Integration | Component | message-editor/content/variation-details-component: does not display went live for non-live messages" time="0.632"/><testcase classname="Chrome 53.0" name="Exam Partition #47 - Team Growth 1 | Unit: Model — Billing/Customer: billingUserCount returns greater of latest user count or lower bound of price set" time="0.492"/><testcase classname="Chrome 53.0" name="Exam Partition #47 - TemplateLint - embercom/templates/components/message-editor/buttons/variation-switcher-button.hbs: should pass TemplateLint" time="0.452"/><testcase classname="Chrome 53.0" name="Exam Partition #47 - Team Growth 1 | Unit: Model — Billing/Customer: subscriptionWillBeCancelled is false if subscriptionWillBeCancelledAt has no value" time="0.514"/><testcase classname="Chrome 53.0" name="Exam Partition #50 - Team Observe | Integration: User Profile: Conversation switcher transitions to conversations and messages route" time="2.879"/><testcase classname="Chrome 53.0" name="Exam Partition #49 - Team Engage 1 | Unit: Model - CampaignMessagePreview: usersEvaluatedPercentage - percentages are capped at 100% (usersToBeConsidered is an estimate)" time="0.502"/><testcase classname="Chrome 53.0" name="Exam Partition #49 - TemplateLint - embercom/templates/apps/app/account/notifications-ask-modal.hbs: should pass TemplateLint" time="0.455"/><testcase classname="Chrome 53.0" name="Exam Partition #49 - TemplateLint - embercom/templates/components/campaigns/list/message-move-row.hbs: should pass TemplateLint" time="0.479"/><testcase classname="Chrome 53.0" name="Exam Partition #50 - segment-filter/ios-version-predicate-component | Integration | Component | Team Observe | Integration: Component - Segment Filter iOS Version Predicate: clicking option shows a select with options" time="0.691"/><testcase classname="Chrome 53.0" name="Exam Partition #47 - Team Observe | Unit: Component Segment Search Component: the onUp functionality works as expected" time="0.515"/><testcase classname="Chrome 53.0" name="Exam Partition #49 - Team Engage 3 | Services | mutation service: #_getModelKey" time="0.660"/><testcase classname="Chrome 53.0" name="Exam Partition #50 - Team Engage 2 | Unit: Model - Campaign: It is valid to send with all valid messages" time="0.516"/><testcase classname="Chrome 53.0" name="Exam Partition #49 - TemplateLint - embercom/templates/apps/app/users-and-companies/modals/export.hbs: should pass TemplateLint" time="0.442"/><testcase classname="Chrome 53.0" name="Exam Partition #47 - TemplateLint - embercom/templates/apps/app/account/general.hbs: should pass TemplateLint" time="0.497"/><testcase classname="Chrome 53.0" name="Exam Partition #47 - TemplateLint - embercom/templates/components/campaigns/list/list-body.hbs: should pass TemplateLint" time="0.479"/><testcase classname="Chrome 53.0" name="Exam Partition #47 - TemplateLint - embercom/templates/apps/app/trial.hbs: should pass TemplateLint" time="0.503"/><testcase classname="Chrome 53.0" name="Exam Partition #49 - Team Engage 1 | Integration: Component - Message Editor Variation Details Component | Integration | Component | message-editor/content/variation-details-component: displays the correct text for note" time="0.742"/><testcase classname="Chrome 53.0" name="Exam Partition #49 - General | Unit: Component – Color Edit Component: #changeColor should set the last used color to the inputs' color if the color is valid" time="0.541"/><testcase classname="Chrome 53.0" name="Exam Partition #49 - TemplateLint - embercom/templates/components/rules/list-component.hbs: should pass TemplateLint" time="0.450"/><testcase classname="Chrome 53.0" name="Exam Partition #47 - Team Observe | Integration: Component - Segment Filter Float Predicate: shows number predicate options" time="0.822"/><testcase classname="Chrome 53.0" name="Exam Partition #47 - Team Growth 1 | Unit: Model — Billing/Customer: latestUserCountDisplayFigure is 250 if the latest user count is less than 250" time="0.503"/><testcase classname="Chrome 53.0" name="Exam Partition #47 - TemplateLint - embercom/templates/components/rules/actions/conversation-assign-to-component.hbs: should pass TemplateLint" time="0.437"/><testcase classname="Chrome 53.0" name="Exam Partition #50 - Team Observe | Integration: User Profile: Conversation switcher transitions to conversations route" time="2.859"/><testcase classname="Chrome 53.0" name="Exam Partition #50 - TemplateLint - embercom/templates/components/conversation/stream/admin-note-component.hbs: should pass TemplateLint" time="0.434"/><testcase classname="Chrome 53.0" name="Exam Partition #50 - Team Observe | Integration: User Profile: Conversation switcher transitions to messages route" time="2.340"/><testcase classname="Chrome 53.0" name="Exam Partition #50 - Team Engage 1 | Integration: Component - Message Editor Variation Switcher Component | Integration | Component | message-editor/content/variation-switcher: Reactions are shown if the variation has them" time="0.676"/><testcase classname="Chrome 53.0" name="Exam Partition #50 - Team Engage 2 | Unit: Model - Campaign: Adding a predicate causes the model to become dirty" time="0.490"/><testcase classname="Chrome 53.0" name="Exam Partition #50 - General | Services: Notifications Service: with a message provided by the response for a status" time="0.449"/><testcase classname="Chrome 53.0" name="Exam Partition #50 - Team Engage 1 | Integration: Component - Message Editor Variation Switcher Component | Integration | Component | message-editor/content/variation-switcher: The component shows the message editor for an in-app message when in the message tab" time="0.632"/><testcase classname="Chrome 53.0" name="Exam Partition #50 - Team Observe | Integration: User Profile: Toggling a users email subscription displays the correct icon" time="2.480"/><testcase classname="Chrome 53.0" name="Exam Partition #50 - Team Observe | Integration: User Profile: The Conversation Switcher shows up" time="2.212"/><testcase classname="Chrome 53.0" name="Exam Partition #50 - Team Engage 2 | Unit: Model - Campaign: User count properties are correct" time="0.503"/><testcase classname="Chrome 53.0" name="Exam Partition #50 - Team Engage 2 | Unit: Model - Campaign: Removing an added predicate causes the model to return to clean" time="0.489"/><testcase classname="Chrome 53.0" name="Exam Partition #50 - TemplateLint - embercom/templates/components/settings-segment-component.hbs: should pass TemplateLint" time="0.419"/><testcase classname="Chrome 53.0" name="Exam Partition #50 - TemplateLint - embercom/templates/components/inbox/state-dropdown-component.hbs: should pass TemplateLint" time="0.460"/><testcase classname="Chrome 53.0" name="Exam Partition #50 - Team Observe | Integration: User Profile: Loading the new user profile displays a user and their attributes" time="2.438"/><testcase classname="Chrome 53.0" name="Exam Partition #50 - Team Engage 1 | Integration: Component - Message Editor Variation Switcher Component | Integration | Component | message-editor/content/variation-switcher: The component initializes with the correct version" time="0.676"/><testcase classname="Chrome 53.0" name="Exam Partition #50 - segment-filter/ios-version-predicate-component | Integration | Component | Team Observe | Integration: Component - Segment Filter iOS Version Predicate: shows number predicate options" time="0.500"/><testcase classname="Chrome 53.0" name="Exam Partition #50 - TemplateLint - embercom/templates/apps/app/modals/email-template-help-modal.hbs: should pass TemplateLint" time="0.415"/><testcase classname="Chrome 53.0" name="Exam Partition #50 - Team Engage 2 | Unit: Model - Campaign: #campaignTargetsUsers" time="0.527"/><testcase classname="Chrome 53.0" name="Exam Partition #50 - General | Services: Notifications Service: A 402 will open the billing service" time="0.452"/><testcase classname="Chrome 53.0" name="Exam Partition #50 - TemplateLint - embercom/templates/components/file-upload-component.hbs: should pass TemplateLint" time="0.418"/><testcase classname="Chrome 53.0" name="Exam Partition #50 - Team Observe | Integration: User Profile: Clicking Delete person from action dropdown show confirmation modal" time="2.321"/><testcase classname="Chrome 53.0" name="Exam Partition #50 - Team Engage 2 | Unit: Model - Campaign: It is invalid to send with any invalid messages" time="0.512"/><testcase classname="Chrome 53.0" name="Exam Partition #50 - Team Observe | Integration: User Profile: Removing all tags through modal" time="3.017"/><testcase classname="Chrome 53.0" name="Exam Partition #50 - General | Unit: Helper - Is Even: it is odd" time="0.440"/><testcase classname="Chrome 53.0" name="Exam Partition #46 - Team Observe | Integration: User List - Bulk Actions - messaging: The messaging modal opens on click" time="61.800"><error message="Test timed out"/></testcase><testcase classname="Chrome 53.0" name="Exam Partition #50 - General | Unit: Component – Color Select Component: the background should be selected initially" time="0.541"/><testcase classname="Chrome 53.0" name="Exam Partition #50 - TemplateLint - embercom/templates/apps/app/messages/partials/editor/-maximized-message-audience-editor.hbs: should pass TemplateLint" time="0.436"/><testcase classname="Chrome 53.0" name="Exam Partition #50 - General | Services: Notifications Service: Get error for the JSON API format" time="0.514"/><testcase classname="Chrome 53.0" name="Exam Partition #50 - TemplateLint - embercom/templates/apps/app/engage/messages/auto/loading.hbs: should pass TemplateLint" time="0.445"/><testcase classname="Chrome 53.0" name="Exam Partition #50 - General | Services: Notifications Service: Get error for an undefined input returns `default`" time="0.502"/><testcase classname="Chrome 53.0" name="Exam Partition #50 - Team Engage 2 | Unit: Model - Campaign: It is invalid to save campaign with no valid predicates" time="0.499"/><testcase classname="Chrome 53.0" name="Exam Partition #50 - TemplateLint - embercom/templates/components/guide/steps/android-integration-component.hbs: should pass TemplateLint" time="0.420"/><testcase classname="Chrome 53.0" name="Exam Partition #50 - Team Engage 2 | Unit: Model - Campaign: Suspended attrs work" time="0.539"/><testcase classname="Chrome 53.0" name="Exam Partition #50 - TemplateLint - embercom/templates/components/message-variation-stats-component.hbs: should pass TemplateLint" time="0.415"/><testcase classname="Chrome 53.0" name="Exam Partition #50 - Team Observe | Integration: User Profile: Removing a tag" time="2.889"/><testcase classname="Chrome 53.0" name="Exam Partition #50 - General | Unit: Helper - Is Even: it is even" time="0.417"/><testcase classname="Chrome 53.0" name="Exam Partition #50 - General | Services: Notifications Service: Get error for an unknown format returns `default`" time="0.523"/><testcase classname="Chrome 53.0" name="Exam Partition #50 - TemplateLint - embercom/templates/components/message-editor/content/push/editor.hbs: should pass TemplateLint" time="0.415"/><testcase classname="Chrome 53.0" name="Exam Partition #50 - General | Services: Notifications Service: Get error for jqXHR works" time="0.494"/><testcase classname="Chrome 53.0" name="Exam Partition #50 - General | Services: Notifications Service: Without a default message provided" time="0.456"/><testcase classname="Chrome 53.0" name="Exam Partition #50 - Team Observe | Integration: User Profile: Clicking Block person from action dropdown show confirmation modal" time="2.347"/><testcase classname="Chrome 53.0" name="Exam Partition #50 - Team Observe | Integration: User Profile: The conversation feed loads with 3 items and 2 spacers" time="2.216"/><testcase classname="Chrome 53.0" name="Exam Partition #50 - Team Engage 2 | Unit: Model - Campaign: It is invalid to send with no messges" time="0.523"/><testcase classname="Chrome 53.0" name="Exam Partition #50 - TemplateLint - embercom/templates/apps/app/account/notifications-denied-modal.hbs: should pass TemplateLint" time="0.415"/><testcase classname="Chrome 53.0" name="Exam Partition #50 - TemplateLint - embercom/templates/components/campaigns/list/spacing-editor.hbs: should pass TemplateLint" time="0.467"/><testcase classname="Chrome 53.0" name="Exam Partition #50 - Team Engage 2 | Unit: Model - Campaign: It is invalid to save live campaign which has changes to disallowed attributes" time="0.540"/><testcase classname="Chrome 53.0" name="Exam Partition #50 - TemplateLint - embercom/templates/apps/app/users-and-companies/modals/tag.hbs: should pass TemplateLint" time="0.423"/><testcase classname="Chrome 53.0" name="Exam Partition #50 - Team Engage 1 | Integration: Component - Message Editor Variation Switcher Component | Integration | Component | message-editor/content/variation-switcher: It sends a changeVersion action with the correct version" time="0.680"/><testcase classname="Chrome 53.0" name="Exam Partition #50 - Team Growth 2 | Unit: Component - Guide / Steps / Ios User Initiated Messages Component: completeStep action completes the step and calls stepDone" time="0.477"/><testcase classname="Chrome 53.0" name="Exam Partition #50 - TemplateLint - embercom/templates/components/rules/partials/-debug.hbs: should pass TemplateLint" time="0.419"/><testcase classname="Chrome 53.0" name="Exam Partition #46 - Team Support 1 | Service: Inbox Service: Adding a closing part from realtime bus while in search inbox" time="60.497"><error message="Test timed out"/></testcase><testcase classname="Chrome 53.0" name="Exam Partition #46 - Team Observe | Unit: Component Segment List Dropdown: it shows &quot;n more…&quot; when does not contain active segment" time="0.500"/><testcase classname="Chrome 53.0" name="Exam Partition #46 - TemplateLint - embercom/templates/components/conversation/stream/admin-article-component.hbs: should pass TemplateLint" time="0.424"/><testcase classname="Chrome 53.0" name="Exam Partition #46 - Team Observe | Unit: Component Segment List Dropdown: it shows segment name when contains active segment" time="0.514"/><testcase classname="Chrome 53.0" name="Exam Partition #46 - Team Engage 1 | Integration: Component - Message Editor Push Chrome | Integration | Component | message-editor/content/push/chrome: Switching to iOS preview works" time="0.586"/><testcase classname="Chrome 53.0" name="Exam Partition #46 - Team Support 1 | Service: Inbox Service: Closing conversation while in a search inbox" time="60.458"><error message="Test timed out"/></testcase><testcase classname="Chrome 53.0" name="Exam Partition #46 - Team Engage 1 | Integration: Component - Message Editor Push Chrome | Integration | Component | message-editor/content/push/chrome: When the app has two SDKs" time="0.594"/><testcase classname="Chrome 53.0" name="Exam Partition #46 - Team Observe | Integration: User List - Bulk Actions - messaging: The messaging modal closes when dismissed" time="60.766"><error message="Test timed out"/></testcase><testcase classname="Chrome 53.0" name="Exam Partition #46 - Team Observe | Integration: User List - Bulk Actions - messaging: Sending a message from search" time="60.803"><error message="Test timed out"/></testcase><testcase classname="Chrome 53.0" name="Exam Partition #46 - Team Support 1 | Service: Inbox Service: Assigning then replying to a conversation" time="60.489"><error message="Test timed out"/></testcase><testcase classname="Chrome 53.0" name="Exam Partition #46 - Team Support 1 | Service: Inbox Service: Closing a conversation that is not current" time="60.463"><error message="Test timed out"/></testcase><testcase classname="Chrome 53.0" name="Exam Partition #46 - TemplateLint - embercom/templates/components/segment-with-tooltip-component.hbs: should pass TemplateLint" time="0.460"/><testcase classname="Chrome 53.0" name="Exam Partition #46 - TemplateLint - embercom/templates/components/inbox/nav-list-others-component.hbs: should pass TemplateLint" time="0.469"/><testcase classname="Chrome 53.0" name="Exam Partition #46 - Team Observe | Integration: User List - Bulk Actions - messaging: Shows reduced options when no results returned" time="60.791"><error message="Test timed out"/></testcase><testcase classname="Chrome 53.0" name="Exam Partition #46 - Team Engage 1 | Integration: Component - Message Editor Push Chrome | Integration | Component | message-editor/content/push/chrome: When the app only has a single SDK" time="0.663"/><testcase classname="Chrome 53.0" name="Exam Partition #46 - Team Observe | Integration: Component - Segment Filter Boolean Predicate: displays boolean predicate options" time="0.643"/><testcase classname="Chrome 53.0" name="Exam Partition #46 - TemplateLint - embercom/templates/apps/app/messenger-update.hbs: should pass TemplateLint" time="0.428"/><testcase classname="Chrome 53.0" name="Exam Partition #46 - Team Support 1 | Service: Inbox Service: Assigning the current conversation locks but does not transition" time="60.490"><error message="Test timed out"/></testcase><testcase classname="Chrome 53.0" name="Exam Partition #46 - TemplateLint - embercom/templates/components/event-row-component.hbs: should pass TemplateLint" time="0.423"/><testcase classname="Chrome 53.0" name="Exam Partition #46 - Team Support 1 | Service: Inbox Service: Fetching a page when empty and no current conversation" time="0.472"/><testcase classname="Chrome 53.0" name="Exam Partition #46 - Team Support 1 | Service: Inbox Service: Removing a part that was added" time="60.509"><error message="Test timed out"/></testcase><testcase classname="Chrome 53.0" name="Exam Partition #46 - Team Observe | Unit: Model - Attribute Model: it finds the predicates for a user event predicate from a list of segment predicates" time="0.479"/><testcase classname="Chrome 53.0" name="Exam Partition #46 - Team Support 1 | Service: Inbox Service: Changing sortDirection with all loaded" time="0.461"/><testcase classname="Chrome 53.0" name="Exam Partition #46 - Team Support 1 | Service: Inbox Service: Fetching an empty page when empty" time="0.466"/><testcase classname="Chrome 53.0" name="Exam Partition #46 - TemplateLint - embercom/templates/apps/app/messages/partials/-wizard-embedded-widget.hbs: should pass TemplateLint" time="0.472"/><testcase classname="Chrome 53.0" name="Exam Partition #46 - Team Support 1 | Service: Inbox Service: Closing a conversation pages in a new page if we dip below the page size" time="60.507"><error message="Test timed out"/></testcase><testcase classname="Chrome 53.0" name="Exam Partition #46 - TemplateLint - embercom/templates/apps/app/engage/messages/auto/draft.hbs: should pass TemplateLint" time="0.432"/><testcase classname="Chrome 53.0" name="Exam Partition #46 - Team Support 1 | Service: Inbox Service: When tutorial is active it loads tutorial conversations" time="60.486"><error message="Test timed out"/></testcase><testcase classname="Chrome 53.0" name="Exam Partition #46 - Team Support 1 | Service: Inbox Service: Adding a closing part from realtime bus" time="60.444"><error message="Test timed out"/></testcase><testcase classname="Chrome 53.0" name="Exam Partition #46 - TemplateLint - embercom/templates/components/guide/step-multipart-footer-component.hbs: should pass TemplateLint" time="0.435"/><testcase classname="Chrome 53.0" name="Exam Partition #46 - Team Support 1 | Service: Inbox Service: Realtime update received while removing part task is running" time="60.481"><error message="Test timed out"/></testcase><testcase classname="Chrome 53.0" name="Exam Partition #46 - TemplateLint - embercom/templates/components/message-variation-assignee-component.hbs: should pass TemplateLint" time="0.451"/><testcase classname="Chrome 53.0" name="Exam Partition #46 - Team Observe | Unit: Model - Attribute Model: it returns the correct icon" time="0.556"/><testcase classname="Chrome 53.0" name="Exam Partition #46 - Team Support 1 | Service: Inbox Service: Changing status" time="0.463"/><testcase classname="Chrome 53.0" name="Exam Partition #46 - Team Support 1 | Service: Inbox Service: Fetching new conversations is always in ascending order" time="0.534"/><testcase classname="Chrome 53.0" name="Exam Partition #46 - TemplateLint - embercom/templates/components/message-editor/buttons/temporary-stats-link.hbs: should pass TemplateLint" time="0.472"/><testcase classname="Chrome 53.0" name="Exam Partition #46 - Team Support 1 | Service: Inbox Service: Local update while removing part task is running" time="60.512"><error message="Test timed out"/></testcase><testcase classname="Chrome 53.0" name="Exam Partition #46 - Team Support 1 | Service: Inbox Service: Tasks are properly cancelled on reload" time="60.460"><error message="Test timed out"/></testcase><testcase classname="Chrome 53.0" name="Exam Partition #46 - Team Support 1 | Service: Inbox Service: Fetching a page does not mutate the paging params on the model" time="0.445"/><testcase classname="Chrome 53.0" name="Exam Partition #46 - Team Observe | Integration: User List - Bulk Actions - messaging: Sending a message" time="60.838"><error message="Test timed out"/></testcase><testcase classname="Chrome 53.0" name="Exam Partition #46 - Team Support 1 | Service: Inbox Service: Assigning then reassigning a conversation" time="60.480"><error message="Test timed out"/></testcase><testcase classname="Chrome 53.0" name="Exam Partition #46 - TemplateLint - embercom/templates/apps/app/account/conversations.hbs: should pass TemplateLint" time="0.433"/><testcase classname="Chrome 53.0" name="Exam Partition #46 - TemplateLint - embercom/templates/components/campaigns/headers/user-page-header-component.hbs: should pass TemplateLint" time="0.461"/><testcase classname="Chrome 53.0" name="Exam Partition #46 - Team Support 1 | Service: Inbox Service: Adding a closing part to the current convo from realtime bus" time="60.517"><error message="Test timed out"/></testcase><testcase classname="Chrome 53.0" name="Exam Partition #46 - TemplateLint - embercom/templates/apps/app/settings/webhooks.hbs: should pass TemplateLint" time="0.420"/><testcase classname="Chrome 53.0" name="Exam Partition #46 - Team Engage 1 | Integration: Component - Message Editor Push Chrome | Integration | Component | message-editor/content/push/chrome: renders Android chome by default for an Android first message" time="0.675"/><testcase classname="Chrome 53.0" name="Exam Partition #46 - Team Support 1 | Service: Inbox Service: Paging with a search model is page based not time based" time="0.432"/><testcase classname="Chrome 53.0" name="Exam Partition #46 - TemplateLint - embercom/templates/components/rules/actions/conversation-add-tag-component.hbs: should pass TemplateLint" time="0.469"/></testsuite>
