<testsuite name="Testem Tests" tests="369" skipped="0" failures="4" timestamp="Tue Nov 08 2016 14:35:01 GMT+0000 (UTC)" time="276.317"><testcase classname="Chrome 53.0" name="Exam Partition #58 - TemplateLint - embercom/templates/invite/-header.hbs: should pass TemplateLint" time="4.534"/><testcase classname="Chrome 53.0" name="Exam Partition #56 - TemplateLint - embercom/templates/invite/-form.hbs: should pass TemplateLint" time="4.463"/><testcase classname="Chrome 53.0" name="Exam Partition #56 - TemplateLint - embercom/templates/apps/app/companies/company/users.hbs: should pass TemplateLint" time="0.469"/><testcase classname="Chrome 53.0" name="Exam Partition #59 - TemplateLint - embercom/templates/invite/-sso-only.hbs: should pass TemplateLint" time="4.559"/><testcase classname="Chrome 53.0" name="Exam Partition #59 - TemplateLint - embercom/templates/apps/app/companies/segments/segment/-company-list-heading-count.hbs: should pass TemplateLint" time="0.537"/><testcase classname="Chrome 53.0" name="Exam Partition #57 - TemplateLint - embercom/templates/invite/-guide-step-description.hbs: should pass TemplateLint" time="4.530"/><testcase classname="Chrome 53.0" name="Exam Partition #57 - TemplateLint - embercom/templates/apps/app/companies/segments/segment.hbs: should pass TemplateLint" time="0.541"/><testcase classname="Chrome 53.0" name="Exam Partition #58 - Team Support 1 | Unit: Model - Article: article blockForDescription defaults to an empty array" time="0.731"/><testcase classname="Chrome 53.0" name="Exam Partition #60 - TemplateLint - embercom/templates/load_time_baseline.hbs: should pass TemplateLint" time="4.575"/><testcase classname="Chrome 53.0" name="Exam Partition #60 - TemplateLint - embercom/templates/apps/app/companies/segments/segment/-company-logo-and-name.hbs: should pass TemplateLint" time="0.475"/><testcase classname="Chrome 53.0" name="Exam Partition #58 - TemplateLint - embercom/templates/apps/app/companies/segments/segment/-company-list-header.hbs: should pass TemplateLint" time="0.493"/><testcase classname="Chrome 53.0" name="Exam Partition #59 - Team Growth 1 | Unit: Component - Acquisition / CSV File Upload Component: optionClass" time="0.655"/><testcase classname="Chrome 53.0" name="Exam Partition #60 - Team Growth 1 | Unit: Component - Acquisition / File Upload Component: fileHasValidExtension is true if file matches file extension in comma-separated list" time="0.708"/><testcase classname="Chrome 53.0" name="Exam Partition #60 - TemplateLint - embercom/templates/components/packaging-nav-tooltip-container-base-component.hbs: should pass TemplateLint" time="0.465"/><testcase classname="Chrome 53.0" name="Exam Partition #57 - Team Support 1 | Unit: Model - ArticleFolder: Initial folder name should be be next in a sequence of Untitled Folder names" time="1.094"/><testcase classname="Chrome 53.0" name="Exam Partition #59 - TemplateLint - embercom/templates/components/packaging-nav-products-component.hbs: should pass TemplateLint" time="0.466"/><testcase classname="Chrome 53.0" name="Exam Partition #59 - Team Observe | Library: AttributeService: getEditorAttributes should contain user, company, and user event attributes" time="0.760"/><testcase classname="Chrome 53.0" name="Exam Partition #58 - Team Engage 2 | Unit: Validations - Message Variation: push messages are invalid if they dont have a body" time="1.636"/><testcase classname="Chrome 53.0" name="Exam Partition #60 - Team Engage 3 | Unit | Model | email-template: attributes" time="0.846"/><testcase classname="Chrome 53.0" name="Exam Partition #57 - TemplateLint - embercom/templates/components/packaging-nav-product-tooltip-component.hbs: should pass TemplateLint" time="0.466"/><testcase classname="Chrome 53.0" name="Exam Partition #58 - Team Growth 1 | Unit: Component - Acquisition / Csv Column Component: isClosed is false if isOpen is true" time="0.674"/><testcase classname="Chrome 53.0" name="Exam Partition #58 - TemplateLint - embercom/templates/components/packaging-nav-product-tooltip-content-component.hbs: should pass TemplateLint" time="0.454"/><testcase classname="Chrome 53.0" name="Exam Partition #60 - Team Growth 1 | Unit: Component - Acquisition / File Upload Component: instructions has a default" time="0.528"/><testcase classname="Chrome 53.0" name="Exam Partition #60 - TemplateLint - embercom/templates/components/tooltips/simple-composer-audience-others.hbs: should pass TemplateLint" time="0.457"/><testcase classname="Chrome 53.0" name="Exam Partition #57 - Team Engage 2 | Unit: Validations - Message: in-apps with delivery windows are invalid" time="1.882"/><testcase classname="Chrome 53.0" name="Exam Partition #58 - Team Support 1 | Unit: Model - Article: article defaults to un-assigned" time="0.604"/><testcase classname="Chrome 53.0" name="Exam Partition #60 - Team Growth 1 | Unit: Component - Acquisition / File Upload Component: dragOver" time="0.582"/><testcase classname="Chrome 53.0" name="Exam Partition #58 - Team Growth 1 | Unit: Component - Acquisition / Csv Column Component: attributeNameAndAttributeTypeAreInvalid is false if attributeNameAndAttributeTypeAreValid is true" time="0.559"/><testcase classname="Chrome 53.0" name="Exam Partition #59 - Team Engage 1 | Integration: Component - Message Editor Panel Component | Integration | Component | message-editor/panel-component: it sends a minimise action with the correct panel identifier" time="1.858"/><testcase classname="Chrome 53.0" name="Exam Partition #59 - TemplateLint - embercom/templates/components/tooltips/set-version-live-again.hbs: should pass TemplateLint" time="0.486"/><testcase classname="Chrome 53.0" name="Exam Partition #60 - Team Growth 1 | Unit: Component - Acquisition / File Upload Component: fileHasValidExtension is false if file does not match file extension" time="0.518"/><testcase classname="Chrome 53.0" name="Exam Partition #59 - Team Growth 1 | Unit: Component - Acquisition / CSV File Upload Component: fileSizeLimitInMegabytes" time="0.611"/><testcase classname="Chrome 53.0" name="Exam Partition #58 - Team Support 1 | Unit: Model - Article: article blockForDescription is the first paragraph block" time="0.662"/><testcase classname="Chrome 53.0" name="Exam Partition #57 - Team Engage 1 | Integration: Component - Message Editor index completed component | Integration | Component | message-editor/index-completed-component: it shows the tick/index with the correct transition" time="1.152"/><testcase classname="Chrome 53.0" name="Exam Partition #57 - TemplateLint - embercom/templates/components/tooltips/packaging-nav.hbs: should pass TemplateLint" time="0.469"/><testcase classname="Chrome 53.0" name="Exam Partition #59 - Team Growth 1 | Unit: Component - Acquisition / CSV File Upload Component: instructions" time="0.518"/><testcase classname="Chrome 53.0" name="Exam Partition #57 - Team Engage 2 | Unit: Validations - Message: it validates" time="1.580"/><testcase classname="Chrome 53.0" name="Exam Partition #57 - Team Support 1 | Unit: Model - ArticleFolder: Retrieve children sorted by order" time="0.691"/><testcase classname="Chrome 53.0" name="Exam Partition #56 - Team Observe | Integration: User List - List/Map View Selector: it should allow you to change back to the user list from the map" time="13.143"/><testcase classname="Chrome 53.0" name="Exam Partition #56 - TemplateLint - embercom/templates/components/packaging-nav-product-component.hbs: should pass TemplateLint" time="0.489"/><testcase classname="Chrome 53.0" name="Exam Partition #56 - General | Library: User Presence Service: responses with page attributes update last_visted_url" time="0.498"/><testcase classname="Chrome 53.0" name="Exam Partition #56 - Team Growth 1 | Unit: Model – CSV Import: hasFailures is true when there aren't headers and there are failures" time="0.637"/><testcase classname="Chrome 53.0" name="Exam Partition #56 - Team Engage 1 | Integration: Component - Message Editor Goal Title Component | Integration | Component | message-editor/goal/goal-title-component: renders the component with a goal" time="2.464"/><testcase classname="Chrome 53.0" name="Exam Partition #56 - TemplateLint - embercom/templates/components/tooltips/message-style-popover-message-dropdown.hbs: should pass TemplateLint" time="0.514"/><testcase classname="Chrome 53.0" name="Exam Partition #60 - General | Integration: App Header - Settings Menu: it should show the settings menu" time="12.683"/><testcase classname="Chrome 53.0" name="Exam Partition #60 - TemplateLint - embercom/templates/components/action-dropdown-component.hbs: should pass TemplateLint" time="0.577"/><testcase classname="Chrome 53.0" name="Exam Partition #56 - Team Growth 1 | Unit: Component - Guide / Steps / Step Component: poll triggers every pollingInterval" time="0.694"/><testcase classname="Chrome 53.0" name="Exam Partition #59 - General | Integration: App: Impersonation header: it should not show the impersonation header" time="13.309"/><testcase classname="Chrome 53.0" name="Exam Partition #59 - TemplateLint - embercom/templates/components/acquisition/web-installation-wordpress-custom-data-snippet-component.hbs: should pass TemplateLint" time="0.476"/><testcase classname="Chrome 53.0" name="Exam Partition #57 - General | Integration: App - Admin Ping Service: Loading app starts AdminPingService" time="12.456"/><testcase classname="Chrome 53.0" name="Exam Partition #57 - TemplateLint - embercom/templates/components/acquisition/web-installation-snippet-library-component.hbs: should pass TemplateLint" time="0.525"/><testcase classname="Chrome 53.0" name="Exam Partition #59 - Team Engage 1 | Integration: Component - Message Editor Panel Component | Integration | Component | message-editor/panel-component: it renders maximised" time="0.896"/><testcase classname="Chrome 53.0" name="Exam Partition #57 - Team Engage 1 | Integration: Component - Message Editor index completed component | Integration | Component | message-editor/index-completed-component: it does not render the tick/index for non draft messages" time="0.852"/><testcase classname="Chrome 53.0" name="Exam Partition #58 - Team Support 1 | Integration: Inbox - Assignee Selector Bar: It shows the Unassigned inbox in the inbox selector" time="16.906"/><testcase classname="Chrome 53.0" name="Exam Partition #58 - TemplateLint - embercom/templates/components/tooltips/saved-replies.hbs: should pass TemplateLint" time="0.510"/><testcase classname="Chrome 53.0" name="Exam Partition #59 - Team Observe | Library: AttributeService: inboxAttributes are set up correctly for users" time="1.257"/><testcase classname="Chrome 53.0" name="Exam Partition #59 - Team Observe | Library: AttributeService: visitor messaging attributes retrieves the correct list" time="0.643"/><testcase classname="Chrome 53.0" name="Exam Partition #59 - TemplateLint - embercom/templates/apps/app/integrations-hub/integration.hbs: should pass TemplateLint" time="0.464"/><testcase classname="Chrome 53.0" name="Exam Partition #57 - Team Engage 2 | Unit: Validations - Message: visitor auto messages without user predicates in their selection states are invalid" time="1.365"/><testcase classname="Chrome 53.0" name="Exam Partition #58 - Team Growth 1 | Unit: Component - Acquisition / Csv Column Component: attributeMapping" time="0.546"/><testcase classname="Chrome 53.0" name="Exam Partition #59 - Team Growth 1 | Unit: Component - Acquisition / CSV File Upload Component: uploadErrorMessage" time="0.591"/><testcase classname="Chrome 53.0" name="Exam Partition #58 - Team Growth 1 | Unit: Component - Acquisition / Csv Column Component: anyOpen has a default" time="0.583"/><testcase classname="Chrome 53.0" name="Exam Partition #57 - Team Engage 2 | Unit: Validations - Message: push messages with delivery windows are invalid" time="0.952"/><testcase classname="Chrome 53.0" name="Exam Partition #57 - TemplateLint - embercom/templates/apps/app/integrations-hub.hbs: should pass TemplateLint" time="0.476"/><testcase classname="Chrome 53.0" name="Exam Partition #57 - Team Engage 2 | Unit: Validations - Message: it validates state" time="0.694"/><testcase classname="Chrome 53.0" name="Exam Partition #57 - Team Engage 1 | Integration: Component - Message Editor index completed component | Integration | Component | message-editor/index-completed-component: it renders the tick/index in edit mode" time="0.867"/><testcase classname="Chrome 53.0" name="Exam Partition #57 - Team Support 1 | Unit: Model - ArticleFolder: Retrieve type of folder" time="1.256"/><testcase classname="Chrome 53.0" name="Exam Partition #56 - Team Observe | Integration: User List - List/Map View Selector: it should change highlighting as appropriate" time="8.754"/><testcase classname="Chrome 53.0" name="Exam Partition #57 - Team Engage 2 | Unit: Validations - Message: it validates type" time="1.064"/><testcase classname="Chrome 53.0" name="Exam Partition #57 - Team Acquire | Unit: Component - Team - Team Edit Component: should show delete button if team is not an app team" time="0.794"/><testcase classname="Chrome 53.0" name="Exam Partition #57 - General | Unit: Adapters - RestAdapter: pathForType pluralizes and underscores" time="0.465"/><testcase classname="Chrome 53.0" name="Exam Partition #57 - General | Initializers : Intercom Preboot: it queues function calls" time="0.504"/><testcase classname="Chrome 53.0" name="Exam Partition #57 - TemplateLint - embercom/templates/components/conversation/stream/partials/-auto-response.hbs: should pass TemplateLint" time="0.500"/><testcase classname="Chrome 53.0" name="Exam Partition #57 - Team Acquire | Unit: Component - Team - Team Edit Component: should show save/cancel buttons if model is dirty" time="0.697"/><testcase classname="Chrome 53.0" name="Exam Partition #59 - General | Integration: App: Impersonation header: it should show the impersonation header" time="8.819"/><testcase classname="Chrome 53.0" name="Exam Partition #57 - Team Engage 1 | Integration: Component - Message Editor index completed component | Integration | Component | message-editor/index-completed-component: it hides the tick/index with the correct transition" time="1.045"/><testcase classname="Chrome 53.0" name="Exam Partition #60 - Team Support 1 | Integration: Inbox - Conversation Controls: Inputting text and clicking reply should create a comment" time="14.369"/><testcase classname="Chrome 53.0" name="Exam Partition #58 - General | Integration: Component - App Switcher: it should show the list of available apps" time="8.989"/><testcase classname="Chrome 53.0" name="Exam Partition #59 - Team Growth 1 | Unit: Component - Acquisition / CSV File Upload Component: fileExtension" time="0.584"/><testcase classname="Chrome 53.0" name="Exam Partition #60 - General | Library: compareVersions: major versions" time="0.511"/><testcase classname="Chrome 53.0" name="Exam Partition #57 - Team Engage 2 | Unit: Validations - Message: it validates message goals" time="0.690"/><testcase classname="Chrome 53.0" name="Exam Partition #59 - Team Growth 2 | Unit: Component - Guide / Steps / User Welcome Message Component: adminCanChangeSettings corresponds to adminPermission.can_access_settings_and_billing" time="0.512"/><testcase classname="Chrome 53.0" name="Exam Partition #56 - Team Observe | Integration: Admin Profile: Admin Profile loads admin and associated details" time="5.851"/><testcase classname="Chrome 53.0" name="Exam Partition #57 - Team Engage 1 | Integration: Component - Message Editor index completed component | Integration | Component | message-editor/index-completed-component: it renders the index when not complete" time="0.630"/><testcase classname="Chrome 53.0" name="Exam Partition #58 - Team Growth 1 | Unit: Component - Acquisition / Csv Column Component: confirm normalizes attribute name" time="0.518"/><testcase classname="Chrome 53.0" name="Exam Partition #60 - Team Engage 3 | Unit | Model | email-template: #isAnnouncement" time="0.537"/><testcase classname="Chrome 53.0" name="Exam Partition #60 - TemplateLint - embercom/templates/apps/app/integrations-hub/modals/forward-to-zendesk-modal.hbs: should pass TemplateLint" time="0.450"/><testcase classname="Chrome 53.0" name="Exam Partition #57 - Team Growth 2 | Unit: Component - Guide / Steps / Stripe Integration Component: footerState is initialized to &quot;ready&quot;" time="0.538"/><testcase classname="Chrome 53.0" name="Exam Partition #58 - TemplateLint - embercom/templates/components/acquisition/web-installation-snippet-select-component.hbs: should pass TemplateLint" time="0.488"/><testcase classname="Chrome 53.0" name="Exam Partition #58 - General | Initializers : jQuery Ajax Prefilter: _shouldRedirectToSignIn" time="0.534"/><testcase classname="Chrome 53.0" name="Exam Partition #56 - General | Library: User Presence Service: _getAllUniqueUserIdsFromTheCache returns ids when there are models in the cache" time="0.447"/><testcase classname="Chrome 53.0" name="Exam Partition #56 - TemplateLint - embercom/templates/components/acquisition/web-installation-snippet-highlight-component.hbs: should pass TemplateLint" time="0.510"/><testcase classname="Chrome 53.0" name="Exam Partition #56 - General | Library: User Presence Service: _getLatestUserPresenceFromNexusInBatches calls _getLatestUserPresenceFromNexus for each batch of userIds" time="0.505"/><testcase classname="Chrome 53.0" name="Exam Partition #60 - Team Growth 1 | Unit: Component - Acquisition / File Upload Component: dragLeave" time="0.585"/><testcase classname="Chrome 53.0" name="Exam Partition #57 - Team Acquire | Unit: Component - Team - Team Edit Component: should not show delete button if team is an app team" time="0.579"/><testcase classname="Chrome 53.0" name="Exam Partition #58 - Team Engage 2 | Unit: Validations - Message Variation: it validates" time="0.807"/><testcase classname="Chrome 53.0" name="Exam Partition #57 - Team Engage 2 | Unit: Validations - Message: it validates variations" time="0.922"/><testcase classname="Chrome 53.0" name="Exam Partition #60 - Team Engage 1 | Integration: Component - Message Editor Review  Title | Integration | Component | message-editor/review/title-component: renders the component" time="1.397"/><testcase classname="Chrome 53.0" name="Exam Partition #60 - Team Growth 1 | Unit: Component - Acquisition / File Upload Component: fileIsTooLarge is false if file size is less than or equal to the limit in bytes" time="0.556"/><testcase classname="Chrome 53.0" name="Exam Partition #58 - Team Engage 1 | Integration: Component - Message Editor Message Debugger | Integration | Component | message-editor/message-debugger: it renders the pill and clicking toggles the panel if we are on the intercomrades or dev pages" time="1.613"/><testcase classname="Chrome 53.0" name="Exam Partition #60 - Team Growth 1 | Unit: Component - Acquisition / File Upload Component: drop" time="0.576"/><testcase classname="Chrome 53.0" name="Exam Partition #58 - Team Growth 1 | Unit: Component - Acquisition / Csv Column Component: attributeNameAndAttributeTypeAreValid is false if selectedAttributeTypeIsValid is false" time="0.587"/><testcase classname="Chrome 53.0" name="Exam Partition #60 - Team Growth 1 | Unit: Component - Acquisition / File Upload Component: fileHasInvalidExtension is false if file has valid extension" time="0.537"/><testcase classname="Chrome 53.0" name="Exam Partition #58 - Team Growth 1 | Unit: Component - Acquisition / Csv Column Component: attributeNameIsValid is false if attributeName is not a string" time="0.530"/><testcase classname="Chrome 53.0" name="Exam Partition #57 - Team Engage 2 | Unit: Validations - Message: emails with delivery windows are valid" time="0.838"/><testcase classname="Chrome 53.0" name="Exam Partition #57 - TemplateLint - embercom/templates/components/settings/appearance/widget-appearance-android-component.hbs: should pass TemplateLint" time="0.488"/><testcase classname="Chrome 53.0" name="Exam Partition #57 - TemplateLint - embercom/templates/components/insights-header-component.hbs: should pass TemplateLint" time="0.510"/><testcase classname="Chrome 53.0" name="Exam Partition #57 - General | Unit: Adapters - RestAdapter: _appendAppIdToURLParams correctly appends the app_id param" time="0.503"/><testcase classname="Chrome 53.0" name="Exam Partition #60 - Team Growth 1 | Unit: Component - Acquisition / File Upload Component: errorMessage returns nothing if there is no file" time="0.546"/><testcase classname="Chrome 53.0" name="Exam Partition #60 - Team Engage 3 | Unit | Validator | delivery-channel-valid-for-audience: it is valid for emails targeting users" time="0.517"/><testcase classname="Chrome 53.0" name="Exam Partition #56 - Team Observe | Integration: Admin Profile: You can edit the admin name" time="3.991"/><testcase classname="Chrome 53.0" name="Exam Partition #56 - General | Unit: Helper - Time from now: takes UNIX timestamps" time="0.489"/><testcase classname="Chrome 53.0" name="Exam Partition #57 - Team Engage 1 | Integration: Component - Message Editor index completed component | Integration | Component | message-editor/index-completed-component: it renders the tick when complete" time="0.853"/><testcase classname="Chrome 53.0" name="Exam Partition #58 - Team Support 1 | Unit: Model - Article: article blockForDescription is an array" time="0.919"/><testcase classname="Chrome 53.0" name="Exam Partition #58 - TemplateLint - embercom/templates/apps/app/integrations-hub/index.hbs: should pass TemplateLint" time="0.474"/><testcase classname="Chrome 53.0" name="Exam Partition #60 - Team Growth 1 | Unit: Component - Acquisition / File Upload Component: fileHasValidExtension is true if file extension is uppercase" time="0.550"/><testcase classname="Chrome 53.0" name="Exam Partition #60 - TemplateLint - embercom/templates/components/conversation/stream/user-comment-component.hbs: should pass TemplateLint" time="0.472"/><testcase classname="Chrome 53.0" name="Exam Partition #58 - Team Growth 1 | Unit: Component - Acquisition / Csv Column Component: confirm" time="0.614"/><testcase classname="Chrome 53.0" name="Exam Partition #60 - Team Growth 1 | Unit: Component - Acquisition / File Upload Component: fileHasValidExtension is true if file matches file extension" time="0.542"/><testcase classname="Chrome 53.0" name="Exam Partition #58 - Team Growth 1 | Unit: Component - Acquisition / Csv Column Component: isMapped is true if attributeMapping is anything" time="0.491"/><testcase classname="Chrome 53.0" name="Exam Partition #56 - Team Growth 1 | Unit: Model – CSV Import: hasHeader is true when first row of column has no email and 2nd row does" time="0.611"/><testcase classname="Chrome 53.0" name="Exam Partition #58 - Team Growth 1 | Unit: Component - Acquisition / Csv Column Component: cancel" time="0.566"/><testcase classname="Chrome 53.0" name="Exam Partition #56 - General | Library: User Presence Service: _updatePresenceStatusForReturnedUsers calls respects platform when updating users" time="0.501"/><testcase classname="Chrome 53.0" name="Exam Partition #56 - TemplateLint - embercom/templates/apps/app/insights.hbs: should pass TemplateLint" time="0.457"/><testcase classname="Chrome 53.0" name="Exam Partition #56 - General | Library: User Presence Service: updateUserPresenceForUser calls _getLatestUserPresenceFromNexusInBatches" time="0.565"/><testcase classname="Chrome 53.0" name="Exam Partition #60 - Team Growth 1 | Unit: Component - Acquisition / File Upload Component: fileFailedToUpload defaults to false" time="0.504"/><testcase classname="Chrome 53.0" name="Exam Partition #58 - General | Unit: Component - Social Connect: #url returns the current window url" time="0.531"/><testcase classname="Chrome 53.0" name="Exam Partition #60 - General | Library: compareVersions: minor versions" time="0.475"/><testcase classname="Chrome 53.0" name="Exam Partition #56 - Team Growth 1 | Unit: Component - Guide / Steps / Step Component: stepDone triggers reloadGuide" time="0.572"/><testcase classname="Chrome 53.0" name="Exam Partition #59 - Team Support 1 | Integration: Inbox - Conversation Controls - Articles: Clicking article should insert card immediately, before saving part to server" time="8.853"/><testcase classname="Chrome 53.0" name="Exam Partition #56 - General | Library: User Presence Service: updateUserPresenceForUser does not call _getLatestUserPresenceFromNexusInBatches if polling not started" time="0.504"/><testcase classname="Chrome 53.0" name="Exam Partition #56 - General | Library: User Presence Service: _getParticipantFromCache returns a participant when there are participants in the cache" time="0.541"/><testcase classname="Chrome 53.0" name="Exam Partition #57 - Team Support 1 | Integration: Educate Insights: Loads article list" time="3.463"/><testcase classname="Chrome 53.0" name="Exam Partition #57 - TemplateLint - embercom/templates/apps/app/resolve/about.hbs: should pass TemplateLint" time="0.474"/><testcase classname="Chrome 53.0" name="Exam Partition #59 - Team Engage 1 | Integration: Component - Message Editor Panel Component | Integration | Component | message-editor/panel-component: it sends a didMinimise action" time="0.805"/><testcase classname="Chrome 53.0" name="Exam Partition #59 - Team Engage 3 | Unit | Validator | auto-message-has-user-predicates: selection states with user predicates are valid for visitor auto messages" time="1.209"/><testcase classname="Chrome 53.0" name="Exam Partition #57 - Team Engage 2 | Unit: Validations - Message: it validates a message with page targeting" time="0.995"/><testcase classname="Chrome 53.0" name="Exam Partition #57 - TemplateLint - embercom/templates/components/guide/-focus-install-integrate-android.hbs: should pass TemplateLint" time="0.574"/><testcase classname="Chrome 53.0" name="Exam Partition #59 - Team Growth 1 | Unit: Component - Acquisition / CSV File Upload Component: layoutName is set to the parent inherited component’s layout" time="0.641"/><testcase classname="Chrome 53.0" name="Exam Partition #59 - TemplateLint - embercom/templates/components/conversation/stream/partials/-user-meta.hbs: should pass TemplateLint" time="0.457"/><testcase classname="Chrome 53.0" name="Exam Partition #57 - Team Engage 2 | Unit: Validations - Message: it validates delivery channel" time="1.157"/><testcase classname="Chrome 53.0" name="Exam Partition #57 - Team Support 1 | Unit: Model - ArticleFolder: Retrieve first and last chapter" time="0.749"/><testcase classname="Chrome 53.0" name="Exam Partition #57 - Team Engage 2 | Unit: Validations - Message: auto messages without user predicates in their selection states are invalid" time="0.910"/><testcase classname="Chrome 53.0" name="Exam Partition #56 - Team Observe | Integration: Admin Profile: Admin Profile loads conversations route" time="4.698"/><testcase classname="Chrome 53.0" name="Exam Partition #56 - Team Growth 1 | Unit: Component - Guide / Steps / Step Component: pollingInterval defaults to 2000" time="0.589"/><testcase classname="Chrome 53.0" name="Exam Partition #56 - General | Library: User Presence Service: _getAllUniqueUserIdsFromTheCache only returns unique ids" time="0.477"/><testcase classname="Chrome 53.0" name="Exam Partition #58 - General | Integration: Component - App Switcher: it should show the add a new app button" time="7.113"/><testcase classname="Chrome 53.0" name="Exam Partition #56 - Team Growth 1 | Unit: Component - Guide / Steps / Step Component: triggerStepDoneIfStepIsCompleted calls stepDone if step is completed" time="0.571"/><testcase classname="Chrome 53.0" name="Exam Partition #58 - Team Growth 1 | Unit: Component - Acquisition / Csv Column Component: noneOpen is false if anyOpen is true" time="0.614"/><testcase classname="Chrome 53.0" name="Exam Partition #57 - Team Engage 2 | Unit: Validations - Message: it validates selection state" time="1.141"/><testcase classname="Chrome 53.0" name="Exam Partition #58 - Team Engage 2 | Unit: Validations - Message Variation: it validates blocks " time="0.758"/><testcase classname="Chrome 53.0" name="Exam Partition #57 - TemplateLint - embercom/templates/apps/app/messages/partials/editor/-message-editor-debug-window.hbs: should pass TemplateLint" time="0.478"/><testcase classname="Chrome 53.0" name="Exam Partition #57 - TemplateLint - embercom/templates/apps/app/engage/messages/auto/scheduled.hbs: should pass TemplateLint" time="0.516"/><testcase classname="Chrome 53.0" name="Exam Partition #57 - TemplateLint - embercom/templates/components/guide/steps/focus-install-integrate-component.hbs: should pass TemplateLint" time="0.522"/><testcase classname="Chrome 53.0" name="Exam Partition #57 - TemplateLint - embercom/templates/components/messages/editor/admin-dropdown-component.hbs: should pass TemplateLint" time="0.508"/><testcase classname="Chrome 53.0" name="Exam Partition #58 - Team Growth 2 | Unit: Component - Guide / Steps / Teams Setup Component: isPolling is initialized to true" time="0.556"/><testcase classname="Chrome 53.0" name="Exam Partition #58 - Team Growth 1 | Unit: Component - Acquisition / Csv Column Component: isMapped is false if attributeMapping is null" time="0.602"/><testcase classname="Chrome 53.0" name="Exam Partition #57 - Team Support 1 | Unit: Model - ArticleFolder: Retrieve previous sibling in sorted order" time="0.947"/><testcase classname="Chrome 53.0" name="Exam Partition #58 - Team Growth 1 | Unit: Component - Acquisition / Csv Column Component: classNameBindings are set" time="0.530"/><testcase classname="Chrome 53.0" name="Exam Partition #60 - Team Support 1 | Integration: Inbox - Conversation Controls: Inputting text and clicking Reply &amp; Reopen should create a comment, reopen the conversation &amp; send NewComment event" time="10.639"/><testcase classname="Chrome 53.0" name="Exam Partition #60 - Team Growth 1 | Unit: Component - Acquisition / File Upload Component: errorMessage returns an error if file is too large" time="0.587"/><testcase classname="Chrome 53.0" name="Exam Partition #57 - Team Engage 2 | Unit: Validations - Message: manual messages without counts in their selection states are invalid" time="1.013"/><testcase classname="Chrome 53.0" name="Exam Partition #57 - TemplateLint - embercom/templates/components/message-editor/delivery-window/main-component.hbs: should pass TemplateLint" time="0.547"/><testcase classname="Chrome 53.0" name="Exam Partition #60 - Team Growth 1 | Unit: Component - Acquisition / File Upload Component: fileHasInvalidExtension is true if file has invalid extension" time="0.598"/><testcase classname="Chrome 53.0" name="Exam Partition #57 - Team Engage 2 | Unit: Validations - Message: in-app messages targeting leads are invalid" time="0.909"/><testcase classname="Chrome 53.0" name="Exam Partition #57 - Team Growth 2 | Unit: Component - Guide / Steps / Stripe Integration Component: stripe connect url is generated properly" time="0.641"/><testcase classname="Chrome 53.0" name="Exam Partition #60 - Team Engage 3 | Unit | Model | email-template: #isPlain" time="0.603"/><testcase classname="Chrome 53.0" name="Exam Partition #60 - General | Library: compareVersions: patch versions" time="0.461"/><testcase classname="Chrome 53.0" name="Exam Partition #60 - TemplateLint - embercom/templates/components/settings/appearance/widget-selector-component.hbs: should pass TemplateLint" time="0.506"/><testcase classname="Chrome 53.0" name="Exam Partition #60 - TemplateLint - embercom/templates/components/insights/high-charts-component.hbs: should pass TemplateLint" time="0.526"/><testcase classname="Chrome 53.0" name="Exam Partition #59 - Team Support 1 | Integration: Inbox - Conversation Controls - Articles: Article card should refresh after part saved to server" time="10.546"/><testcase classname="Chrome 53.0" name="Exam Partition #60 - Team Growth 1 | Unit: Component - Acquisition / File Upload Component: errorMessage returns an error if file has an invalid extension" time="0.560"/><testcase classname="Chrome 53.0" name="Exam Partition #57 - Team Engage 2 | Unit: Validations - Message: it fails validation if it loses its variations" time="0.925"/><testcase classname="Chrome 53.0" name="Exam Partition #57 - TemplateLint - embercom/templates/apps/app/account/visibility/loading.hbs: should pass TemplateLint" time="0.597"/><testcase classname="Chrome 53.0" name="Exam Partition #57 - TemplateLint - embercom/templates/components/campaigns/setup/user-preview.hbs: should pass TemplateLint" time="0.509"/><testcase classname="Chrome 53.0" name="Exam Partition #57 - TemplateLint - embercom/templates/apps/app/users/segments/segment/-filter-list.hbs: should pass TemplateLint" time="0.503"/><testcase classname="Chrome 53.0" name="Exam Partition #59 - Team Engage 1 | Integration: Component - Message Editor Panel Component | Integration | Component | message-editor/panel-component: toggleSelf sends minimise action if maximised" time="0.977"/><testcase classname="Chrome 53.0" name="Exam Partition #59 - Team Observe | Library: AttributeService: inboxAttributes are set up correctly for companies" time="0.846"/><testcase classname="Chrome 53.0" name="Exam Partition #57 - Team Engage 1 | Integration: Component - Message Editor index completed component | Integration | Component | message-editor/index-completed-component: it does not render the tick/index in show mode" time="0.854"/><testcase classname="Chrome 53.0" name="Exam Partition #59 - Team Engage 1 | Integration: Component - Message Editor Panel Component | Integration | Component | message-editor/panel-component: it does not send maximise action in summary mode" time="0.798"/><testcase classname="Chrome 53.0" name="Exam Partition #57 - Team Engage 2 | Unit: Validations - Message: push messages targeting leads are invalid" time="0.789"/><testcase classname="Chrome 53.0" name="Exam Partition #57 - TemplateLint - embercom/templates/components/rules/predicate-company-tag-value-component.hbs: should pass TemplateLint" time="0.513"/><testcase classname="Chrome 53.0" name="Exam Partition #58 - Team Support 1 | Integration: Inbox - Assignee Selector Bar: Clicking team selector opens dropdown with list of team inboxes and all inbox" time="7.527"/><testcase classname="Chrome 53.0" name="Exam Partition #59 - Team Engage 1 | Integration: Component - Message Editor Panel Component | Integration | Component | message-editor/panel-component: it displays if it should" time="0.997"/><testcase classname="Chrome 53.0" name="Exam Partition #58 - Team Growth 1 | Unit: Component - Acquisition / Csv Column Component: selectedAttributeTypeIsValid is false if selectedAttributeType is a non-blank string" time="0.627"/><testcase classname="Chrome 53.0" name="Exam Partition #59 - Team Engage 1 | Integration: Component - Message Editor Panel Component | Integration | Component | message-editor/panel-component: it shows with the correct transition" time="0.913"/><testcase classname="Chrome 53.0" name="Exam Partition #58 - Team Growth 1 | Unit: Component - Acquisition / Csv Column Component: isClosed is true if isOpen is false" time="0.538"/><testcase classname="Chrome 53.0" name="Exam Partition #58 - TemplateLint - embercom/templates/components/conversation/stream/partials/-lightweight-reply.hbs: should pass TemplateLint" time="0.482"/><testcase classname="Chrome 53.0" name="Exam Partition #58 - Team Growth 1 | Unit: Component - Acquisition / Csv Column Component: isOpen has a default" time="0.593"/><testcase classname="Chrome 53.0" name="Exam Partition #59 - Team Engage 3 | Unit | Validator | auto-message-has-user-predicates: selection states without user predicates are invalid for auto messages" time="0.739"/><testcase classname="Chrome 53.0" name="Exam Partition #59 - Team Observe | Library: AttributeService: assignment rules message attributes are set up correctly" time="0.737"/><testcase classname="Chrome 53.0" name="Exam Partition #59 - TemplateLint - embercom/templates/components/settings/appearance/widget-appearance-web-component.hbs: should pass TemplateLint" time="0.472"/><testcase classname="Chrome 53.0" name="Exam Partition #59 - TemplateLint - embercom/templates/components/insights/bottom-information-card-component.hbs: should pass TemplateLint" time="0.498"/><testcase classname="Chrome 53.0" name="Exam Partition #59 - Team Engage 1 | Integration: Component - Message Editor Panel Component | Integration | Component | message-editor/panel-component: it sends a didMaximise action" time="1.025"/><testcase classname="Chrome 53.0" name="Exam Partition #59 - Team Engage 1 | Integration: Component - Message Editor Panel Component | Integration | Component | message-editor/panel-component: it sends a maximise action with the correct panel identifier in edit mode" time="1.156"/><testcase classname="Chrome 53.0" name="Exam Partition #60 - Team Support 1 | Integration: Inbox - Conversation Controls: Inputting text and clicking reply &amp; close should create a comment, close the conversation &amp; send NewComment event" time="10.581"/><testcase classname="Chrome 53.0" name="Exam Partition #59 - Team Engage 1 | Integration: Component - Message Editor Panel Component | Integration | Component | message-editor/panel-component: toggleSelf sends maximise action if minimised" time="1.185"/><testcase classname="Chrome 53.0" name="Exam Partition #59 - TemplateLint - embercom/templates/apps/app/resolve/rules.hbs: should pass TemplateLint" time="0.473"/><testcase classname="Chrome 53.0" name="Exam Partition #60 - Team Growth 1 | Unit: Component - Acquisition / File Upload Component: fileSizeLimitInBytes converts megabytes to bytes" time="0.629"/><testcase classname="Chrome 53.0" name="Exam Partition #60 - TemplateLint - embercom/templates/apps/app/resolve/rules/index.hbs: should pass TemplateLint" time="0.498"/><testcase classname="Chrome 53.0" name="Exam Partition #59 - Team Support 2 | Unit: Model - SelfServeSite: #userFriendlyUrl" time="0.649"/><testcase classname="Chrome 53.0" name="Exam Partition #59 - TemplateLint - embercom/templates/components/guide/-focus-install-integrate-forward-support-email.hbs: should pass TemplateLint" time="0.462"/><testcase classname="Chrome 53.0" name="Exam Partition #59 - Team Growth 2 | Unit: Component - Guide / Steps / User Welcome Message Component: completeStep action transitions to apps.app.settings.messenger if adminCanChangeSettings is true" time="0.606"/><testcase classname="Chrome 53.0" name="Exam Partition #60 - Team Engage 3 | Unit | Model | email-template: #isHtmlMode" time="0.669"/><testcase classname="Chrome 53.0" name="Exam Partition #60 - TemplateLint - embercom/templates/components/guide/-focus-install-integrate-ios.hbs: should pass TemplateLint" time="0.485"/><testcase classname="Chrome 53.0" name="Exam Partition #56 - Team Growth 2 | Integration: Tutorial: EngageSmartCampaign tutorial" time="19.722"/><testcase classname="Chrome 53.0" name="Exam Partition #59 - Team Engage 3 | Unit | Validator | auto-message-has-user-predicates: selection states without user predicates are invalid for visitor auto messages" time="0.625"/><testcase classname="Chrome 53.0" name="Exam Partition #60 - Team Growth 1 | Unit: Component - Acquisition / File Upload Component: _setFile sets the file" time="0.545"/><testcase classname="Chrome 53.0" name="Exam Partition #56 - Team Engage 1 | Integration: Component - Message Editor Goal Title Component | Integration | Component | message-editor/goal/goal-title-component: renders the component without a goal in edit mode" time="0.764"/><testcase classname="Chrome 53.0" name="Exam Partition #60 - Team Engage 3 | Unit | Model | email-template: EmailTemplate.widgets" time="0.547"/><testcase classname="Chrome 53.0" name="Exam Partition #58 - Team Support 1 | Integration: Inbox - Assignee Selector Bar: Clicking All inbox changes the inbox" time="8.332"/><testcase classname="Chrome 53.0" name="Exam Partition #56 - Team Growth 1 | Unit: Model – CSV Import: hasHeader is false when theres only one row of a column" time="0.470"/><testcase classname="Chrome 53.0" name="Exam Partition #59 - Team Growth 1 | Unit: Component - Acquisition / CSV File Upload Component: fileMimeType" time="0.511"/><testcase classname="Chrome 53.0" name="Exam Partition #58 - Team Growth 1 | Unit: Component - Acquisition / Csv Column Component: attributeNameAndAttributeTypeAreValid is true if attributeNameIsValid is true and selectedAttributeTypeIsValid is true" time="0.503"/><testcase classname="Chrome 53.0" name="Exam Partition #60 - Team Growth 1 | Unit: Component - Acquisition / File Upload Component: dragEnter" time="0.470"/><testcase classname="Chrome 53.0" name="Exam Partition #60 - General | Unit: Component - Tag Filter URL: it correctly encodes an inbox tag URL" time="0.449"/><testcase classname="Chrome 53.0" name="Exam Partition #58 - Team Growth 1 | Unit: Component - Acquisition / Csv Column Component: confirm when nameAlreadyExists sends error action" time="0.516"/><testcase classname="Chrome 53.0" name="Exam Partition #59 - Team Observe | Library: AttributeService: displayed campaign goal attributes returns the correct list" time="0.485"/><testcase classname="Chrome 53.0" name="Exam Partition #59 - Team Observe | Library: AttributeService: displayed user attributes returns the correct list" time="0.551"/><testcase classname="Chrome 53.0" name="Exam Partition #59 - TemplateLint - embercom/templates/apps/app/messages/partials/editor/-message-show-title.hbs: should pass TemplateLint" time="0.481"/><testcase classname="Chrome 53.0" name="Exam Partition #59 - TemplateLint - embercom/templates/apps/app/engage/messages/manual/draft.hbs: should pass TemplateLint" time="0.522"/><testcase classname="Chrome 53.0" name="Exam Partition #60 - Team Growth 2 | Unit: Component - Guide / Steps / Visitor Welcome Message Component: completeStep action transitions to apps.app.settings.messenger if adminCanChangeSettings is true" time="0.566"/><testcase classname="Chrome 53.0" name="Exam Partition #60 - TemplateLint - embercom/templates/apps/app/messages/partials/editor/-message-stats-panel.hbs: should pass TemplateLint" time="0.475"/><testcase classname="Chrome 53.0" name="Exam Partition #60 - TemplateLint - embercom/templates/apps/app/engage/messages/manual/edit-loading.hbs: should pass TemplateLint" time="0.503"/><testcase classname="Chrome 53.0" name="Exam Partition #59 - Team Engage 3 | Unit | Validator | auto-message-has-user-predicates: selection states without user predicates are valid for campaign messages" time="0.759"/><testcase classname="Chrome 53.0" name="Exam Partition #60 - Team Engage 3 | Unit | Validator | delivery-channel-valid-for-audience: it is valid for emails targeting contacts" time="0.612"/><testcase classname="Chrome 53.0" name="Exam Partition #60 - TemplateLint - embercom/templates/components/guide/steps/intercom-mobile-app-component.hbs: should pass TemplateLint" time="0.457"/><testcase classname="Chrome 53.0" name="Exam Partition #59 - TemplateLint - embercom/templates/components/guide/steps/import-people-component.hbs: should pass TemplateLint" time="0.515"/><testcase classname="Chrome 53.0" name="Exam Partition #59 - TemplateLint - embercom/templates/components/messages/editor/composer-help.hbs: should pass TemplateLint" time="0.518"/><testcase classname="Chrome 53.0" name="Exam Partition #56 - Team Observe | Integration: User List - List/Map View Selector: it should allow you to change to the map" time="3.544"/><testcase classname="Chrome 53.0" name="Exam Partition #56 - TemplateLint - embercom/templates/components/conversation/stream/partials/-admin-meta.hbs: should pass TemplateLint" time="0.512"/><testcase classname="Chrome 53.0" name="Exam Partition #60 - Team Engage 3 | Unit | Validator | delivery-channel-valid-for-audience: it is invalid for non-emails targeting contacts" time="0.614"/><testcase classname="Chrome 53.0" name="Exam Partition #60 - TemplateLint - embercom/templates/components/messages/editor/controls/delivery-option-button-group-component.hbs: should pass TemplateLint" time="0.461"/><testcase classname="Chrome 53.0" name="Exam Partition #59 - Team Growth 1 | Unit: Component - Acquisition / CSV File Upload Component: additionalInstructions" time="0.634"/><testcase classname="Chrome 53.0" name="Exam Partition #60 - Team Growth 1 | Unit: Component - Acquisition / File Upload Component: fileIsTooLarge is true if file size is larger than the limit in bytes" time="0.559"/><testcase classname="Chrome 53.0" name="Exam Partition #59 - Team Observe | Library: AttributeService: displayed company attributes returns the correct list" time="0.645"/><testcase classname="Chrome 53.0" name="Exam Partition #59 - TemplateLint - embercom/templates/components/message-editor/expiry-component.hbs: should pass TemplateLint" time="0.488"/><testcase classname="Chrome 53.0" name="Exam Partition #59 - Team Growth 2 | Unit: Component - Guide / Steps / User Welcome Message Component: completeStep action skips the step and reloads the guide if adminCanChangeSettings is false" time="0.571"/><testcase classname="Chrome 53.0" name="Exam Partition #60 - Team Growth 2 | Unit: Component - Guide / Steps / Visitor Welcome Message Component: completeStep action skips the step and reloads the guide if adminCanChangeSettings is false" time="0.522"/><testcase classname="Chrome 53.0" name="Exam Partition #60 - TemplateLint - embercom/templates/components/message-editor/folder-and-campaign-inline-creator.hbs: should pass TemplateLint" time="0.467"/><testcase classname="Chrome 53.0" name="Exam Partition #60 - Team Growth 1 | Unit: Component - Acquisition / File Upload Component: removeFile" time="0.574"/><testcase classname="Chrome 53.0" name="Exam Partition #59 - Team Engage 1 | Integration: Component - Message Editor Panel Component | Integration | Component | message-editor/panel-component: it does not display if it should not" time="0.739"/><testcase classname="Chrome 53.0" name="Exam Partition #58 - Team Support 1 | Integration: Inbox - Assignee Selector Bar: It shows the Me inbox in the inbox selector" time="5.884"/><testcase classname="Chrome 53.0" name="Exam Partition #60 - Team Growth 1 | Unit: Component - Acquisition / File Upload Component: errorMessage returns an error if file failed to upload" time="0.544"/><testcase classname="Chrome 53.0" name="Exam Partition #59 - Team Engage 3 | Unit | Validator | auto-message-has-user-predicates: selection states with user predicates are valid for auto messages" time="0.687"/><testcase classname="Chrome 53.0" name="Exam Partition #59 - TemplateLint - embercom/templates/apps/app/account/visibility/user-segments.hbs: should pass TemplateLint" time="0.534"/><testcase classname="Chrome 53.0" name="Exam Partition #59 - TemplateLint - embercom/templates/components/campaigns/user-list.hbs: should pass TemplateLint" time="0.499"/><testcase classname="Chrome 53.0" name="Exam Partition #60 - Team Engage 3 | Unit | Model | email-template: #isCustom" time="0.655"/><testcase classname="Chrome 53.0" name="Exam Partition #60 - TemplateLint - embercom/templates/apps/app/acquire.hbs: should pass TemplateLint" time="0.457"/><testcase classname="Chrome 53.0" name="Exam Partition #60 - TemplateLint - embercom/templates/components/cda-onboarding-display-row-component.hbs: should pass TemplateLint" time="0.491"/><testcase classname="Chrome 53.0" name="Exam Partition #59 - Team Engage 3 | Unit | Validator | auto-message-has-user-predicates: selection states without user predicates are valid for manual messages" time="0.717"/><testcase classname="Chrome 53.0" name="Exam Partition #59 - TemplateLint - embercom/templates/apps/app/users/segments/segment/-user-list-header.hbs: should pass TemplateLint" time="0.476"/><testcase classname="Chrome 53.0" name="Exam Partition #60 - Team Engage 3 | Unit | Validator | delivery-channel-valid-for-audience: it is valid for non-emails targeting users" time="0.574"/><testcase classname="Chrome 53.0" name="Exam Partition #60 - TemplateLint - embercom/templates/apps/app/users/segments/segment/-user-list-heading-count.hbs: should pass TemplateLint" time="0.457"/><testcase classname="Chrome 53.0" name="Exam Partition #59 - Team Engage 1 | Integration: Component - Message Editor Panel Component | Integration | Component | message-editor/panel-component: it renders minimised" time="0.792"/><testcase classname="Chrome 53.0" name="Exam Partition #59 - General | Unit: Component – Sortable List Component: Reordering works correctly" time="0.564"/><testcase classname="Chrome 53.0" name="Exam Partition #59 - TemplateLint - embercom/templates/components/rules/predicate-date-value-component.hbs: should pass TemplateLint" time="0.462"/><testcase classname="Chrome 53.0" name="Exam Partition #56 - Team Growth 2 | Integration: Tutorial: ResolveCustomerQuestion tutorial" time="9.112"/><testcase classname="Chrome 53.0" name="Exam Partition #58 - Team Support 1 | Integration: Inbox - Assignee Selector Bar: The team selector displays the correct team when you deeplink to a teams inbox and team members inboxes are shown" time="6.549"/><testcase classname="Chrome 53.0" name="Exam Partition #56 - Team Engage 1 | Integration: Component - Message Editor Goal Title Component | Integration | Component | message-editor/goal/goal-title-component: renders the component in edit mode" time="1.053"/><testcase classname="Chrome 53.0" name="Exam Partition #56 - General | Unit: Helper - Time from now: takes string timestamps" time="0.476"/><testcase classname="Chrome 53.0" name="Exam Partition #56 - General | Library: User Presence Service: _getAllUniqueUserIdsFromTheCache is an empty array when cache is empty" time="0.495"/><testcase classname="Chrome 53.0" name="Exam Partition #58 - Team Support 1 | Integration: Inbox - Assignee Selector Bar: It displays admin images correctly in the selector bar" time="5.252"/><testcase classname="Chrome 53.0" name="Exam Partition #56 - Team Observe | Integration: Admin Profile: You can edit the admin intro" time="3.312"/><testcase classname="Chrome 53.0" name="Exam Partition #58 - Team Growth 1 | Unit: Component - Acquisition / Csv Column Component: attributeNameIsValid is false if attributeName is a non-blank string" time="0.532"/><testcase classname="Chrome 53.0" name="Exam Partition #60 - Team Support 1 | Integration: Inbox - Conversation Controls: Implicit assignment should show an auto-assign message" time="10.033"/><testcase classname="Chrome 53.0" name="Exam Partition #58 - Team Engage 2 | Unit: Validations - Message Variation: push messages are valid if they have an title and body" time="0.753"/><testcase classname="Chrome 53.0" name="Exam Partition #60 - Team Growth 2 | Unit: Component - Guide / Steps / Visitor Welcome Message Component: adminCanChangeSettings corresponds to adminPermission.can_access_settings_and_billing" time="0.552"/><testcase classname="Chrome 53.0" name="Exam Partition #60 - TemplateLint - embercom/templates/components/rules/predicate-float-value-component.hbs: should pass TemplateLint" time="0.474"/><testcase classname="Chrome 53.0" name="Exam Partition #58 - Team Growth 1 | Unit: Component - Acquisition / Csv Column Component: attributeNameAndAttributeTypeAreInvalid is true if attributeNameAndAttributeTypeAreValid is false" time="0.513"/><testcase classname="Chrome 53.0" name="Exam Partition #58 - TemplateLint - embercom/templates/components/settings/appearance/widget-appearance-ios-component.hbs: should pass TemplateLint" time="0.456"/><testcase classname="Chrome 53.0" name="Exam Partition #58 - TemplateLint - embercom/templates/components/insights/-variation-stats-row.hbs: should pass TemplateLint" time="0.501"/><testcase classname="Chrome 53.0" name="Exam Partition #58 - Team Engage 2 | Unit: Validations - Message Variation: push messages are invalid if they dont have a title" time="0.696"/><testcase classname="Chrome 53.0" name="Exam Partition #58 - Team Support 1 | Integration: Inbox - Assignee Selector Bar: Selecting a team from the team selector updates the url and updates the others inboxes to dispaly the team members inboxes" time="5.989"/><testcase classname="Chrome 53.0" name="Exam Partition #56 - Team Growth 2 | Integration: Tutorial: AcquireVisitorQuestion tutorial" time="10.229"/><testcase classname="Chrome 53.0" name="Exam Partition #58 - Team Support 1 | Integration: Inbox - Assignee Selector Bar: It redirects to the current admins inbox" time="3.868"/><testcase classname="Chrome 53.0" name="Exam Partition #58 - Team Support 1 | Unit: Model - Article: article blockForDescription skips non-paragraph blocks" time="0.594"/><testcase classname="Chrome 53.0" name="Exam Partition #58 - Team Support 1 | Integration: Inbox - Assignee Selector Bar: It shows x other admins inboxes" time="3.848"/><testcase classname="Chrome 53.0" name="Exam Partition #58 - TemplateLint - embercom/templates/apps/app/resolve/insights.hbs: should pass TemplateLint" time="0.450"/><testcase classname="Chrome 53.0" name="Exam Partition #58 - Team Growth 1 | Unit: Component - Acquisition / Csv Column Component: attributeNameIsValid is false if attributeName is a string but blank" time="0.554"/><testcase classname="Chrome 53.0" name="Exam Partition #56 - Team Growth 2 | Integration: Tutorial: EngageProductFeedback tutorial" time="8.901"/><testcase classname="Chrome 53.0" name="Exam Partition #58 - Team Growth 2 | Unit: Component - Guide / Steps / Teams Setup Component: footerState is initialized to &quot;ready&quot;" time="0.469"/><testcase classname="Chrome 53.0" name="Exam Partition #56 - Team Growth 1 | Unit: Model – CSV Import: hasHeader is true when first row of column isnt a number and 2nd row is " time="0.485"/><testcase classname="Chrome 53.0" name="Exam Partition #58 - Team Engage 2 | Unit: Validations - Message Variation: it validates blocks" time="0.511"/><testcase classname="Chrome 53.0" name="Exam Partition #58 - TemplateLint - embercom/templates/components/guide/-focus-install-integrate-api.hbs: should pass TemplateLint" time="0.436"/><testcase classname="Chrome 53.0" name="Exam Partition #58 - Team Growth 1 | Unit: Component - Acquisition / Csv Column Component: isNotMapped is true if isMapped is false" time="0.524"/><testcase classname="Chrome 53.0" name="Exam Partition #56 - Team Growth 1 | Unit: Model – CSV Import: hasFailures is false when there are headers and there are fewer than two failures" time="0.481"/><testcase classname="Chrome 53.0" name="Exam Partition #56 - TemplateLint - embercom/templates/components/settings/appearance/color-select-component.hbs: should pass TemplateLint" time="0.433"/><testcase classname="Chrome 53.0" name="Exam Partition #56 - TemplateLint - embercom/templates/components/input-with-attribute-selector.hbs: should pass TemplateLint" time="0.466"/><testcase classname="Chrome 53.0" name="Exam Partition #58 - Team Growth 1 | Unit: Component - Acquisition / Csv Column Component: selectedAttributeTypeIsValid is false if selectedAttributeType is a string but blank" time="0.469"/><testcase classname="Chrome 53.0" name="Exam Partition #58 - Team Growth 1 | Unit: Component - Acquisition / Csv Column Component: columnNumber" time="0.478"/><testcase classname="Chrome 53.0" name="Exam Partition #56 - Team Engage 1 | Integration: Component - Message Editor Goal Title Component | Integration | Component | message-editor/goal/goal-title-component: renders the component with a goal in edit mode" time="0.739"/><testcase classname="Chrome 53.0" name="Exam Partition #58 - Team Support 1 | Unit: Model - Article: setting the owner updates the ownerId" time="0.541"/><testcase classname="Chrome 53.0" name="Exam Partition #58 - Team Growth 1 | Unit: Component - Acquisition / Csv Column Component: attributeNameAndAttributeTypeAreValid is false if attributeNameIsValid is false" time="0.505"/><testcase classname="Chrome 53.0" name="Exam Partition #58 - Team Engage 2 | Unit: Validations - Message Variation: it validates empty subject for email-only" time="0.572"/><testcase classname="Chrome 53.0" name="Exam Partition #56 - Team Observe | Integration: Admin Profile: You can edit the admin job" time="1.578"/><testcase classname="Chrome 53.0" name="Exam Partition #58 - Team Growth 1 | Unit: Component - Acquisition / Csv Column Component: normalizeAttributeNameWithType appends _at if selectedAttributeType is Date and no _at" time="0.483"/><testcase classname="Chrome 53.0" name="Exam Partition #58 - TemplateLint - embercom/templates/apps/app/messages/partials/editor/-message-sending-dates.hbs: should pass TemplateLint" time="0.433"/><testcase classname="Chrome 53.0" name="Exam Partition #56 - Team Engage 1 | Integration: Component - Message Editor Goal Title Component | Integration | Component | message-editor/goal/goal-title-component: renders the component with a user-event based goal" time="0.642"/><testcase classname="Chrome 53.0" name="Exam Partition #56 - TemplateLint - embercom/templates/apps/app/resolve.hbs: should pass TemplateLint" time="0.419"/><testcase classname="Chrome 53.0" name="Exam Partition #58 - Team Engage 2 | Unit: Validations - Message Variation: it validates state" time="0.573"/><testcase classname="Chrome 53.0" name="Exam Partition #58 - Team Growth 1 | Unit: Component - Acquisition / Csv Column Component: changedCustomAttribute with null row.value and headers sets attribute name to first row" time="0.461"/><testcase classname="Chrome 53.0" name="Exam Partition #56 - Team Growth 1 | Unit: Model – CSV Import: hasHeader is true when first row of column isnt a number and 2nd row is" time="0.500"/><testcase classname="Chrome 53.0" name="Exam Partition #56 - General | Library: User Presence Service: _getUserIdsFromCache is an empty array when cache is empty" time="0.418"/><testcase classname="Chrome 53.0" name="Exam Partition #56 - TemplateLint - embercom/templates/components/guide-about-card-component.hbs: should pass TemplateLint" time="0.463"/><testcase classname="Chrome 53.0" name="Exam Partition #58 - Team Growth 2 | Unit: Component - Guide / Steps / Teams Setup Component: completeStep action skips the step and reloads the guide if adminCanAccessSettings is false" time="0.460"/><testcase classname="Chrome 53.0" name="Exam Partition #58 - TemplateLint - embercom/templates/apps/app/engage/messages/auto/yours.hbs: should pass TemplateLint" time="0.425"/><testcase classname="Chrome 53.0" name="Exam Partition #56 - Team Growth 1 | Unit: Component - Guide / Steps / Step Component: triggerStepDoneIfStepIsCompleted does not call stepDone when the step is not completed" time="0.535"/><testcase classname="Chrome 53.0" name="Exam Partition #58 - Team Engage 2 | Unit: Validations - Message Variation: html mode emails are invalid if they have empty contents" time="0.559"/><testcase classname="Chrome 53.0" name="Exam Partition #56 - Team Growth 1 | Unit: Model – CSV Import: hasHeader is false when second row of column is blank" time="0.459"/><testcase classname="Chrome 53.0" name="Exam Partition #58 - Team Growth 1 | Unit: Component - Acquisition / Csv Column Component: resetCustomAttribute resets values" time="0.487"/><testcase classname="Chrome 53.0" name="Exam Partition #56 - Team Growth 1 | Unit: Component - Guide / Steps / Step Component: poll triggers refreshes for incomplete steps that poll" time="0.493"/><testcase classname="Chrome 53.0" name="Exam Partition #56 - General | Library: User Presence Service: _updatePresenceStatusForReturnedUsers calls model.updatePresenceStatus for each object in the response" time="0.429"/><testcase classname="Chrome 53.0" name="Exam Partition #58 - Team Growth 1 | Unit: Component - Acquisition / Csv Column Component: isPredefinedAttributeMapping reads currentAttributeMapping" time="0.466"/><testcase classname="Chrome 53.0" name="Exam Partition #58 - TemplateLint - embercom/templates/components/guide/steps/forward-support-email-component.hbs: should pass TemplateLint" time="0.418"/><testcase classname="Chrome 53.0" name="Exam Partition #56 - Team Acquire | Unit: Component - Team - Pending Invite Component: clicking on revoke invitation button and confirming the modal should call deleteRecord on admin model" time="0.676"><error message="undefined"><![CDATA[    at Object.<anonymous> (http://localhost:7357/assets/tests.js:68718:12)
    at Object.wrapper (http://localhost:7357/assets/test-support.js:6878:29)
    at runTest (http://localhost:7357/assets/test-support.js:2716:28)
    at Object.run (http://localhost:7357/assets/test-support.js:2701:4)
    at http://localhost:7357/assets/test-support.js:2843:11
    at process (http://localhost:7357/assets/test-support.js:2502:24)
    at begin (http://localhost:7357/assets/test-support.js:2484:2)
    at http://localhost:7357/assets/test-support.js:2544:4]]></error></testcase><testcase classname="Chrome 53.0" name="Exam Partition #58 - Team Support 1 | Unit: Model - Article: article description is an empty array when there are no non-paragraph blocks" time="0.574"/><testcase classname="Chrome 53.0" name="Exam Partition #58 - Team Growth 1 | Unit: Component - Acquisition / Csv Column Component: changedCustomAttribute with empty string row.value sets attributeName to empty string and disables attribute selection" time="0.470"/><testcase classname="Chrome 53.0" name="Exam Partition #58 - TemplateLint - embercom/templates/components/messages/editor/composer-focus-component.hbs: should pass TemplateLint" time="0.417"/><testcase classname="Chrome 53.0" name="Exam Partition #56 - Team Growth 1 | Unit: Component - Guide / Steps / Step Component: aliases stepKey to step.key" time="0.507"/><testcase classname="Chrome 53.0" name="Exam Partition #58 - Team Support 1 | Unit: Model - Article: Series returns the correct ancestor" time="0.592"/><testcase classname="Chrome 53.0" name="Exam Partition #58 - Team Growth 1 | Unit: Component - Acquisition / Csv Column Component: noneOpen is true if anyOpen is false" time="0.468"/><testcase classname="Chrome 53.0" name="Exam Partition #58 - Team Growth 1 | Unit: Component - Acquisition / Csv Column Component: normalizeAttributeNameWithType removes _at if selectedAttributeType is no longer Date and there is _at" time="0.472"/><testcase classname="Chrome 53.0" name="Exam Partition #56 - TemplateLint - embercom/templates/apps/app/messages/partials/editor/-message-edit-expanding-container.hbs: should pass TemplateLint" time="0.422"/><testcase classname="Chrome 53.0" name="Exam Partition #56 - General | Library: User Presence Service: refreshUserPresenceStatus calls model.updatePresenceStatus for each object in the cache" time="0.458"/><testcase classname="Chrome 53.0" name="Exam Partition #56 - General | Library: User Presence Service: _getParticipantIdsFromCache is an empty array when cache is empty" time="0.471"/><testcase classname="Chrome 53.0" name="Exam Partition #56 - TemplateLint - embercom/templates/apps/app/engage/messages/auto/paused.hbs: should pass TemplateLint" time="0.477"/><testcase classname="Chrome 53.0" name="Exam Partition #56 - General | Library: User Presence Service: updateUserPresenceForLoadedObjects calls _getLatestUserPresenceFromNexusInBatches for array of hashes passed" time="0.473"/><testcase classname="Chrome 53.0" name="Exam Partition #58 - Team Growth 1 | Unit: Component - Acquisition / Csv Column Component: changedCustomAttribute with value and type should set attributeName and selectedAttributeType" time="0.473"/><testcase classname="Chrome 53.0" name="Exam Partition #56 - Team Growth 1 | Unit: Model – CSV Import: hasHeader is false when it can't find a header after numberOfRowsAtWhichHeaderIsAssumed" time="0.517"/><testcase classname="Chrome 53.0" name="Exam Partition #56 - TemplateLint - embercom/templates/components/guide/steps/engage-campaign-component.hbs: should pass TemplateLint" time="0.436"/><testcase classname="Chrome 53.0" name="Exam Partition #58 - General | Unit: Component - Social Connect: failureAction is called when socialConnectFailure is triggered" time="0.491"/><testcase classname="Chrome 53.0" name="Exam Partition #58 - TemplateLint - embercom/templates/components/message-editor/delivery-window/title-component.hbs: should pass TemplateLint" time="0.424"/><testcase classname="Chrome 53.0" name="Exam Partition #58 - Team Growth 1 | Unit: Component - Acquisition / Csv Column Component: changedCustomAttribute with null row.value sets attributeName to empty string, enables attribute selection, and sets isSettingCustomAttribute to true" time="0.522"/><testcase classname="Chrome 53.0" name="Exam Partition #58 - Team Growth 1 | Unit: Component - Acquisition / Csv Column Component: matchingCustomAttributes" time="0.490"/><testcase classname="Chrome 53.0" name="Exam Partition #56 - Team Growth 1 | Unit: Model – CSV Import: hasHeader is false when there are no columns" time="0.523"/><testcase classname="Chrome 53.0" name="Exam Partition #56 - TemplateLint - embercom/templates/components/messages/direct-messages-link-component.hbs: should pass TemplateLint" time="0.446"/><testcase classname="Chrome 53.0" name="Exam Partition #56 - General | Library: User Presence Service: _updatePresenceStatusForReturnedUsers calls model.updatePresenceStatus for each object in the new response format" time="0.480"/><testcase classname="Chrome 53.0" name="Exam Partition #58 - Team Growth 1 | Unit: Component - Acquisition / Csv Column Component: isNotMapped is false if isMapped is true" time="0.472"/><testcase classname="Chrome 53.0" name="Exam Partition #56 - Team Growth 1 | Unit: Component - Guide / Steps / Step Component: isPolling defaults to false" time="0.523"/><testcase classname="Chrome 53.0" name="Exam Partition #58 - Team Support 1 | Integration: Inbox - Assignee Selector Bar: The team selector displays the last selected group inbox when its set in local storage" time="3.072"/><testcase classname="Chrome 53.0" name="Exam Partition #56 - Team Acquire | Unit: Component - Team - Pending Invite Component: clicking on resend invitation button should call resend on admin model" time="0.742"><error message="undefined"><![CDATA[    at Object.<anonymous> (http://localhost:7357/assets/tests.js:68709:12)
    at Object.wrapper (http://localhost:7357/assets/test-support.js:6878:29)
    at runTest (http://localhost:7357/assets/test-support.js:2716:28)
    at Object.run (http://localhost:7357/assets/test-support.js:2701:4)
    at http://localhost:7357/assets/test-support.js:2843:11
    at process (http://localhost:7357/assets/test-support.js:2502:24)
    at begin (http://localhost:7357/assets/test-support.js:2484:2)
    at http://localhost:7357/assets/test-support.js:2544:4]]></error></testcase><testcase classname="Chrome 53.0" name="Exam Partition #56 - General | Library: User Presence Service: updateUserPresenceForLoadedObjects does not call _getLatestUserPresenceFromNexusInBatches if polling not started" time="0.455"/><testcase classname="Chrome 53.0" name="Exam Partition #56 - General | Library: User Presence Service: _getUserFromCache returns a user when there are users in the cache" time="0.502"/><testcase classname="Chrome 53.0" name="Exam Partition #56 - TemplateLint - embercom/templates/components/message-editor/delivery-window/delivery-window-wrapper.hbs: should pass TemplateLint" time="0.504"/><testcase classname="Chrome 53.0" name="Exam Partition #56 - General | Library: User Presence Service: pollNexusForData reads models from the cache and calls _getLatestUserPresenceFromNexusInBatches" time="0.457"/><testcase classname="Chrome 53.0" name="Exam Partition #56 - General | Library: User Presence Service: updateUserPresenceForLoadedObjects calls _getLatestUserPresenceFromNexusInBatches for a single object passed" time="0.463"/><testcase classname="Chrome 53.0" name="Exam Partition #56 - Team Growth 1 | Unit: Component - Guide / Steps / Step Component: stepDone triggers the reloadGuide action" time="0.525"/><testcase classname="Chrome 53.0" name="Exam Partition #58 - Team Growth 1 | Unit: Component - Acquisition / Csv Column Component: selectedAttributeTypeIsValid is false if selectedAttributeType is not a string" time="0.493"/><testcase classname="Chrome 53.0" name="Exam Partition #58 - TemplateLint - embercom/templates/apps/app/account/visibility/tags.hbs: should pass TemplateLint" time="0.444"/><testcase classname="Chrome 53.0" name="Exam Partition #58 - Team Growth 2 | Unit: Component - Guide / Steps / Teams Setup Component: adminCanAccessSettings corresponds to adminPermission.can_access_settings_and_billing" time="0.543"/><testcase classname="Chrome 53.0" name="Exam Partition #58 - General | Unit: Component - Social Connect: successAction is called when socialConnectSuccess is triggered" time="0.513"/><testcase classname="Chrome 53.0" name="Exam Partition #58 - TemplateLint - embercom/templates/components/campaigns/sidebar-component.hbs: should pass TemplateLint" time="0.457"/><testcase classname="Chrome 53.0" name="Exam Partition #58 - Team Growth 1 | Unit: Component - Acquisition / Csv Column Component: setSelectedAttributeType does not set selectedAttributeType if isPredefinedAttributeMapping true" time="0.529"/><testcase classname="Chrome 53.0" name="Exam Partition #58 - TemplateLint - embercom/templates/apps/app/users/segments/segment/-user-avatar-and-name.hbs: should pass TemplateLint" time="0.421"/><testcase classname="Chrome 53.0" name="Exam Partition #58 - Team Engage 1 | Integration: Component - Message Editor Message Debugger | Integration | Component | message-editor/message-debugger: it does not render the pill if we are not on the intercomrades or dev pages" time="0.621"/><testcase classname="Chrome 53.0" name="Exam Partition #58 - Team Growth 1 | Unit: Component - Acquisition / Csv Column Component: attributeTypes" time="0.460"/><testcase classname="Chrome 53.0" name="Exam Partition #58 - TemplateLint - embercom/templates/components/rules/predicate-comparison-selector-component.hbs: should pass TemplateLint" time="0.428"/><testcase classname="Chrome 53.0" name="Exam Partition #56 - Team Growth 2 | Integration: Tutorial: EngageAutoMessage tutorial" time="60.748"><error message="Test timed out"/></testcase><testcase classname="Chrome 53.0" name="Exam Partition #56 - Team Growth 1 | Unit: Model – CSV Import: hasHeader is false when first row of column is blank" time="0.494"/><testcase classname="Chrome 53.0" name="Exam Partition #56 - TemplateLint - embercom/templates/apps/app/account/visibility/company-segments.hbs: should pass TemplateLint" time="0.423"/><testcase classname="Chrome 53.0" name="Exam Partition #56 - General | Library: User Presence Service: _getUserIdsFromCache returns user ids when there are users in the cache" time="0.459"/><testcase classname="Chrome 53.0" name="Exam Partition #56 - General | Library: User Presence Service: _getParticipantIdsFromCache returns participant ids when there are participants in the cache" time="0.476"/><testcase classname="Chrome 53.0" name="Exam Partition #56 - TemplateLint - embercom/templates/components/campaigns/setup/campaign-setup.hbs: should pass TemplateLint" time="0.460"/><testcase classname="Chrome 53.0" name="Exam Partition #56 - Team Growth 1 | Unit: Model – CSV Import: hasHeader is false when a column has fewer than 2 rows" time="0.498"/><testcase classname="Chrome 53.0" name="Exam Partition #56 - TemplateLint - embercom/templates/apps/app/users/segments/segment/-bulk-actions.hbs: should pass TemplateLint" time="0.416"/><testcase classname="Chrome 53.0" name="Exam Partition #56 - Team Observe | Integration: Admin Profile: Admin Profile loads activity stream data" time="60.727"><error message="Test timed out"/></testcase><testcase classname="Chrome 53.0" name="Exam Partition #56 - Team Growth 1 | Unit: Component - Guide / Steps / Step Component: nextStep triggers the nextStep action" time="0.495"/><testcase classname="Chrome 53.0" name="Exam Partition #56 - TemplateLint - embercom/templates/components/rules/predicate-browser-locale-value-component.hbs: should pass TemplateLint" time="0.429"/></testsuite>
